[2023-07-27 23:38:21,862] {processor.py:153} INFO - Started process (PID=498) to work on /opt/airflow/dags/etl_compliment.py
[2023-07-27 23:38:21,864] {processor.py:641} INFO - Processing file /opt/airflow/dags/etl_compliment.py for tasks to queue
[2023-07-27 23:38:21,865] {logging_mixin.py:115} INFO - [2023-07-27 23:38:21,865] {dagbag.py:507} INFO - Filling up the DagBag from /opt/airflow/dags/etl_compliment.py
[2023-07-27 23:38:21,939] {logging_mixin.py:115} INFO - [2023-07-27 23:38:21,927] {dagbag.py:320} ERROR - Failed to import: /opt/airflow/dags/etl_compliment.py
Traceback (most recent call last):
  File "/home/airflow/.local/lib/python3.7/site-packages/airflow/models/dagbag.py", line 317, in parse
    loader.exec_module(new_module)
  File "<frozen importlib._bootstrap_external>", line 728, in exec_module
  File "<frozen importlib._bootstrap>", line 219, in _call_with_frames_removed
  File "/opt/airflow/dags/etl_compliment.py", line 8, in <module>
    from custom_operator.mysql_to_postgres import MySqlToPostgresOperator
ModuleNotFoundError: No module named 'custom_operator'
[2023-07-27 23:38:21,940] {processor.py:653} WARNING - No viable dags retrieved from /opt/airflow/dags/etl_compliment.py
[2023-07-27 23:38:22,007] {processor.py:161} INFO - Processing /opt/airflow/dags/etl_compliment.py took 0.167 seconds
[2023-07-27 23:38:52,832] {processor.py:153} INFO - Started process (PID=518) to work on /opt/airflow/dags/etl_compliment.py
[2023-07-27 23:38:52,836] {processor.py:641} INFO - Processing file /opt/airflow/dags/etl_compliment.py for tasks to queue
[2023-07-27 23:38:52,842] {logging_mixin.py:115} INFO - [2023-07-27 23:38:52,842] {dagbag.py:507} INFO - Filling up the DagBag from /opt/airflow/dags/etl_compliment.py
[2023-07-27 23:38:52,885] {logging_mixin.py:115} INFO - [2023-07-27 23:38:52,883] {dagbag.py:320} ERROR - Failed to import: /opt/airflow/dags/etl_compliment.py
Traceback (most recent call last):
  File "/home/airflow/.local/lib/python3.7/site-packages/airflow/models/dagbag.py", line 317, in parse
    loader.exec_module(new_module)
  File "<frozen importlib._bootstrap_external>", line 728, in exec_module
  File "<frozen importlib._bootstrap>", line 219, in _call_with_frames_removed
  File "/opt/airflow/dags/etl_compliment.py", line 8, in <module>
    from custom_operator.mysql_to_postgres import MySqlToPostgresOperator
ModuleNotFoundError: No module named 'custom_operator'
[2023-07-27 23:38:52,886] {processor.py:653} WARNING - No viable dags retrieved from /opt/airflow/dags/etl_compliment.py
[2023-07-27 23:38:52,921] {processor.py:161} INFO - Processing /opt/airflow/dags/etl_compliment.py took 0.105 seconds
[2023-07-27 23:39:22,957] {processor.py:153} INFO - Started process (PID=544) to work on /opt/airflow/dags/etl_compliment.py
[2023-07-27 23:39:22,958] {processor.py:641} INFO - Processing file /opt/airflow/dags/etl_compliment.py for tasks to queue
[2023-07-27 23:39:22,960] {logging_mixin.py:115} INFO - [2023-07-27 23:39:22,960] {dagbag.py:507} INFO - Filling up the DagBag from /opt/airflow/dags/etl_compliment.py
[2023-07-27 23:39:22,987] {logging_mixin.py:115} INFO - [2023-07-27 23:39:22,986] {dagbag.py:320} ERROR - Failed to import: /opt/airflow/dags/etl_compliment.py
Traceback (most recent call last):
  File "/home/airflow/.local/lib/python3.7/site-packages/airflow/models/dagbag.py", line 317, in parse
    loader.exec_module(new_module)
  File "<frozen importlib._bootstrap_external>", line 728, in exec_module
  File "<frozen importlib._bootstrap>", line 219, in _call_with_frames_removed
  File "/opt/airflow/dags/etl_compliment.py", line 8, in <module>
    from custom_operator.mysql_to_postgres import MySqlToPostgresOperator
ModuleNotFoundError: No module named 'custom_operator'
[2023-07-27 23:39:22,988] {processor.py:653} WARNING - No viable dags retrieved from /opt/airflow/dags/etl_compliment.py
[2023-07-27 23:39:23,028] {processor.py:161} INFO - Processing /opt/airflow/dags/etl_compliment.py took 0.078 seconds
[2023-07-27 23:39:53,216] {processor.py:153} INFO - Started process (PID=564) to work on /opt/airflow/dags/etl_compliment.py
[2023-07-27 23:39:53,220] {processor.py:641} INFO - Processing file /opt/airflow/dags/etl_compliment.py for tasks to queue
[2023-07-27 23:39:53,229] {logging_mixin.py:115} INFO - [2023-07-27 23:39:53,227] {dagbag.py:507} INFO - Filling up the DagBag from /opt/airflow/dags/etl_compliment.py
[2023-07-27 23:39:53,293] {logging_mixin.py:115} INFO - [2023-07-27 23:39:53,288] {dagbag.py:320} ERROR - Failed to import: /opt/airflow/dags/etl_compliment.py
Traceback (most recent call last):
  File "/home/airflow/.local/lib/python3.7/site-packages/airflow/models/dagbag.py", line 317, in parse
    loader.exec_module(new_module)
  File "<frozen importlib._bootstrap_external>", line 728, in exec_module
  File "<frozen importlib._bootstrap>", line 219, in _call_with_frames_removed
  File "/opt/airflow/dags/etl_compliment.py", line 8, in <module>
    from custom_operator.mysql_to_postgres import MySqlToPostgresOperator
ModuleNotFoundError: No module named 'custom_operator'
[2023-07-27 23:39:53,295] {processor.py:653} WARNING - No viable dags retrieved from /opt/airflow/dags/etl_compliment.py
[2023-07-27 23:39:53,344] {processor.py:161} INFO - Processing /opt/airflow/dags/etl_compliment.py took 0.143 seconds
[2023-07-27 23:40:24,280] {processor.py:153} INFO - Started process (PID=584) to work on /opt/airflow/dags/etl_compliment.py
[2023-07-27 23:40:24,282] {processor.py:641} INFO - Processing file /opt/airflow/dags/etl_compliment.py for tasks to queue
[2023-07-27 23:40:24,288] {logging_mixin.py:115} INFO - [2023-07-27 23:40:24,286] {dagbag.py:507} INFO - Filling up the DagBag from /opt/airflow/dags/etl_compliment.py
[2023-07-27 23:40:24,313] {logging_mixin.py:115} INFO - [2023-07-27 23:40:24,312] {dagbag.py:320} ERROR - Failed to import: /opt/airflow/dags/etl_compliment.py
Traceback (most recent call last):
  File "/home/airflow/.local/lib/python3.7/site-packages/airflow/models/dagbag.py", line 317, in parse
    loader.exec_module(new_module)
  File "<frozen importlib._bootstrap_external>", line 728, in exec_module
  File "<frozen importlib._bootstrap>", line 219, in _call_with_frames_removed
  File "/opt/airflow/dags/etl_compliment.py", line 8, in <module>
    from custom_operator.mysql_to_postgres import MySqlToPostgresOperator
ModuleNotFoundError: No module named 'custom_operator'
[2023-07-27 23:40:24,314] {processor.py:653} WARNING - No viable dags retrieved from /opt/airflow/dags/etl_compliment.py
[2023-07-27 23:40:24,357] {processor.py:161} INFO - Processing /opt/airflow/dags/etl_compliment.py took 0.091 seconds
[2023-07-27 23:40:54,459] {processor.py:153} INFO - Started process (PID=613) to work on /opt/airflow/dags/etl_compliment.py
[2023-07-27 23:40:54,465] {processor.py:641} INFO - Processing file /opt/airflow/dags/etl_compliment.py for tasks to queue
[2023-07-27 23:40:54,470] {logging_mixin.py:115} INFO - [2023-07-27 23:40:54,467] {dagbag.py:507} INFO - Filling up the DagBag from /opt/airflow/dags/etl_compliment.py
[2023-07-27 23:40:54,520] {logging_mixin.py:115} INFO - [2023-07-27 23:40:54,518] {dagbag.py:320} ERROR - Failed to import: /opt/airflow/dags/etl_compliment.py
Traceback (most recent call last):
  File "/home/airflow/.local/lib/python3.7/site-packages/airflow/models/dagbag.py", line 317, in parse
    loader.exec_module(new_module)
  File "<frozen importlib._bootstrap_external>", line 728, in exec_module
  File "<frozen importlib._bootstrap>", line 219, in _call_with_frames_removed
  File "/opt/airflow/dags/etl_compliment.py", line 8, in <module>
    from custom_operator.mysql_to_postgres import MySqlToPostgresOperator
ModuleNotFoundError: No module named 'custom_operator'
[2023-07-27 23:40:54,521] {processor.py:653} WARNING - No viable dags retrieved from /opt/airflow/dags/etl_compliment.py
[2023-07-27 23:40:54,575] {processor.py:161} INFO - Processing /opt/airflow/dags/etl_compliment.py took 0.133 seconds
[2023-07-27 23:41:24,789] {processor.py:153} INFO - Started process (PID=632) to work on /opt/airflow/dags/etl_compliment.py
[2023-07-27 23:41:24,795] {processor.py:641} INFO - Processing file /opt/airflow/dags/etl_compliment.py for tasks to queue
[2023-07-27 23:41:24,802] {logging_mixin.py:115} INFO - [2023-07-27 23:41:24,802] {dagbag.py:507} INFO - Filling up the DagBag from /opt/airflow/dags/etl_compliment.py
[2023-07-27 23:41:24,829] {logging_mixin.py:115} INFO - [2023-07-27 23:41:24,827] {dagbag.py:320} ERROR - Failed to import: /opt/airflow/dags/etl_compliment.py
Traceback (most recent call last):
  File "/home/airflow/.local/lib/python3.7/site-packages/airflow/models/dagbag.py", line 317, in parse
    loader.exec_module(new_module)
  File "<frozen importlib._bootstrap_external>", line 728, in exec_module
  File "<frozen importlib._bootstrap>", line 219, in _call_with_frames_removed
  File "/opt/airflow/dags/etl_compliment.py", line 8, in <module>
    from custom_operator.mysql_to_postgres import MySqlToPostgresOperator
ModuleNotFoundError: No module named 'custom_operator'
[2023-07-27 23:41:24,830] {processor.py:653} WARNING - No viable dags retrieved from /opt/airflow/dags/etl_compliment.py
[2023-07-27 23:41:24,868] {processor.py:161} INFO - Processing /opt/airflow/dags/etl_compliment.py took 0.096 seconds
[2023-07-27 23:41:54,989] {processor.py:153} INFO - Started process (PID=660) to work on /opt/airflow/dags/etl_compliment.py
[2023-07-27 23:41:54,991] {processor.py:641} INFO - Processing file /opt/airflow/dags/etl_compliment.py for tasks to queue
[2023-07-27 23:41:54,994] {logging_mixin.py:115} INFO - [2023-07-27 23:41:54,993] {dagbag.py:507} INFO - Filling up the DagBag from /opt/airflow/dags/etl_compliment.py
[2023-07-27 23:41:55,015] {logging_mixin.py:115} INFO - [2023-07-27 23:41:55,014] {dagbag.py:320} ERROR - Failed to import: /opt/airflow/dags/etl_compliment.py
Traceback (most recent call last):
  File "/home/airflow/.local/lib/python3.7/site-packages/airflow/models/dagbag.py", line 317, in parse
    loader.exec_module(new_module)
  File "<frozen importlib._bootstrap_external>", line 728, in exec_module
  File "<frozen importlib._bootstrap>", line 219, in _call_with_frames_removed
  File "/opt/airflow/dags/etl_compliment.py", line 8, in <module>
    from custom_operator.mysql_to_postgres import MySqlToPostgresOperator
ModuleNotFoundError: No module named 'custom_operator'
[2023-07-27 23:41:55,016] {processor.py:653} WARNING - No viable dags retrieved from /opt/airflow/dags/etl_compliment.py
[2023-07-27 23:41:55,053] {processor.py:161} INFO - Processing /opt/airflow/dags/etl_compliment.py took 0.070 seconds
[2023-07-27 23:42:26,065] {processor.py:153} INFO - Started process (PID=679) to work on /opt/airflow/dags/etl_compliment.py
[2023-07-27 23:42:26,070] {processor.py:641} INFO - Processing file /opt/airflow/dags/etl_compliment.py for tasks to queue
[2023-07-27 23:42:26,076] {logging_mixin.py:115} INFO - [2023-07-27 23:42:26,076] {dagbag.py:507} INFO - Filling up the DagBag from /opt/airflow/dags/etl_compliment.py
[2023-07-27 23:42:26,125] {logging_mixin.py:115} INFO - [2023-07-27 23:42:26,123] {dagbag.py:320} ERROR - Failed to import: /opt/airflow/dags/etl_compliment.py
Traceback (most recent call last):
  File "/home/airflow/.local/lib/python3.7/site-packages/airflow/models/dagbag.py", line 317, in parse
    loader.exec_module(new_module)
  File "<frozen importlib._bootstrap_external>", line 728, in exec_module
  File "<frozen importlib._bootstrap>", line 219, in _call_with_frames_removed
  File "/opt/airflow/dags/etl_compliment.py", line 8, in <module>
    from custom_operator.mysql_to_postgres import MySqlToPostgresOperator
ModuleNotFoundError: No module named 'custom_operator'
[2023-07-27 23:42:26,126] {processor.py:653} WARNING - No viable dags retrieved from /opt/airflow/dags/etl_compliment.py
[2023-07-27 23:42:26,160] {processor.py:161} INFO - Processing /opt/airflow/dags/etl_compliment.py took 0.111 seconds
[2023-07-27 23:42:56,246] {processor.py:153} INFO - Started process (PID=707) to work on /opt/airflow/dags/etl_compliment.py
[2023-07-27 23:42:56,248] {processor.py:641} INFO - Processing file /opt/airflow/dags/etl_compliment.py for tasks to queue
[2023-07-27 23:42:56,250] {logging_mixin.py:115} INFO - [2023-07-27 23:42:56,249] {dagbag.py:507} INFO - Filling up the DagBag from /opt/airflow/dags/etl_compliment.py
[2023-07-27 23:42:56,267] {logging_mixin.py:115} INFO - [2023-07-27 23:42:56,266] {dagbag.py:320} ERROR - Failed to import: /opt/airflow/dags/etl_compliment.py
Traceback (most recent call last):
  File "/home/airflow/.local/lib/python3.7/site-packages/airflow/models/dagbag.py", line 317, in parse
    loader.exec_module(new_module)
  File "<frozen importlib._bootstrap_external>", line 728, in exec_module
  File "<frozen importlib._bootstrap>", line 219, in _call_with_frames_removed
  File "/opt/airflow/dags/etl_compliment.py", line 8, in <module>
    from custom_operator.mysql_to_postgres import MySqlToPostgresOperator
ModuleNotFoundError: No module named 'custom_operator'
[2023-07-27 23:42:56,268] {processor.py:653} WARNING - No viable dags retrieved from /opt/airflow/dags/etl_compliment.py
[2023-07-27 23:42:56,311] {processor.py:161} INFO - Processing /opt/airflow/dags/etl_compliment.py took 0.071 seconds
[2023-07-27 23:43:26,395] {processor.py:153} INFO - Started process (PID=727) to work on /opt/airflow/dags/etl_compliment.py
[2023-07-27 23:43:26,397] {processor.py:641} INFO - Processing file /opt/airflow/dags/etl_compliment.py for tasks to queue
[2023-07-27 23:43:26,401] {logging_mixin.py:115} INFO - [2023-07-27 23:43:26,400] {dagbag.py:507} INFO - Filling up the DagBag from /opt/airflow/dags/etl_compliment.py
[2023-07-27 23:43:26,429] {logging_mixin.py:115} INFO - [2023-07-27 23:43:26,428] {dagbag.py:320} ERROR - Failed to import: /opt/airflow/dags/etl_compliment.py
Traceback (most recent call last):
  File "/home/airflow/.local/lib/python3.7/site-packages/airflow/models/dagbag.py", line 317, in parse
    loader.exec_module(new_module)
  File "<frozen importlib._bootstrap_external>", line 728, in exec_module
  File "<frozen importlib._bootstrap>", line 219, in _call_with_frames_removed
  File "/opt/airflow/dags/etl_compliment.py", line 8, in <module>
    from custom_operator.mysql_to_postgres import MySqlToPostgresOperator
ModuleNotFoundError: No module named 'custom_operator'
[2023-07-27 23:43:26,430] {processor.py:653} WARNING - No viable dags retrieved from /opt/airflow/dags/etl_compliment.py
[2023-07-27 23:43:26,475] {processor.py:161} INFO - Processing /opt/airflow/dags/etl_compliment.py took 0.086 seconds
[2023-07-27 23:43:56,580] {processor.py:153} INFO - Started process (PID=757) to work on /opt/airflow/dags/etl_compliment.py
[2023-07-27 23:43:56,582] {processor.py:641} INFO - Processing file /opt/airflow/dags/etl_compliment.py for tasks to queue
[2023-07-27 23:43:56,584] {logging_mixin.py:115} INFO - [2023-07-27 23:43:56,584] {dagbag.py:507} INFO - Filling up the DagBag from /opt/airflow/dags/etl_compliment.py
[2023-07-27 23:43:56,602] {logging_mixin.py:115} INFO - [2023-07-27 23:43:56,601] {dagbag.py:320} ERROR - Failed to import: /opt/airflow/dags/etl_compliment.py
Traceback (most recent call last):
  File "/home/airflow/.local/lib/python3.7/site-packages/airflow/models/dagbag.py", line 317, in parse
    loader.exec_module(new_module)
  File "<frozen importlib._bootstrap_external>", line 728, in exec_module
  File "<frozen importlib._bootstrap>", line 219, in _call_with_frames_removed
  File "/opt/airflow/dags/etl_compliment.py", line 8, in <module>
    from custom_operator.mysql_to_postgres import MySqlToPostgresOperator
ModuleNotFoundError: No module named 'custom_operator'
[2023-07-27 23:43:56,603] {processor.py:653} WARNING - No viable dags retrieved from /opt/airflow/dags/etl_compliment.py
[2023-07-27 23:43:56,635] {processor.py:161} INFO - Processing /opt/airflow/dags/etl_compliment.py took 0.060 seconds
[2023-07-27 23:44:26,705] {processor.py:153} INFO - Started process (PID=777) to work on /opt/airflow/dags/etl_compliment.py
[2023-07-27 23:44:26,707] {processor.py:641} INFO - Processing file /opt/airflow/dags/etl_compliment.py for tasks to queue
[2023-07-27 23:44:26,712] {logging_mixin.py:115} INFO - [2023-07-27 23:44:26,711] {dagbag.py:507} INFO - Filling up the DagBag from /opt/airflow/dags/etl_compliment.py
[2023-07-27 23:44:26,864] {processor.py:651} INFO - DAG(s) dict_keys(['etl_compliment_batch_1970_v0_1', 'etl_compliment_batch_2011_v0_1', 'etl_compliment_batch_2013_v0_1', 'etl_compliment_batch_2020-realtime_v0_1']) retrieved from /opt/airflow/dags/etl_compliment.py
[2023-07-27 23:44:27,129] {logging_mixin.py:115} INFO - [2023-07-27 23:44:27,129] {manager.py:508} INFO - Created Permission View: can edit on DAG:etl_compliment_batch_1970_v0_1
[2023-07-27 23:44:27,151] {logging_mixin.py:115} INFO - [2023-07-27 23:44:27,151] {manager.py:508} INFO - Created Permission View: can read on DAG:etl_compliment_batch_1970_v0_1
[2023-07-27 23:44:27,181] {logging_mixin.py:115} INFO - [2023-07-27 23:44:27,180] {manager.py:508} INFO - Created Permission View: can delete on DAG:etl_compliment_batch_1970_v0_1
[2023-07-27 23:44:27,211] {logging_mixin.py:115} INFO - [2023-07-27 23:44:27,210] {manager.py:508} INFO - Created Permission View: can edit on DAG:etl_compliment_batch_2011_v0_1
[2023-07-27 23:44:27,237] {logging_mixin.py:115} INFO - [2023-07-27 23:44:27,237] {manager.py:508} INFO - Created Permission View: can read on DAG:etl_compliment_batch_2011_v0_1
[2023-07-27 23:44:27,253] {logging_mixin.py:115} INFO - [2023-07-27 23:44:27,253] {manager.py:508} INFO - Created Permission View: can delete on DAG:etl_compliment_batch_2011_v0_1
[2023-07-27 23:44:27,285] {logging_mixin.py:115} INFO - [2023-07-27 23:44:27,285] {manager.py:508} INFO - Created Permission View: can edit on DAG:etl_compliment_batch_2013_v0_1
[2023-07-27 23:44:27,306] {logging_mixin.py:115} INFO - [2023-07-27 23:44:27,306] {manager.py:508} INFO - Created Permission View: can read on DAG:etl_compliment_batch_2013_v0_1
[2023-07-27 23:44:27,318] {logging_mixin.py:115} INFO - [2023-07-27 23:44:27,318] {manager.py:508} INFO - Created Permission View: can delete on DAG:etl_compliment_batch_2013_v0_1
[2023-07-27 23:44:27,344] {logging_mixin.py:115} INFO - [2023-07-27 23:44:27,344] {manager.py:508} INFO - Created Permission View: can edit on DAG:etl_compliment_batch_2020-realtime_v0_1
[2023-07-27 23:44:27,358] {logging_mixin.py:115} INFO - [2023-07-27 23:44:27,358] {manager.py:508} INFO - Created Permission View: can read on DAG:etl_compliment_batch_2020-realtime_v0_1
[2023-07-27 23:44:27,370] {logging_mixin.py:115} INFO - [2023-07-27 23:44:27,370] {manager.py:508} INFO - Created Permission View: can delete on DAG:etl_compliment_batch_2020-realtime_v0_1
[2023-07-27 23:44:27,370] {logging_mixin.py:115} INFO - [2023-07-27 23:44:27,370] {dag.py:2379} INFO - Sync 4 DAGs
[2023-07-27 23:44:27,384] {logging_mixin.py:115} INFO - [2023-07-27 23:44:27,384] {dag.py:2398} INFO - Creating ORM DAG for etl_compliment_batch_2011_v0_1
[2023-07-27 23:44:27,385] {logging_mixin.py:115} INFO - [2023-07-27 23:44:27,385] {dag.py:2398} INFO - Creating ORM DAG for etl_compliment_batch_2013_v0_1
[2023-07-27 23:44:27,385] {logging_mixin.py:115} INFO - [2023-07-27 23:44:27,385] {dag.py:2398} INFO - Creating ORM DAG for etl_compliment_batch_2020-realtime_v0_1
[2023-07-27 23:44:27,386] {logging_mixin.py:115} INFO - [2023-07-27 23:44:27,386] {dag.py:2398} INFO - Creating ORM DAG for etl_compliment_batch_1970_v0_1
[2023-07-27 23:44:27,408] {logging_mixin.py:115} INFO - [2023-07-27 23:44:27,408] {dag.py:2931} INFO - Setting next_dagrun for etl_compliment_batch_1970_v0_1 to 1969-12-31T17:00:00+00:00, run_after=1970-01-01T17:00:00+00:00
[2023-07-27 23:44:27,410] {logging_mixin.py:115} INFO - [2023-07-27 23:44:27,410] {dag.py:2931} INFO - Setting next_dagrun for etl_compliment_batch_2011_v0_1 to 2010-12-31T17:00:00+00:00, run_after=2011-01-01T17:00:00+00:00
[2023-07-27 23:44:27,412] {logging_mixin.py:115} INFO - [2023-07-27 23:44:27,411] {dag.py:2931} INFO - Setting next_dagrun for etl_compliment_batch_2013_v0_1 to 2012-12-31T17:00:00+00:00, run_after=2013-01-01T17:00:00+00:00
[2023-07-27 23:44:27,413] {logging_mixin.py:115} INFO - [2023-07-27 23:44:27,413] {dag.py:2931} INFO - Setting next_dagrun for etl_compliment_batch_2020-realtime_v0_1 to 2019-12-31T17:00:00+00:00, run_after=2020-01-01T17:00:00+00:00
[2023-07-27 23:44:27,447] {processor.py:161} INFO - Processing /opt/airflow/dags/etl_compliment.py took 0.756 seconds
[2023-07-27 23:44:57,589] {processor.py:153} INFO - Started process (PID=806) to work on /opt/airflow/dags/etl_compliment.py
[2023-07-27 23:44:57,593] {processor.py:641} INFO - Processing file /opt/airflow/dags/etl_compliment.py for tasks to queue
[2023-07-27 23:44:57,598] {logging_mixin.py:115} INFO - [2023-07-27 23:44:57,598] {dagbag.py:507} INFO - Filling up the DagBag from /opt/airflow/dags/etl_compliment.py
[2023-07-27 23:44:57,667] {processor.py:651} INFO - DAG(s) dict_keys(['etl_compliment_batch_1970_v0_1', 'etl_compliment_batch_2011_v0_1', 'etl_compliment_batch_2013_v0_1', 'etl_compliment_batch_2020-realtime_v0_1']) retrieved from /opt/airflow/dags/etl_compliment.py
[2023-07-27 23:44:57,702] {logging_mixin.py:115} INFO - [2023-07-27 23:44:57,701] {dag.py:2379} INFO - Sync 4 DAGs
[2023-07-27 23:44:57,738] {logging_mixin.py:115} INFO - [2023-07-27 23:44:57,738] {dag.py:2931} INFO - Setting next_dagrun for etl_compliment_batch_1970_v0_1 to 1969-12-31T17:00:00+00:00, run_after=1970-01-01T17:00:00+00:00
[2023-07-27 23:44:57,743] {logging_mixin.py:115} INFO - [2023-07-27 23:44:57,743] {dag.py:2931} INFO - Setting next_dagrun for etl_compliment_batch_2011_v0_1 to 2010-12-31T17:00:00+00:00, run_after=2011-01-01T17:00:00+00:00
[2023-07-27 23:44:57,745] {logging_mixin.py:115} INFO - [2023-07-27 23:44:57,745] {dag.py:2931} INFO - Setting next_dagrun for etl_compliment_batch_2013_v0_1 to 2012-12-31T17:00:00+00:00, run_after=2013-01-01T17:00:00+00:00
[2023-07-27 23:44:57,747] {logging_mixin.py:115} INFO - [2023-07-27 23:44:57,747] {dag.py:2931} INFO - Setting next_dagrun for etl_compliment_batch_2020-realtime_v0_1 to 2019-12-31T17:00:00+00:00, run_after=2020-01-01T17:00:00+00:00
[2023-07-27 23:44:57,766] {processor.py:161} INFO - Processing /opt/airflow/dags/etl_compliment.py took 0.188 seconds
[2023-07-27 23:45:27,903] {processor.py:153} INFO - Started process (PID=834) to work on /opt/airflow/dags/etl_compliment.py
[2023-07-27 23:45:27,910] {processor.py:641} INFO - Processing file /opt/airflow/dags/etl_compliment.py for tasks to queue
[2023-07-27 23:45:27,913] {logging_mixin.py:115} INFO - [2023-07-27 23:45:27,912] {dagbag.py:507} INFO - Filling up the DagBag from /opt/airflow/dags/etl_compliment.py
[2023-07-27 23:45:28,037] {processor.py:651} INFO - DAG(s) dict_keys(['etl_compliment_batch_1970_v0_1', 'etl_compliment_batch_2011_v0_1', 'etl_compliment_batch_2013_v0_1', 'etl_compliment_batch_2020-realtime_v0_1']) retrieved from /opt/airflow/dags/etl_compliment.py
[2023-07-27 23:45:28,104] {logging_mixin.py:115} INFO - [2023-07-27 23:45:28,104] {dag.py:2379} INFO - Sync 4 DAGs
[2023-07-27 23:45:28,162] {logging_mixin.py:115} INFO - [2023-07-27 23:45:28,162] {dag.py:2931} INFO - Setting next_dagrun for etl_compliment_batch_1970_v0_1 to 1969-12-31T17:00:00+00:00, run_after=1970-01-01T17:00:00+00:00
[2023-07-27 23:45:28,167] {logging_mixin.py:115} INFO - [2023-07-27 23:45:28,167] {dag.py:2931} INFO - Setting next_dagrun for etl_compliment_batch_2011_v0_1 to 2010-12-31T17:00:00+00:00, run_after=2011-01-01T17:00:00+00:00
[2023-07-27 23:45:28,171] {logging_mixin.py:115} INFO - [2023-07-27 23:45:28,171] {dag.py:2931} INFO - Setting next_dagrun for etl_compliment_batch_2013_v0_1 to 2012-12-31T17:00:00+00:00, run_after=2013-01-01T17:00:00+00:00
[2023-07-27 23:45:28,173] {logging_mixin.py:115} INFO - [2023-07-27 23:45:28,173] {dag.py:2931} INFO - Setting next_dagrun for etl_compliment_batch_2020-realtime_v0_1 to 2019-12-31T17:00:00+00:00, run_after=2020-01-01T17:00:00+00:00
[2023-07-27 23:45:28,203] {processor.py:161} INFO - Processing /opt/airflow/dags/etl_compliment.py took 0.310 seconds
[2023-07-27 23:45:58,291] {processor.py:153} INFO - Started process (PID=853) to work on /opt/airflow/dags/etl_compliment.py
[2023-07-27 23:45:58,297] {processor.py:641} INFO - Processing file /opt/airflow/dags/etl_compliment.py for tasks to queue
[2023-07-27 23:45:58,302] {logging_mixin.py:115} INFO - [2023-07-27 23:45:58,302] {dagbag.py:507} INFO - Filling up the DagBag from /opt/airflow/dags/etl_compliment.py
[2023-07-27 23:45:58,399] {processor.py:651} INFO - DAG(s) dict_keys(['etl_compliment_batch_1970_v0_1', 'etl_compliment_batch_2011_v0_1', 'etl_compliment_batch_2013_v0_1', 'etl_compliment_batch_2020-realtime_v0_1']) retrieved from /opt/airflow/dags/etl_compliment.py
[2023-07-27 23:45:58,444] {logging_mixin.py:115} INFO - [2023-07-27 23:45:58,444] {dag.py:2379} INFO - Sync 4 DAGs
[2023-07-27 23:45:58,487] {logging_mixin.py:115} INFO - [2023-07-27 23:45:58,486] {dag.py:2931} INFO - Setting next_dagrun for etl_compliment_batch_1970_v0_1 to 1969-12-31T17:00:00+00:00, run_after=1970-01-01T17:00:00+00:00
[2023-07-27 23:45:58,488] {logging_mixin.py:115} INFO - [2023-07-27 23:45:58,488] {dag.py:2931} INFO - Setting next_dagrun for etl_compliment_batch_2011_v0_1 to 2010-12-31T17:00:00+00:00, run_after=2011-01-01T17:00:00+00:00
[2023-07-27 23:45:58,491] {logging_mixin.py:115} INFO - [2023-07-27 23:45:58,491] {dag.py:2931} INFO - Setting next_dagrun for etl_compliment_batch_2013_v0_1 to 2012-12-31T17:00:00+00:00, run_after=2013-01-01T17:00:00+00:00
[2023-07-27 23:45:58,496] {logging_mixin.py:115} INFO - [2023-07-27 23:45:58,496] {dag.py:2931} INFO - Setting next_dagrun for etl_compliment_batch_2020-realtime_v0_1 to 2019-12-31T17:00:00+00:00, run_after=2020-01-01T17:00:00+00:00
[2023-07-27 23:45:58,522] {processor.py:161} INFO - Processing /opt/airflow/dags/etl_compliment.py took 0.240 seconds
[2023-07-27 23:46:28,630] {processor.py:153} INFO - Started process (PID=881) to work on /opt/airflow/dags/etl_compliment.py
[2023-07-27 23:46:28,633] {processor.py:641} INFO - Processing file /opt/airflow/dags/etl_compliment.py for tasks to queue
[2023-07-27 23:46:28,643] {logging_mixin.py:115} INFO - [2023-07-27 23:46:28,642] {dagbag.py:507} INFO - Filling up the DagBag from /opt/airflow/dags/etl_compliment.py
[2023-07-27 23:46:28,740] {processor.py:651} INFO - DAG(s) dict_keys(['etl_compliment_batch_1970_v0_1', 'etl_compliment_batch_2011_v0_1', 'etl_compliment_batch_2013_v0_1', 'etl_compliment_batch_2020-realtime_v0_1']) retrieved from /opt/airflow/dags/etl_compliment.py
[2023-07-27 23:46:28,791] {logging_mixin.py:115} INFO - [2023-07-27 23:46:28,791] {dag.py:2379} INFO - Sync 4 DAGs
[2023-07-27 23:46:28,841] {logging_mixin.py:115} INFO - [2023-07-27 23:46:28,841] {dag.py:2931} INFO - Setting next_dagrun for etl_compliment_batch_1970_v0_1 to 1969-12-31T17:00:00+00:00, run_after=1970-01-01T17:00:00+00:00
[2023-07-27 23:46:28,845] {logging_mixin.py:115} INFO - [2023-07-27 23:46:28,845] {dag.py:2931} INFO - Setting next_dagrun for etl_compliment_batch_2011_v0_1 to 2010-12-31T17:00:00+00:00, run_after=2011-01-01T17:00:00+00:00
[2023-07-27 23:46:28,847] {logging_mixin.py:115} INFO - [2023-07-27 23:46:28,847] {dag.py:2931} INFO - Setting next_dagrun for etl_compliment_batch_2013_v0_1 to 2012-12-31T17:00:00+00:00, run_after=2013-01-01T17:00:00+00:00
[2023-07-27 23:46:28,850] {logging_mixin.py:115} INFO - [2023-07-27 23:46:28,849] {dag.py:2931} INFO - Setting next_dagrun for etl_compliment_batch_2020-realtime_v0_1 to 2019-12-31T17:00:00+00:00, run_after=2020-01-01T17:00:00+00:00
[2023-07-27 23:46:28,873] {processor.py:161} INFO - Processing /opt/airflow/dags/etl_compliment.py took 0.252 seconds
[2023-07-27 23:46:59,086] {processor.py:153} INFO - Started process (PID=900) to work on /opt/airflow/dags/etl_compliment.py
[2023-07-27 23:46:59,098] {processor.py:641} INFO - Processing file /opt/airflow/dags/etl_compliment.py for tasks to queue
[2023-07-27 23:46:59,104] {logging_mixin.py:115} INFO - [2023-07-27 23:46:59,104] {dagbag.py:507} INFO - Filling up the DagBag from /opt/airflow/dags/etl_compliment.py
[2023-07-27 23:46:59,262] {processor.py:651} INFO - DAG(s) dict_keys(['etl_compliment_batch_1970_v0_1', 'etl_compliment_batch_2011_v0_1', 'etl_compliment_batch_2013_v0_1', 'etl_compliment_batch_2020-realtime_v0_1']) retrieved from /opt/airflow/dags/etl_compliment.py
[2023-07-27 23:46:59,358] {logging_mixin.py:115} INFO - [2023-07-27 23:46:59,358] {dag.py:2379} INFO - Sync 4 DAGs
[2023-07-27 23:46:59,416] {logging_mixin.py:115} INFO - [2023-07-27 23:46:59,415] {dag.py:2931} INFO - Setting next_dagrun for etl_compliment_batch_1970_v0_1 to 1969-12-31T17:00:00+00:00, run_after=1970-01-01T17:00:00+00:00
[2023-07-27 23:46:59,417] {logging_mixin.py:115} INFO - [2023-07-27 23:46:59,417] {dag.py:2931} INFO - Setting next_dagrun for etl_compliment_batch_2011_v0_1 to 2010-12-31T17:00:00+00:00, run_after=2011-01-01T17:00:00+00:00
[2023-07-27 23:46:59,421] {logging_mixin.py:115} INFO - [2023-07-27 23:46:59,421] {dag.py:2931} INFO - Setting next_dagrun for etl_compliment_batch_2013_v0_1 to 2012-12-31T17:00:00+00:00, run_after=2013-01-01T17:00:00+00:00
[2023-07-27 23:46:59,425] {logging_mixin.py:115} INFO - [2023-07-27 23:46:59,424] {dag.py:2931} INFO - Setting next_dagrun for etl_compliment_batch_2020-realtime_v0_1 to 2019-12-31T17:00:00+00:00, run_after=2020-01-01T17:00:00+00:00
[2023-07-27 23:46:59,447] {processor.py:161} INFO - Processing /opt/airflow/dags/etl_compliment.py took 0.378 seconds
[2023-07-27 23:47:29,644] {processor.py:153} INFO - Started process (PID=919) to work on /opt/airflow/dags/etl_compliment.py
[2023-07-27 23:47:29,648] {processor.py:641} INFO - Processing file /opt/airflow/dags/etl_compliment.py for tasks to queue
[2023-07-27 23:47:29,656] {logging_mixin.py:115} INFO - [2023-07-27 23:47:29,656] {dagbag.py:507} INFO - Filling up the DagBag from /opt/airflow/dags/etl_compliment.py
[2023-07-27 23:47:29,764] {processor.py:651} INFO - DAG(s) dict_keys(['etl_compliment_batch_1970_v0_1', 'etl_compliment_batch_2011_v0_1', 'etl_compliment_batch_2013_v0_1', 'etl_compliment_batch_2020-realtime_v0_1']) retrieved from /opt/airflow/dags/etl_compliment.py
[2023-07-27 23:47:29,805] {logging_mixin.py:115} INFO - [2023-07-27 23:47:29,805] {dag.py:2379} INFO - Sync 4 DAGs
[2023-07-27 23:47:29,855] {logging_mixin.py:115} INFO - [2023-07-27 23:47:29,855] {dag.py:2931} INFO - Setting next_dagrun for etl_compliment_batch_1970_v0_1 to 1969-12-31T17:00:00+00:00, run_after=1970-01-01T17:00:00+00:00
[2023-07-27 23:47:29,864] {logging_mixin.py:115} INFO - [2023-07-27 23:47:29,863] {dag.py:2931} INFO - Setting next_dagrun for etl_compliment_batch_2011_v0_1 to 2010-12-31T17:00:00+00:00, run_after=2011-01-01T17:00:00+00:00
[2023-07-27 23:47:29,872] {logging_mixin.py:115} INFO - [2023-07-27 23:47:29,871] {dag.py:2931} INFO - Setting next_dagrun for etl_compliment_batch_2013_v0_1 to 2012-12-31T17:00:00+00:00, run_after=2013-01-01T17:00:00+00:00
[2023-07-27 23:47:29,877] {logging_mixin.py:115} INFO - [2023-07-27 23:47:29,877] {dag.py:2931} INFO - Setting next_dagrun for etl_compliment_batch_2020-realtime_v0_1 to 2019-12-31T17:00:00+00:00, run_after=2020-01-01T17:00:00+00:00
[2023-07-27 23:47:29,900] {processor.py:161} INFO - Processing /opt/airflow/dags/etl_compliment.py took 0.277 seconds
[2023-07-27 23:47:59,963] {processor.py:153} INFO - Started process (PID=947) to work on /opt/airflow/dags/etl_compliment.py
[2023-07-27 23:47:59,974] {processor.py:641} INFO - Processing file /opt/airflow/dags/etl_compliment.py for tasks to queue
[2023-07-27 23:47:59,978] {logging_mixin.py:115} INFO - [2023-07-27 23:47:59,977] {dagbag.py:507} INFO - Filling up the DagBag from /opt/airflow/dags/etl_compliment.py
[2023-07-27 23:48:00,150] {processor.py:651} INFO - DAG(s) dict_keys(['etl_compliment_batch_1970_v0_1', 'etl_compliment_batch_2011_v0_1', 'etl_compliment_batch_2013_v0_1', 'etl_compliment_batch_2020-realtime_v0_1']) retrieved from /opt/airflow/dags/etl_compliment.py
[2023-07-27 23:48:00,210] {logging_mixin.py:115} INFO - [2023-07-27 23:48:00,210] {dag.py:2379} INFO - Sync 4 DAGs
[2023-07-27 23:48:00,274] {logging_mixin.py:115} INFO - [2023-07-27 23:48:00,274] {dag.py:2931} INFO - Setting next_dagrun for etl_compliment_batch_1970_v0_1 to 1969-12-31T17:00:00+00:00, run_after=1970-01-01T17:00:00+00:00
[2023-07-27 23:48:00,281] {logging_mixin.py:115} INFO - [2023-07-27 23:48:00,281] {dag.py:2931} INFO - Setting next_dagrun for etl_compliment_batch_2011_v0_1 to 2010-12-31T17:00:00+00:00, run_after=2011-01-01T17:00:00+00:00
[2023-07-27 23:48:00,288] {logging_mixin.py:115} INFO - [2023-07-27 23:48:00,288] {dag.py:2931} INFO - Setting next_dagrun for etl_compliment_batch_2013_v0_1 to 2012-12-31T17:00:00+00:00, run_after=2013-01-01T17:00:00+00:00
[2023-07-27 23:48:00,291] {logging_mixin.py:115} INFO - [2023-07-27 23:48:00,291] {dag.py:2931} INFO - Setting next_dagrun for etl_compliment_batch_2020-realtime_v0_1 to 2019-12-31T17:00:00+00:00, run_after=2020-01-01T17:00:00+00:00
[2023-07-27 23:48:00,331] {processor.py:161} INFO - Processing /opt/airflow/dags/etl_compliment.py took 0.381 seconds
[2023-07-27 23:48:30,577] {processor.py:153} INFO - Started process (PID=966) to work on /opt/airflow/dags/etl_compliment.py
[2023-07-27 23:48:30,584] {processor.py:641} INFO - Processing file /opt/airflow/dags/etl_compliment.py for tasks to queue
[2023-07-27 23:48:30,589] {logging_mixin.py:115} INFO - [2023-07-27 23:48:30,589] {dagbag.py:507} INFO - Filling up the DagBag from /opt/airflow/dags/etl_compliment.py
[2023-07-27 23:48:30,720] {processor.py:651} INFO - DAG(s) dict_keys(['etl_compliment_batch_1970_v0_1', 'etl_compliment_batch_2011_v0_1', 'etl_compliment_batch_2013_v0_1', 'etl_compliment_batch_2020-realtime_v0_1']) retrieved from /opt/airflow/dags/etl_compliment.py
[2023-07-27 23:48:30,805] {logging_mixin.py:115} INFO - [2023-07-27 23:48:30,805] {dag.py:2379} INFO - Sync 4 DAGs
[2023-07-27 23:48:30,844] {logging_mixin.py:115} INFO - [2023-07-27 23:48:30,843] {dag.py:2931} INFO - Setting next_dagrun for etl_compliment_batch_1970_v0_1 to 1969-12-31T17:00:00+00:00, run_after=1970-01-01T17:00:00+00:00
[2023-07-27 23:48:30,845] {logging_mixin.py:115} INFO - [2023-07-27 23:48:30,845] {dag.py:2931} INFO - Setting next_dagrun for etl_compliment_batch_2011_v0_1 to 2010-12-31T17:00:00+00:00, run_after=2011-01-01T17:00:00+00:00
[2023-07-27 23:48:30,847] {logging_mixin.py:115} INFO - [2023-07-27 23:48:30,847] {dag.py:2931} INFO - Setting next_dagrun for etl_compliment_batch_2013_v0_1 to 2012-12-31T17:00:00+00:00, run_after=2013-01-01T17:00:00+00:00
[2023-07-27 23:48:30,848] {logging_mixin.py:115} INFO - [2023-07-27 23:48:30,848] {dag.py:2931} INFO - Setting next_dagrun for etl_compliment_batch_2020-realtime_v0_1 to 2019-12-31T17:00:00+00:00, run_after=2020-01-01T17:00:00+00:00
[2023-07-27 23:48:30,874] {processor.py:161} INFO - Processing /opt/airflow/dags/etl_compliment.py took 0.305 seconds
[2023-07-27 23:49:01,019] {processor.py:153} INFO - Started process (PID=995) to work on /opt/airflow/dags/etl_compliment.py
[2023-07-27 23:49:01,022] {processor.py:641} INFO - Processing file /opt/airflow/dags/etl_compliment.py for tasks to queue
[2023-07-27 23:49:01,025] {logging_mixin.py:115} INFO - [2023-07-27 23:49:01,025] {dagbag.py:507} INFO - Filling up the DagBag from /opt/airflow/dags/etl_compliment.py
[2023-07-27 23:49:01,089] {processor.py:651} INFO - DAG(s) dict_keys(['etl_compliment_batch_1970_v0_1', 'etl_compliment_batch_2011_v0_1', 'etl_compliment_batch_2013_v0_1', 'etl_compliment_batch_2020-realtime_v0_1']) retrieved from /opt/airflow/dags/etl_compliment.py
[2023-07-27 23:49:01,130] {logging_mixin.py:115} INFO - [2023-07-27 23:49:01,130] {dag.py:2379} INFO - Sync 4 DAGs
[2023-07-27 23:49:01,165] {logging_mixin.py:115} INFO - [2023-07-27 23:49:01,165] {dag.py:2931} INFO - Setting next_dagrun for etl_compliment_batch_1970_v0_1 to 1969-12-31T17:00:00+00:00, run_after=1970-01-01T17:00:00+00:00
[2023-07-27 23:49:01,176] {logging_mixin.py:115} INFO - [2023-07-27 23:49:01,176] {dag.py:2931} INFO - Setting next_dagrun for etl_compliment_batch_2011_v0_1 to 2010-12-31T17:00:00+00:00, run_after=2011-01-01T17:00:00+00:00
[2023-07-27 23:49:01,178] {logging_mixin.py:115} INFO - [2023-07-27 23:49:01,178] {dag.py:2931} INFO - Setting next_dagrun for etl_compliment_batch_2013_v0_1 to 2012-12-31T17:00:00+00:00, run_after=2013-01-01T17:00:00+00:00
[2023-07-27 23:49:01,180] {logging_mixin.py:115} INFO - [2023-07-27 23:49:01,180] {dag.py:2931} INFO - Setting next_dagrun for etl_compliment_batch_2020-realtime_v0_1 to 2019-12-31T17:00:00+00:00, run_after=2020-01-01T17:00:00+00:00
[2023-07-27 23:49:01,206] {processor.py:161} INFO - Processing /opt/airflow/dags/etl_compliment.py took 0.202 seconds
[2023-07-27 23:49:31,341] {processor.py:153} INFO - Started process (PID=1014) to work on /opt/airflow/dags/etl_compliment.py
[2023-07-27 23:49:31,343] {processor.py:641} INFO - Processing file /opt/airflow/dags/etl_compliment.py for tasks to queue
[2023-07-27 23:49:31,345] {logging_mixin.py:115} INFO - [2023-07-27 23:49:31,345] {dagbag.py:507} INFO - Filling up the DagBag from /opt/airflow/dags/etl_compliment.py
[2023-07-27 23:49:31,418] {processor.py:651} INFO - DAG(s) dict_keys(['etl_compliment_batch_1970_v0_1', 'etl_compliment_batch_2011_v0_1', 'etl_compliment_batch_2013_v0_1', 'etl_compliment_batch_2020-realtime_v0_1']) retrieved from /opt/airflow/dags/etl_compliment.py
[2023-07-27 23:49:31,453] {logging_mixin.py:115} INFO - [2023-07-27 23:49:31,453] {dag.py:2379} INFO - Sync 4 DAGs
[2023-07-27 23:49:31,484] {logging_mixin.py:115} INFO - [2023-07-27 23:49:31,484] {dag.py:2931} INFO - Setting next_dagrun for etl_compliment_batch_1970_v0_1 to 1969-12-31T17:00:00+00:00, run_after=1970-01-01T17:00:00+00:00
[2023-07-27 23:49:31,486] {logging_mixin.py:115} INFO - [2023-07-27 23:49:31,485] {dag.py:2931} INFO - Setting next_dagrun for etl_compliment_batch_2011_v0_1 to 2010-12-31T17:00:00+00:00, run_after=2011-01-01T17:00:00+00:00
[2023-07-27 23:49:31,487] {logging_mixin.py:115} INFO - [2023-07-27 23:49:31,487] {dag.py:2931} INFO - Setting next_dagrun for etl_compliment_batch_2013_v0_1 to 2012-12-31T17:00:00+00:00, run_after=2013-01-01T17:00:00+00:00
[2023-07-27 23:49:31,489] {logging_mixin.py:115} INFO - [2023-07-27 23:49:31,488] {dag.py:2931} INFO - Setting next_dagrun for etl_compliment_batch_2020-realtime_v0_1 to 2019-12-31T17:00:00+00:00, run_after=2020-01-01T17:00:00+00:00
[2023-07-27 23:49:31,517] {processor.py:161} INFO - Processing /opt/airflow/dags/etl_compliment.py took 0.187 seconds
[2023-07-27 23:50:01,672] {processor.py:153} INFO - Started process (PID=1044) to work on /opt/airflow/dags/etl_compliment.py
[2023-07-27 23:50:01,673] {processor.py:641} INFO - Processing file /opt/airflow/dags/etl_compliment.py for tasks to queue
[2023-07-27 23:50:01,675] {logging_mixin.py:115} INFO - [2023-07-27 23:50:01,675] {dagbag.py:507} INFO - Filling up the DagBag from /opt/airflow/dags/etl_compliment.py
[2023-07-27 23:50:01,748] {processor.py:651} INFO - DAG(s) dict_keys(['etl_compliment_batch_1970_v0_1', 'etl_compliment_batch_2011_v0_1', 'etl_compliment_batch_2013_v0_1', 'etl_compliment_batch_2020-realtime_v0_1']) retrieved from /opt/airflow/dags/etl_compliment.py
[2023-07-27 23:50:01,801] {logging_mixin.py:115} INFO - [2023-07-27 23:50:01,800] {dag.py:2379} INFO - Sync 4 DAGs
[2023-07-27 23:50:01,837] {logging_mixin.py:115} INFO - [2023-07-27 23:50:01,836] {dag.py:2931} INFO - Setting next_dagrun for etl_compliment_batch_1970_v0_1 to 1969-12-31T17:00:00+00:00, run_after=1970-01-01T17:00:00+00:00
[2023-07-27 23:50:01,840] {logging_mixin.py:115} INFO - [2023-07-27 23:50:01,840] {dag.py:2931} INFO - Setting next_dagrun for etl_compliment_batch_2011_v0_1 to 2010-12-31T17:00:00+00:00, run_after=2011-01-01T17:00:00+00:00
[2023-07-27 23:50:01,841] {logging_mixin.py:115} INFO - [2023-07-27 23:50:01,841] {dag.py:2931} INFO - Setting next_dagrun for etl_compliment_batch_2013_v0_1 to 2012-12-31T17:00:00+00:00, run_after=2013-01-01T17:00:00+00:00
[2023-07-27 23:50:01,843] {logging_mixin.py:115} INFO - [2023-07-27 23:50:01,843] {dag.py:2931} INFO - Setting next_dagrun for etl_compliment_batch_2020-realtime_v0_1 to 2019-12-31T17:00:00+00:00, run_after=2020-01-01T17:00:00+00:00
[2023-07-27 23:50:01,862] {processor.py:161} INFO - Processing /opt/airflow/dags/etl_compliment.py took 0.201 seconds
[2023-07-27 23:50:31,956] {processor.py:153} INFO - Started process (PID=1063) to work on /opt/airflow/dags/etl_compliment.py
[2023-07-27 23:50:31,959] {processor.py:641} INFO - Processing file /opt/airflow/dags/etl_compliment.py for tasks to queue
[2023-07-27 23:50:31,963] {logging_mixin.py:115} INFO - [2023-07-27 23:50:31,963] {dagbag.py:507} INFO - Filling up the DagBag from /opt/airflow/dags/etl_compliment.py
[2023-07-27 23:50:32,058] {processor.py:651} INFO - DAG(s) dict_keys(['etl_compliment_batch_1970_v0_1', 'etl_compliment_batch_2011_v0_1', 'etl_compliment_batch_2013_v0_1', 'etl_compliment_batch_2020-realtime_v0_1']) retrieved from /opt/airflow/dags/etl_compliment.py
[2023-07-27 23:50:32,103] {logging_mixin.py:115} INFO - [2023-07-27 23:50:32,103] {dag.py:2379} INFO - Sync 4 DAGs
[2023-07-27 23:50:32,142] {logging_mixin.py:115} INFO - [2023-07-27 23:50:32,142] {dag.py:2931} INFO - Setting next_dagrun for etl_compliment_batch_1970_v0_1 to 1969-12-31T17:00:00+00:00, run_after=1970-01-01T17:00:00+00:00
[2023-07-27 23:50:32,146] {logging_mixin.py:115} INFO - [2023-07-27 23:50:32,146] {dag.py:2931} INFO - Setting next_dagrun for etl_compliment_batch_2011_v0_1 to 2010-12-31T17:00:00+00:00, run_after=2011-01-01T17:00:00+00:00
[2023-07-27 23:50:32,148] {logging_mixin.py:115} INFO - [2023-07-27 23:50:32,148] {dag.py:2931} INFO - Setting next_dagrun for etl_compliment_batch_2013_v0_1 to 2012-12-31T17:00:00+00:00, run_after=2013-01-01T17:00:00+00:00
[2023-07-27 23:50:32,149] {logging_mixin.py:115} INFO - [2023-07-27 23:50:32,149] {dag.py:2931} INFO - Setting next_dagrun for etl_compliment_batch_2020-realtime_v0_1 to 2019-12-31T17:00:00+00:00, run_after=2020-01-01T17:00:00+00:00
[2023-07-27 23:50:32,168] {processor.py:161} INFO - Processing /opt/airflow/dags/etl_compliment.py took 0.219 seconds
[2023-07-27 23:51:02,255] {processor.py:153} INFO - Started process (PID=1092) to work on /opt/airflow/dags/etl_compliment.py
[2023-07-27 23:51:02,257] {processor.py:641} INFO - Processing file /opt/airflow/dags/etl_compliment.py for tasks to queue
[2023-07-27 23:51:02,259] {logging_mixin.py:115} INFO - [2023-07-27 23:51:02,259] {dagbag.py:507} INFO - Filling up the DagBag from /opt/airflow/dags/etl_compliment.py
[2023-07-27 23:51:02,321] {processor.py:651} INFO - DAG(s) dict_keys(['etl_compliment_batch_1970_v0_1', 'etl_compliment_batch_2011_v0_1', 'etl_compliment_batch_2013_v0_1', 'etl_compliment_batch_2020-realtime_v0_1']) retrieved from /opt/airflow/dags/etl_compliment.py
[2023-07-27 23:51:02,355] {logging_mixin.py:115} INFO - [2023-07-27 23:51:02,355] {dag.py:2379} INFO - Sync 4 DAGs
[2023-07-27 23:51:02,385] {logging_mixin.py:115} INFO - [2023-07-27 23:51:02,384] {dag.py:2931} INFO - Setting next_dagrun for etl_compliment_batch_1970_v0_1 to 1969-12-31T17:00:00+00:00, run_after=1970-01-01T17:00:00+00:00
[2023-07-27 23:51:02,386] {logging_mixin.py:115} INFO - [2023-07-27 23:51:02,386] {dag.py:2931} INFO - Setting next_dagrun for etl_compliment_batch_2011_v0_1 to 2010-12-31T17:00:00+00:00, run_after=2011-01-01T17:00:00+00:00
[2023-07-27 23:51:02,387] {logging_mixin.py:115} INFO - [2023-07-27 23:51:02,387] {dag.py:2931} INFO - Setting next_dagrun for etl_compliment_batch_2013_v0_1 to 2012-12-31T17:00:00+00:00, run_after=2013-01-01T17:00:00+00:00
[2023-07-27 23:51:02,390] {logging_mixin.py:115} INFO - [2023-07-27 23:51:02,390] {dag.py:2931} INFO - Setting next_dagrun for etl_compliment_batch_2020-realtime_v0_1 to 2019-12-31T17:00:00+00:00, run_after=2020-01-01T17:00:00+00:00
[2023-07-27 23:51:02,408] {processor.py:161} INFO - Processing /opt/airflow/dags/etl_compliment.py took 0.158 seconds
[2023-07-27 23:51:32,505] {processor.py:153} INFO - Started process (PID=1111) to work on /opt/airflow/dags/etl_compliment.py
[2023-07-27 23:51:32,506] {processor.py:641} INFO - Processing file /opt/airflow/dags/etl_compliment.py for tasks to queue
[2023-07-27 23:51:32,510] {logging_mixin.py:115} INFO - [2023-07-27 23:51:32,510] {dagbag.py:507} INFO - Filling up the DagBag from /opt/airflow/dags/etl_compliment.py
[2023-07-27 23:51:32,576] {processor.py:651} INFO - DAG(s) dict_keys(['etl_compliment_batch_1970_v0_1', 'etl_compliment_batch_2011_v0_1', 'etl_compliment_batch_2013_v0_1', 'etl_compliment_batch_2020-realtime_v0_1']) retrieved from /opt/airflow/dags/etl_compliment.py
[2023-07-27 23:51:32,611] {logging_mixin.py:115} INFO - [2023-07-27 23:51:32,610] {dag.py:2379} INFO - Sync 4 DAGs
[2023-07-27 23:51:32,645] {logging_mixin.py:115} INFO - [2023-07-27 23:51:32,645] {dag.py:2931} INFO - Setting next_dagrun for etl_compliment_batch_1970_v0_1 to 1969-12-31T17:00:00+00:00, run_after=1970-01-01T17:00:00+00:00
[2023-07-27 23:51:32,648] {logging_mixin.py:115} INFO - [2023-07-27 23:51:32,648] {dag.py:2931} INFO - Setting next_dagrun for etl_compliment_batch_2011_v0_1 to 2010-12-31T17:00:00+00:00, run_after=2011-01-01T17:00:00+00:00
[2023-07-27 23:51:32,651] {logging_mixin.py:115} INFO - [2023-07-27 23:51:32,651] {dag.py:2931} INFO - Setting next_dagrun for etl_compliment_batch_2013_v0_1 to 2012-12-31T17:00:00+00:00, run_after=2013-01-01T17:00:00+00:00
[2023-07-27 23:51:32,652] {logging_mixin.py:115} INFO - [2023-07-27 23:51:32,652] {dag.py:2931} INFO - Setting next_dagrun for etl_compliment_batch_2020-realtime_v0_1 to 2019-12-31T17:00:00+00:00, run_after=2020-01-01T17:00:00+00:00
[2023-07-27 23:51:32,672] {processor.py:161} INFO - Processing /opt/airflow/dags/etl_compliment.py took 0.172 seconds
[2023-07-27 23:52:02,767] {processor.py:153} INFO - Started process (PID=1141) to work on /opt/airflow/dags/etl_compliment.py
[2023-07-27 23:52:02,770] {processor.py:641} INFO - Processing file /opt/airflow/dags/etl_compliment.py for tasks to queue
[2023-07-27 23:52:02,772] {logging_mixin.py:115} INFO - [2023-07-27 23:52:02,772] {dagbag.py:507} INFO - Filling up the DagBag from /opt/airflow/dags/etl_compliment.py
[2023-07-27 23:52:02,914] {processor.py:651} INFO - DAG(s) dict_keys(['etl_compliment_batch_1970_v0_1', 'etl_compliment_batch_2011_v0_1', 'etl_compliment_batch_2013_v0_1', 'etl_compliment_batch_2020-realtime_v0_1']) retrieved from /opt/airflow/dags/etl_compliment.py
[2023-07-27 23:52:02,988] {logging_mixin.py:115} INFO - [2023-07-27 23:52:02,988] {dag.py:2379} INFO - Sync 4 DAGs
[2023-07-27 23:52:03,038] {logging_mixin.py:115} INFO - [2023-07-27 23:52:03,038] {dag.py:2931} INFO - Setting next_dagrun for etl_compliment_batch_1970_v0_1 to 1969-12-31T17:00:00+00:00, run_after=1970-01-01T17:00:00+00:00
[2023-07-27 23:52:03,043] {logging_mixin.py:115} INFO - [2023-07-27 23:52:03,043] {dag.py:2931} INFO - Setting next_dagrun for etl_compliment_batch_2011_v0_1 to 2010-12-31T17:00:00+00:00, run_after=2011-01-01T17:00:00+00:00
[2023-07-27 23:52:03,047] {logging_mixin.py:115} INFO - [2023-07-27 23:52:03,047] {dag.py:2931} INFO - Setting next_dagrun for etl_compliment_batch_2013_v0_1 to 2012-12-31T17:00:00+00:00, run_after=2013-01-01T17:00:00+00:00
[2023-07-27 23:52:03,049] {logging_mixin.py:115} INFO - [2023-07-27 23:52:03,049] {dag.py:2931} INFO - Setting next_dagrun for etl_compliment_batch_2020-realtime_v0_1 to 2019-12-31T17:00:00+00:00, run_after=2020-01-01T17:00:00+00:00
[2023-07-27 23:52:03,069] {processor.py:161} INFO - Processing /opt/airflow/dags/etl_compliment.py took 0.308 seconds
[2023-07-27 23:52:33,223] {processor.py:153} INFO - Started process (PID=1160) to work on /opt/airflow/dags/etl_compliment.py
[2023-07-27 23:52:33,226] {processor.py:641} INFO - Processing file /opt/airflow/dags/etl_compliment.py for tasks to queue
[2023-07-27 23:52:33,228] {logging_mixin.py:115} INFO - [2023-07-27 23:52:33,228] {dagbag.py:507} INFO - Filling up the DagBag from /opt/airflow/dags/etl_compliment.py
[2023-07-27 23:52:33,290] {processor.py:651} INFO - DAG(s) dict_keys(['etl_compliment_batch_1970_v0_1', 'etl_compliment_batch_2011_v0_1', 'etl_compliment_batch_2013_v0_1', 'etl_compliment_batch_2020-realtime_v0_1']) retrieved from /opt/airflow/dags/etl_compliment.py
[2023-07-27 23:52:33,326] {logging_mixin.py:115} INFO - [2023-07-27 23:52:33,326] {dag.py:2379} INFO - Sync 4 DAGs
[2023-07-27 23:52:33,356] {logging_mixin.py:115} INFO - [2023-07-27 23:52:33,355] {dag.py:2931} INFO - Setting next_dagrun for etl_compliment_batch_1970_v0_1 to 1969-12-31T17:00:00+00:00, run_after=1970-01-01T17:00:00+00:00
[2023-07-27 23:52:33,361] {logging_mixin.py:115} INFO - [2023-07-27 23:52:33,360] {dag.py:2931} INFO - Setting next_dagrun for etl_compliment_batch_2011_v0_1 to 2010-12-31T17:00:00+00:00, run_after=2011-01-01T17:00:00+00:00
[2023-07-27 23:52:33,366] {logging_mixin.py:115} INFO - [2023-07-27 23:52:33,366] {dag.py:2931} INFO - Setting next_dagrun for etl_compliment_batch_2013_v0_1 to 2012-12-31T17:00:00+00:00, run_after=2013-01-01T17:00:00+00:00
[2023-07-27 23:52:33,370] {logging_mixin.py:115} INFO - [2023-07-27 23:52:33,370] {dag.py:2931} INFO - Setting next_dagrun for etl_compliment_batch_2020-realtime_v0_1 to 2019-12-31T17:00:00+00:00, run_after=2020-01-01T17:00:00+00:00
[2023-07-27 23:52:33,389] {processor.py:161} INFO - Processing /opt/airflow/dags/etl_compliment.py took 0.174 seconds
[2023-07-27 23:53:03,460] {processor.py:153} INFO - Started process (PID=1188) to work on /opt/airflow/dags/etl_compliment.py
[2023-07-27 23:53:03,461] {processor.py:641} INFO - Processing file /opt/airflow/dags/etl_compliment.py for tasks to queue
[2023-07-27 23:53:03,465] {logging_mixin.py:115} INFO - [2023-07-27 23:53:03,465] {dagbag.py:507} INFO - Filling up the DagBag from /opt/airflow/dags/etl_compliment.py
[2023-07-27 23:53:03,543] {processor.py:651} INFO - DAG(s) dict_keys(['etl_compliment_batch_1970_v0_1', 'etl_compliment_batch_2011_v0_1', 'etl_compliment_batch_2013_v0_1', 'etl_compliment_batch_2020-realtime_v0_1']) retrieved from /opt/airflow/dags/etl_compliment.py
[2023-07-27 23:53:03,592] {logging_mixin.py:115} INFO - [2023-07-27 23:53:03,592] {dag.py:2379} INFO - Sync 4 DAGs
[2023-07-27 23:53:03,630] {logging_mixin.py:115} INFO - [2023-07-27 23:53:03,630] {dag.py:2931} INFO - Setting next_dagrun for etl_compliment_batch_1970_v0_1 to 1969-12-31T17:00:00+00:00, run_after=1970-01-01T17:00:00+00:00
[2023-07-27 23:53:03,632] {logging_mixin.py:115} INFO - [2023-07-27 23:53:03,632] {dag.py:2931} INFO - Setting next_dagrun for etl_compliment_batch_2011_v0_1 to 2010-12-31T17:00:00+00:00, run_after=2011-01-01T17:00:00+00:00
[2023-07-27 23:53:03,635] {logging_mixin.py:115} INFO - [2023-07-27 23:53:03,634] {dag.py:2931} INFO - Setting next_dagrun for etl_compliment_batch_2013_v0_1 to 2012-12-31T17:00:00+00:00, run_after=2013-01-01T17:00:00+00:00
[2023-07-27 23:53:03,637] {logging_mixin.py:115} INFO - [2023-07-27 23:53:03,637] {dag.py:2931} INFO - Setting next_dagrun for etl_compliment_batch_2020-realtime_v0_1 to 2019-12-31T17:00:00+00:00, run_after=2020-01-01T17:00:00+00:00
[2023-07-27 23:53:03,663] {processor.py:161} INFO - Processing /opt/airflow/dags/etl_compliment.py took 0.210 seconds
[2023-07-27 23:53:33,835] {processor.py:153} INFO - Started process (PID=1209) to work on /opt/airflow/dags/etl_compliment.py
[2023-07-27 23:53:33,844] {processor.py:641} INFO - Processing file /opt/airflow/dags/etl_compliment.py for tasks to queue
[2023-07-27 23:53:33,849] {logging_mixin.py:115} INFO - [2023-07-27 23:53:33,849] {dagbag.py:507} INFO - Filling up the DagBag from /opt/airflow/dags/etl_compliment.py
[2023-07-27 23:53:33,935] {processor.py:651} INFO - DAG(s) dict_keys(['etl_compliment_batch_1970_v0_1', 'etl_compliment_batch_2011_v0_1', 'etl_compliment_batch_2013_v0_1', 'etl_compliment_batch_2020-realtime_v0_1']) retrieved from /opt/airflow/dags/etl_compliment.py
[2023-07-27 23:53:33,948] {logging_mixin.py:115} INFO - [2023-07-27 23:53:33,948] {dag.py:2379} INFO - Sync 4 DAGs
[2023-07-27 23:53:33,979] {logging_mixin.py:115} INFO - [2023-07-27 23:53:33,979] {dag.py:2931} INFO - Setting next_dagrun for etl_compliment_batch_1970_v0_1 to 1969-12-31T17:00:00+00:00, run_after=1970-01-01T17:00:00+00:00
[2023-07-27 23:53:33,986] {logging_mixin.py:115} INFO - [2023-07-27 23:53:33,986] {dag.py:2931} INFO - Setting next_dagrun for etl_compliment_batch_2011_v0_1 to 2010-12-31T17:00:00+00:00, run_after=2011-01-01T17:00:00+00:00
[2023-07-27 23:53:33,990] {logging_mixin.py:115} INFO - [2023-07-27 23:53:33,989] {dag.py:2931} INFO - Setting next_dagrun for etl_compliment_batch_2013_v0_1 to 2012-12-31T17:00:00+00:00, run_after=2013-01-01T17:00:00+00:00
[2023-07-27 23:53:33,992] {logging_mixin.py:115} INFO - [2023-07-27 23:53:33,992] {dag.py:2931} INFO - Setting next_dagrun for etl_compliment_batch_2020-realtime_v0_1 to 2019-12-31T17:00:00+00:00, run_after=2020-01-01T17:00:00+00:00
[2023-07-27 23:53:34,013] {processor.py:161} INFO - Processing /opt/airflow/dags/etl_compliment.py took 0.199 seconds
[2023-07-27 23:54:04,131] {processor.py:153} INFO - Started process (PID=1238) to work on /opt/airflow/dags/etl_compliment.py
[2023-07-27 23:54:04,133] {processor.py:641} INFO - Processing file /opt/airflow/dags/etl_compliment.py for tasks to queue
[2023-07-27 23:54:04,135] {logging_mixin.py:115} INFO - [2023-07-27 23:54:04,134] {dagbag.py:507} INFO - Filling up the DagBag from /opt/airflow/dags/etl_compliment.py
[2023-07-27 23:54:04,242] {processor.py:651} INFO - DAG(s) dict_keys(['etl_compliment_batch_1970_v0_1', 'etl_compliment_batch_2011_v0_1', 'etl_compliment_batch_2013_v0_1', 'etl_compliment_batch_2020-realtime_v0_1']) retrieved from /opt/airflow/dags/etl_compliment.py
[2023-07-27 23:54:04,498] {logging_mixin.py:115} INFO - [2023-07-27 23:54:04,498] {dag.py:2379} INFO - Sync 4 DAGs
[2023-07-27 23:54:04,870] {logging_mixin.py:115} INFO - [2023-07-27 23:54:04,870] {dag.py:2931} INFO - Setting next_dagrun for etl_compliment_batch_1970_v0_1 to 1969-12-31T17:00:00+00:00, run_after=1970-01-01T17:00:00+00:00
[2023-07-27 23:54:04,878] {logging_mixin.py:115} INFO - [2023-07-27 23:54:04,878] {dag.py:2931} INFO - Setting next_dagrun for etl_compliment_batch_2011_v0_1 to 2010-12-31T17:00:00+00:00, run_after=2011-01-01T17:00:00+00:00
[2023-07-27 23:54:04,894] {logging_mixin.py:115} INFO - [2023-07-27 23:54:04,894] {dag.py:2931} INFO - Setting next_dagrun for etl_compliment_batch_2013_v0_1 to 2012-12-31T17:00:00+00:00, run_after=2013-01-01T17:00:00+00:00
[2023-07-27 23:54:04,901] {logging_mixin.py:115} INFO - [2023-07-27 23:54:04,900] {dag.py:2931} INFO - Setting next_dagrun for etl_compliment_batch_2020-realtime_v0_1 to 2019-12-31T17:00:00+00:00, run_after=2020-01-01T17:00:00+00:00
[2023-07-27 23:54:04,947] {processor.py:161} INFO - Processing /opt/airflow/dags/etl_compliment.py took 0.823 seconds
[2023-07-27 23:54:35,298] {processor.py:153} INFO - Started process (PID=1268) to work on /opt/airflow/dags/etl_compliment.py
[2023-07-27 23:54:35,302] {processor.py:641} INFO - Processing file /opt/airflow/dags/etl_compliment.py for tasks to queue
[2023-07-27 23:54:35,304] {logging_mixin.py:115} INFO - [2023-07-27 23:54:35,303] {dagbag.py:507} INFO - Filling up the DagBag from /opt/airflow/dags/etl_compliment.py
[2023-07-27 23:54:35,368] {processor.py:651} INFO - DAG(s) dict_keys(['etl_compliment_batch_1970_v0_1', 'etl_compliment_batch_2011_v0_1', 'etl_compliment_batch_2013_v0_1', 'etl_compliment_batch_2020-realtime_v0_1']) retrieved from /opt/airflow/dags/etl_compliment.py
[2023-07-27 23:54:35,409] {logging_mixin.py:115} INFO - [2023-07-27 23:54:35,408] {dag.py:2379} INFO - Sync 4 DAGs
[2023-07-27 23:54:35,447] {logging_mixin.py:115} INFO - [2023-07-27 23:54:35,447] {dag.py:2931} INFO - Setting next_dagrun for etl_compliment_batch_1970_v0_1 to 1969-12-31T17:00:00+00:00, run_after=1970-01-01T17:00:00+00:00
[2023-07-27 23:54:35,451] {logging_mixin.py:115} INFO - [2023-07-27 23:54:35,451] {dag.py:2931} INFO - Setting next_dagrun for etl_compliment_batch_2011_v0_1 to 2010-12-31T17:00:00+00:00, run_after=2011-01-01T17:00:00+00:00
[2023-07-27 23:54:35,453] {logging_mixin.py:115} INFO - [2023-07-27 23:54:35,453] {dag.py:2931} INFO - Setting next_dagrun for etl_compliment_batch_2013_v0_1 to 2012-12-31T17:00:00+00:00, run_after=2013-01-01T17:00:00+00:00
[2023-07-27 23:54:35,455] {logging_mixin.py:115} INFO - [2023-07-27 23:54:35,455] {dag.py:2931} INFO - Setting next_dagrun for etl_compliment_batch_2020-realtime_v0_1 to 2019-12-31T17:00:00+00:00, run_after=2020-01-01T17:00:00+00:00
[2023-07-27 23:54:35,474] {processor.py:161} INFO - Processing /opt/airflow/dags/etl_compliment.py took 0.181 seconds
[2023-07-27 23:55:05,598] {processor.py:153} INFO - Started process (PID=1288) to work on /opt/airflow/dags/etl_compliment.py
[2023-07-27 23:55:05,600] {processor.py:641} INFO - Processing file /opt/airflow/dags/etl_compliment.py for tasks to queue
[2023-07-27 23:55:05,602] {logging_mixin.py:115} INFO - [2023-07-27 23:55:05,602] {dagbag.py:507} INFO - Filling up the DagBag from /opt/airflow/dags/etl_compliment.py
[2023-07-27 23:55:05,683] {processor.py:651} INFO - DAG(s) dict_keys(['etl_compliment_batch_1970_v0_1', 'etl_compliment_batch_2011_v0_1', 'etl_compliment_batch_2013_v0_1', 'etl_compliment_batch_2020-realtime_v0_1']) retrieved from /opt/airflow/dags/etl_compliment.py
[2023-07-27 23:55:05,730] {logging_mixin.py:115} INFO - [2023-07-27 23:55:05,730] {dag.py:2379} INFO - Sync 4 DAGs
[2023-07-27 23:55:05,773] {logging_mixin.py:115} INFO - [2023-07-27 23:55:05,772] {dag.py:2931} INFO - Setting next_dagrun for etl_compliment_batch_1970_v0_1 to 1969-12-31T17:00:00+00:00, run_after=1970-01-01T17:00:00+00:00
[2023-07-27 23:55:05,777] {logging_mixin.py:115} INFO - [2023-07-27 23:55:05,777] {dag.py:2931} INFO - Setting next_dagrun for etl_compliment_batch_2011_v0_1 to 2010-12-31T17:00:00+00:00, run_after=2011-01-01T17:00:00+00:00
[2023-07-27 23:55:05,780] {logging_mixin.py:115} INFO - [2023-07-27 23:55:05,780] {dag.py:2931} INFO - Setting next_dagrun for etl_compliment_batch_2013_v0_1 to 2012-12-31T17:00:00+00:00, run_after=2013-01-01T17:00:00+00:00
[2023-07-27 23:55:05,782] {logging_mixin.py:115} INFO - [2023-07-27 23:55:05,782] {dag.py:2931} INFO - Setting next_dagrun for etl_compliment_batch_2020-realtime_v0_1 to 2019-12-31T17:00:00+00:00, run_after=2020-01-01T17:00:00+00:00
[2023-07-27 23:55:05,803] {processor.py:161} INFO - Processing /opt/airflow/dags/etl_compliment.py took 0.210 seconds
[2023-07-27 23:55:35,929] {processor.py:153} INFO - Started process (PID=1318) to work on /opt/airflow/dags/etl_compliment.py
[2023-07-27 23:55:35,930] {processor.py:641} INFO - Processing file /opt/airflow/dags/etl_compliment.py for tasks to queue
[2023-07-27 23:55:35,933] {logging_mixin.py:115} INFO - [2023-07-27 23:55:35,933] {dagbag.py:507} INFO - Filling up the DagBag from /opt/airflow/dags/etl_compliment.py
[2023-07-27 23:55:36,008] {processor.py:651} INFO - DAG(s) dict_keys(['etl_compliment_batch_1970_v0_1', 'etl_compliment_batch_2011_v0_1', 'etl_compliment_batch_2013_v0_1', 'etl_compliment_batch_2020-realtime_v0_1']) retrieved from /opt/airflow/dags/etl_compliment.py
[2023-07-27 23:55:36,045] {logging_mixin.py:115} INFO - [2023-07-27 23:55:36,045] {dag.py:2379} INFO - Sync 4 DAGs
[2023-07-27 23:55:36,091] {logging_mixin.py:115} INFO - [2023-07-27 23:55:36,091] {dag.py:2931} INFO - Setting next_dagrun for etl_compliment_batch_1970_v0_1 to 1969-12-31T17:00:00+00:00, run_after=1970-01-01T17:00:00+00:00
[2023-07-27 23:55:36,095] {logging_mixin.py:115} INFO - [2023-07-27 23:55:36,095] {dag.py:2931} INFO - Setting next_dagrun for etl_compliment_batch_2011_v0_1 to 2010-12-31T17:00:00+00:00, run_after=2011-01-01T17:00:00+00:00
[2023-07-27 23:55:36,098] {logging_mixin.py:115} INFO - [2023-07-27 23:55:36,098] {dag.py:2931} INFO - Setting next_dagrun for etl_compliment_batch_2013_v0_1 to 2012-12-31T17:00:00+00:00, run_after=2013-01-01T17:00:00+00:00
[2023-07-27 23:55:36,100] {logging_mixin.py:115} INFO - [2023-07-27 23:55:36,100] {dag.py:2931} INFO - Setting next_dagrun for etl_compliment_batch_2020-realtime_v0_1 to 2019-12-31T17:00:00+00:00, run_after=2020-01-01T17:00:00+00:00
[2023-07-27 23:55:36,120] {processor.py:161} INFO - Processing /opt/airflow/dags/etl_compliment.py took 0.200 seconds
[2023-07-27 23:56:06,205] {processor.py:153} INFO - Started process (PID=1338) to work on /opt/airflow/dags/etl_compliment.py
[2023-07-27 23:56:06,206] {processor.py:641} INFO - Processing file /opt/airflow/dags/etl_compliment.py for tasks to queue
[2023-07-27 23:56:06,208] {logging_mixin.py:115} INFO - [2023-07-27 23:56:06,208] {dagbag.py:507} INFO - Filling up the DagBag from /opt/airflow/dags/etl_compliment.py
[2023-07-27 23:56:06,369] {processor.py:651} INFO - DAG(s) dict_keys(['etl_compliment_batch_1970_v0_1', 'etl_compliment_batch_2011_v0_1', 'etl_compliment_batch_2013_v0_1', 'etl_compliment_batch_2020-realtime_v0_1']) retrieved from /opt/airflow/dags/etl_compliment.py
[2023-07-27 23:56:06,436] {logging_mixin.py:115} INFO - [2023-07-27 23:56:06,436] {dag.py:2379} INFO - Sync 4 DAGs
[2023-07-27 23:56:06,493] {logging_mixin.py:115} INFO - [2023-07-27 23:56:06,492] {dag.py:2931} INFO - Setting next_dagrun for etl_compliment_batch_1970_v0_1 to 1969-12-31T17:00:00+00:00, run_after=1970-01-01T17:00:00+00:00
[2023-07-27 23:56:06,495] {logging_mixin.py:115} INFO - [2023-07-27 23:56:06,495] {dag.py:2931} INFO - Setting next_dagrun for etl_compliment_batch_2011_v0_1 to 2010-12-31T17:00:00+00:00, run_after=2011-01-01T17:00:00+00:00
[2023-07-27 23:56:06,498] {logging_mixin.py:115} INFO - [2023-07-27 23:56:06,498] {dag.py:2931} INFO - Setting next_dagrun for etl_compliment_batch_2013_v0_1 to 2012-12-31T17:00:00+00:00, run_after=2013-01-01T17:00:00+00:00
[2023-07-27 23:56:06,501] {logging_mixin.py:115} INFO - [2023-07-27 23:56:06,501] {dag.py:2931} INFO - Setting next_dagrun for etl_compliment_batch_2020-realtime_v0_1 to 2019-12-31T17:00:00+00:00, run_after=2020-01-01T17:00:00+00:00
[2023-07-27 23:56:06,540] {processor.py:161} INFO - Processing /opt/airflow/dags/etl_compliment.py took 0.345 seconds
[2023-07-27 23:56:36,707] {processor.py:153} INFO - Started process (PID=1367) to work on /opt/airflow/dags/etl_compliment.py
[2023-07-27 23:56:36,710] {processor.py:641} INFO - Processing file /opt/airflow/dags/etl_compliment.py for tasks to queue
[2023-07-27 23:56:36,711] {logging_mixin.py:115} INFO - [2023-07-27 23:56:36,711] {dagbag.py:507} INFO - Filling up the DagBag from /opt/airflow/dags/etl_compliment.py
[2023-07-27 23:56:36,792] {processor.py:651} INFO - DAG(s) dict_keys(['etl_compliment_batch_1970_v0_1', 'etl_compliment_batch_2011_v0_1', 'etl_compliment_batch_2013_v0_1', 'etl_compliment_batch_2020-realtime_v0_1']) retrieved from /opt/airflow/dags/etl_compliment.py
[2023-07-27 23:56:36,831] {logging_mixin.py:115} INFO - [2023-07-27 23:56:36,831] {dag.py:2379} INFO - Sync 4 DAGs
[2023-07-27 23:56:36,865] {logging_mixin.py:115} INFO - [2023-07-27 23:56:36,865] {dag.py:2931} INFO - Setting next_dagrun for etl_compliment_batch_1970_v0_1 to 1969-12-31T17:00:00+00:00, run_after=1970-01-01T17:00:00+00:00
[2023-07-27 23:56:36,867] {logging_mixin.py:115} INFO - [2023-07-27 23:56:36,867] {dag.py:2931} INFO - Setting next_dagrun for etl_compliment_batch_2011_v0_1 to 2010-12-31T17:00:00+00:00, run_after=2011-01-01T17:00:00+00:00
[2023-07-27 23:56:36,869] {logging_mixin.py:115} INFO - [2023-07-27 23:56:36,869] {dag.py:2931} INFO - Setting next_dagrun for etl_compliment_batch_2013_v0_1 to 2012-12-31T17:00:00+00:00, run_after=2013-01-01T17:00:00+00:00
[2023-07-27 23:56:36,871] {logging_mixin.py:115} INFO - [2023-07-27 23:56:36,871] {dag.py:2931} INFO - Setting next_dagrun for etl_compliment_batch_2020-realtime_v0_1 to 2019-12-31T17:00:00+00:00, run_after=2020-01-01T17:00:00+00:00
[2023-07-27 23:56:36,890] {processor.py:161} INFO - Processing /opt/airflow/dags/etl_compliment.py took 0.191 seconds
[2023-07-27 23:57:06,975] {processor.py:153} INFO - Started process (PID=1386) to work on /opt/airflow/dags/etl_compliment.py
[2023-07-27 23:57:06,978] {processor.py:641} INFO - Processing file /opt/airflow/dags/etl_compliment.py for tasks to queue
[2023-07-27 23:57:06,981] {logging_mixin.py:115} INFO - [2023-07-27 23:57:06,981] {dagbag.py:507} INFO - Filling up the DagBag from /opt/airflow/dags/etl_compliment.py
[2023-07-27 23:57:07,060] {processor.py:651} INFO - DAG(s) dict_keys(['etl_compliment_batch_1970_v0_1', 'etl_compliment_batch_2011_v0_1', 'etl_compliment_batch_2013_v0_1', 'etl_compliment_batch_2020-realtime_v0_1']) retrieved from /opt/airflow/dags/etl_compliment.py
[2023-07-27 23:57:07,110] {logging_mixin.py:115} INFO - [2023-07-27 23:57:07,110] {dag.py:2379} INFO - Sync 4 DAGs
[2023-07-27 23:57:07,144] {logging_mixin.py:115} INFO - [2023-07-27 23:57:07,144] {dag.py:2931} INFO - Setting next_dagrun for etl_compliment_batch_1970_v0_1 to 1969-12-31T17:00:00+00:00, run_after=1970-01-01T17:00:00+00:00
[2023-07-27 23:57:07,147] {logging_mixin.py:115} INFO - [2023-07-27 23:57:07,147] {dag.py:2931} INFO - Setting next_dagrun for etl_compliment_batch_2011_v0_1 to 2010-12-31T17:00:00+00:00, run_after=2011-01-01T17:00:00+00:00
[2023-07-27 23:57:07,150] {logging_mixin.py:115} INFO - [2023-07-27 23:57:07,150] {dag.py:2931} INFO - Setting next_dagrun for etl_compliment_batch_2013_v0_1 to 2012-12-31T17:00:00+00:00, run_after=2013-01-01T17:00:00+00:00
[2023-07-27 23:57:07,152] {logging_mixin.py:115} INFO - [2023-07-27 23:57:07,152] {dag.py:2931} INFO - Setting next_dagrun for etl_compliment_batch_2020-realtime_v0_1 to 2019-12-31T17:00:00+00:00, run_after=2020-01-01T17:00:00+00:00
[2023-07-27 23:57:07,171] {processor.py:161} INFO - Processing /opt/airflow/dags/etl_compliment.py took 0.203 seconds
[2023-07-27 23:57:37,285] {processor.py:153} INFO - Started process (PID=1415) to work on /opt/airflow/dags/etl_compliment.py
[2023-07-27 23:57:37,302] {processor.py:641} INFO - Processing file /opt/airflow/dags/etl_compliment.py for tasks to queue
[2023-07-27 23:57:37,305] {logging_mixin.py:115} INFO - [2023-07-27 23:57:37,303] {dagbag.py:507} INFO - Filling up the DagBag from /opt/airflow/dags/etl_compliment.py
[2023-07-27 23:57:37,409] {processor.py:651} INFO - DAG(s) dict_keys(['etl_compliment_batch_1970_v0_1', 'etl_compliment_batch_2011_v0_1', 'etl_compliment_batch_2013_v0_1', 'etl_compliment_batch_2020-realtime_v0_1']) retrieved from /opt/airflow/dags/etl_compliment.py
[2023-07-27 23:57:37,463] {logging_mixin.py:115} INFO - [2023-07-27 23:57:37,463] {dag.py:2379} INFO - Sync 4 DAGs
[2023-07-27 23:57:37,512] {logging_mixin.py:115} INFO - [2023-07-27 23:57:37,512] {dag.py:2931} INFO - Setting next_dagrun for etl_compliment_batch_1970_v0_1 to 1969-12-31T17:00:00+00:00, run_after=1970-01-01T17:00:00+00:00
[2023-07-27 23:57:37,516] {logging_mixin.py:115} INFO - [2023-07-27 23:57:37,515] {dag.py:2931} INFO - Setting next_dagrun for etl_compliment_batch_2011_v0_1 to 2010-12-31T17:00:00+00:00, run_after=2011-01-01T17:00:00+00:00
[2023-07-27 23:57:37,520] {logging_mixin.py:115} INFO - [2023-07-27 23:57:37,519] {dag.py:2931} INFO - Setting next_dagrun for etl_compliment_batch_2013_v0_1 to 2012-12-31T17:00:00+00:00, run_after=2013-01-01T17:00:00+00:00
[2023-07-27 23:57:37,524] {logging_mixin.py:115} INFO - [2023-07-27 23:57:37,524] {dag.py:2931} INFO - Setting next_dagrun for etl_compliment_batch_2020-realtime_v0_1 to 2019-12-31T17:00:00+00:00, run_after=2020-01-01T17:00:00+00:00
[2023-07-27 23:57:37,558] {processor.py:161} INFO - Processing /opt/airflow/dags/etl_compliment.py took 0.288 seconds
[2023-07-27 23:58:08,366] {processor.py:153} INFO - Started process (PID=1434) to work on /opt/airflow/dags/etl_compliment.py
[2023-07-27 23:58:08,368] {processor.py:641} INFO - Processing file /opt/airflow/dags/etl_compliment.py for tasks to queue
[2023-07-27 23:58:08,370] {logging_mixin.py:115} INFO - [2023-07-27 23:58:08,370] {dagbag.py:507} INFO - Filling up the DagBag from /opt/airflow/dags/etl_compliment.py
[2023-07-27 23:58:08,499] {processor.py:651} INFO - DAG(s) dict_keys(['etl_compliment_batch_1970_v0_1', 'etl_compliment_batch_2011_v0_1', 'etl_compliment_batch_2013_v0_1', 'etl_compliment_batch_2020-realtime_v0_1']) retrieved from /opt/airflow/dags/etl_compliment.py
[2023-07-27 23:58:08,589] {logging_mixin.py:115} INFO - [2023-07-27 23:58:08,589] {dag.py:2379} INFO - Sync 4 DAGs
[2023-07-27 23:58:08,649] {logging_mixin.py:115} INFO - [2023-07-27 23:58:08,649] {dag.py:2931} INFO - Setting next_dagrun for etl_compliment_batch_1970_v0_1 to 1969-12-31T17:00:00+00:00, run_after=1970-01-01T17:00:00+00:00
[2023-07-27 23:58:08,652] {logging_mixin.py:115} INFO - [2023-07-27 23:58:08,652] {dag.py:2931} INFO - Setting next_dagrun for etl_compliment_batch_2011_v0_1 to 2010-12-31T17:00:00+00:00, run_after=2011-01-01T17:00:00+00:00
[2023-07-27 23:58:08,657] {logging_mixin.py:115} INFO - [2023-07-27 23:58:08,657] {dag.py:2931} INFO - Setting next_dagrun for etl_compliment_batch_2013_v0_1 to 2012-12-31T17:00:00+00:00, run_after=2013-01-01T17:00:00+00:00
[2023-07-27 23:58:08,659] {logging_mixin.py:115} INFO - [2023-07-27 23:58:08,659] {dag.py:2931} INFO - Setting next_dagrun for etl_compliment_batch_2020-realtime_v0_1 to 2019-12-31T17:00:00+00:00, run_after=2020-01-01T17:00:00+00:00
[2023-07-27 23:58:08,695] {processor.py:161} INFO - Processing /opt/airflow/dags/etl_compliment.py took 0.338 seconds
[2023-07-27 23:58:38,789] {processor.py:153} INFO - Started process (PID=1463) to work on /opt/airflow/dags/etl_compliment.py
[2023-07-27 23:58:38,794] {processor.py:641} INFO - Processing file /opt/airflow/dags/etl_compliment.py for tasks to queue
[2023-07-27 23:58:38,802] {logging_mixin.py:115} INFO - [2023-07-27 23:58:38,801] {dagbag.py:507} INFO - Filling up the DagBag from /opt/airflow/dags/etl_compliment.py
[2023-07-27 23:58:39,004] {processor.py:651} INFO - DAG(s) dict_keys(['etl_compliment_batch_1970_v0_1', 'etl_compliment_batch_2011_v0_1', 'etl_compliment_batch_2013_v0_1', 'etl_compliment_batch_2020-realtime_v0_1']) retrieved from /opt/airflow/dags/etl_compliment.py
[2023-07-27 23:58:39,073] {logging_mixin.py:115} INFO - [2023-07-27 23:58:39,073] {dag.py:2379} INFO - Sync 4 DAGs
[2023-07-27 23:58:39,117] {logging_mixin.py:115} INFO - [2023-07-27 23:58:39,117] {dag.py:2931} INFO - Setting next_dagrun for etl_compliment_batch_1970_v0_1 to 1969-12-31T17:00:00+00:00, run_after=1970-01-01T17:00:00+00:00
[2023-07-27 23:58:39,120] {logging_mixin.py:115} INFO - [2023-07-27 23:58:39,120] {dag.py:2931} INFO - Setting next_dagrun for etl_compliment_batch_2011_v0_1 to 2010-12-31T17:00:00+00:00, run_after=2011-01-01T17:00:00+00:00
[2023-07-27 23:58:39,124] {logging_mixin.py:115} INFO - [2023-07-27 23:58:39,123] {dag.py:2931} INFO - Setting next_dagrun for etl_compliment_batch_2013_v0_1 to 2012-12-31T17:00:00+00:00, run_after=2013-01-01T17:00:00+00:00
[2023-07-27 23:58:39,130] {logging_mixin.py:115} INFO - [2023-07-27 23:58:39,130] {dag.py:2931} INFO - Setting next_dagrun for etl_compliment_batch_2020-realtime_v0_1 to 2019-12-31T17:00:00+00:00, run_after=2020-01-01T17:00:00+00:00
[2023-07-27 23:58:39,151] {processor.py:161} INFO - Processing /opt/airflow/dags/etl_compliment.py took 0.377 seconds
[2023-07-27 23:59:09,255] {processor.py:153} INFO - Started process (PID=1483) to work on /opt/airflow/dags/etl_compliment.py
[2023-07-27 23:59:09,257] {processor.py:641} INFO - Processing file /opt/airflow/dags/etl_compliment.py for tasks to queue
[2023-07-27 23:59:09,260] {logging_mixin.py:115} INFO - [2023-07-27 23:59:09,259] {dagbag.py:507} INFO - Filling up the DagBag from /opt/airflow/dags/etl_compliment.py
[2023-07-27 23:59:09,336] {processor.py:651} INFO - DAG(s) dict_keys(['etl_compliment_batch_1970_v0_1', 'etl_compliment_batch_2011_v0_1', 'etl_compliment_batch_2013_v0_1', 'etl_compliment_batch_2020-realtime_v0_1']) retrieved from /opt/airflow/dags/etl_compliment.py
[2023-07-27 23:59:09,387] {logging_mixin.py:115} INFO - [2023-07-27 23:59:09,387] {dag.py:2379} INFO - Sync 4 DAGs
[2023-07-27 23:59:09,432] {logging_mixin.py:115} INFO - [2023-07-27 23:59:09,432] {dag.py:2931} INFO - Setting next_dagrun for etl_compliment_batch_1970_v0_1 to 1969-12-31T17:00:00+00:00, run_after=1970-01-01T17:00:00+00:00
[2023-07-27 23:59:09,444] {logging_mixin.py:115} INFO - [2023-07-27 23:59:09,444] {dag.py:2931} INFO - Setting next_dagrun for etl_compliment_batch_2011_v0_1 to 2010-12-31T17:00:00+00:00, run_after=2011-01-01T17:00:00+00:00
[2023-07-27 23:59:09,450] {logging_mixin.py:115} INFO - [2023-07-27 23:59:09,450] {dag.py:2931} INFO - Setting next_dagrun for etl_compliment_batch_2013_v0_1 to 2012-12-31T17:00:00+00:00, run_after=2013-01-01T17:00:00+00:00
[2023-07-27 23:59:09,454] {logging_mixin.py:115} INFO - [2023-07-27 23:59:09,454] {dag.py:2931} INFO - Setting next_dagrun for etl_compliment_batch_2020-realtime_v0_1 to 2019-12-31T17:00:00+00:00, run_after=2020-01-01T17:00:00+00:00
[2023-07-27 23:59:09,488] {processor.py:161} INFO - Processing /opt/airflow/dags/etl_compliment.py took 0.241 seconds
[2023-07-27 23:59:39,585] {processor.py:153} INFO - Started process (PID=1513) to work on /opt/airflow/dags/etl_compliment.py
[2023-07-27 23:59:39,586] {processor.py:641} INFO - Processing file /opt/airflow/dags/etl_compliment.py for tasks to queue
[2023-07-27 23:59:39,590] {logging_mixin.py:115} INFO - [2023-07-27 23:59:39,590] {dagbag.py:507} INFO - Filling up the DagBag from /opt/airflow/dags/etl_compliment.py
[2023-07-27 23:59:39,672] {processor.py:651} INFO - DAG(s) dict_keys(['etl_compliment_batch_1970_v0_1', 'etl_compliment_batch_2011_v0_1', 'etl_compliment_batch_2013_v0_1', 'etl_compliment_batch_2020-realtime_v0_1']) retrieved from /opt/airflow/dags/etl_compliment.py
[2023-07-27 23:59:39,713] {logging_mixin.py:115} INFO - [2023-07-27 23:59:39,713] {dag.py:2379} INFO - Sync 4 DAGs
[2023-07-27 23:59:39,763] {logging_mixin.py:115} INFO - [2023-07-27 23:59:39,763] {dag.py:2931} INFO - Setting next_dagrun for etl_compliment_batch_1970_v0_1 to 1969-12-31T17:00:00+00:00, run_after=1970-01-01T17:00:00+00:00
[2023-07-27 23:59:39,768] {logging_mixin.py:115} INFO - [2023-07-27 23:59:39,768] {dag.py:2931} INFO - Setting next_dagrun for etl_compliment_batch_2011_v0_1 to 2010-12-31T17:00:00+00:00, run_after=2011-01-01T17:00:00+00:00
[2023-07-27 23:59:39,771] {logging_mixin.py:115} INFO - [2023-07-27 23:59:39,771] {dag.py:2931} INFO - Setting next_dagrun for etl_compliment_batch_2013_v0_1 to 2012-12-31T17:00:00+00:00, run_after=2013-01-01T17:00:00+00:00
[2023-07-27 23:59:39,773] {logging_mixin.py:115} INFO - [2023-07-27 23:59:39,772] {dag.py:2931} INFO - Setting next_dagrun for etl_compliment_batch_2020-realtime_v0_1 to 2019-12-31T17:00:00+00:00, run_after=2020-01-01T17:00:00+00:00
[2023-07-27 23:59:39,796] {processor.py:161} INFO - Processing /opt/airflow/dags/etl_compliment.py took 0.216 seconds
