[2023-10-20T04:36:57.918+0000] {processor.py:153} INFO - Started process (PID=74) to work on /opt/airflow/dags/etl_tax_report_mart_monthly.py
[2023-10-20T04:36:57.933+0000] {processor.py:743} INFO - Processing file /opt/airflow/dags/etl_tax_report_mart_monthly.py for tasks to queue
[2023-10-20T04:36:57.939+0000] {logging_mixin.py:137} INFO - [2023-10-20T04:36:57.938+0000] {dagbag.py:532} INFO - Filling up the DagBag from /opt/airflow/dags/etl_tax_report_mart_monthly.py
[2023-10-20T04:36:58.526+0000] {processor.py:753} INFO - DAG(s) dict_keys(['etl_tax_report_mart_monthly_v0_1_batch1']) retrieved from /opt/airflow/dags/etl_tax_report_mart_monthly.py
[2023-10-20T04:36:58.715+0000] {logging_mixin.py:137} INFO - [2023-10-20T04:36:58.714+0000] {dag.py:2705} INFO - Sync 1 DAGs
[2023-10-20T04:36:59.373+0000] {logging_mixin.py:137} INFO - [2023-10-20T04:36:59.373+0000] {dag.py:3456} INFO - Setting next_dagrun for etl_tax_report_mart_monthly_v0_1_batch1 to 2023-09-30T18:00:00+00:00, run_after=2023-10-31T18:00:00+00:00
[2023-10-20T04:36:59.578+0000] {processor.py:175} INFO - Processing /opt/airflow/dags/etl_tax_report_mart_monthly.py took 1.696 seconds
[2023-10-20T04:37:31.852+0000] {processor.py:153} INFO - Started process (PID=105) to work on /opt/airflow/dags/etl_tax_report_mart_monthly.py
[2023-10-20T04:37:31.891+0000] {processor.py:743} INFO - Processing file /opt/airflow/dags/etl_tax_report_mart_monthly.py for tasks to queue
[2023-10-20T04:37:31.946+0000] {logging_mixin.py:137} INFO - [2023-10-20T04:37:31.945+0000] {dagbag.py:532} INFO - Filling up the DagBag from /opt/airflow/dags/etl_tax_report_mart_monthly.py
[2023-10-20T04:37:33.532+0000] {processor.py:753} INFO - DAG(s) dict_keys(['etl_tax_report_mart_monthly_v0_1_batch1']) retrieved from /opt/airflow/dags/etl_tax_report_mart_monthly.py
[2023-10-20T04:37:33.951+0000] {logging_mixin.py:137} INFO - [2023-10-20T04:37:33.950+0000] {dag.py:2705} INFO - Sync 1 DAGs
[2023-10-20T04:37:34.359+0000] {logging_mixin.py:137} INFO - [2023-10-20T04:37:34.353+0000] {dag.py:3456} INFO - Setting next_dagrun for etl_tax_report_mart_monthly_v0_1_batch1 to 2023-09-30T18:00:00+00:00, run_after=2023-10-31T18:00:00+00:00
[2023-10-20T04:37:34.963+0000] {processor.py:175} INFO - Processing /opt/airflow/dags/etl_tax_report_mart_monthly.py took 3.210 seconds
[2023-10-20T04:38:05.898+0000] {processor.py:153} INFO - Started process (PID=127) to work on /opt/airflow/dags/etl_tax_report_mart_monthly.py
[2023-10-20T04:38:05.901+0000] {processor.py:743} INFO - Processing file /opt/airflow/dags/etl_tax_report_mart_monthly.py for tasks to queue
[2023-10-20T04:38:05.911+0000] {logging_mixin.py:137} INFO - [2023-10-20T04:38:05.905+0000] {dagbag.py:532} INFO - Filling up the DagBag from /opt/airflow/dags/etl_tax_report_mart_monthly.py
[2023-10-20T04:38:06.108+0000] {processor.py:753} INFO - DAG(s) dict_keys(['etl_tax_report_mart_monthly_v0_1_batch1']) retrieved from /opt/airflow/dags/etl_tax_report_mart_monthly.py
[2023-10-20T04:38:06.184+0000] {logging_mixin.py:137} INFO - [2023-10-20T04:38:06.183+0000] {dag.py:2705} INFO - Sync 1 DAGs
[2023-10-20T04:38:06.287+0000] {logging_mixin.py:137} INFO - [2023-10-20T04:38:06.287+0000] {dag.py:3456} INFO - Setting next_dagrun for etl_tax_report_mart_monthly_v0_1_batch1 to 2023-09-30T18:00:00+00:00, run_after=2023-10-31T18:00:00+00:00
[2023-10-20T04:38:06.420+0000] {processor.py:175} INFO - Processing /opt/airflow/dags/etl_tax_report_mart_monthly.py took 0.535 seconds
[2023-10-20T04:38:37.254+0000] {processor.py:153} INFO - Started process (PID=158) to work on /opt/airflow/dags/etl_tax_report_mart_monthly.py
[2023-10-20T04:38:37.261+0000] {processor.py:743} INFO - Processing file /opt/airflow/dags/etl_tax_report_mart_monthly.py for tasks to queue
[2023-10-20T04:38:37.266+0000] {logging_mixin.py:137} INFO - [2023-10-20T04:38:37.266+0000] {dagbag.py:532} INFO - Filling up the DagBag from /opt/airflow/dags/etl_tax_report_mart_monthly.py
[2023-10-20T04:38:38.171+0000] {processor.py:753} INFO - DAG(s) dict_keys(['etl_tax_report_mart_monthly_v0_1_batch1']) retrieved from /opt/airflow/dags/etl_tax_report_mart_monthly.py
[2023-10-20T04:38:38.407+0000] {logging_mixin.py:137} INFO - [2023-10-20T04:38:38.406+0000] {dag.py:2705} INFO - Sync 1 DAGs
[2023-10-20T04:38:38.803+0000] {logging_mixin.py:137} INFO - [2023-10-20T04:38:38.802+0000] {dag.py:3456} INFO - Setting next_dagrun for etl_tax_report_mart_monthly_v0_1_batch1 to 2023-09-30T18:00:00+00:00, run_after=2023-10-31T18:00:00+00:00
[2023-10-20T04:38:39.209+0000] {processor.py:175} INFO - Processing /opt/airflow/dags/etl_tax_report_mart_monthly.py took 1.980 seconds
[2023-10-20T04:39:09.804+0000] {processor.py:153} INFO - Started process (PID=187) to work on /opt/airflow/dags/etl_tax_report_mart_monthly.py
[2023-10-20T04:39:09.824+0000] {processor.py:743} INFO - Processing file /opt/airflow/dags/etl_tax_report_mart_monthly.py for tasks to queue
[2023-10-20T04:39:09.835+0000] {logging_mixin.py:137} INFO - [2023-10-20T04:39:09.834+0000] {dagbag.py:532} INFO - Filling up the DagBag from /opt/airflow/dags/etl_tax_report_mart_monthly.py
[2023-10-20T04:39:10.099+0000] {processor.py:753} INFO - DAG(s) dict_keys(['etl_tax_report_mart_monthly_v0_1_batch1']) retrieved from /opt/airflow/dags/etl_tax_report_mart_monthly.py
[2023-10-20T04:39:10.235+0000] {logging_mixin.py:137} INFO - [2023-10-20T04:39:10.235+0000] {dag.py:2705} INFO - Sync 1 DAGs
[2023-10-20T04:39:10.433+0000] {logging_mixin.py:137} INFO - [2023-10-20T04:39:10.433+0000] {dag.py:3456} INFO - Setting next_dagrun for etl_tax_report_mart_monthly_v0_1_batch1 to 2023-09-30T18:00:00+00:00, run_after=2023-10-31T18:00:00+00:00
[2023-10-20T04:39:10.479+0000] {processor.py:175} INFO - Processing /opt/airflow/dags/etl_tax_report_mart_monthly.py took 0.701 seconds
[2023-10-20T04:39:41.086+0000] {processor.py:153} INFO - Started process (PID=212) to work on /opt/airflow/dags/etl_tax_report_mart_monthly.py
[2023-10-20T04:39:41.100+0000] {processor.py:743} INFO - Processing file /opt/airflow/dags/etl_tax_report_mart_monthly.py for tasks to queue
[2023-10-20T04:39:41.107+0000] {logging_mixin.py:137} INFO - [2023-10-20T04:39:41.106+0000] {dagbag.py:532} INFO - Filling up the DagBag from /opt/airflow/dags/etl_tax_report_mart_monthly.py
[2023-10-20T04:39:41.980+0000] {processor.py:753} INFO - DAG(s) dict_keys(['etl_tax_report_mart_monthly_v0_1_batch1']) retrieved from /opt/airflow/dags/etl_tax_report_mart_monthly.py
[2023-10-20T04:39:42.372+0000] {logging_mixin.py:137} INFO - [2023-10-20T04:39:42.371+0000] {dag.py:2705} INFO - Sync 1 DAGs
[2023-10-20T04:39:42.896+0000] {logging_mixin.py:137} INFO - [2023-10-20T04:39:42.896+0000] {dag.py:3456} INFO - Setting next_dagrun for etl_tax_report_mart_monthly_v0_1_batch1 to 2023-09-30T18:00:00+00:00, run_after=2023-10-31T18:00:00+00:00
[2023-10-20T04:39:43.014+0000] {processor.py:175} INFO - Processing /opt/airflow/dags/etl_tax_report_mart_monthly.py took 2.028 seconds
[2023-10-20T04:40:13.707+0000] {processor.py:153} INFO - Started process (PID=245) to work on /opt/airflow/dags/etl_tax_report_mart_monthly.py
[2023-10-20T04:40:13.711+0000] {processor.py:743} INFO - Processing file /opt/airflow/dags/etl_tax_report_mart_monthly.py for tasks to queue
[2023-10-20T04:40:13.718+0000] {logging_mixin.py:137} INFO - [2023-10-20T04:40:13.717+0000] {dagbag.py:532} INFO - Filling up the DagBag from /opt/airflow/dags/etl_tax_report_mart_monthly.py
[2023-10-20T04:40:13.810+0000] {processor.py:753} INFO - DAG(s) dict_keys(['etl_tax_report_mart_monthly_v0_1_batch1']) retrieved from /opt/airflow/dags/etl_tax_report_mart_monthly.py
[2023-10-20T04:40:13.845+0000] {logging_mixin.py:137} INFO - [2023-10-20T04:40:13.845+0000] {dag.py:2705} INFO - Sync 1 DAGs
[2023-10-20T04:40:13.930+0000] {logging_mixin.py:137} INFO - [2023-10-20T04:40:13.930+0000] {dag.py:3456} INFO - Setting next_dagrun for etl_tax_report_mart_monthly_v0_1_batch1 to 2023-09-30T18:00:00+00:00, run_after=2023-10-31T18:00:00+00:00
[2023-10-20T04:40:13.989+0000] {processor.py:175} INFO - Processing /opt/airflow/dags/etl_tax_report_mart_monthly.py took 0.291 seconds
[2023-10-20T04:40:44.147+0000] {processor.py:153} INFO - Started process (PID=279) to work on /opt/airflow/dags/etl_tax_report_mart_monthly.py
[2023-10-20T04:40:44.160+0000] {processor.py:743} INFO - Processing file /opt/airflow/dags/etl_tax_report_mart_monthly.py for tasks to queue
[2023-10-20T04:40:44.183+0000] {logging_mixin.py:137} INFO - [2023-10-20T04:40:44.182+0000] {dagbag.py:532} INFO - Filling up the DagBag from /opt/airflow/dags/etl_tax_report_mart_monthly.py
[2023-10-20T04:40:44.490+0000] {processor.py:753} INFO - DAG(s) dict_keys(['etl_tax_report_mart_monthly_v0_1_batch1']) retrieved from /opt/airflow/dags/etl_tax_report_mart_monthly.py
[2023-10-20T04:40:44.641+0000] {logging_mixin.py:137} INFO - [2023-10-20T04:40:44.641+0000] {dag.py:2705} INFO - Sync 1 DAGs
[2023-10-20T04:40:44.759+0000] {logging_mixin.py:137} INFO - [2023-10-20T04:40:44.759+0000] {dag.py:3456} INFO - Setting next_dagrun for etl_tax_report_mart_monthly_v0_1_batch1 to 2023-09-30T18:00:00+00:00, run_after=2023-10-31T18:00:00+00:00
[2023-10-20T04:40:44.815+0000] {processor.py:175} INFO - Processing /opt/airflow/dags/etl_tax_report_mart_monthly.py took 0.676 seconds
[2023-10-20T04:41:15.013+0000] {processor.py:153} INFO - Started process (PID=300) to work on /opt/airflow/dags/etl_tax_report_mart_monthly.py
[2023-10-20T04:41:15.018+0000] {processor.py:743} INFO - Processing file /opt/airflow/dags/etl_tax_report_mart_monthly.py for tasks to queue
[2023-10-20T04:41:15.028+0000] {logging_mixin.py:137} INFO - [2023-10-20T04:41:15.026+0000] {dagbag.py:532} INFO - Filling up the DagBag from /opt/airflow/dags/etl_tax_report_mart_monthly.py
[2023-10-20T04:41:15.428+0000] {processor.py:753} INFO - DAG(s) dict_keys(['etl_tax_report_mart_monthly_v0_1_batch1']) retrieved from /opt/airflow/dags/etl_tax_report_mart_monthly.py
[2023-10-20T04:41:15.562+0000] {logging_mixin.py:137} INFO - [2023-10-20T04:41:15.561+0000] {dag.py:2705} INFO - Sync 1 DAGs
[2023-10-20T04:41:15.767+0000] {logging_mixin.py:137} INFO - [2023-10-20T04:41:15.766+0000] {dag.py:3456} INFO - Setting next_dagrun for etl_tax_report_mart_monthly_v0_1_batch1 to 2023-09-30T18:00:00+00:00, run_after=2023-10-31T18:00:00+00:00
[2023-10-20T04:41:15.886+0000] {processor.py:175} INFO - Processing /opt/airflow/dags/etl_tax_report_mart_monthly.py took 0.890 seconds
[2023-10-20T04:41:46.437+0000] {processor.py:153} INFO - Started process (PID=332) to work on /opt/airflow/dags/etl_tax_report_mart_monthly.py
[2023-10-20T04:41:46.440+0000] {processor.py:743} INFO - Processing file /opt/airflow/dags/etl_tax_report_mart_monthly.py for tasks to queue
[2023-10-20T04:41:46.445+0000] {logging_mixin.py:137} INFO - [2023-10-20T04:41:46.444+0000] {dagbag.py:532} INFO - Filling up the DagBag from /opt/airflow/dags/etl_tax_report_mart_monthly.py
[2023-10-20T04:41:46.521+0000] {processor.py:753} INFO - DAG(s) dict_keys(['etl_tax_report_mart_monthly_v0_1_batch1']) retrieved from /opt/airflow/dags/etl_tax_report_mart_monthly.py
[2023-10-20T04:41:46.560+0000] {logging_mixin.py:137} INFO - [2023-10-20T04:41:46.560+0000] {dag.py:2705} INFO - Sync 1 DAGs
[2023-10-20T04:41:46.623+0000] {logging_mixin.py:137} INFO - [2023-10-20T04:41:46.623+0000] {dag.py:3456} INFO - Setting next_dagrun for etl_tax_report_mart_monthly_v0_1_batch1 to 2023-09-30T18:00:00+00:00, run_after=2023-10-31T18:00:00+00:00
[2023-10-20T04:41:46.683+0000] {processor.py:175} INFO - Processing /opt/airflow/dags/etl_tax_report_mart_monthly.py took 0.254 seconds
[2023-10-20T04:42:17.260+0000] {processor.py:153} INFO - Started process (PID=364) to work on /opt/airflow/dags/etl_tax_report_mart_monthly.py
[2023-10-20T04:42:17.263+0000] {processor.py:743} INFO - Processing file /opt/airflow/dags/etl_tax_report_mart_monthly.py for tasks to queue
[2023-10-20T04:42:17.265+0000] {logging_mixin.py:137} INFO - [2023-10-20T04:42:17.265+0000] {dagbag.py:532} INFO - Filling up the DagBag from /opt/airflow/dags/etl_tax_report_mart_monthly.py
[2023-10-20T04:42:17.456+0000] {processor.py:753} INFO - DAG(s) dict_keys(['etl_tax_report_mart_monthly_v0_1_batch1']) retrieved from /opt/airflow/dags/etl_tax_report_mart_monthly.py
[2023-10-20T04:42:17.543+0000] {logging_mixin.py:137} INFO - [2023-10-20T04:42:17.543+0000] {dag.py:2705} INFO - Sync 1 DAGs
[2023-10-20T04:42:17.669+0000] {logging_mixin.py:137} INFO - [2023-10-20T04:42:17.669+0000] {dag.py:3456} INFO - Setting next_dagrun for etl_tax_report_mart_monthly_v0_1_batch1 to 2023-09-30T18:00:00+00:00, run_after=2023-10-31T18:00:00+00:00
[2023-10-20T04:42:17.770+0000] {processor.py:175} INFO - Processing /opt/airflow/dags/etl_tax_report_mart_monthly.py took 0.519 seconds
[2023-10-20T04:42:23.004+0000] {processor.py:153} INFO - Started process (PID=369) to work on /opt/airflow/dags/etl_tax_report_mart_monthly.py
[2023-10-20T04:42:23.018+0000] {processor.py:743} INFO - Processing file /opt/airflow/dags/etl_tax_report_mart_monthly.py for tasks to queue
[2023-10-20T04:42:23.025+0000] {logging_mixin.py:137} INFO - [2023-10-20T04:42:23.024+0000] {dagbag.py:532} INFO - Filling up the DagBag from /opt/airflow/dags/etl_tax_report_mart_monthly.py
[2023-10-20T04:42:23.329+0000] {processor.py:753} INFO - DAG(s) dict_keys(['etl_tax_report_mart_monthly_v0_1_batch1']) retrieved from /opt/airflow/dags/etl_tax_report_mart_monthly.py
[2023-10-20T04:42:23.858+0000] {logging_mixin.py:137} INFO - [2023-10-20T04:42:23.856+0000] {dag.py:2705} INFO - Sync 1 DAGs
[2023-10-20T04:42:24.122+0000] {logging_mixin.py:137} INFO - [2023-10-20T04:42:24.121+0000] {dag.py:3456} INFO - Setting next_dagrun for etl_tax_report_mart_monthly_v0_1_batch1 to 2023-09-30T18:00:00+00:00, run_after=2023-10-31T18:00:00+00:00
[2023-10-20T04:42:24.700+0000] {processor.py:175} INFO - Processing /opt/airflow/dags/etl_tax_report_mart_monthly.py took 1.730 seconds
[2023-10-20T04:42:55.053+0000] {processor.py:153} INFO - Started process (PID=401) to work on /opt/airflow/dags/etl_tax_report_mart_monthly.py
[2023-10-20T04:42:55.081+0000] {processor.py:743} INFO - Processing file /opt/airflow/dags/etl_tax_report_mart_monthly.py for tasks to queue
[2023-10-20T04:42:55.090+0000] {logging_mixin.py:137} INFO - [2023-10-20T04:42:55.090+0000] {dagbag.py:532} INFO - Filling up the DagBag from /opt/airflow/dags/etl_tax_report_mart_monthly.py
[2023-10-20T04:42:55.376+0000] {processor.py:753} INFO - DAG(s) dict_keys(['etl_tax_report_mart_monthly_v0_1_batch1']) retrieved from /opt/airflow/dags/etl_tax_report_mart_monthly.py
[2023-10-20T04:42:55.430+0000] {logging_mixin.py:137} INFO - [2023-10-20T04:42:55.430+0000] {dag.py:2705} INFO - Sync 1 DAGs
[2023-10-20T04:42:55.512+0000] {logging_mixin.py:137} INFO - [2023-10-20T04:42:55.512+0000] {dag.py:3456} INFO - Setting next_dagrun for etl_tax_report_mart_monthly_v0_1_batch1 to 2023-09-30T18:00:00+00:00, run_after=2023-10-31T18:00:00+00:00
[2023-10-20T04:42:55.612+0000] {processor.py:175} INFO - Processing /opt/airflow/dags/etl_tax_report_mart_monthly.py took 0.641 seconds
[2023-10-20T04:43:25.868+0000] {processor.py:153} INFO - Started process (PID=433) to work on /opt/airflow/dags/etl_tax_report_mart_monthly.py
[2023-10-20T04:43:25.895+0000] {processor.py:743} INFO - Processing file /opt/airflow/dags/etl_tax_report_mart_monthly.py for tasks to queue
[2023-10-20T04:43:25.917+0000] {logging_mixin.py:137} INFO - [2023-10-20T04:43:25.915+0000] {dagbag.py:532} INFO - Filling up the DagBag from /opt/airflow/dags/etl_tax_report_mart_monthly.py
[2023-10-20T04:43:26.085+0000] {processor.py:753} INFO - DAG(s) dict_keys(['etl_tax_report_mart_monthly_v0_1_batch1']) retrieved from /opt/airflow/dags/etl_tax_report_mart_monthly.py
[2023-10-20T04:43:26.140+0000] {logging_mixin.py:137} INFO - [2023-10-20T04:43:26.140+0000] {dag.py:2705} INFO - Sync 1 DAGs
[2023-10-20T04:43:26.235+0000] {logging_mixin.py:137} INFO - [2023-10-20T04:43:26.235+0000] {dag.py:3456} INFO - Setting next_dagrun for etl_tax_report_mart_monthly_v0_1_batch1 to 2023-09-30T18:00:00+00:00, run_after=2023-10-31T18:00:00+00:00
[2023-10-20T04:43:26.328+0000] {processor.py:175} INFO - Processing /opt/airflow/dags/etl_tax_report_mart_monthly.py took 0.473 seconds
[2023-10-20T04:43:56.540+0000] {processor.py:153} INFO - Started process (PID=464) to work on /opt/airflow/dags/etl_tax_report_mart_monthly.py
[2023-10-20T04:43:56.564+0000] {processor.py:743} INFO - Processing file /opt/airflow/dags/etl_tax_report_mart_monthly.py for tasks to queue
[2023-10-20T04:43:56.569+0000] {logging_mixin.py:137} INFO - [2023-10-20T04:43:56.568+0000] {dagbag.py:532} INFO - Filling up the DagBag from /opt/airflow/dags/etl_tax_report_mart_monthly.py
[2023-10-20T04:43:56.719+0000] {processor.py:753} INFO - DAG(s) dict_keys(['etl_tax_report_mart_monthly_v0_1_batch1']) retrieved from /opt/airflow/dags/etl_tax_report_mart_monthly.py
[2023-10-20T04:43:56.797+0000] {logging_mixin.py:137} INFO - [2023-10-20T04:43:56.796+0000] {dag.py:2705} INFO - Sync 1 DAGs
[2023-10-20T04:43:56.858+0000] {logging_mixin.py:137} INFO - [2023-10-20T04:43:56.858+0000] {dag.py:3456} INFO - Setting next_dagrun for etl_tax_report_mart_monthly_v0_1_batch1 to 2023-09-30T18:00:00+00:00, run_after=2023-10-31T18:00:00+00:00
[2023-10-20T04:43:56.910+0000] {processor.py:175} INFO - Processing /opt/airflow/dags/etl_tax_report_mart_monthly.py took 0.388 seconds
[2023-10-20T04:44:27.077+0000] {processor.py:153} INFO - Started process (PID=495) to work on /opt/airflow/dags/etl_tax_report_mart_monthly.py
[2023-10-20T04:44:27.089+0000] {processor.py:743} INFO - Processing file /opt/airflow/dags/etl_tax_report_mart_monthly.py for tasks to queue
[2023-10-20T04:44:27.094+0000] {logging_mixin.py:137} INFO - [2023-10-20T04:44:27.094+0000] {dagbag.py:532} INFO - Filling up the DagBag from /opt/airflow/dags/etl_tax_report_mart_monthly.py
[2023-10-20T04:44:27.192+0000] {processor.py:753} INFO - DAG(s) dict_keys(['etl_tax_report_mart_monthly_v0_1_batch1']) retrieved from /opt/airflow/dags/etl_tax_report_mart_monthly.py
[2023-10-20T04:44:27.241+0000] {logging_mixin.py:137} INFO - [2023-10-20T04:44:27.240+0000] {dag.py:2705} INFO - Sync 1 DAGs
[2023-10-20T04:44:27.303+0000] {logging_mixin.py:137} INFO - [2023-10-20T04:44:27.302+0000] {dag.py:3456} INFO - Setting next_dagrun for etl_tax_report_mart_monthly_v0_1_batch1 to 2023-09-30T18:00:00+00:00, run_after=2023-10-31T18:00:00+00:00
[2023-10-20T04:44:27.372+0000] {processor.py:175} INFO - Processing /opt/airflow/dags/etl_tax_report_mart_monthly.py took 0.359 seconds
[2023-10-20T04:44:57.512+0000] {processor.py:153} INFO - Started process (PID=526) to work on /opt/airflow/dags/etl_tax_report_mart_monthly.py
[2023-10-20T04:44:57.516+0000] {processor.py:743} INFO - Processing file /opt/airflow/dags/etl_tax_report_mart_monthly.py for tasks to queue
[2023-10-20T04:44:57.521+0000] {logging_mixin.py:137} INFO - [2023-10-20T04:44:57.520+0000] {dagbag.py:532} INFO - Filling up the DagBag from /opt/airflow/dags/etl_tax_report_mart_monthly.py
[2023-10-20T04:44:57.628+0000] {processor.py:753} INFO - DAG(s) dict_keys(['etl_tax_report_mart_monthly_v0_1_batch1']) retrieved from /opt/airflow/dags/etl_tax_report_mart_monthly.py
[2023-10-20T04:44:57.669+0000] {logging_mixin.py:137} INFO - [2023-10-20T04:44:57.668+0000] {dag.py:2705} INFO - Sync 1 DAGs
[2023-10-20T04:44:57.753+0000] {logging_mixin.py:137} INFO - [2023-10-20T04:44:57.753+0000] {dag.py:3456} INFO - Setting next_dagrun for etl_tax_report_mart_monthly_v0_1_batch1 to 2023-09-30T18:00:00+00:00, run_after=2023-10-31T18:00:00+00:00
[2023-10-20T04:44:57.810+0000] {processor.py:175} INFO - Processing /opt/airflow/dags/etl_tax_report_mart_monthly.py took 0.306 seconds
[2023-10-20T04:45:27.930+0000] {processor.py:153} INFO - Started process (PID=556) to work on /opt/airflow/dags/etl_tax_report_mart_monthly.py
[2023-10-20T04:45:27.933+0000] {processor.py:743} INFO - Processing file /opt/airflow/dags/etl_tax_report_mart_monthly.py for tasks to queue
[2023-10-20T04:45:27.949+0000] {logging_mixin.py:137} INFO - [2023-10-20T04:45:27.949+0000] {dagbag.py:532} INFO - Filling up the DagBag from /opt/airflow/dags/etl_tax_report_mart_monthly.py
[2023-10-20T04:45:28.064+0000] {processor.py:753} INFO - DAG(s) dict_keys(['etl_tax_report_mart_monthly_v0_1_batch1']) retrieved from /opt/airflow/dags/etl_tax_report_mart_monthly.py
[2023-10-20T04:45:28.109+0000] {logging_mixin.py:137} INFO - [2023-10-20T04:45:28.108+0000] {dag.py:2705} INFO - Sync 1 DAGs
[2023-10-20T04:45:28.186+0000] {logging_mixin.py:137} INFO - [2023-10-20T04:45:28.186+0000] {dag.py:3456} INFO - Setting next_dagrun for etl_tax_report_mart_monthly_v0_1_batch1 to 2023-09-30T18:00:00+00:00, run_after=2023-10-31T18:00:00+00:00
[2023-10-20T04:45:28.246+0000] {processor.py:175} INFO - Processing /opt/airflow/dags/etl_tax_report_mart_monthly.py took 0.324 seconds
[2023-10-20T04:45:59.221+0000] {processor.py:153} INFO - Started process (PID=591) to work on /opt/airflow/dags/etl_tax_report_mart_monthly.py
[2023-10-20T04:45:59.225+0000] {processor.py:743} INFO - Processing file /opt/airflow/dags/etl_tax_report_mart_monthly.py for tasks to queue
[2023-10-20T04:45:59.235+0000] {logging_mixin.py:137} INFO - [2023-10-20T04:45:59.235+0000] {dagbag.py:532} INFO - Filling up the DagBag from /opt/airflow/dags/etl_tax_report_mart_monthly.py
[2023-10-20T04:45:59.398+0000] {processor.py:753} INFO - DAG(s) dict_keys(['etl_tax_report_mart_monthly_v0_1_batch1']) retrieved from /opt/airflow/dags/etl_tax_report_mart_monthly.py
[2023-10-20T04:45:59.444+0000] {logging_mixin.py:137} INFO - [2023-10-20T04:45:59.444+0000] {dag.py:2705} INFO - Sync 1 DAGs
[2023-10-20T04:45:59.542+0000] {logging_mixin.py:137} INFO - [2023-10-20T04:45:59.541+0000] {dag.py:3456} INFO - Setting next_dagrun for etl_tax_report_mart_monthly_v0_1_batch1 to 2023-09-30T18:00:00+00:00, run_after=2023-10-31T18:00:00+00:00
[2023-10-20T04:45:59.628+0000] {processor.py:175} INFO - Processing /opt/airflow/dags/etl_tax_report_mart_monthly.py took 0.416 seconds
[2023-10-20T04:46:30.370+0000] {processor.py:153} INFO - Started process (PID=621) to work on /opt/airflow/dags/etl_tax_report_mart_monthly.py
[2023-10-20T04:46:30.375+0000] {processor.py:743} INFO - Processing file /opt/airflow/dags/etl_tax_report_mart_monthly.py for tasks to queue
[2023-10-20T04:46:30.381+0000] {logging_mixin.py:137} INFO - [2023-10-20T04:46:30.380+0000] {dagbag.py:532} INFO - Filling up the DagBag from /opt/airflow/dags/etl_tax_report_mart_monthly.py
[2023-10-20T04:46:30.497+0000] {processor.py:753} INFO - DAG(s) dict_keys(['etl_tax_report_mart_monthly_v0_1_batch1']) retrieved from /opt/airflow/dags/etl_tax_report_mart_monthly.py
[2023-10-20T04:46:30.551+0000] {logging_mixin.py:137} INFO - [2023-10-20T04:46:30.550+0000] {dag.py:2705} INFO - Sync 1 DAGs
[2023-10-20T04:46:30.619+0000] {logging_mixin.py:137} INFO - [2023-10-20T04:46:30.619+0000] {dag.py:3456} INFO - Setting next_dagrun for etl_tax_report_mart_monthly_v0_1_batch1 to 2023-09-30T18:00:00+00:00, run_after=2023-10-31T18:00:00+00:00
[2023-10-20T04:46:30.683+0000] {processor.py:175} INFO - Processing /opt/airflow/dags/etl_tax_report_mart_monthly.py took 0.331 seconds
[2023-10-20T04:47:01.092+0000] {processor.py:153} INFO - Started process (PID=644) to work on /opt/airflow/dags/etl_tax_report_mart_monthly.py
[2023-10-20T04:47:01.096+0000] {processor.py:743} INFO - Processing file /opt/airflow/dags/etl_tax_report_mart_monthly.py for tasks to queue
[2023-10-20T04:47:01.106+0000] {logging_mixin.py:137} INFO - [2023-10-20T04:47:01.105+0000] {dagbag.py:532} INFO - Filling up the DagBag from /opt/airflow/dags/etl_tax_report_mart_monthly.py
[2023-10-20T04:47:01.729+0000] {processor.py:753} INFO - DAG(s) dict_keys(['etl_tax_report_mart_monthly_v0_1_batch1']) retrieved from /opt/airflow/dags/etl_tax_report_mart_monthly.py
[2023-10-20T04:47:02.027+0000] {logging_mixin.py:137} INFO - [2023-10-20T04:47:02.027+0000] {dag.py:2705} INFO - Sync 1 DAGs
[2023-10-20T04:47:02.499+0000] {logging_mixin.py:137} INFO - [2023-10-20T04:47:02.497+0000] {dag.py:3456} INFO - Setting next_dagrun for etl_tax_report_mart_monthly_v0_1_batch1 to 2023-09-30T18:00:00+00:00, run_after=2023-10-31T18:00:00+00:00
[2023-10-20T04:47:02.702+0000] {processor.py:175} INFO - Processing /opt/airflow/dags/etl_tax_report_mart_monthly.py took 1.648 seconds
[2023-10-20T04:47:33.335+0000] {processor.py:153} INFO - Started process (PID=674) to work on /opt/airflow/dags/etl_tax_report_mart_monthly.py
[2023-10-20T04:47:33.339+0000] {processor.py:743} INFO - Processing file /opt/airflow/dags/etl_tax_report_mart_monthly.py for tasks to queue
[2023-10-20T04:47:33.344+0000] {logging_mixin.py:137} INFO - [2023-10-20T04:47:33.343+0000] {dagbag.py:532} INFO - Filling up the DagBag from /opt/airflow/dags/etl_tax_report_mart_monthly.py
[2023-10-20T04:47:33.502+0000] {processor.py:753} INFO - DAG(s) dict_keys(['etl_tax_report_mart_monthly_v0_1_batch1']) retrieved from /opt/airflow/dags/etl_tax_report_mart_monthly.py
[2023-10-20T04:47:33.582+0000] {logging_mixin.py:137} INFO - [2023-10-20T04:47:33.582+0000] {dag.py:2705} INFO - Sync 1 DAGs
[2023-10-20T04:47:33.767+0000] {logging_mixin.py:137} INFO - [2023-10-20T04:47:33.766+0000] {dag.py:3456} INFO - Setting next_dagrun for etl_tax_report_mart_monthly_v0_1_batch1 to 2023-09-30T18:00:00+00:00, run_after=2023-10-31T18:00:00+00:00
[2023-10-20T04:47:33.884+0000] {processor.py:175} INFO - Processing /opt/airflow/dags/etl_tax_report_mart_monthly.py took 0.559 seconds
[2023-10-20T04:48:26.740+0000] {processor.py:153} INFO - Started process (PID=706) to work on /opt/airflow/dags/etl_tax_report_mart_monthly.py
[2023-10-20T04:48:26.799+0000] {processor.py:743} INFO - Processing file /opt/airflow/dags/etl_tax_report_mart_monthly.py for tasks to queue
[2023-10-20T04:48:26.866+0000] {logging_mixin.py:137} INFO - [2023-10-20T04:48:26.866+0000] {dagbag.py:532} INFO - Filling up the DagBag from /opt/airflow/dags/etl_tax_report_mart_monthly.py
[2023-10-20T04:48:27.554+0000] {processor.py:753} INFO - DAG(s) dict_keys(['etl_tax_report_mart_monthly_v0_1_batch1']) retrieved from /opt/airflow/dags/etl_tax_report_mart_monthly.py
[2023-10-20T04:48:28.210+0000] {logging_mixin.py:137} INFO - [2023-10-20T04:48:28.209+0000] {dag.py:2705} INFO - Sync 1 DAGs
[2023-10-20T04:48:28.412+0000] {logging_mixin.py:137} INFO - [2023-10-20T04:48:28.412+0000] {dag.py:3456} INFO - Setting next_dagrun for etl_tax_report_mart_monthly_v0_1_batch1 to 2023-09-30T18:00:00+00:00, run_after=2023-10-31T18:00:00+00:00
[2023-10-20T04:48:28.481+0000] {processor.py:175} INFO - Processing /opt/airflow/dags/etl_tax_report_mart_monthly.py took 10.937 seconds
[2023-10-20T05:48:45.404+0000] {processor.py:153} INFO - Started process (PID=722) to work on /opt/airflow/dags/etl_tax_report_mart_monthly.py
[2023-10-20T05:48:45.562+0000] {processor.py:743} INFO - Processing file /opt/airflow/dags/etl_tax_report_mart_monthly.py for tasks to queue
[2023-10-20T05:48:45.567+0000] {logging_mixin.py:137} INFO - [2023-10-20T05:48:45.566+0000] {dagbag.py:532} INFO - Filling up the DagBag from /opt/airflow/dags/etl_tax_report_mart_monthly.py
[2023-10-20T05:49:03.186+0000] {processor.py:153} INFO - Started process (PID=729) to work on /opt/airflow/dags/etl_tax_report_mart_monthly.py
[2023-10-20T05:49:03.213+0000] {processor.py:743} INFO - Processing file /opt/airflow/dags/etl_tax_report_mart_monthly.py for tasks to queue
[2023-10-20T05:49:03.228+0000] {logging_mixin.py:137} INFO - [2023-10-20T05:49:03.227+0000] {dagbag.py:532} INFO - Filling up the DagBag from /opt/airflow/dags/etl_tax_report_mart_monthly.py
[2023-10-20T05:49:03.706+0000] {processor.py:753} INFO - DAG(s) dict_keys(['etl_tax_report_mart_monthly_v0_1_batch1']) retrieved from /opt/airflow/dags/etl_tax_report_mart_monthly.py
[2023-10-20T05:49:03.835+0000] {logging_mixin.py:137} INFO - [2023-10-20T05:49:03.834+0000] {dag.py:2705} INFO - Sync 1 DAGs
[2023-10-20T05:49:03.915+0000] {logging_mixin.py:137} INFO - [2023-10-20T05:49:03.915+0000] {dag.py:3456} INFO - Setting next_dagrun for etl_tax_report_mart_monthly_v0_1_batch1 to 2023-09-30T18:00:00+00:00, run_after=2023-10-31T18:00:00+00:00
[2023-10-20T05:49:04.014+0000] {processor.py:175} INFO - Processing /opt/airflow/dags/etl_tax_report_mart_monthly.py took 0.871 seconds
[2023-10-20T05:49:34.345+0000] {processor.py:153} INFO - Started process (PID=762) to work on /opt/airflow/dags/etl_tax_report_mart_monthly.py
[2023-10-20T05:49:34.364+0000] {processor.py:743} INFO - Processing file /opt/airflow/dags/etl_tax_report_mart_monthly.py for tasks to queue
[2023-10-20T05:49:34.369+0000] {logging_mixin.py:137} INFO - [2023-10-20T05:49:34.368+0000] {dagbag.py:532} INFO - Filling up the DagBag from /opt/airflow/dags/etl_tax_report_mart_monthly.py
[2023-10-20T05:49:34.571+0000] {processor.py:753} INFO - DAG(s) dict_keys(['etl_tax_report_mart_monthly_v0_1_batch1']) retrieved from /opt/airflow/dags/etl_tax_report_mart_monthly.py
[2023-10-20T05:49:34.640+0000] {logging_mixin.py:137} INFO - [2023-10-20T05:49:34.639+0000] {dag.py:2705} INFO - Sync 1 DAGs
[2023-10-20T05:49:34.725+0000] {logging_mixin.py:137} INFO - [2023-10-20T05:49:34.725+0000] {dag.py:3456} INFO - Setting next_dagrun for etl_tax_report_mart_monthly_v0_1_batch1 to 2023-09-30T18:00:00+00:00, run_after=2023-10-31T18:00:00+00:00
[2023-10-20T05:49:34.770+0000] {processor.py:175} INFO - Processing /opt/airflow/dags/etl_tax_report_mart_monthly.py took 0.462 seconds
[2023-10-20T05:50:05.042+0000] {processor.py:153} INFO - Started process (PID=792) to work on /opt/airflow/dags/etl_tax_report_mart_monthly.py
[2023-10-20T05:50:05.051+0000] {processor.py:743} INFO - Processing file /opt/airflow/dags/etl_tax_report_mart_monthly.py for tasks to queue
[2023-10-20T05:50:05.074+0000] {logging_mixin.py:137} INFO - [2023-10-20T05:50:05.073+0000] {dagbag.py:532} INFO - Filling up the DagBag from /opt/airflow/dags/etl_tax_report_mart_monthly.py
[2023-10-20T05:50:05.565+0000] {processor.py:753} INFO - DAG(s) dict_keys(['etl_tax_report_mart_monthly_v0_1_batch1']) retrieved from /opt/airflow/dags/etl_tax_report_mart_monthly.py
[2023-10-20T05:50:05.879+0000] {logging_mixin.py:137} INFO - [2023-10-20T05:50:05.879+0000] {dag.py:2705} INFO - Sync 1 DAGs
[2023-10-20T05:50:06.271+0000] {logging_mixin.py:137} INFO - [2023-10-20T05:50:06.271+0000] {dag.py:3456} INFO - Setting next_dagrun for etl_tax_report_mart_monthly_v0_1_batch1 to 2023-09-30T18:00:00+00:00, run_after=2023-10-31T18:00:00+00:00
[2023-10-20T05:50:06.471+0000] {processor.py:175} INFO - Processing /opt/airflow/dags/etl_tax_report_mart_monthly.py took 1.467 seconds
[2023-10-20T05:50:36.693+0000] {processor.py:153} INFO - Started process (PID=815) to work on /opt/airflow/dags/etl_tax_report_mart_monthly.py
[2023-10-20T05:50:36.699+0000] {processor.py:743} INFO - Processing file /opt/airflow/dags/etl_tax_report_mart_monthly.py for tasks to queue
[2023-10-20T05:50:36.707+0000] {logging_mixin.py:137} INFO - [2023-10-20T05:50:36.702+0000] {dagbag.py:532} INFO - Filling up the DagBag from /opt/airflow/dags/etl_tax_report_mart_monthly.py
[2023-10-20T05:50:36.901+0000] {processor.py:753} INFO - DAG(s) dict_keys(['etl_tax_report_mart_monthly_v0_1_batch1']) retrieved from /opt/airflow/dags/etl_tax_report_mart_monthly.py
[2023-10-20T05:50:36.969+0000] {logging_mixin.py:137} INFO - [2023-10-20T05:50:36.969+0000] {dag.py:2705} INFO - Sync 1 DAGs
[2023-10-20T05:50:37.137+0000] {logging_mixin.py:137} INFO - [2023-10-20T05:50:37.136+0000] {dag.py:3456} INFO - Setting next_dagrun for etl_tax_report_mart_monthly_v0_1_batch1 to 2023-09-30T18:00:00+00:00, run_after=2023-10-31T18:00:00+00:00
[2023-10-20T05:50:37.258+0000] {processor.py:175} INFO - Processing /opt/airflow/dags/etl_tax_report_mart_monthly.py took 0.579 seconds
[2023-10-20T05:51:07.885+0000] {processor.py:153} INFO - Started process (PID=847) to work on /opt/airflow/dags/etl_tax_report_mart_monthly.py
[2023-10-20T05:51:07.900+0000] {processor.py:743} INFO - Processing file /opt/airflow/dags/etl_tax_report_mart_monthly.py for tasks to queue
[2023-10-20T05:51:07.917+0000] {logging_mixin.py:137} INFO - [2023-10-20T05:51:07.913+0000] {dagbag.py:532} INFO - Filling up the DagBag from /opt/airflow/dags/etl_tax_report_mart_monthly.py
[2023-10-20T05:51:08.131+0000] {processor.py:753} INFO - DAG(s) dict_keys(['etl_tax_report_mart_monthly_v0_1_batch1']) retrieved from /opt/airflow/dags/etl_tax_report_mart_monthly.py
[2023-10-20T05:51:08.225+0000] {logging_mixin.py:137} INFO - [2023-10-20T05:51:08.225+0000] {dag.py:2705} INFO - Sync 1 DAGs
[2023-10-20T05:51:08.399+0000] {logging_mixin.py:137} INFO - [2023-10-20T05:51:08.399+0000] {dag.py:3456} INFO - Setting next_dagrun for etl_tax_report_mart_monthly_v0_1_batch1 to 2023-09-30T18:00:00+00:00, run_after=2023-10-31T18:00:00+00:00
[2023-10-20T05:51:08.537+0000] {processor.py:175} INFO - Processing /opt/airflow/dags/etl_tax_report_mart_monthly.py took 0.683 seconds
[2023-10-20T05:51:39.468+0000] {processor.py:153} INFO - Started process (PID=867) to work on /opt/airflow/dags/etl_tax_report_mart_monthly.py
[2023-10-20T05:51:39.488+0000] {processor.py:743} INFO - Processing file /opt/airflow/dags/etl_tax_report_mart_monthly.py for tasks to queue
[2023-10-20T05:51:39.506+0000] {logging_mixin.py:137} INFO - [2023-10-20T05:51:39.506+0000] {dagbag.py:532} INFO - Filling up the DagBag from /opt/airflow/dags/etl_tax_report_mart_monthly.py
[2023-10-20T05:51:39.899+0000] {processor.py:753} INFO - DAG(s) dict_keys(['etl_tax_report_mart_monthly_v0_1_batch1']) retrieved from /opt/airflow/dags/etl_tax_report_mart_monthly.py
[2023-10-20T05:51:40.116+0000] {logging_mixin.py:137} INFO - [2023-10-20T05:51:40.116+0000] {dag.py:2705} INFO - Sync 1 DAGs
[2023-10-20T05:51:40.441+0000] {logging_mixin.py:137} INFO - [2023-10-20T05:51:40.440+0000] {dag.py:3456} INFO - Setting next_dagrun for etl_tax_report_mart_monthly_v0_1_batch1 to 2023-09-30T18:00:00+00:00, run_after=2023-10-31T18:00:00+00:00
[2023-10-20T05:51:40.887+0000] {processor.py:175} INFO - Processing /opt/airflow/dags/etl_tax_report_mart_monthly.py took 1.433 seconds
[2023-10-20T05:52:11.930+0000] {processor.py:153} INFO - Started process (PID=895) to work on /opt/airflow/dags/etl_tax_report_mart_monthly.py
[2023-10-20T05:52:11.995+0000] {processor.py:743} INFO - Processing file /opt/airflow/dags/etl_tax_report_mart_monthly.py for tasks to queue
[2023-10-20T05:52:12.050+0000] {logging_mixin.py:137} INFO - [2023-10-20T05:52:12.049+0000] {dagbag.py:532} INFO - Filling up the DagBag from /opt/airflow/dags/etl_tax_report_mart_monthly.py
[2023-10-20T05:52:13.415+0000] {processor.py:753} INFO - DAG(s) dict_keys(['etl_tax_report_mart_monthly_v0_1_batch1']) retrieved from /opt/airflow/dags/etl_tax_report_mart_monthly.py
[2023-10-20T05:52:14.064+0000] {logging_mixin.py:137} INFO - [2023-10-20T05:52:14.063+0000] {dag.py:2705} INFO - Sync 1 DAGs
[2023-10-20T05:52:15.063+0000] {logging_mixin.py:137} INFO - [2023-10-20T05:52:15.063+0000] {dag.py:3456} INFO - Setting next_dagrun for etl_tax_report_mart_monthly_v0_1_batch1 to 2023-09-30T18:00:00+00:00, run_after=2023-10-31T18:00:00+00:00
[2023-10-20T05:52:15.756+0000] {processor.py:175} INFO - Processing /opt/airflow/dags/etl_tax_report_mart_monthly.py took 4.212 seconds
[2023-10-20T05:52:46.437+0000] {processor.py:153} INFO - Started process (PID=925) to work on /opt/airflow/dags/etl_tax_report_mart_monthly.py
[2023-10-20T05:52:46.439+0000] {processor.py:743} INFO - Processing file /opt/airflow/dags/etl_tax_report_mart_monthly.py for tasks to queue
[2023-10-20T05:52:46.448+0000] {logging_mixin.py:137} INFO - [2023-10-20T05:52:46.447+0000] {dagbag.py:532} INFO - Filling up the DagBag from /opt/airflow/dags/etl_tax_report_mart_monthly.py
[2023-10-20T05:52:46.599+0000] {processor.py:753} INFO - DAG(s) dict_keys(['etl_tax_report_mart_monthly_v0_1_batch1']) retrieved from /opt/airflow/dags/etl_tax_report_mart_monthly.py
[2023-10-20T05:52:46.670+0000] {logging_mixin.py:137} INFO - [2023-10-20T05:52:46.669+0000] {dag.py:2705} INFO - Sync 1 DAGs
[2023-10-20T05:52:46.732+0000] {logging_mixin.py:137} INFO - [2023-10-20T05:52:46.731+0000] {dag.py:3456} INFO - Setting next_dagrun for etl_tax_report_mart_monthly_v0_1_batch1 to 2023-09-30T18:00:00+00:00, run_after=2023-10-31T18:00:00+00:00
[2023-10-20T05:52:46.822+0000] {processor.py:175} INFO - Processing /opt/airflow/dags/etl_tax_report_mart_monthly.py took 0.396 seconds
[2023-10-20T05:53:17.016+0000] {processor.py:153} INFO - Started process (PID=948) to work on /opt/airflow/dags/etl_tax_report_mart_monthly.py
[2023-10-20T05:53:17.018+0000] {processor.py:743} INFO - Processing file /opt/airflow/dags/etl_tax_report_mart_monthly.py for tasks to queue
[2023-10-20T05:53:17.022+0000] {logging_mixin.py:137} INFO - [2023-10-20T05:53:17.021+0000] {dagbag.py:532} INFO - Filling up the DagBag from /opt/airflow/dags/etl_tax_report_mart_monthly.py
[2023-10-20T05:53:17.150+0000] {processor.py:753} INFO - DAG(s) dict_keys(['etl_tax_report_mart_monthly_v0_1_batch1']) retrieved from /opt/airflow/dags/etl_tax_report_mart_monthly.py
[2023-10-20T05:53:17.187+0000] {logging_mixin.py:137} INFO - [2023-10-20T05:53:17.187+0000] {dag.py:2705} INFO - Sync 1 DAGs
[2023-10-20T05:53:17.246+0000] {logging_mixin.py:137} INFO - [2023-10-20T05:53:17.246+0000] {dag.py:3456} INFO - Setting next_dagrun for etl_tax_report_mart_monthly_v0_1_batch1 to 2023-09-30T18:00:00+00:00, run_after=2023-10-31T18:00:00+00:00
[2023-10-20T05:53:17.316+0000] {processor.py:175} INFO - Processing /opt/airflow/dags/etl_tax_report_mart_monthly.py took 0.308 seconds
[2023-10-20T05:53:47.584+0000] {processor.py:153} INFO - Started process (PID=980) to work on /opt/airflow/dags/etl_tax_report_mart_monthly.py
[2023-10-20T05:53:47.587+0000] {processor.py:743} INFO - Processing file /opt/airflow/dags/etl_tax_report_mart_monthly.py for tasks to queue
[2023-10-20T05:53:47.599+0000] {logging_mixin.py:137} INFO - [2023-10-20T05:53:47.598+0000] {dagbag.py:532} INFO - Filling up the DagBag from /opt/airflow/dags/etl_tax_report_mart_monthly.py
[2023-10-20T05:53:47.726+0000] {processor.py:753} INFO - DAG(s) dict_keys(['etl_tax_report_mart_monthly_v0_1_batch1']) retrieved from /opt/airflow/dags/etl_tax_report_mart_monthly.py
[2023-10-20T05:53:47.801+0000] {logging_mixin.py:137} INFO - [2023-10-20T05:53:47.800+0000] {dag.py:2705} INFO - Sync 1 DAGs
[2023-10-20T05:53:47.935+0000] {logging_mixin.py:137} INFO - [2023-10-20T05:53:47.935+0000] {dag.py:3456} INFO - Setting next_dagrun for etl_tax_report_mart_monthly_v0_1_batch1 to 2023-09-30T18:00:00+00:00, run_after=2023-10-31T18:00:00+00:00
[2023-10-20T05:53:47.994+0000] {processor.py:175} INFO - Processing /opt/airflow/dags/etl_tax_report_mart_monthly.py took 0.420 seconds
