[2023-10-20T04:37:01.723+0000] {processor.py:153} INFO - Started process (PID=80) to work on /opt/airflow/dags/etl_sales_dashboard_mart_monthly.py
[2023-10-20T04:37:01.732+0000] {processor.py:743} INFO - Processing file /opt/airflow/dags/etl_sales_dashboard_mart_monthly.py for tasks to queue
[2023-10-20T04:37:01.744+0000] {logging_mixin.py:137} INFO - [2023-10-20T04:37:01.743+0000] {dagbag.py:532} INFO - Filling up the DagBag from /opt/airflow/dags/etl_sales_dashboard_mart_monthly.py
[2023-10-20T04:37:02.130+0000] {processor.py:753} INFO - DAG(s) dict_keys(['etl_sales_dashboard_mart_monthly_v1_3_batch1']) retrieved from /opt/airflow/dags/etl_sales_dashboard_mart_monthly.py
[2023-10-20T04:37:02.301+0000] {logging_mixin.py:137} INFO - [2023-10-20T04:37:02.301+0000] {dag.py:2705} INFO - Sync 1 DAGs
[2023-10-20T04:37:02.534+0000] {logging_mixin.py:137} INFO - [2023-10-20T04:37:02.534+0000] {dag.py:3456} INFO - Setting next_dagrun for etl_sales_dashboard_mart_monthly_v1_3_batch1 to None, run_after=None
[2023-10-20T04:37:02.724+0000] {processor.py:175} INFO - Processing /opt/airflow/dags/etl_sales_dashboard_mart_monthly.py took 1.040 seconds
[2023-10-20T04:37:38.181+0000] {processor.py:153} INFO - Started process (PID=109) to work on /opt/airflow/dags/etl_sales_dashboard_mart_monthly.py
[2023-10-20T04:37:38.195+0000] {processor.py:743} INFO - Processing file /opt/airflow/dags/etl_sales_dashboard_mart_monthly.py for tasks to queue
[2023-10-20T04:37:38.208+0000] {logging_mixin.py:137} INFO - [2023-10-20T04:37:38.207+0000] {dagbag.py:532} INFO - Filling up the DagBag from /opt/airflow/dags/etl_sales_dashboard_mart_monthly.py
[2023-10-20T04:37:38.687+0000] {processor.py:753} INFO - DAG(s) dict_keys(['etl_sales_dashboard_mart_monthly_v1_3_batch1']) retrieved from /opt/airflow/dags/etl_sales_dashboard_mart_monthly.py
[2023-10-20T04:37:38.995+0000] {logging_mixin.py:137} INFO - [2023-10-20T04:37:38.995+0000] {dag.py:2705} INFO - Sync 1 DAGs
[2023-10-20T04:37:39.437+0000] {logging_mixin.py:137} INFO - [2023-10-20T04:37:39.437+0000] {dag.py:3456} INFO - Setting next_dagrun for etl_sales_dashboard_mart_monthly_v1_3_batch1 to None, run_after=None
[2023-10-20T04:37:39.610+0000] {processor.py:175} INFO - Processing /opt/airflow/dags/etl_sales_dashboard_mart_monthly.py took 1.500 seconds
[2023-10-20T04:38:10.323+0000] {processor.py:153} INFO - Started process (PID=138) to work on /opt/airflow/dags/etl_sales_dashboard_mart_monthly.py
[2023-10-20T04:38:10.346+0000] {processor.py:743} INFO - Processing file /opt/airflow/dags/etl_sales_dashboard_mart_monthly.py for tasks to queue
[2023-10-20T04:38:10.356+0000] {logging_mixin.py:137} INFO - [2023-10-20T04:38:10.356+0000] {dagbag.py:532} INFO - Filling up the DagBag from /opt/airflow/dags/etl_sales_dashboard_mart_monthly.py
[2023-10-20T04:38:10.839+0000] {processor.py:753} INFO - DAG(s) dict_keys(['etl_sales_dashboard_mart_monthly_v1_3_batch1']) retrieved from /opt/airflow/dags/etl_sales_dashboard_mart_monthly.py
[2023-10-20T04:38:10.992+0000] {logging_mixin.py:137} INFO - [2023-10-20T04:38:10.991+0000] {dag.py:2705} INFO - Sync 1 DAGs
[2023-10-20T04:38:11.610+0000] {logging_mixin.py:137} INFO - [2023-10-20T04:38:11.609+0000] {dag.py:3456} INFO - Setting next_dagrun for etl_sales_dashboard_mart_monthly_v1_3_batch1 to None, run_after=None
[2023-10-20T04:38:11.891+0000] {processor.py:175} INFO - Processing /opt/airflow/dags/etl_sales_dashboard_mart_monthly.py took 1.640 seconds
[2023-10-20T04:38:42.208+0000] {processor.py:153} INFO - Started process (PID=163) to work on /opt/airflow/dags/etl_sales_dashboard_mart_monthly.py
[2023-10-20T04:38:42.218+0000] {processor.py:743} INFO - Processing file /opt/airflow/dags/etl_sales_dashboard_mart_monthly.py for tasks to queue
[2023-10-20T04:38:42.226+0000] {logging_mixin.py:137} INFO - [2023-10-20T04:38:42.224+0000] {dagbag.py:532} INFO - Filling up the DagBag from /opt/airflow/dags/etl_sales_dashboard_mart_monthly.py
[2023-10-20T04:38:42.562+0000] {processor.py:753} INFO - DAG(s) dict_keys(['etl_sales_dashboard_mart_monthly_v1_3_batch1']) retrieved from /opt/airflow/dags/etl_sales_dashboard_mart_monthly.py
[2023-10-20T04:38:42.852+0000] {logging_mixin.py:137} INFO - [2023-10-20T04:38:42.851+0000] {dag.py:2705} INFO - Sync 1 DAGs
[2023-10-20T04:38:43.149+0000] {logging_mixin.py:137} INFO - [2023-10-20T04:38:43.149+0000] {dag.py:3456} INFO - Setting next_dagrun for etl_sales_dashboard_mart_monthly_v1_3_batch1 to None, run_after=None
[2023-10-20T04:38:43.312+0000] {processor.py:175} INFO - Processing /opt/airflow/dags/etl_sales_dashboard_mart_monthly.py took 1.123 seconds
[2023-10-20T04:39:13.807+0000] {processor.py:153} INFO - Started process (PID=193) to work on /opt/airflow/dags/etl_sales_dashboard_mart_monthly.py
[2023-10-20T04:39:13.814+0000] {processor.py:743} INFO - Processing file /opt/airflow/dags/etl_sales_dashboard_mart_monthly.py for tasks to queue
[2023-10-20T04:39:13.817+0000] {logging_mixin.py:137} INFO - [2023-10-20T04:39:13.816+0000] {dagbag.py:532} INFO - Filling up the DagBag from /opt/airflow/dags/etl_sales_dashboard_mart_monthly.py
[2023-10-20T04:39:13.992+0000] {processor.py:753} INFO - DAG(s) dict_keys(['etl_sales_dashboard_mart_monthly_v1_3_batch1']) retrieved from /opt/airflow/dags/etl_sales_dashboard_mart_monthly.py
[2023-10-20T04:39:14.125+0000] {logging_mixin.py:137} INFO - [2023-10-20T04:39:14.125+0000] {dag.py:2705} INFO - Sync 1 DAGs
[2023-10-20T04:39:14.230+0000] {logging_mixin.py:137} INFO - [2023-10-20T04:39:14.230+0000] {dag.py:3456} INFO - Setting next_dagrun for etl_sales_dashboard_mart_monthly_v1_3_batch1 to None, run_after=None
[2023-10-20T04:39:14.287+0000] {processor.py:175} INFO - Processing /opt/airflow/dags/etl_sales_dashboard_mart_monthly.py took 0.495 seconds
[2023-10-20T04:39:46.160+0000] {processor.py:153} INFO - Started process (PID=223) to work on /opt/airflow/dags/etl_sales_dashboard_mart_monthly.py
[2023-10-20T04:39:46.179+0000] {processor.py:743} INFO - Processing file /opt/airflow/dags/etl_sales_dashboard_mart_monthly.py for tasks to queue
[2023-10-20T04:39:46.216+0000] {logging_mixin.py:137} INFO - [2023-10-20T04:39:46.206+0000] {dagbag.py:532} INFO - Filling up the DagBag from /opt/airflow/dags/etl_sales_dashboard_mart_monthly.py
[2023-10-20T04:39:47.195+0000] {processor.py:753} INFO - DAG(s) dict_keys(['etl_sales_dashboard_mart_monthly_v1_3_batch1']) retrieved from /opt/airflow/dags/etl_sales_dashboard_mart_monthly.py
[2023-10-20T04:39:47.554+0000] {logging_mixin.py:137} INFO - [2023-10-20T04:39:47.554+0000] {dag.py:2705} INFO - Sync 1 DAGs
[2023-10-20T04:39:48.512+0000] {logging_mixin.py:137} INFO - [2023-10-20T04:39:48.512+0000] {dag.py:3456} INFO - Setting next_dagrun for etl_sales_dashboard_mart_monthly_v1_3_batch1 to None, run_after=None
[2023-10-20T04:39:48.700+0000] {processor.py:175} INFO - Processing /opt/airflow/dags/etl_sales_dashboard_mart_monthly.py took 2.583 seconds
[2023-10-20T04:40:19.544+0000] {processor.py:153} INFO - Started process (PID=249) to work on /opt/airflow/dags/etl_sales_dashboard_mart_monthly.py
[2023-10-20T04:40:19.548+0000] {processor.py:743} INFO - Processing file /opt/airflow/dags/etl_sales_dashboard_mart_monthly.py for tasks to queue
[2023-10-20T04:40:19.553+0000] {logging_mixin.py:137} INFO - [2023-10-20T04:40:19.553+0000] {dagbag.py:532} INFO - Filling up the DagBag from /opt/airflow/dags/etl_sales_dashboard_mart_monthly.py
[2023-10-20T04:40:19.648+0000] {processor.py:753} INFO - DAG(s) dict_keys(['etl_sales_dashboard_mart_monthly_v1_3_batch1']) retrieved from /opt/airflow/dags/etl_sales_dashboard_mart_monthly.py
[2023-10-20T04:40:19.701+0000] {logging_mixin.py:137} INFO - [2023-10-20T04:40:19.700+0000] {dag.py:2705} INFO - Sync 1 DAGs
[2023-10-20T04:40:19.779+0000] {logging_mixin.py:137} INFO - [2023-10-20T04:40:19.778+0000] {dag.py:3456} INFO - Setting next_dagrun for etl_sales_dashboard_mart_monthly_v1_3_batch1 to None, run_after=None
[2023-10-20T04:40:19.862+0000] {processor.py:175} INFO - Processing /opt/airflow/dags/etl_sales_dashboard_mart_monthly.py took 0.328 seconds
[2023-10-20T04:40:50.132+0000] {processor.py:153} INFO - Started process (PID=283) to work on /opt/airflow/dags/etl_sales_dashboard_mart_monthly.py
[2023-10-20T04:40:50.139+0000] {processor.py:743} INFO - Processing file /opt/airflow/dags/etl_sales_dashboard_mart_monthly.py for tasks to queue
[2023-10-20T04:40:50.150+0000] {logging_mixin.py:137} INFO - [2023-10-20T04:40:50.149+0000] {dagbag.py:532} INFO - Filling up the DagBag from /opt/airflow/dags/etl_sales_dashboard_mart_monthly.py
[2023-10-20T04:40:50.316+0000] {processor.py:753} INFO - DAG(s) dict_keys(['etl_sales_dashboard_mart_monthly_v1_3_batch1']) retrieved from /opt/airflow/dags/etl_sales_dashboard_mart_monthly.py
[2023-10-20T04:40:50.367+0000] {logging_mixin.py:137} INFO - [2023-10-20T04:40:50.367+0000] {dag.py:2705} INFO - Sync 1 DAGs
[2023-10-20T04:40:50.462+0000] {logging_mixin.py:137} INFO - [2023-10-20T04:40:50.461+0000] {dag.py:3456} INFO - Setting next_dagrun for etl_sales_dashboard_mart_monthly_v1_3_batch1 to None, run_after=None
[2023-10-20T04:40:50.541+0000] {processor.py:175} INFO - Processing /opt/airflow/dags/etl_sales_dashboard_mart_monthly.py took 0.418 seconds
[2023-10-20T04:41:20.997+0000] {processor.py:153} INFO - Started process (PID=313) to work on /opt/airflow/dags/etl_sales_dashboard_mart_monthly.py
[2023-10-20T04:41:21.007+0000] {processor.py:743} INFO - Processing file /opt/airflow/dags/etl_sales_dashboard_mart_monthly.py for tasks to queue
[2023-10-20T04:41:21.023+0000] {logging_mixin.py:137} INFO - [2023-10-20T04:41:21.023+0000] {dagbag.py:532} INFO - Filling up the DagBag from /opt/airflow/dags/etl_sales_dashboard_mart_monthly.py
[2023-10-20T04:41:21.235+0000] {processor.py:753} INFO - DAG(s) dict_keys(['etl_sales_dashboard_mart_monthly_v1_3_batch1']) retrieved from /opt/airflow/dags/etl_sales_dashboard_mart_monthly.py
[2023-10-20T04:41:21.293+0000] {logging_mixin.py:137} INFO - [2023-10-20T04:41:21.292+0000] {dag.py:2705} INFO - Sync 1 DAGs
[2023-10-20T04:41:21.436+0000] {logging_mixin.py:137} INFO - [2023-10-20T04:41:21.436+0000] {dag.py:3456} INFO - Setting next_dagrun for etl_sales_dashboard_mart_monthly_v1_3_batch1 to None, run_after=None
[2023-10-20T04:41:21.500+0000] {processor.py:175} INFO - Processing /opt/airflow/dags/etl_sales_dashboard_mart_monthly.py took 0.531 seconds
[2023-10-20T04:41:51.865+0000] {processor.py:153} INFO - Started process (PID=336) to work on /opt/airflow/dags/etl_sales_dashboard_mart_monthly.py
[2023-10-20T04:41:51.867+0000] {processor.py:743} INFO - Processing file /opt/airflow/dags/etl_sales_dashboard_mart_monthly.py for tasks to queue
[2023-10-20T04:41:51.870+0000] {logging_mixin.py:137} INFO - [2023-10-20T04:41:51.869+0000] {dagbag.py:532} INFO - Filling up the DagBag from /opt/airflow/dags/etl_sales_dashboard_mart_monthly.py
[2023-10-20T04:41:51.977+0000] {processor.py:753} INFO - DAG(s) dict_keys(['etl_sales_dashboard_mart_monthly_v1_3_batch1']) retrieved from /opt/airflow/dags/etl_sales_dashboard_mart_monthly.py
[2023-10-20T04:41:52.020+0000] {logging_mixin.py:137} INFO - [2023-10-20T04:41:52.020+0000] {dag.py:2705} INFO - Sync 1 DAGs
[2023-10-20T04:41:52.096+0000] {logging_mixin.py:137} INFO - [2023-10-20T04:41:52.095+0000] {dag.py:3456} INFO - Setting next_dagrun for etl_sales_dashboard_mart_monthly_v1_3_batch1 to None, run_after=None
[2023-10-20T04:41:52.153+0000] {processor.py:175} INFO - Processing /opt/airflow/dags/etl_sales_dashboard_mart_monthly.py took 0.295 seconds
[2023-10-20T04:42:22.585+0000] {processor.py:153} INFO - Started process (PID=368) to work on /opt/airflow/dags/etl_sales_dashboard_mart_monthly.py
[2023-10-20T04:42:22.588+0000] {processor.py:743} INFO - Processing file /opt/airflow/dags/etl_sales_dashboard_mart_monthly.py for tasks to queue
[2023-10-20T04:42:22.590+0000] {logging_mixin.py:137} INFO - [2023-10-20T04:42:22.590+0000] {dagbag.py:532} INFO - Filling up the DagBag from /opt/airflow/dags/etl_sales_dashboard_mart_monthly.py
[2023-10-20T04:42:22.710+0000] {processor.py:753} INFO - DAG(s) dict_keys(['etl_sales_dashboard_mart_monthly_v1_3_batch1']) retrieved from /opt/airflow/dags/etl_sales_dashboard_mart_monthly.py
[2023-10-20T04:42:22.754+0000] {logging_mixin.py:137} INFO - [2023-10-20T04:42:22.753+0000] {dag.py:2705} INFO - Sync 1 DAGs
[2023-10-20T04:42:22.874+0000] {logging_mixin.py:137} INFO - [2023-10-20T04:42:22.873+0000] {dag.py:3456} INFO - Setting next_dagrun for etl_sales_dashboard_mart_monthly_v1_3_batch1 to None, run_after=None
[2023-10-20T04:42:23.029+0000] {processor.py:175} INFO - Processing /opt/airflow/dags/etl_sales_dashboard_mart_monthly.py took 0.454 seconds
[2023-10-20T04:42:53.764+0000] {processor.py:153} INFO - Started process (PID=400) to work on /opt/airflow/dags/etl_sales_dashboard_mart_monthly.py
[2023-10-20T04:42:53.768+0000] {processor.py:743} INFO - Processing file /opt/airflow/dags/etl_sales_dashboard_mart_monthly.py for tasks to queue
[2023-10-20T04:42:53.771+0000] {logging_mixin.py:137} INFO - [2023-10-20T04:42:53.771+0000] {dagbag.py:532} INFO - Filling up the DagBag from /opt/airflow/dags/etl_sales_dashboard_mart_monthly.py
[2023-10-20T04:42:53.909+0000] {processor.py:753} INFO - DAG(s) dict_keys(['etl_sales_dashboard_mart_monthly_v1_3_batch1']) retrieved from /opt/airflow/dags/etl_sales_dashboard_mart_monthly.py
[2023-10-20T04:42:53.960+0000] {logging_mixin.py:137} INFO - [2023-10-20T04:42:53.959+0000] {dag.py:2705} INFO - Sync 1 DAGs
[2023-10-20T04:42:54.052+0000] {logging_mixin.py:137} INFO - [2023-10-20T04:42:54.052+0000] {dag.py:3456} INFO - Setting next_dagrun for etl_sales_dashboard_mart_monthly_v1_3_batch1 to None, run_after=None
[2023-10-20T04:42:54.125+0000] {processor.py:175} INFO - Processing /opt/airflow/dags/etl_sales_dashboard_mart_monthly.py took 0.394 seconds
[2023-10-20T04:43:24.507+0000] {processor.py:153} INFO - Started process (PID=432) to work on /opt/airflow/dags/etl_sales_dashboard_mart_monthly.py
[2023-10-20T04:43:24.512+0000] {processor.py:743} INFO - Processing file /opt/airflow/dags/etl_sales_dashboard_mart_monthly.py for tasks to queue
[2023-10-20T04:43:24.516+0000] {logging_mixin.py:137} INFO - [2023-10-20T04:43:24.515+0000] {dagbag.py:532} INFO - Filling up the DagBag from /opt/airflow/dags/etl_sales_dashboard_mart_monthly.py
[2023-10-20T04:43:24.685+0000] {processor.py:753} INFO - DAG(s) dict_keys(['etl_sales_dashboard_mart_monthly_v1_3_batch1']) retrieved from /opt/airflow/dags/etl_sales_dashboard_mart_monthly.py
[2023-10-20T04:43:24.766+0000] {logging_mixin.py:137} INFO - [2023-10-20T04:43:24.766+0000] {dag.py:2705} INFO - Sync 1 DAGs
[2023-10-20T04:43:24.873+0000] {logging_mixin.py:137} INFO - [2023-10-20T04:43:24.873+0000] {dag.py:3456} INFO - Setting next_dagrun for etl_sales_dashboard_mart_monthly_v1_3_batch1 to None, run_after=None
[2023-10-20T04:43:24.981+0000] {processor.py:175} INFO - Processing /opt/airflow/dags/etl_sales_dashboard_mart_monthly.py took 0.498 seconds
[2023-10-20T04:43:55.474+0000] {processor.py:153} INFO - Started process (PID=463) to work on /opt/airflow/dags/etl_sales_dashboard_mart_monthly.py
[2023-10-20T04:43:55.481+0000] {processor.py:743} INFO - Processing file /opt/airflow/dags/etl_sales_dashboard_mart_monthly.py for tasks to queue
[2023-10-20T04:43:55.484+0000] {logging_mixin.py:137} INFO - [2023-10-20T04:43:55.483+0000] {dagbag.py:532} INFO - Filling up the DagBag from /opt/airflow/dags/etl_sales_dashboard_mart_monthly.py
[2023-10-20T04:43:55.594+0000] {processor.py:753} INFO - DAG(s) dict_keys(['etl_sales_dashboard_mart_monthly_v1_3_batch1']) retrieved from /opt/airflow/dags/etl_sales_dashboard_mart_monthly.py
[2023-10-20T04:43:55.660+0000] {logging_mixin.py:137} INFO - [2023-10-20T04:43:55.659+0000] {dag.py:2705} INFO - Sync 1 DAGs
[2023-10-20T04:43:55.753+0000] {logging_mixin.py:137} INFO - [2023-10-20T04:43:55.753+0000] {dag.py:3456} INFO - Setting next_dagrun for etl_sales_dashboard_mart_monthly_v1_3_batch1 to None, run_after=None
[2023-10-20T04:43:55.817+0000] {processor.py:175} INFO - Processing /opt/airflow/dags/etl_sales_dashboard_mart_monthly.py took 0.351 seconds
[2023-10-20T04:44:26.446+0000] {processor.py:153} INFO - Started process (PID=493) to work on /opt/airflow/dags/etl_sales_dashboard_mart_monthly.py
[2023-10-20T04:44:26.459+0000] {processor.py:743} INFO - Processing file /opt/airflow/dags/etl_sales_dashboard_mart_monthly.py for tasks to queue
[2023-10-20T04:44:26.467+0000] {logging_mixin.py:137} INFO - [2023-10-20T04:44:26.467+0000] {dagbag.py:532} INFO - Filling up the DagBag from /opt/airflow/dags/etl_sales_dashboard_mart_monthly.py
[2023-10-20T04:44:26.585+0000] {processor.py:753} INFO - DAG(s) dict_keys(['etl_sales_dashboard_mart_monthly_v1_3_batch1']) retrieved from /opt/airflow/dags/etl_sales_dashboard_mart_monthly.py
[2023-10-20T04:44:26.632+0000] {logging_mixin.py:137} INFO - [2023-10-20T04:44:26.632+0000] {dag.py:2705} INFO - Sync 1 DAGs
[2023-10-20T04:44:26.802+0000] {logging_mixin.py:137} INFO - [2023-10-20T04:44:26.802+0000] {dag.py:3456} INFO - Setting next_dagrun for etl_sales_dashboard_mart_monthly_v1_3_batch1 to None, run_after=None
[2023-10-20T04:44:26.917+0000] {processor.py:175} INFO - Processing /opt/airflow/dags/etl_sales_dashboard_mart_monthly.py took 0.493 seconds
[2023-10-20T04:44:57.541+0000] {processor.py:153} INFO - Started process (PID=527) to work on /opt/airflow/dags/etl_sales_dashboard_mart_monthly.py
[2023-10-20T04:44:57.543+0000] {processor.py:743} INFO - Processing file /opt/airflow/dags/etl_sales_dashboard_mart_monthly.py for tasks to queue
[2023-10-20T04:44:57.545+0000] {logging_mixin.py:137} INFO - [2023-10-20T04:44:57.545+0000] {dagbag.py:532} INFO - Filling up the DagBag from /opt/airflow/dags/etl_sales_dashboard_mart_monthly.py
[2023-10-20T04:44:57.667+0000] {processor.py:753} INFO - DAG(s) dict_keys(['etl_sales_dashboard_mart_monthly_v1_3_batch1']) retrieved from /opt/airflow/dags/etl_sales_dashboard_mart_monthly.py
[2023-10-20T04:44:57.706+0000] {logging_mixin.py:137} INFO - [2023-10-20T04:44:57.705+0000] {dag.py:2705} INFO - Sync 1 DAGs
[2023-10-20T04:44:57.865+0000] {logging_mixin.py:137} INFO - [2023-10-20T04:44:57.865+0000] {dag.py:3456} INFO - Setting next_dagrun for etl_sales_dashboard_mart_monthly_v1_3_batch1 to None, run_after=None
[2023-10-20T04:44:57.940+0000] {processor.py:175} INFO - Processing /opt/airflow/dags/etl_sales_dashboard_mart_monthly.py took 0.408 seconds
[2023-10-20T04:45:28.288+0000] {processor.py:153} INFO - Started process (PID=557) to work on /opt/airflow/dags/etl_sales_dashboard_mart_monthly.py
[2023-10-20T04:45:28.290+0000] {processor.py:743} INFO - Processing file /opt/airflow/dags/etl_sales_dashboard_mart_monthly.py for tasks to queue
[2023-10-20T04:45:28.292+0000] {logging_mixin.py:137} INFO - [2023-10-20T04:45:28.291+0000] {dagbag.py:532} INFO - Filling up the DagBag from /opt/airflow/dags/etl_sales_dashboard_mart_monthly.py
[2023-10-20T04:45:28.379+0000] {processor.py:753} INFO - DAG(s) dict_keys(['etl_sales_dashboard_mart_monthly_v1_3_batch1']) retrieved from /opt/airflow/dags/etl_sales_dashboard_mart_monthly.py
[2023-10-20T04:45:28.424+0000] {logging_mixin.py:137} INFO - [2023-10-20T04:45:28.424+0000] {dag.py:2705} INFO - Sync 1 DAGs
[2023-10-20T04:45:28.493+0000] {logging_mixin.py:137} INFO - [2023-10-20T04:45:28.492+0000] {dag.py:3456} INFO - Setting next_dagrun for etl_sales_dashboard_mart_monthly_v1_3_batch1 to None, run_after=None
[2023-10-20T04:45:28.537+0000] {processor.py:175} INFO - Processing /opt/airflow/dags/etl_sales_dashboard_mart_monthly.py took 0.256 seconds
[2023-10-20T04:45:59.233+0000] {processor.py:153} INFO - Started process (PID=592) to work on /opt/airflow/dags/etl_sales_dashboard_mart_monthly.py
[2023-10-20T04:45:59.237+0000] {processor.py:743} INFO - Processing file /opt/airflow/dags/etl_sales_dashboard_mart_monthly.py for tasks to queue
[2023-10-20T04:45:59.244+0000] {logging_mixin.py:137} INFO - [2023-10-20T04:45:59.244+0000] {dagbag.py:532} INFO - Filling up the DagBag from /opt/airflow/dags/etl_sales_dashboard_mart_monthly.py
[2023-10-20T04:45:59.428+0000] {processor.py:753} INFO - DAG(s) dict_keys(['etl_sales_dashboard_mart_monthly_v1_3_batch1']) retrieved from /opt/airflow/dags/etl_sales_dashboard_mart_monthly.py
[2023-10-20T04:45:59.578+0000] {logging_mixin.py:137} INFO - [2023-10-20T04:45:59.578+0000] {dag.py:2705} INFO - Sync 1 DAGs
[2023-10-20T04:45:59.717+0000] {logging_mixin.py:137} INFO - [2023-10-20T04:45:59.716+0000] {dag.py:3456} INFO - Setting next_dagrun for etl_sales_dashboard_mart_monthly_v1_3_batch1 to None, run_after=None
[2023-10-20T04:45:59.846+0000] {processor.py:175} INFO - Processing /opt/airflow/dags/etl_sales_dashboard_mart_monthly.py took 0.630 seconds
[2023-10-20T04:46:30.406+0000] {processor.py:153} INFO - Started process (PID=622) to work on /opt/airflow/dags/etl_sales_dashboard_mart_monthly.py
[2023-10-20T04:46:30.413+0000] {processor.py:743} INFO - Processing file /opt/airflow/dags/etl_sales_dashboard_mart_monthly.py for tasks to queue
[2023-10-20T04:46:30.416+0000] {logging_mixin.py:137} INFO - [2023-10-20T04:46:30.416+0000] {dagbag.py:532} INFO - Filling up the DagBag from /opt/airflow/dags/etl_sales_dashboard_mart_monthly.py
[2023-10-20T04:46:30.555+0000] {processor.py:753} INFO - DAG(s) dict_keys(['etl_sales_dashboard_mart_monthly_v1_3_batch1']) retrieved from /opt/airflow/dags/etl_sales_dashboard_mart_monthly.py
[2023-10-20T04:46:30.602+0000] {logging_mixin.py:137} INFO - [2023-10-20T04:46:30.602+0000] {dag.py:2705} INFO - Sync 1 DAGs
[2023-10-20T04:46:30.690+0000] {logging_mixin.py:137} INFO - [2023-10-20T04:46:30.690+0000] {dag.py:3456} INFO - Setting next_dagrun for etl_sales_dashboard_mart_monthly_v1_3_batch1 to None, run_after=None
[2023-10-20T04:46:30.764+0000] {processor.py:175} INFO - Processing /opt/airflow/dags/etl_sales_dashboard_mart_monthly.py took 0.375 seconds
[2023-10-20T04:47:01.155+0000] {processor.py:153} INFO - Started process (PID=645) to work on /opt/airflow/dags/etl_sales_dashboard_mart_monthly.py
[2023-10-20T04:47:01.160+0000] {processor.py:743} INFO - Processing file /opt/airflow/dags/etl_sales_dashboard_mart_monthly.py for tasks to queue
[2023-10-20T04:47:01.163+0000] {logging_mixin.py:137} INFO - [2023-10-20T04:47:01.163+0000] {dagbag.py:532} INFO - Filling up the DagBag from /opt/airflow/dags/etl_sales_dashboard_mart_monthly.py
[2023-10-20T04:47:01.731+0000] {processor.py:753} INFO - DAG(s) dict_keys(['etl_sales_dashboard_mart_monthly_v1_3_batch1']) retrieved from /opt/airflow/dags/etl_sales_dashboard_mart_monthly.py
[2023-10-20T04:47:02.267+0000] {logging_mixin.py:137} INFO - [2023-10-20T04:47:02.267+0000] {dag.py:2705} INFO - Sync 1 DAGs
[2023-10-20T04:47:02.609+0000] {logging_mixin.py:137} INFO - [2023-10-20T04:47:02.609+0000] {dag.py:3456} INFO - Setting next_dagrun for etl_sales_dashboard_mart_monthly_v1_3_batch1 to None, run_after=None
[2023-10-20T04:47:02.938+0000] {processor.py:175} INFO - Processing /opt/airflow/dags/etl_sales_dashboard_mart_monthly.py took 1.820 seconds
[2023-10-20T04:47:33.362+0000] {processor.py:153} INFO - Started process (PID=675) to work on /opt/airflow/dags/etl_sales_dashboard_mart_monthly.py
[2023-10-20T04:47:33.365+0000] {processor.py:743} INFO - Processing file /opt/airflow/dags/etl_sales_dashboard_mart_monthly.py for tasks to queue
[2023-10-20T04:47:33.367+0000] {logging_mixin.py:137} INFO - [2023-10-20T04:47:33.367+0000] {dagbag.py:532} INFO - Filling up the DagBag from /opt/airflow/dags/etl_sales_dashboard_mart_monthly.py
[2023-10-20T04:47:33.498+0000] {processor.py:753} INFO - DAG(s) dict_keys(['etl_sales_dashboard_mart_monthly_v1_3_batch1']) retrieved from /opt/airflow/dags/etl_sales_dashboard_mart_monthly.py
[2023-10-20T04:47:33.542+0000] {logging_mixin.py:137} INFO - [2023-10-20T04:47:33.541+0000] {dag.py:2705} INFO - Sync 1 DAGs
[2023-10-20T04:47:33.639+0000] {logging_mixin.py:137} INFO - [2023-10-20T04:47:33.639+0000] {dag.py:3456} INFO - Setting next_dagrun for etl_sales_dashboard_mart_monthly_v1_3_batch1 to None, run_after=None
[2023-10-20T04:47:33.834+0000] {processor.py:175} INFO - Processing /opt/airflow/dags/etl_sales_dashboard_mart_monthly.py took 0.483 seconds
[2023-10-20T04:48:26.874+0000] {processor.py:153} INFO - Started process (PID=707) to work on /opt/airflow/dags/etl_sales_dashboard_mart_monthly.py
[2023-10-20T04:48:26.886+0000] {processor.py:743} INFO - Processing file /opt/airflow/dags/etl_sales_dashboard_mart_monthly.py for tasks to queue
[2023-10-20T04:48:26.899+0000] {logging_mixin.py:137} INFO - [2023-10-20T04:48:26.898+0000] {dagbag.py:532} INFO - Filling up the DagBag from /opt/airflow/dags/etl_sales_dashboard_mart_monthly.py
[2023-10-20T04:48:27.328+0000] {processor.py:753} INFO - DAG(s) dict_keys(['etl_sales_dashboard_mart_monthly_v1_3_batch1']) retrieved from /opt/airflow/dags/etl_sales_dashboard_mart_monthly.py
[2023-10-20T04:48:27.459+0000] {logging_mixin.py:137} INFO - [2023-10-20T04:48:27.458+0000] {dag.py:2705} INFO - Sync 1 DAGs
[2023-10-20T04:48:28.159+0000] {logging_mixin.py:137} INFO - [2023-10-20T04:48:28.158+0000] {dag.py:3456} INFO - Setting next_dagrun for etl_sales_dashboard_mart_monthly_v1_3_batch1 to None, run_after=None
[2023-10-20T04:48:28.304+0000] {processor.py:175} INFO - Processing /opt/airflow/dags/etl_sales_dashboard_mart_monthly.py took 4.124 seconds
[2023-10-20T05:49:06.791+0000] {processor.py:153} INFO - Started process (PID=743) to work on /opt/airflow/dags/etl_sales_dashboard_mart_monthly.py
[2023-10-20T05:49:06.803+0000] {processor.py:743} INFO - Processing file /opt/airflow/dags/etl_sales_dashboard_mart_monthly.py for tasks to queue
[2023-10-20T05:49:06.822+0000] {logging_mixin.py:137} INFO - [2023-10-20T05:49:06.820+0000] {dagbag.py:532} INFO - Filling up the DagBag from /opt/airflow/dags/etl_sales_dashboard_mart_monthly.py
[2023-10-20T05:49:07.081+0000] {processor.py:753} INFO - DAG(s) dict_keys(['etl_sales_dashboard_mart_monthly_v1_3_batch1']) retrieved from /opt/airflow/dags/etl_sales_dashboard_mart_monthly.py
[2023-10-20T05:49:07.251+0000] {logging_mixin.py:137} INFO - [2023-10-20T05:49:07.250+0000] {dag.py:2705} INFO - Sync 1 DAGs
[2023-10-20T05:49:07.538+0000] {logging_mixin.py:137} INFO - [2023-10-20T05:49:07.538+0000] {dag.py:3456} INFO - Setting next_dagrun for etl_sales_dashboard_mart_monthly_v1_3_batch1 to None, run_after=None
[2023-10-20T05:49:07.676+0000] {processor.py:175} INFO - Processing /opt/airflow/dags/etl_sales_dashboard_mart_monthly.py took 0.919 seconds
[2023-10-20T05:49:37.903+0000] {processor.py:153} INFO - Started process (PID=767) to work on /opt/airflow/dags/etl_sales_dashboard_mart_monthly.py
[2023-10-20T05:49:37.911+0000] {processor.py:743} INFO - Processing file /opt/airflow/dags/etl_sales_dashboard_mart_monthly.py for tasks to queue
[2023-10-20T05:49:37.914+0000] {logging_mixin.py:137} INFO - [2023-10-20T05:49:37.913+0000] {dagbag.py:532} INFO - Filling up the DagBag from /opt/airflow/dags/etl_sales_dashboard_mart_monthly.py
[2023-10-20T05:49:38.042+0000] {processor.py:753} INFO - DAG(s) dict_keys(['etl_sales_dashboard_mart_monthly_v1_3_batch1']) retrieved from /opt/airflow/dags/etl_sales_dashboard_mart_monthly.py
[2023-10-20T05:49:38.106+0000] {logging_mixin.py:137} INFO - [2023-10-20T05:49:38.106+0000] {dag.py:2705} INFO - Sync 1 DAGs
[2023-10-20T05:49:38.196+0000] {logging_mixin.py:137} INFO - [2023-10-20T05:49:38.196+0000] {dag.py:3456} INFO - Setting next_dagrun for etl_sales_dashboard_mart_monthly_v1_3_batch1 to None, run_after=None
[2023-10-20T05:49:38.269+0000] {processor.py:175} INFO - Processing /opt/airflow/dags/etl_sales_dashboard_mart_monthly.py took 0.376 seconds
[2023-10-20T05:50:08.864+0000] {processor.py:153} INFO - Started process (PID=797) to work on /opt/airflow/dags/etl_sales_dashboard_mart_monthly.py
[2023-10-20T05:50:08.870+0000] {processor.py:743} INFO - Processing file /opt/airflow/dags/etl_sales_dashboard_mart_monthly.py for tasks to queue
[2023-10-20T05:50:08.878+0000] {logging_mixin.py:137} INFO - [2023-10-20T05:50:08.878+0000] {dagbag.py:532} INFO - Filling up the DagBag from /opt/airflow/dags/etl_sales_dashboard_mart_monthly.py
[2023-10-20T05:50:09.162+0000] {processor.py:753} INFO - DAG(s) dict_keys(['etl_sales_dashboard_mart_monthly_v1_3_batch1']) retrieved from /opt/airflow/dags/etl_sales_dashboard_mart_monthly.py
[2023-10-20T05:50:09.429+0000] {logging_mixin.py:137} INFO - [2023-10-20T05:50:09.408+0000] {dag.py:2705} INFO - Sync 1 DAGs
[2023-10-20T05:50:09.981+0000] {logging_mixin.py:137} INFO - [2023-10-20T05:50:09.980+0000] {dag.py:3456} INFO - Setting next_dagrun for etl_sales_dashboard_mart_monthly_v1_3_batch1 to None, run_after=None
[2023-10-20T05:50:10.098+0000] {processor.py:175} INFO - Processing /opt/airflow/dags/etl_sales_dashboard_mart_monthly.py took 1.253 seconds
[2023-10-20T05:50:40.630+0000] {processor.py:153} INFO - Started process (PID=821) to work on /opt/airflow/dags/etl_sales_dashboard_mart_monthly.py
[2023-10-20T05:50:40.659+0000] {processor.py:743} INFO - Processing file /opt/airflow/dags/etl_sales_dashboard_mart_monthly.py for tasks to queue
[2023-10-20T05:50:40.672+0000] {logging_mixin.py:137} INFO - [2023-10-20T05:50:40.671+0000] {dagbag.py:532} INFO - Filling up the DagBag from /opt/airflow/dags/etl_sales_dashboard_mart_monthly.py
[2023-10-20T05:50:41.034+0000] {processor.py:753} INFO - DAG(s) dict_keys(['etl_sales_dashboard_mart_monthly_v1_3_batch1']) retrieved from /opt/airflow/dags/etl_sales_dashboard_mart_monthly.py
[2023-10-20T05:50:41.407+0000] {logging_mixin.py:137} INFO - [2023-10-20T05:50:41.407+0000] {dag.py:2705} INFO - Sync 1 DAGs
[2023-10-20T05:50:41.620+0000] {logging_mixin.py:137} INFO - [2023-10-20T05:50:41.620+0000] {dag.py:3456} INFO - Setting next_dagrun for etl_sales_dashboard_mart_monthly_v1_3_batch1 to None, run_after=None
[2023-10-20T05:50:41.824+0000] {processor.py:175} INFO - Processing /opt/airflow/dags/etl_sales_dashboard_mart_monthly.py took 1.239 seconds
[2023-10-20T05:51:12.287+0000] {processor.py:153} INFO - Started process (PID=853) to work on /opt/airflow/dags/etl_sales_dashboard_mart_monthly.py
[2023-10-20T05:51:12.292+0000] {processor.py:743} INFO - Processing file /opt/airflow/dags/etl_sales_dashboard_mart_monthly.py for tasks to queue
[2023-10-20T05:51:12.303+0000] {logging_mixin.py:137} INFO - [2023-10-20T05:51:12.297+0000] {dagbag.py:532} INFO - Filling up the DagBag from /opt/airflow/dags/etl_sales_dashboard_mart_monthly.py
[2023-10-20T05:51:12.573+0000] {processor.py:753} INFO - DAG(s) dict_keys(['etl_sales_dashboard_mart_monthly_v1_3_batch1']) retrieved from /opt/airflow/dags/etl_sales_dashboard_mart_monthly.py
[2023-10-20T05:51:13.286+0000] {logging_mixin.py:137} INFO - [2023-10-20T05:51:13.285+0000] {dag.py:2705} INFO - Sync 1 DAGs
[2023-10-20T05:51:15.106+0000] {logging_mixin.py:137} INFO - [2023-10-20T05:51:15.105+0000] {dag.py:3456} INFO - Setting next_dagrun for etl_sales_dashboard_mart_monthly_v1_3_batch1 to None, run_after=None
[2023-10-20T05:51:15.471+0000] {processor.py:175} INFO - Processing /opt/airflow/dags/etl_sales_dashboard_mart_monthly.py took 1.979 seconds
[2023-10-20T05:51:49.740+0000] {processor.py:153} INFO - Started process (PID=880) to work on /opt/airflow/dags/etl_sales_dashboard_mart_monthly.py
[2023-10-20T05:51:49.770+0000] {processor.py:743} INFO - Processing file /opt/airflow/dags/etl_sales_dashboard_mart_monthly.py for tasks to queue
[2023-10-20T05:51:49.861+0000] {logging_mixin.py:137} INFO - [2023-10-20T05:51:49.853+0000] {dagbag.py:532} INFO - Filling up the DagBag from /opt/airflow/dags/etl_sales_dashboard_mart_monthly.py
[2023-10-20T05:51:50.579+0000] {processor.py:753} INFO - DAG(s) dict_keys(['etl_sales_dashboard_mart_monthly_v1_3_batch1']) retrieved from /opt/airflow/dags/etl_sales_dashboard_mart_monthly.py
[2023-10-20T05:51:51.156+0000] {logging_mixin.py:137} INFO - [2023-10-20T05:51:51.156+0000] {dag.py:2705} INFO - Sync 1 DAGs
[2023-10-20T05:51:51.460+0000] {logging_mixin.py:137} INFO - [2023-10-20T05:51:51.460+0000] {dag.py:3456} INFO - Setting next_dagrun for etl_sales_dashboard_mart_monthly_v1_3_batch1 to None, run_after=None
[2023-10-20T05:51:51.614+0000] {processor.py:175} INFO - Processing /opt/airflow/dags/etl_sales_dashboard_mart_monthly.py took 1.945 seconds
[2023-10-20T05:52:27.436+0000] {processor.py:153} INFO - Started process (PID=908) to work on /opt/airflow/dags/etl_sales_dashboard_mart_monthly.py
[2023-10-20T05:52:27.445+0000] {processor.py:743} INFO - Processing file /opt/airflow/dags/etl_sales_dashboard_mart_monthly.py for tasks to queue
[2023-10-20T05:52:27.448+0000] {logging_mixin.py:137} INFO - [2023-10-20T05:52:27.447+0000] {dagbag.py:532} INFO - Filling up the DagBag from /opt/airflow/dags/etl_sales_dashboard_mart_monthly.py
[2023-10-20T05:52:27.990+0000] {processor.py:753} INFO - DAG(s) dict_keys(['etl_sales_dashboard_mart_monthly_v1_3_batch1']) retrieved from /opt/airflow/dags/etl_sales_dashboard_mart_monthly.py
[2023-10-20T05:52:28.227+0000] {logging_mixin.py:137} INFO - [2023-10-20T05:52:28.227+0000] {dag.py:2705} INFO - Sync 1 DAGs
[2023-10-20T05:52:28.572+0000] {logging_mixin.py:137} INFO - [2023-10-20T05:52:28.571+0000] {dag.py:3456} INFO - Setting next_dagrun for etl_sales_dashboard_mart_monthly_v1_3_batch1 to None, run_after=None
[2023-10-20T05:52:28.904+0000] {processor.py:175} INFO - Processing /opt/airflow/dags/etl_sales_dashboard_mart_monthly.py took 1.525 seconds
[2023-10-20T05:52:59.077+0000] {processor.py:153} INFO - Started process (PID=933) to work on /opt/airflow/dags/etl_sales_dashboard_mart_monthly.py
[2023-10-20T05:52:59.080+0000] {processor.py:743} INFO - Processing file /opt/airflow/dags/etl_sales_dashboard_mart_monthly.py for tasks to queue
[2023-10-20T05:52:59.086+0000] {logging_mixin.py:137} INFO - [2023-10-20T05:52:59.085+0000] {dagbag.py:532} INFO - Filling up the DagBag from /opt/airflow/dags/etl_sales_dashboard_mart_monthly.py
[2023-10-20T05:52:59.162+0000] {processor.py:753} INFO - DAG(s) dict_keys(['etl_sales_dashboard_mart_monthly_v1_3_batch1']) retrieved from /opt/airflow/dags/etl_sales_dashboard_mart_monthly.py
[2023-10-20T05:52:59.195+0000] {logging_mixin.py:137} INFO - [2023-10-20T05:52:59.195+0000] {dag.py:2705} INFO - Sync 1 DAGs
[2023-10-20T05:52:59.256+0000] {logging_mixin.py:137} INFO - [2023-10-20T05:52:59.256+0000] {dag.py:3456} INFO - Setting next_dagrun for etl_sales_dashboard_mart_monthly_v1_3_batch1 to None, run_after=None
[2023-10-20T05:52:59.310+0000] {processor.py:175} INFO - Processing /opt/airflow/dags/etl_sales_dashboard_mart_monthly.py took 0.241 seconds
[2023-10-20T05:53:29.382+0000] {processor.py:153} INFO - Started process (PID=965) to work on /opt/airflow/dags/etl_sales_dashboard_mart_monthly.py
[2023-10-20T05:53:29.384+0000] {processor.py:743} INFO - Processing file /opt/airflow/dags/etl_sales_dashboard_mart_monthly.py for tasks to queue
[2023-10-20T05:53:29.387+0000] {logging_mixin.py:137} INFO - [2023-10-20T05:53:29.387+0000] {dagbag.py:532} INFO - Filling up the DagBag from /opt/airflow/dags/etl_sales_dashboard_mart_monthly.py
[2023-10-20T05:53:29.465+0000] {processor.py:753} INFO - DAG(s) dict_keys(['etl_sales_dashboard_mart_monthly_v1_3_batch1']) retrieved from /opt/airflow/dags/etl_sales_dashboard_mart_monthly.py
[2023-10-20T05:53:29.495+0000] {logging_mixin.py:137} INFO - [2023-10-20T05:53:29.495+0000] {dag.py:2705} INFO - Sync 1 DAGs
[2023-10-20T05:53:29.544+0000] {logging_mixin.py:137} INFO - [2023-10-20T05:53:29.544+0000] {dag.py:3456} INFO - Setting next_dagrun for etl_sales_dashboard_mart_monthly_v1_3_batch1 to None, run_after=None
[2023-10-20T05:53:29.588+0000] {processor.py:175} INFO - Processing /opt/airflow/dags/etl_sales_dashboard_mart_monthly.py took 0.212 seconds
[2023-10-20T05:54:00.177+0000] {processor.py:153} INFO - Started process (PID=997) to work on /opt/airflow/dags/etl_sales_dashboard_mart_monthly.py
[2023-10-20T05:54:00.182+0000] {processor.py:743} INFO - Processing file /opt/airflow/dags/etl_sales_dashboard_mart_monthly.py for tasks to queue
[2023-10-20T05:54:00.191+0000] {logging_mixin.py:137} INFO - [2023-10-20T05:54:00.190+0000] {dagbag.py:532} INFO - Filling up the DagBag from /opt/airflow/dags/etl_sales_dashboard_mart_monthly.py
[2023-10-20T05:54:00.565+0000] {processor.py:753} INFO - DAG(s) dict_keys(['etl_sales_dashboard_mart_monthly_v1_3_batch1']) retrieved from /opt/airflow/dags/etl_sales_dashboard_mart_monthly.py
[2023-10-20T05:54:00.864+0000] {logging_mixin.py:137} INFO - [2023-10-20T05:54:00.863+0000] {dag.py:2705} INFO - Sync 1 DAGs
[2023-10-20T05:54:01.019+0000] {logging_mixin.py:137} INFO - [2023-10-20T05:54:01.017+0000] {dag.py:3456} INFO - Setting next_dagrun for etl_sales_dashboard_mart_monthly_v1_3_batch1 to None, run_after=None
[2023-10-20T05:54:01.166+0000] {processor.py:175} INFO - Processing /opt/airflow/dags/etl_sales_dashboard_mart_monthly.py took 1.023 seconds
