[2023-10-20T04:36:58.199+0000] {processor.py:153} INFO - Started process (PID=75) to work on /opt/airflow/dags/etl_tax_report_mart_daily.py
[2023-10-20T04:36:58.210+0000] {processor.py:743} INFO - Processing file /opt/airflow/dags/etl_tax_report_mart_daily.py for tasks to queue
[2023-10-20T04:36:58.218+0000] {logging_mixin.py:137} INFO - [2023-10-20T04:36:58.218+0000] {dagbag.py:532} INFO - Filling up the DagBag from /opt/airflow/dags/etl_tax_report_mart_daily.py
[2023-10-20T04:36:58.657+0000] {processor.py:753} INFO - DAG(s) dict_keys(['etl_tax_report_mart_daily_v0_1_batch1']) retrieved from /opt/airflow/dags/etl_tax_report_mart_daily.py
[2023-10-20T04:36:58.783+0000] {logging_mixin.py:137} INFO - [2023-10-20T04:36:58.783+0000] {dag.py:2705} INFO - Sync 1 DAGs
[2023-10-20T04:36:59.345+0000] {logging_mixin.py:137} INFO - [2023-10-20T04:36:59.345+0000] {dag.py:3456} INFO - Setting next_dagrun for etl_tax_report_mart_daily_v0_1_batch1 to 2023-10-15T18:00:00+00:00, run_after=2023-10-16T18:00:00+00:00
[2023-10-20T04:36:59.538+0000] {processor.py:175} INFO - Processing /opt/airflow/dags/etl_tax_report_mart_daily.py took 1.374 seconds
[2023-10-20T04:37:34.194+0000] {processor.py:153} INFO - Started process (PID=106) to work on /opt/airflow/dags/etl_tax_report_mart_daily.py
[2023-10-20T04:37:34.210+0000] {processor.py:743} INFO - Processing file /opt/airflow/dags/etl_tax_report_mart_daily.py for tasks to queue
[2023-10-20T04:37:34.301+0000] {logging_mixin.py:137} INFO - [2023-10-20T04:37:34.301+0000] {dagbag.py:532} INFO - Filling up the DagBag from /opt/airflow/dags/etl_tax_report_mart_daily.py
[2023-10-20T04:37:35.478+0000] {processor.py:753} INFO - DAG(s) dict_keys(['etl_tax_report_mart_daily_v0_1_batch1']) retrieved from /opt/airflow/dags/etl_tax_report_mart_daily.py
[2023-10-20T04:37:36.027+0000] {logging_mixin.py:137} INFO - [2023-10-20T04:37:36.026+0000] {dag.py:2705} INFO - Sync 1 DAGs
[2023-10-20T04:37:36.827+0000] {logging_mixin.py:137} INFO - [2023-10-20T04:37:36.826+0000] {dag.py:3456} INFO - Setting next_dagrun for etl_tax_report_mart_daily_v0_1_batch1 to 2023-10-15T18:00:00+00:00, run_after=2023-10-16T18:00:00+00:00
[2023-10-20T04:37:37.223+0000] {processor.py:175} INFO - Processing /opt/airflow/dags/etl_tax_report_mart_daily.py took 3.173 seconds
[2023-10-20T04:38:07.516+0000] {processor.py:153} INFO - Started process (PID=128) to work on /opt/airflow/dags/etl_tax_report_mart_daily.py
[2023-10-20T04:38:07.527+0000] {processor.py:743} INFO - Processing file /opt/airflow/dags/etl_tax_report_mart_daily.py for tasks to queue
[2023-10-20T04:38:07.534+0000] {logging_mixin.py:137} INFO - [2023-10-20T04:38:07.534+0000] {dagbag.py:532} INFO - Filling up the DagBag from /opt/airflow/dags/etl_tax_report_mart_daily.py
[2023-10-20T04:38:07.730+0000] {processor.py:753} INFO - DAG(s) dict_keys(['etl_tax_report_mart_daily_v0_1_batch1']) retrieved from /opt/airflow/dags/etl_tax_report_mart_daily.py
[2023-10-20T04:38:07.773+0000] {logging_mixin.py:137} INFO - [2023-10-20T04:38:07.772+0000] {dag.py:2705} INFO - Sync 1 DAGs
[2023-10-20T04:38:07.873+0000] {logging_mixin.py:137} INFO - [2023-10-20T04:38:07.872+0000] {dag.py:3456} INFO - Setting next_dagrun for etl_tax_report_mart_daily_v0_1_batch1 to 2023-10-15T18:00:00+00:00, run_after=2023-10-16T18:00:00+00:00
[2023-10-20T04:38:07.975+0000] {processor.py:175} INFO - Processing /opt/airflow/dags/etl_tax_report_mart_daily.py took 0.474 seconds
[2023-10-20T04:38:23.335+0000] {processor.py:153} INFO - Started process (PID=146) to work on /opt/airflow/dags/etl_tax_report_mart_daily.py
[2023-10-20T04:38:23.344+0000] {processor.py:743} INFO - Processing file /opt/airflow/dags/etl_tax_report_mart_daily.py for tasks to queue
[2023-10-20T04:38:23.350+0000] {logging_mixin.py:137} INFO - [2023-10-20T04:38:23.349+0000] {dagbag.py:532} INFO - Filling up the DagBag from /opt/airflow/dags/etl_tax_report_mart_daily.py
[2023-10-20T04:38:23.495+0000] {logging_mixin.py:137} INFO - [2023-10-20T04:38:23.486+0000] {dagbag.py:341} ERROR - Failed to import: /opt/airflow/dags/etl_tax_report_mart_daily.py
Traceback (most recent call last):
  File "/home/airflow/.local/lib/python3.7/site-packages/airflow/models/dagbag.py", line 337, in parse
    loader.exec_module(new_module)
  File "<frozen importlib._bootstrap_external>", line 728, in exec_module
  File "<frozen importlib._bootstrap>", line 219, in _call_with_frames_removed
  File "/opt/airflow/dags/etl_tax_report_mart_daily.py", line 102, in <module>
    globals()[dag_id] = create_dag(dag_id, version, CONFIG['tasks'])
  File "/opt/airflow/dags/etl_tax_report_mart_daily.py", line 95, in create_dag
    init >> external_sensor >> wait_join  >> load_extract_marts  >> join >> end
NameError: name 'external_sensor' is not defined
[2023-10-20T04:38:23.497+0000] {processor.py:755} WARNING - No viable dags retrieved from /opt/airflow/dags/etl_tax_report_mart_daily.py
[2023-10-20T04:38:23.559+0000] {processor.py:175} INFO - Processing /opt/airflow/dags/etl_tax_report_mart_daily.py took 0.237 seconds
[2023-10-20T04:38:29.546+0000] {processor.py:153} INFO - Started process (PID=153) to work on /opt/airflow/dags/etl_tax_report_mart_daily.py
[2023-10-20T04:38:29.564+0000] {processor.py:743} INFO - Processing file /opt/airflow/dags/etl_tax_report_mart_daily.py for tasks to queue
[2023-10-20T04:38:29.570+0000] {logging_mixin.py:137} INFO - [2023-10-20T04:38:29.570+0000] {dagbag.py:532} INFO - Filling up the DagBag from /opt/airflow/dags/etl_tax_report_mart_daily.py
[2023-10-20T04:38:30.010+0000] {processor.py:753} INFO - DAG(s) dict_keys(['etl_tax_report_mart_daily_v0_1_batch1']) retrieved from /opt/airflow/dags/etl_tax_report_mart_daily.py
[2023-10-20T04:38:30.603+0000] {logging_mixin.py:137} INFO - [2023-10-20T04:38:30.602+0000] {dag.py:2705} INFO - Sync 1 DAGs
[2023-10-20T04:38:30.843+0000] {logging_mixin.py:137} INFO - [2023-10-20T04:38:30.843+0000] {dag.py:3456} INFO - Setting next_dagrun for etl_tax_report_mart_daily_v0_1_batch1 to 2023-10-15T18:00:00+00:00, run_after=2023-10-16T18:00:00+00:00
[2023-10-20T04:38:31.187+0000] {processor.py:175} INFO - Processing /opt/airflow/dags/etl_tax_report_mart_daily.py took 1.679 seconds
[2023-10-20T04:39:01.828+0000] {processor.py:153} INFO - Started process (PID=178) to work on /opt/airflow/dags/etl_tax_report_mart_daily.py
[2023-10-20T04:39:01.830+0000] {processor.py:743} INFO - Processing file /opt/airflow/dags/etl_tax_report_mart_daily.py for tasks to queue
[2023-10-20T04:39:01.832+0000] {logging_mixin.py:137} INFO - [2023-10-20T04:39:01.832+0000] {dagbag.py:532} INFO - Filling up the DagBag from /opt/airflow/dags/etl_tax_report_mart_daily.py
[2023-10-20T04:39:01.947+0000] {processor.py:753} INFO - DAG(s) dict_keys(['etl_tax_report_mart_daily_v0_1_batch1']) retrieved from /opt/airflow/dags/etl_tax_report_mart_daily.py
[2023-10-20T04:39:01.994+0000] {logging_mixin.py:137} INFO - [2023-10-20T04:39:01.993+0000] {dag.py:2705} INFO - Sync 1 DAGs
[2023-10-20T04:39:02.074+0000] {logging_mixin.py:137} INFO - [2023-10-20T04:39:02.074+0000] {dag.py:3456} INFO - Setting next_dagrun for etl_tax_report_mart_daily_v0_1_batch1 to 2023-10-15T18:00:00+00:00, run_after=2023-10-16T18:00:00+00:00
[2023-10-20T04:39:02.157+0000] {processor.py:175} INFO - Processing /opt/airflow/dags/etl_tax_report_mart_daily.py took 0.337 seconds
[2023-10-20T04:39:32.443+0000] {processor.py:153} INFO - Started process (PID=209) to work on /opt/airflow/dags/etl_tax_report_mart_daily.py
[2023-10-20T04:39:32.454+0000] {processor.py:743} INFO - Processing file /opt/airflow/dags/etl_tax_report_mart_daily.py for tasks to queue
[2023-10-20T04:39:32.459+0000] {logging_mixin.py:137} INFO - [2023-10-20T04:39:32.458+0000] {dagbag.py:532} INFO - Filling up the DagBag from /opt/airflow/dags/etl_tax_report_mart_daily.py
[2023-10-20T04:39:32.601+0000] {processor.py:753} INFO - DAG(s) dict_keys(['etl_tax_report_mart_daily_v0_1_batch1']) retrieved from /opt/airflow/dags/etl_tax_report_mart_daily.py
[2023-10-20T04:39:32.645+0000] {logging_mixin.py:137} INFO - [2023-10-20T04:39:32.644+0000] {dag.py:2705} INFO - Sync 1 DAGs
[2023-10-20T04:39:32.719+0000] {logging_mixin.py:137} INFO - [2023-10-20T04:39:32.719+0000] {dag.py:3456} INFO - Setting next_dagrun for etl_tax_report_mart_daily_v0_1_batch1 to 2023-10-15T18:00:00+00:00, run_after=2023-10-16T18:00:00+00:00
[2023-10-20T04:39:32.813+0000] {processor.py:175} INFO - Processing /opt/airflow/dags/etl_tax_report_mart_daily.py took 0.387 seconds
[2023-10-20T04:39:57.275+0000] {processor.py:153} INFO - Started process (PID=230) to work on /opt/airflow/dags/etl_tax_report_mart_daily.py
[2023-10-20T04:39:57.297+0000] {processor.py:743} INFO - Processing file /opt/airflow/dags/etl_tax_report_mart_daily.py for tasks to queue
[2023-10-20T04:39:57.306+0000] {logging_mixin.py:137} INFO - [2023-10-20T04:39:57.305+0000] {dagbag.py:532} INFO - Filling up the DagBag from /opt/airflow/dags/etl_tax_report_mart_daily.py
[2023-10-20T04:39:57.833+0000] {logging_mixin.py:137} INFO - [2023-10-20T04:39:57.821+0000] {dagbag.py:341} ERROR - Failed to import: /opt/airflow/dags/etl_tax_report_mart_daily.py
Traceback (most recent call last):
  File "/home/airflow/.local/lib/python3.7/site-packages/airflow/models/dagbag.py", line 337, in parse
    loader.exec_module(new_module)
  File "<frozen importlib._bootstrap_external>", line 728, in exec_module
  File "<frozen importlib._bootstrap>", line 219, in _call_with_frames_removed
  File "/opt/airflow/dags/etl_tax_report_mart_daily.py", line 102, in <module>
    globals()[dag_id] = create_dag(dag_id, version, CONFIG['tasks'])
  File "/opt/airflow/dags/etl_tax_report_mart_daily.py", line 95, in create_dag
    init  >> wait_join  >> load_extract_marts  >> join >> end
NameError: name 'wait_join' is not defined
[2023-10-20T04:39:57.836+0000] {processor.py:755} WARNING - No viable dags retrieved from /opt/airflow/dags/etl_tax_report_mart_daily.py
[2023-10-20T04:39:57.936+0000] {processor.py:175} INFO - Processing /opt/airflow/dags/etl_tax_report_mart_daily.py took 0.852 seconds
[2023-10-20T04:40:02.221+0000] {processor.py:153} INFO - Started process (PID=231) to work on /opt/airflow/dags/etl_tax_report_mart_daily.py
[2023-10-20T04:40:02.249+0000] {processor.py:743} INFO - Processing file /opt/airflow/dags/etl_tax_report_mart_daily.py for tasks to queue
[2023-10-20T04:40:02.263+0000] {logging_mixin.py:137} INFO - [2023-10-20T04:40:02.263+0000] {dagbag.py:532} INFO - Filling up the DagBag from /opt/airflow/dags/etl_tax_report_mart_daily.py
[2023-10-20T04:40:02.884+0000] {processor.py:753} INFO - DAG(s) dict_keys(['etl_tax_report_mart_daily_v0_1_batch1']) retrieved from /opt/airflow/dags/etl_tax_report_mart_daily.py
[2023-10-20T04:40:03.430+0000] {logging_mixin.py:137} INFO - [2023-10-20T04:40:03.429+0000] {dag.py:2705} INFO - Sync 1 DAGs
[2023-10-20T04:40:03.719+0000] {logging_mixin.py:137} INFO - [2023-10-20T04:40:03.718+0000] {dag.py:3456} INFO - Setting next_dagrun for etl_tax_report_mart_daily_v0_1_batch1 to 2023-10-15T18:00:00+00:00, run_after=2023-10-16T18:00:00+00:00
[2023-10-20T04:40:03.856+0000] {processor.py:175} INFO - Processing /opt/airflow/dags/etl_tax_report_mart_daily.py took 1.715 seconds
[2023-10-20T04:40:23.398+0000] {processor.py:153} INFO - Started process (PID=262) to work on /opt/airflow/dags/etl_tax_report_mart_daily.py
[2023-10-20T04:40:23.427+0000] {processor.py:743} INFO - Processing file /opt/airflow/dags/etl_tax_report_mart_daily.py for tasks to queue
[2023-10-20T04:40:23.434+0000] {logging_mixin.py:137} INFO - [2023-10-20T04:40:23.434+0000] {dagbag.py:532} INFO - Filling up the DagBag from /opt/airflow/dags/etl_tax_report_mart_daily.py
[2023-10-20T04:40:23.698+0000] {processor.py:753} INFO - DAG(s) dict_keys(['etl_tax_report_mart_daily_v0_1_batch1']) retrieved from /opt/airflow/dags/etl_tax_report_mart_daily.py
[2023-10-20T04:40:23.724+0000] {logging_mixin.py:137} INFO - [2023-10-20T04:40:23.723+0000] {dag.py:2705} INFO - Sync 1 DAGs
[2023-10-20T04:40:23.852+0000] {logging_mixin.py:137} INFO - [2023-10-20T04:40:23.852+0000] {dag.py:3456} INFO - Setting next_dagrun for etl_tax_report_mart_daily_v0_1_batch1 to 2023-10-15T18:00:00+00:00, run_after=2023-10-16T18:00:00+00:00
[2023-10-20T04:40:24.012+0000] {processor.py:175} INFO - Processing /opt/airflow/dags/etl_tax_report_mart_daily.py took 0.635 seconds
[2023-10-20T04:40:54.213+0000] {processor.py:153} INFO - Started process (PID=286) to work on /opt/airflow/dags/etl_tax_report_mart_daily.py
[2023-10-20T04:40:54.225+0000] {processor.py:743} INFO - Processing file /opt/airflow/dags/etl_tax_report_mart_daily.py for tasks to queue
[2023-10-20T04:40:54.228+0000] {logging_mixin.py:137} INFO - [2023-10-20T04:40:54.227+0000] {dagbag.py:532} INFO - Filling up the DagBag from /opt/airflow/dags/etl_tax_report_mart_daily.py
[2023-10-20T04:40:54.366+0000] {processor.py:753} INFO - DAG(s) dict_keys(['etl_tax_report_mart_daily_v0_1_batch1']) retrieved from /opt/airflow/dags/etl_tax_report_mart_daily.py
[2023-10-20T04:40:54.478+0000] {logging_mixin.py:137} INFO - [2023-10-20T04:40:54.478+0000] {dag.py:2705} INFO - Sync 1 DAGs
[2023-10-20T04:40:54.540+0000] {logging_mixin.py:137} INFO - [2023-10-20T04:40:54.539+0000] {dag.py:3456} INFO - Setting next_dagrun for etl_tax_report_mart_daily_v0_1_batch1 to 2023-10-15T18:00:00+00:00, run_after=2023-10-16T18:00:00+00:00
[2023-10-20T04:40:54.600+0000] {processor.py:175} INFO - Processing /opt/airflow/dags/etl_tax_report_mart_daily.py took 0.396 seconds
[2023-10-20T04:41:25.287+0000] {processor.py:153} INFO - Started process (PID=318) to work on /opt/airflow/dags/etl_tax_report_mart_daily.py
[2023-10-20T04:41:25.290+0000] {processor.py:743} INFO - Processing file /opt/airflow/dags/etl_tax_report_mart_daily.py for tasks to queue
[2023-10-20T04:41:25.359+0000] {logging_mixin.py:137} INFO - [2023-10-20T04:41:25.359+0000] {dagbag.py:532} INFO - Filling up the DagBag from /opt/airflow/dags/etl_tax_report_mart_daily.py
[2023-10-20T04:41:25.580+0000] {processor.py:753} INFO - DAG(s) dict_keys(['etl_tax_report_mart_daily_v0_1_batch1']) retrieved from /opt/airflow/dags/etl_tax_report_mart_daily.py
[2023-10-20T04:41:25.634+0000] {logging_mixin.py:137} INFO - [2023-10-20T04:41:25.633+0000] {dag.py:2705} INFO - Sync 1 DAGs
[2023-10-20T04:41:25.740+0000] {logging_mixin.py:137} INFO - [2023-10-20T04:41:25.739+0000] {dag.py:3456} INFO - Setting next_dagrun for etl_tax_report_mart_daily_v0_1_batch1 to 2023-10-15T18:00:00+00:00, run_after=2023-10-16T18:00:00+00:00
[2023-10-20T04:41:25.819+0000] {processor.py:175} INFO - Processing /opt/airflow/dags/etl_tax_report_mart_daily.py took 0.585 seconds
[2023-10-20T04:41:56.699+0000] {processor.py:153} INFO - Started process (PID=350) to work on /opt/airflow/dags/etl_tax_report_mart_daily.py
[2023-10-20T04:41:56.703+0000] {processor.py:743} INFO - Processing file /opt/airflow/dags/etl_tax_report_mart_daily.py for tasks to queue
[2023-10-20T04:41:56.706+0000] {logging_mixin.py:137} INFO - [2023-10-20T04:41:56.705+0000] {dagbag.py:532} INFO - Filling up the DagBag from /opt/airflow/dags/etl_tax_report_mart_daily.py
[2023-10-20T04:41:56.812+0000] {processor.py:753} INFO - DAG(s) dict_keys(['etl_tax_report_mart_daily_v0_1_batch1']) retrieved from /opt/airflow/dags/etl_tax_report_mart_daily.py
[2023-10-20T04:41:56.843+0000] {logging_mixin.py:137} INFO - [2023-10-20T04:41:56.843+0000] {dag.py:2705} INFO - Sync 1 DAGs
[2023-10-20T04:41:56.923+0000] {logging_mixin.py:137} INFO - [2023-10-20T04:41:56.913+0000] {dag.py:3456} INFO - Setting next_dagrun for etl_tax_report_mart_daily_v0_1_batch1 to 2023-10-15T18:00:00+00:00, run_after=2023-10-16T18:00:00+00:00
[2023-10-20T04:41:57.001+0000] {processor.py:175} INFO - Processing /opt/airflow/dags/etl_tax_report_mart_daily.py took 0.314 seconds
[2023-10-20T04:42:27.647+0000] {processor.py:153} INFO - Started process (PID=382) to work on /opt/airflow/dags/etl_tax_report_mart_daily.py
[2023-10-20T04:42:27.656+0000] {processor.py:743} INFO - Processing file /opt/airflow/dags/etl_tax_report_mart_daily.py for tasks to queue
[2023-10-20T04:42:27.659+0000] {logging_mixin.py:137} INFO - [2023-10-20T04:42:27.659+0000] {dagbag.py:532} INFO - Filling up the DagBag from /opt/airflow/dags/etl_tax_report_mart_daily.py
[2023-10-20T04:42:27.781+0000] {processor.py:753} INFO - DAG(s) dict_keys(['etl_tax_report_mart_daily_v0_1_batch1']) retrieved from /opt/airflow/dags/etl_tax_report_mart_daily.py
[2023-10-20T04:42:27.827+0000] {logging_mixin.py:137} INFO - [2023-10-20T04:42:27.827+0000] {dag.py:2705} INFO - Sync 1 DAGs
[2023-10-20T04:42:27.897+0000] {logging_mixin.py:137} INFO - [2023-10-20T04:42:27.896+0000] {dag.py:3456} INFO - Setting next_dagrun for etl_tax_report_mart_daily_v0_1_batch1 to 2023-10-15T18:00:00+00:00, run_after=2023-10-16T18:00:00+00:00
[2023-10-20T04:42:27.952+0000] {processor.py:175} INFO - Processing /opt/airflow/dags/etl_tax_report_mart_daily.py took 0.316 seconds
[2023-10-20T04:42:58.375+0000] {processor.py:153} INFO - Started process (PID=404) to work on /opt/airflow/dags/etl_tax_report_mart_daily.py
[2023-10-20T04:42:58.378+0000] {processor.py:743} INFO - Processing file /opt/airflow/dags/etl_tax_report_mart_daily.py for tasks to queue
[2023-10-20T04:42:58.382+0000] {logging_mixin.py:137} INFO - [2023-10-20T04:42:58.382+0000] {dagbag.py:532} INFO - Filling up the DagBag from /opt/airflow/dags/etl_tax_report_mart_daily.py
[2023-10-20T04:42:58.490+0000] {processor.py:753} INFO - DAG(s) dict_keys(['etl_tax_report_mart_daily_v0_1_batch1']) retrieved from /opt/airflow/dags/etl_tax_report_mart_daily.py
[2023-10-20T04:42:58.531+0000] {logging_mixin.py:137} INFO - [2023-10-20T04:42:58.531+0000] {dag.py:2705} INFO - Sync 1 DAGs
[2023-10-20T04:42:58.696+0000] {processor.py:175} INFO - Processing /opt/airflow/dags/etl_tax_report_mart_daily.py took 0.330 seconds
[2023-10-20T04:43:28.968+0000] {processor.py:153} INFO - Started process (PID=436) to work on /opt/airflow/dags/etl_tax_report_mart_daily.py
[2023-10-20T04:43:28.970+0000] {processor.py:743} INFO - Processing file /opt/airflow/dags/etl_tax_report_mart_daily.py for tasks to queue
[2023-10-20T04:43:28.973+0000] {logging_mixin.py:137} INFO - [2023-10-20T04:43:28.972+0000] {dagbag.py:532} INFO - Filling up the DagBag from /opt/airflow/dags/etl_tax_report_mart_daily.py
[2023-10-20T04:43:29.068+0000] {processor.py:753} INFO - DAG(s) dict_keys(['etl_tax_report_mart_daily_v0_1_batch1']) retrieved from /opt/airflow/dags/etl_tax_report_mart_daily.py
[2023-10-20T04:43:29.103+0000] {logging_mixin.py:137} INFO - [2023-10-20T04:43:29.103+0000] {dag.py:2705} INFO - Sync 1 DAGs
[2023-10-20T04:43:29.200+0000] {logging_mixin.py:137} INFO - [2023-10-20T04:43:29.199+0000] {dag.py:3456} INFO - Setting next_dagrun for etl_tax_report_mart_daily_v0_1_batch1 to 2023-10-19T18:00:00+00:00, run_after=2023-10-20T18:00:00+00:00
[2023-10-20T04:43:29.327+0000] {processor.py:175} INFO - Processing /opt/airflow/dags/etl_tax_report_mart_daily.py took 0.366 seconds
[2023-10-20T04:43:59.949+0000] {processor.py:153} INFO - Started process (PID=467) to work on /opt/airflow/dags/etl_tax_report_mart_daily.py
[2023-10-20T04:43:59.954+0000] {processor.py:743} INFO - Processing file /opt/airflow/dags/etl_tax_report_mart_daily.py for tasks to queue
[2023-10-20T04:43:59.963+0000] {logging_mixin.py:137} INFO - [2023-10-20T04:43:59.962+0000] {dagbag.py:532} INFO - Filling up the DagBag from /opt/airflow/dags/etl_tax_report_mart_daily.py
[2023-10-20T04:44:00.139+0000] {processor.py:753} INFO - DAG(s) dict_keys(['etl_tax_report_mart_daily_v0_1_batch1']) retrieved from /opt/airflow/dags/etl_tax_report_mart_daily.py
[2023-10-20T04:44:00.238+0000] {logging_mixin.py:137} INFO - [2023-10-20T04:44:00.238+0000] {dag.py:2705} INFO - Sync 1 DAGs
[2023-10-20T04:44:00.369+0000] {logging_mixin.py:137} INFO - [2023-10-20T04:44:00.369+0000] {dag.py:3456} INFO - Setting next_dagrun for etl_tax_report_mart_daily_v0_1_batch1 to 2023-10-19T18:00:00+00:00, run_after=2023-10-20T18:00:00+00:00
[2023-10-20T04:44:00.437+0000] {processor.py:175} INFO - Processing /opt/airflow/dags/etl_tax_report_mart_daily.py took 0.516 seconds
[2023-10-20T04:44:30.992+0000] {processor.py:153} INFO - Started process (PID=498) to work on /opt/airflow/dags/etl_tax_report_mart_daily.py
[2023-10-20T04:44:31.007+0000] {processor.py:743} INFO - Processing file /opt/airflow/dags/etl_tax_report_mart_daily.py for tasks to queue
[2023-10-20T04:44:31.026+0000] {logging_mixin.py:137} INFO - [2023-10-20T04:44:31.025+0000] {dagbag.py:532} INFO - Filling up the DagBag from /opt/airflow/dags/etl_tax_report_mart_daily.py
[2023-10-20T04:44:31.232+0000] {processor.py:753} INFO - DAG(s) dict_keys(['etl_tax_report_mart_daily_v0_1_batch1']) retrieved from /opt/airflow/dags/etl_tax_report_mart_daily.py
[2023-10-20T04:44:31.342+0000] {logging_mixin.py:137} INFO - [2023-10-20T04:44:31.341+0000] {dag.py:2705} INFO - Sync 1 DAGs
[2023-10-20T04:44:31.477+0000] {logging_mixin.py:137} INFO - [2023-10-20T04:44:31.476+0000] {dag.py:3456} INFO - Setting next_dagrun for etl_tax_report_mart_daily_v0_1_batch1 to 2023-10-19T18:00:00+00:00, run_after=2023-10-20T18:00:00+00:00
[2023-10-20T04:44:31.621+0000] {processor.py:175} INFO - Processing /opt/airflow/dags/etl_tax_report_mart_daily.py took 0.647 seconds
[2023-10-20T04:45:01.731+0000] {processor.py:153} INFO - Started process (PID=531) to work on /opt/airflow/dags/etl_tax_report_mart_daily.py
[2023-10-20T04:45:01.733+0000] {processor.py:743} INFO - Processing file /opt/airflow/dags/etl_tax_report_mart_daily.py for tasks to queue
[2023-10-20T04:45:01.735+0000] {logging_mixin.py:137} INFO - [2023-10-20T04:45:01.735+0000] {dagbag.py:532} INFO - Filling up the DagBag from /opt/airflow/dags/etl_tax_report_mart_daily.py
[2023-10-20T04:45:01.869+0000] {processor.py:753} INFO - DAG(s) dict_keys(['etl_tax_report_mart_daily_v0_1_batch1']) retrieved from /opt/airflow/dags/etl_tax_report_mart_daily.py
[2023-10-20T04:45:01.928+0000] {logging_mixin.py:137} INFO - [2023-10-20T04:45:01.928+0000] {dag.py:2705} INFO - Sync 1 DAGs
[2023-10-20T04:45:02.016+0000] {logging_mixin.py:137} INFO - [2023-10-20T04:45:02.016+0000] {dag.py:3456} INFO - Setting next_dagrun for etl_tax_report_mart_daily_v0_1_batch1 to 2023-10-19T18:00:00+00:00, run_after=2023-10-20T18:00:00+00:00
[2023-10-20T04:45:02.077+0000] {processor.py:175} INFO - Processing /opt/airflow/dags/etl_tax_report_mart_daily.py took 0.356 seconds
[2023-10-20T04:45:32.724+0000] {processor.py:153} INFO - Started process (PID=563) to work on /opt/airflow/dags/etl_tax_report_mart_daily.py
[2023-10-20T04:45:32.729+0000] {processor.py:743} INFO - Processing file /opt/airflow/dags/etl_tax_report_mart_daily.py for tasks to queue
[2023-10-20T04:45:32.756+0000] {logging_mixin.py:137} INFO - [2023-10-20T04:45:32.755+0000] {dagbag.py:532} INFO - Filling up the DagBag from /opt/airflow/dags/etl_tax_report_mart_daily.py
[2023-10-20T04:45:32.931+0000] {processor.py:753} INFO - DAG(s) dict_keys(['etl_tax_report_mart_daily_v0_1_batch1']) retrieved from /opt/airflow/dags/etl_tax_report_mart_daily.py
[2023-10-20T04:45:32.997+0000] {logging_mixin.py:137} INFO - [2023-10-20T04:45:32.996+0000] {dag.py:2705} INFO - Sync 1 DAGs
[2023-10-20T04:45:33.154+0000] {logging_mixin.py:137} INFO - [2023-10-20T04:45:33.154+0000] {dag.py:3456} INFO - Setting next_dagrun for etl_tax_report_mart_daily_v0_1_batch1 to 2023-10-19T18:00:00+00:00, run_after=2023-10-20T18:00:00+00:00
[2023-10-20T04:45:33.227+0000] {processor.py:175} INFO - Processing /opt/airflow/dags/etl_tax_report_mart_daily.py took 0.551 seconds
[2023-10-20T04:46:03.977+0000] {processor.py:153} INFO - Started process (PID=596) to work on /opt/airflow/dags/etl_tax_report_mart_daily.py
[2023-10-20T04:46:04.092+0000] {processor.py:743} INFO - Processing file /opt/airflow/dags/etl_tax_report_mart_daily.py for tasks to queue
[2023-10-20T04:46:04.103+0000] {logging_mixin.py:137} INFO - [2023-10-20T04:46:04.101+0000] {dagbag.py:532} INFO - Filling up the DagBag from /opt/airflow/dags/etl_tax_report_mart_daily.py
[2023-10-20T04:46:04.583+0000] {processor.py:753} INFO - DAG(s) dict_keys(['etl_tax_report_mart_daily_v0_1_batch1']) retrieved from /opt/airflow/dags/etl_tax_report_mart_daily.py
[2023-10-20T04:46:04.702+0000] {logging_mixin.py:137} INFO - [2023-10-20T04:46:04.702+0000] {dag.py:2705} INFO - Sync 1 DAGs
[2023-10-20T04:46:05.072+0000] {logging_mixin.py:137} INFO - [2023-10-20T04:46:05.071+0000] {dag.py:3456} INFO - Setting next_dagrun for etl_tax_report_mart_daily_v0_1_batch1 to 2023-10-19T18:00:00+00:00, run_after=2023-10-20T18:00:00+00:00
[2023-10-20T04:46:05.163+0000] {processor.py:175} INFO - Processing /opt/airflow/dags/etl_tax_report_mart_daily.py took 1.331 seconds
[2023-10-20T04:46:35.388+0000] {processor.py:153} INFO - Started process (PID=628) to work on /opt/airflow/dags/etl_tax_report_mart_daily.py
[2023-10-20T04:46:35.397+0000] {processor.py:743} INFO - Processing file /opt/airflow/dags/etl_tax_report_mart_daily.py for tasks to queue
[2023-10-20T04:46:35.407+0000] {logging_mixin.py:137} INFO - [2023-10-20T04:46:35.407+0000] {dagbag.py:532} INFO - Filling up the DagBag from /opt/airflow/dags/etl_tax_report_mart_daily.py
[2023-10-20T04:46:35.546+0000] {processor.py:753} INFO - DAG(s) dict_keys(['etl_tax_report_mart_daily_v0_1_batch1']) retrieved from /opt/airflow/dags/etl_tax_report_mart_daily.py
[2023-10-20T04:46:35.613+0000] {logging_mixin.py:137} INFO - [2023-10-20T04:46:35.612+0000] {dag.py:2705} INFO - Sync 1 DAGs
[2023-10-20T04:46:35.732+0000] {logging_mixin.py:137} INFO - [2023-10-20T04:46:35.731+0000] {dag.py:3456} INFO - Setting next_dagrun for etl_tax_report_mart_daily_v0_1_batch1 to 2023-10-19T18:00:00+00:00, run_after=2023-10-20T18:00:00+00:00
[2023-10-20T04:46:35.826+0000] {processor.py:175} INFO - Processing /opt/airflow/dags/etl_tax_report_mart_daily.py took 0.461 seconds
[2023-10-20T04:47:06.342+0000] {processor.py:153} INFO - Started process (PID=654) to work on /opt/airflow/dags/etl_tax_report_mart_daily.py
[2023-10-20T04:47:06.351+0000] {processor.py:743} INFO - Processing file /opt/airflow/dags/etl_tax_report_mart_daily.py for tasks to queue
[2023-10-20T04:47:06.378+0000] {logging_mixin.py:137} INFO - [2023-10-20T04:47:06.378+0000] {dagbag.py:532} INFO - Filling up the DagBag from /opt/airflow/dags/etl_tax_report_mart_daily.py
[2023-10-20T04:47:07.059+0000] {processor.py:753} INFO - DAG(s) dict_keys(['etl_tax_report_mart_daily_v0_1_batch1']) retrieved from /opt/airflow/dags/etl_tax_report_mart_daily.py
[2023-10-20T04:47:07.525+0000] {logging_mixin.py:137} INFO - [2023-10-20T04:47:07.524+0000] {dag.py:2705} INFO - Sync 1 DAGs
[2023-10-20T04:47:07.897+0000] {logging_mixin.py:137} INFO - [2023-10-20T04:47:07.896+0000] {dag.py:3456} INFO - Setting next_dagrun for etl_tax_report_mart_daily_v0_1_batch1 to 2023-10-19T18:00:00+00:00, run_after=2023-10-20T18:00:00+00:00
[2023-10-20T04:47:08.290+0000] {processor.py:175} INFO - Processing /opt/airflow/dags/etl_tax_report_mart_daily.py took 2.125 seconds
[2023-10-20T04:47:38.819+0000] {processor.py:153} INFO - Started process (PID=678) to work on /opt/airflow/dags/etl_tax_report_mart_daily.py
[2023-10-20T04:47:38.824+0000] {processor.py:743} INFO - Processing file /opt/airflow/dags/etl_tax_report_mart_daily.py for tasks to queue
[2023-10-20T04:47:38.828+0000] {logging_mixin.py:137} INFO - [2023-10-20T04:47:38.827+0000] {dagbag.py:532} INFO - Filling up the DagBag from /opt/airflow/dags/etl_tax_report_mart_daily.py
[2023-10-20T04:47:39.157+0000] {processor.py:753} INFO - DAG(s) dict_keys(['etl_tax_report_mart_daily_v0_1_batch1']) retrieved from /opt/airflow/dags/etl_tax_report_mart_daily.py
[2023-10-20T04:47:39.250+0000] {logging_mixin.py:137} INFO - [2023-10-20T04:47:39.250+0000] {dag.py:2705} INFO - Sync 1 DAGs
[2023-10-20T04:47:39.374+0000] {logging_mixin.py:137} INFO - [2023-10-20T04:47:39.374+0000] {dag.py:3456} INFO - Setting next_dagrun for etl_tax_report_mart_daily_v0_1_batch1 to 2023-10-19T18:00:00+00:00, run_after=2023-10-20T18:00:00+00:00
[2023-10-20T04:47:39.443+0000] {processor.py:175} INFO - Processing /opt/airflow/dags/etl_tax_report_mart_daily.py took 0.637 seconds
[2023-10-20T04:48:28.461+0000] {processor.py:153} INFO - Started process (PID=708) to work on /opt/airflow/dags/etl_tax_report_mart_daily.py
[2023-10-20T04:48:28.464+0000] {processor.py:743} INFO - Processing file /opt/airflow/dags/etl_tax_report_mart_daily.py for tasks to queue
[2023-10-20T04:48:28.467+0000] {logging_mixin.py:137} INFO - [2023-10-20T04:48:28.467+0000] {dagbag.py:532} INFO - Filling up the DagBag from /opt/airflow/dags/etl_tax_report_mart_daily.py
[2023-10-20T04:48:28.630+0000] {processor.py:753} INFO - DAG(s) dict_keys(['etl_tax_report_mart_daily_v0_1_batch1']) retrieved from /opt/airflow/dags/etl_tax_report_mart_daily.py
[2023-10-20T04:48:28.680+0000] {logging_mixin.py:137} INFO - [2023-10-20T04:48:28.680+0000] {dag.py:2705} INFO - Sync 1 DAGs
[2023-10-20T04:48:28.780+0000] {logging_mixin.py:137} INFO - [2023-10-20T04:48:28.779+0000] {dag.py:3456} INFO - Setting next_dagrun for etl_tax_report_mart_daily_v0_1_batch1 to 2023-10-19T18:00:00+00:00, run_after=2023-10-20T18:00:00+00:00
[2023-10-20T04:48:28.860+0000] {processor.py:175} INFO - Processing /opt/airflow/dags/etl_tax_report_mart_daily.py took 0.414 seconds
[2023-10-20T05:49:01.484+0000] {logging_mixin.py:137} INFO - [2023-10-20T05:49:01.480+0000] {process_utils.py:256} INFO - Waiting up to 5 seconds for processes to exit...
[2023-10-20T05:49:03.181+0000] {processor.py:153} INFO - Started process (PID=730) to work on /opt/airflow/dags/etl_tax_report_mart_daily.py
[2023-10-20T05:49:03.202+0000] {processor.py:743} INFO - Processing file /opt/airflow/dags/etl_tax_report_mart_daily.py for tasks to queue
[2023-10-20T05:49:03.214+0000] {logging_mixin.py:137} INFO - [2023-10-20T05:49:03.210+0000] {dagbag.py:532} INFO - Filling up the DagBag from /opt/airflow/dags/etl_tax_report_mart_daily.py
[2023-10-20T05:49:03.641+0000] {processor.py:753} INFO - DAG(s) dict_keys(['etl_tax_report_mart_daily_v0_1_batch1']) retrieved from /opt/airflow/dags/etl_tax_report_mart_daily.py
[2023-10-20T05:49:03.801+0000] {logging_mixin.py:137} INFO - [2023-10-20T05:49:03.801+0000] {dag.py:2705} INFO - Sync 1 DAGs
[2023-10-20T05:49:04.032+0000] {logging_mixin.py:137} INFO - [2023-10-20T05:49:04.019+0000] {dag.py:3456} INFO - Setting next_dagrun for etl_tax_report_mart_daily_v0_1_batch1 to 2023-10-19T18:00:00+00:00, run_after=2023-10-20T18:00:00+00:00
[2023-10-20T05:49:04.147+0000] {processor.py:175} INFO - Processing /opt/airflow/dags/etl_tax_report_mart_daily.py took 0.998 seconds
[2023-10-20T05:49:34.846+0000] {processor.py:153} INFO - Started process (PID=763) to work on /opt/airflow/dags/etl_tax_report_mart_daily.py
[2023-10-20T05:49:34.850+0000] {processor.py:743} INFO - Processing file /opt/airflow/dags/etl_tax_report_mart_daily.py for tasks to queue
[2023-10-20T05:49:34.855+0000] {logging_mixin.py:137} INFO - [2023-10-20T05:49:34.853+0000] {dagbag.py:532} INFO - Filling up the DagBag from /opt/airflow/dags/etl_tax_report_mart_daily.py
[2023-10-20T05:49:34.942+0000] {processor.py:753} INFO - DAG(s) dict_keys(['etl_tax_report_mart_daily_v0_1_batch1']) retrieved from /opt/airflow/dags/etl_tax_report_mart_daily.py
[2023-10-20T05:49:34.975+0000] {logging_mixin.py:137} INFO - [2023-10-20T05:49:34.974+0000] {dag.py:2705} INFO - Sync 1 DAGs
[2023-10-20T05:49:35.028+0000] {logging_mixin.py:137} INFO - [2023-10-20T05:49:35.028+0000] {dag.py:3456} INFO - Setting next_dagrun for etl_tax_report_mart_daily_v0_1_batch1 to 2023-10-19T18:00:00+00:00, run_after=2023-10-20T18:00:00+00:00
[2023-10-20T05:49:35.090+0000] {processor.py:175} INFO - Processing /opt/airflow/dags/etl_tax_report_mart_daily.py took 0.252 seconds
[2023-10-20T05:50:05.451+0000] {processor.py:153} INFO - Started process (PID=793) to work on /opt/airflow/dags/etl_tax_report_mart_daily.py
[2023-10-20T05:50:05.459+0000] {processor.py:743} INFO - Processing file /opt/airflow/dags/etl_tax_report_mart_daily.py for tasks to queue
[2023-10-20T05:50:05.465+0000] {logging_mixin.py:137} INFO - [2023-10-20T05:50:05.464+0000] {dagbag.py:532} INFO - Filling up the DagBag from /opt/airflow/dags/etl_tax_report_mart_daily.py
[2023-10-20T05:50:06.209+0000] {processor.py:753} INFO - DAG(s) dict_keys(['etl_tax_report_mart_daily_v0_1_batch1']) retrieved from /opt/airflow/dags/etl_tax_report_mart_daily.py
[2023-10-20T05:50:06.362+0000] {logging_mixin.py:137} INFO - [2023-10-20T05:50:06.361+0000] {dag.py:2705} INFO - Sync 1 DAGs
[2023-10-20T05:50:06.800+0000] {logging_mixin.py:137} INFO - [2023-10-20T05:50:06.800+0000] {dag.py:3456} INFO - Setting next_dagrun for etl_tax_report_mart_daily_v0_1_batch1 to 2023-10-19T18:00:00+00:00, run_after=2023-10-20T18:00:00+00:00
[2023-10-20T05:50:07.091+0000] {processor.py:175} INFO - Processing /opt/airflow/dags/etl_tax_report_mart_daily.py took 1.655 seconds
[2023-10-20T05:50:37.399+0000] {processor.py:153} INFO - Started process (PID=816) to work on /opt/airflow/dags/etl_tax_report_mart_daily.py
[2023-10-20T05:50:37.406+0000] {processor.py:743} INFO - Processing file /opt/airflow/dags/etl_tax_report_mart_daily.py for tasks to queue
[2023-10-20T05:50:37.417+0000] {logging_mixin.py:137} INFO - [2023-10-20T05:50:37.414+0000] {dagbag.py:532} INFO - Filling up the DagBag from /opt/airflow/dags/etl_tax_report_mart_daily.py
[2023-10-20T05:50:37.787+0000] {processor.py:753} INFO - DAG(s) dict_keys(['etl_tax_report_mart_daily_v0_1_batch1']) retrieved from /opt/airflow/dags/etl_tax_report_mart_daily.py
[2023-10-20T05:50:37.892+0000] {logging_mixin.py:137} INFO - [2023-10-20T05:50:37.891+0000] {dag.py:2705} INFO - Sync 1 DAGs
[2023-10-20T05:50:38.021+0000] {logging_mixin.py:137} INFO - [2023-10-20T05:50:38.020+0000] {dag.py:3456} INFO - Setting next_dagrun for etl_tax_report_mart_daily_v0_1_batch1 to 2023-10-19T18:00:00+00:00, run_after=2023-10-20T18:00:00+00:00
[2023-10-20T05:50:38.112+0000] {processor.py:175} INFO - Processing /opt/airflow/dags/etl_tax_report_mart_daily.py took 0.726 seconds
[2023-10-20T05:51:08.707+0000] {processor.py:153} INFO - Started process (PID=848) to work on /opt/airflow/dags/etl_tax_report_mart_daily.py
[2023-10-20T05:51:08.714+0000] {processor.py:743} INFO - Processing file /opt/airflow/dags/etl_tax_report_mart_daily.py for tasks to queue
[2023-10-20T05:51:08.726+0000] {logging_mixin.py:137} INFO - [2023-10-20T05:51:08.725+0000] {dagbag.py:532} INFO - Filling up the DagBag from /opt/airflow/dags/etl_tax_report_mart_daily.py
[2023-10-20T05:51:09.206+0000] {processor.py:753} INFO - DAG(s) dict_keys(['etl_tax_report_mart_daily_v0_1_batch1']) retrieved from /opt/airflow/dags/etl_tax_report_mart_daily.py
[2023-10-20T05:51:09.463+0000] {logging_mixin.py:137} INFO - [2023-10-20T05:51:09.463+0000] {dag.py:2705} INFO - Sync 1 DAGs
[2023-10-20T05:51:09.849+0000] {logging_mixin.py:137} INFO - [2023-10-20T05:51:09.849+0000] {dag.py:3456} INFO - Setting next_dagrun for etl_tax_report_mart_daily_v0_1_batch1 to 2023-10-19T18:00:00+00:00, run_after=2023-10-20T18:00:00+00:00
[2023-10-20T05:51:10.082+0000] {processor.py:175} INFO - Processing /opt/airflow/dags/etl_tax_report_mart_daily.py took 1.420 seconds
[2023-10-20T05:51:40.901+0000] {processor.py:153} INFO - Started process (PID=868) to work on /opt/airflow/dags/etl_tax_report_mart_daily.py
[2023-10-20T05:51:40.924+0000] {processor.py:743} INFO - Processing file /opt/airflow/dags/etl_tax_report_mart_daily.py for tasks to queue
[2023-10-20T05:51:40.934+0000] {logging_mixin.py:137} INFO - [2023-10-20T05:51:40.934+0000] {dagbag.py:532} INFO - Filling up the DagBag from /opt/airflow/dags/etl_tax_report_mart_daily.py
[2023-10-20T05:51:41.632+0000] {processor.py:753} INFO - DAG(s) dict_keys(['etl_tax_report_mart_daily_v0_1_batch1']) retrieved from /opt/airflow/dags/etl_tax_report_mart_daily.py
[2023-10-20T05:51:41.762+0000] {logging_mixin.py:137} INFO - [2023-10-20T05:51:41.762+0000] {dag.py:2705} INFO - Sync 1 DAGs
[2023-10-20T05:51:42.290+0000] {logging_mixin.py:137} INFO - [2023-10-20T05:51:42.289+0000] {dag.py:3456} INFO - Setting next_dagrun for etl_tax_report_mart_daily_v0_1_batch1 to 2023-10-19T18:00:00+00:00, run_after=2023-10-20T18:00:00+00:00
[2023-10-20T05:51:42.801+0000] {processor.py:175} INFO - Processing /opt/airflow/dags/etl_tax_report_mart_daily.py took 2.032 seconds
[2023-10-20T05:52:14.104+0000] {processor.py:153} INFO - Started process (PID=896) to work on /opt/airflow/dags/etl_tax_report_mart_daily.py
[2023-10-20T05:52:14.228+0000] {processor.py:743} INFO - Processing file /opt/airflow/dags/etl_tax_report_mart_daily.py for tasks to queue
[2023-10-20T05:52:14.389+0000] {logging_mixin.py:137} INFO - [2023-10-20T05:52:14.355+0000] {dagbag.py:532} INFO - Filling up the DagBag from /opt/airflow/dags/etl_tax_report_mart_daily.py
[2023-10-20T05:52:15.932+0000] {processor.py:753} INFO - DAG(s) dict_keys(['etl_tax_report_mart_daily_v0_1_batch1']) retrieved from /opt/airflow/dags/etl_tax_report_mart_daily.py
[2023-10-20T05:52:16.584+0000] {logging_mixin.py:137} INFO - [2023-10-20T05:52:16.583+0000] {dag.py:2705} INFO - Sync 1 DAGs
[2023-10-20T05:52:17.414+0000] {logging_mixin.py:137} INFO - [2023-10-20T05:52:17.413+0000] {dag.py:3456} INFO - Setting next_dagrun for etl_tax_report_mart_daily_v0_1_batch1 to 2023-10-19T18:00:00+00:00, run_after=2023-10-20T18:00:00+00:00
[2023-10-20T05:52:18.217+0000] {processor.py:175} INFO - Processing /opt/airflow/dags/etl_tax_report_mart_daily.py took 4.508 seconds
[2023-10-20T05:52:48.948+0000] {processor.py:153} INFO - Started process (PID=928) to work on /opt/airflow/dags/etl_tax_report_mart_daily.py
[2023-10-20T05:52:48.952+0000] {processor.py:743} INFO - Processing file /opt/airflow/dags/etl_tax_report_mart_daily.py for tasks to queue
[2023-10-20T05:52:48.957+0000] {logging_mixin.py:137} INFO - [2023-10-20T05:52:48.957+0000] {dagbag.py:532} INFO - Filling up the DagBag from /opt/airflow/dags/etl_tax_report_mart_daily.py
[2023-10-20T05:52:49.049+0000] {processor.py:753} INFO - DAG(s) dict_keys(['etl_tax_report_mart_daily_v0_1_batch1']) retrieved from /opt/airflow/dags/etl_tax_report_mart_daily.py
[2023-10-20T05:52:49.085+0000] {logging_mixin.py:137} INFO - [2023-10-20T05:52:49.085+0000] {dag.py:2705} INFO - Sync 1 DAGs
[2023-10-20T05:52:49.149+0000] {logging_mixin.py:137} INFO - [2023-10-20T05:52:49.148+0000] {dag.py:3456} INFO - Setting next_dagrun for etl_tax_report_mart_daily_v0_1_batch1 to 2023-10-19T18:00:00+00:00, run_after=2023-10-20T18:00:00+00:00
[2023-10-20T05:52:49.219+0000] {processor.py:175} INFO - Processing /opt/airflow/dags/etl_tax_report_mart_daily.py took 0.279 seconds
[2023-10-20T05:53:19.409+0000] {processor.py:153} INFO - Started process (PID=958) to work on /opt/airflow/dags/etl_tax_report_mart_daily.py
[2023-10-20T05:53:19.411+0000] {processor.py:743} INFO - Processing file /opt/airflow/dags/etl_tax_report_mart_daily.py for tasks to queue
[2023-10-20T05:53:19.414+0000] {logging_mixin.py:137} INFO - [2023-10-20T05:53:19.414+0000] {dagbag.py:532} INFO - Filling up the DagBag from /opt/airflow/dags/etl_tax_report_mart_daily.py
[2023-10-20T05:53:19.484+0000] {processor.py:753} INFO - DAG(s) dict_keys(['etl_tax_report_mart_daily_v0_1_batch1']) retrieved from /opt/airflow/dags/etl_tax_report_mart_daily.py
[2023-10-20T05:53:19.524+0000] {logging_mixin.py:137} INFO - [2023-10-20T05:53:19.524+0000] {dag.py:2705} INFO - Sync 1 DAGs
[2023-10-20T05:53:19.605+0000] {logging_mixin.py:137} INFO - [2023-10-20T05:53:19.605+0000] {dag.py:3456} INFO - Setting next_dagrun for etl_tax_report_mart_daily_v0_1_batch1 to 2023-10-19T18:00:00+00:00, run_after=2023-10-20T18:00:00+00:00
[2023-10-20T05:53:19.670+0000] {processor.py:175} INFO - Processing /opt/airflow/dags/etl_tax_report_mart_daily.py took 0.273 seconds
[2023-10-20T05:53:49.998+0000] {processor.py:153} INFO - Started process (PID=981) to work on /opt/airflow/dags/etl_tax_report_mart_daily.py
[2023-10-20T05:53:50.009+0000] {processor.py:743} INFO - Processing file /opt/airflow/dags/etl_tax_report_mart_daily.py for tasks to queue
[2023-10-20T05:53:50.016+0000] {logging_mixin.py:137} INFO - [2023-10-20T05:53:50.015+0000] {dagbag.py:532} INFO - Filling up the DagBag from /opt/airflow/dags/etl_tax_report_mart_daily.py
[2023-10-20T05:53:50.176+0000] {processor.py:753} INFO - DAG(s) dict_keys(['etl_tax_report_mart_daily_v0_1_batch1']) retrieved from /opt/airflow/dags/etl_tax_report_mart_daily.py
[2023-10-20T05:53:50.295+0000] {logging_mixin.py:137} INFO - [2023-10-20T05:53:50.294+0000] {dag.py:2705} INFO - Sync 1 DAGs
[2023-10-20T05:53:50.453+0000] {logging_mixin.py:137} INFO - [2023-10-20T05:53:50.453+0000] {dag.py:3456} INFO - Setting next_dagrun for etl_tax_report_mart_daily_v0_1_batch1 to 2023-10-19T18:00:00+00:00, run_after=2023-10-20T18:00:00+00:00
[2023-10-20T05:53:50.567+0000] {processor.py:175} INFO - Processing /opt/airflow/dags/etl_tax_report_mart_daily.py took 0.578 seconds
