[2023-10-20T04:36:55.982+0000] {processor.py:153} INFO - Started process (PID=73) to work on /opt/airflow/dags/etl_tax_report_mart_yearly.py
[2023-10-20T04:36:55.992+0000] {processor.py:743} INFO - Processing file /opt/airflow/dags/etl_tax_report_mart_yearly.py for tasks to queue
[2023-10-20T04:36:56.000+0000] {logging_mixin.py:137} INFO - [2023-10-20T04:36:55.999+0000] {dagbag.py:532} INFO - Filling up the DagBag from /opt/airflow/dags/etl_tax_report_mart_yearly.py
[2023-10-20T04:36:56.620+0000] {processor.py:753} INFO - DAG(s) dict_keys(['etl_tax_report_mart_yearly_v0_1_run_last']) retrieved from /opt/airflow/dags/etl_tax_report_mart_yearly.py
[2023-10-20T04:36:56.791+0000] {logging_mixin.py:137} INFO - [2023-10-20T04:36:56.790+0000] {dag.py:2705} INFO - Sync 1 DAGs
[2023-10-20T04:36:57.186+0000] {logging_mixin.py:137} INFO - [2023-10-20T04:36:57.186+0000] {dag.py:3456} INFO - Setting next_dagrun for etl_tax_report_mart_yearly_v0_1_run_last to 2015-12-31T17:00:00+00:00, run_after=2016-12-31T17:00:00+00:00
[2023-10-20T04:36:57.538+0000] {processor.py:175} INFO - Processing /opt/airflow/dags/etl_tax_report_mart_yearly.py took 1.532 seconds
[2023-10-20T04:37:28.320+0000] {processor.py:153} INFO - Started process (PID=96) to work on /opt/airflow/dags/etl_tax_report_mart_yearly.py
[2023-10-20T04:37:28.335+0000] {processor.py:743} INFO - Processing file /opt/airflow/dags/etl_tax_report_mart_yearly.py for tasks to queue
[2023-10-20T04:37:28.342+0000] {logging_mixin.py:137} INFO - [2023-10-20T04:37:28.341+0000] {dagbag.py:532} INFO - Filling up the DagBag from /opt/airflow/dags/etl_tax_report_mart_yearly.py
[2023-10-20T04:37:28.661+0000] {processor.py:753} INFO - DAG(s) dict_keys(['etl_tax_report_mart_yearly_v0_1_run_last']) retrieved from /opt/airflow/dags/etl_tax_report_mart_yearly.py
[2023-10-20T04:37:29.069+0000] {logging_mixin.py:137} INFO - [2023-10-20T04:37:29.069+0000] {dag.py:2705} INFO - Sync 1 DAGs
[2023-10-20T04:37:30.071+0000] {logging_mixin.py:137} INFO - [2023-10-20T04:37:30.070+0000] {dag.py:3456} INFO - Setting next_dagrun for etl_tax_report_mart_yearly_v0_1_run_last to 2015-12-31T17:00:00+00:00, run_after=2016-12-31T17:00:00+00:00
[2023-10-20T04:37:30.825+0000] {processor.py:175} INFO - Processing /opt/airflow/dags/etl_tax_report_mart_yearly.py took 2.578 seconds
[2023-10-20T04:38:01.412+0000] {processor.py:153} INFO - Started process (PID=125) to work on /opt/airflow/dags/etl_tax_report_mart_yearly.py
[2023-10-20T04:38:01.416+0000] {processor.py:743} INFO - Processing file /opt/airflow/dags/etl_tax_report_mart_yearly.py for tasks to queue
[2023-10-20T04:38:01.426+0000] {logging_mixin.py:137} INFO - [2023-10-20T04:38:01.425+0000] {dagbag.py:532} INFO - Filling up the DagBag from /opt/airflow/dags/etl_tax_report_mart_yearly.py
[2023-10-20T04:38:01.722+0000] {processor.py:753} INFO - DAG(s) dict_keys(['etl_tax_report_mart_yearly_v0_1_run_last']) retrieved from /opt/airflow/dags/etl_tax_report_mart_yearly.py
[2023-10-20T04:38:01.775+0000] {logging_mixin.py:137} INFO - [2023-10-20T04:38:01.774+0000] {dag.py:2705} INFO - Sync 1 DAGs
[2023-10-20T04:38:01.860+0000] {logging_mixin.py:137} INFO - [2023-10-20T04:38:01.860+0000] {dag.py:3456} INFO - Setting next_dagrun for etl_tax_report_mart_yearly_v0_1_run_last to 2015-12-31T17:00:00+00:00, run_after=2016-12-31T17:00:00+00:00
[2023-10-20T04:38:01.965+0000] {processor.py:175} INFO - Processing /opt/airflow/dags/etl_tax_report_mart_yearly.py took 0.560 seconds
[2023-10-20T04:38:32.430+0000] {processor.py:153} INFO - Started process (PID=156) to work on /opt/airflow/dags/etl_tax_report_mart_yearly.py
[2023-10-20T04:38:32.440+0000] {processor.py:743} INFO - Processing file /opt/airflow/dags/etl_tax_report_mart_yearly.py for tasks to queue
[2023-10-20T04:38:32.445+0000] {logging_mixin.py:137} INFO - [2023-10-20T04:38:32.444+0000] {dagbag.py:532} INFO - Filling up the DagBag from /opt/airflow/dags/etl_tax_report_mart_yearly.py
[2023-10-20T04:38:32.745+0000] {processor.py:753} INFO - DAG(s) dict_keys(['etl_tax_report_mart_yearly_v0_1_run_last']) retrieved from /opt/airflow/dags/etl_tax_report_mart_yearly.py
[2023-10-20T04:38:32.845+0000] {logging_mixin.py:137} INFO - [2023-10-20T04:38:32.844+0000] {dag.py:2705} INFO - Sync 1 DAGs
[2023-10-20T04:38:33.004+0000] {logging_mixin.py:137} INFO - [2023-10-20T04:38:33.003+0000] {dag.py:3456} INFO - Setting next_dagrun for etl_tax_report_mart_yearly_v0_1_run_last to 2015-12-31T17:00:00+00:00, run_after=2016-12-31T17:00:00+00:00
[2023-10-20T04:38:33.149+0000] {processor.py:175} INFO - Processing /opt/airflow/dags/etl_tax_report_mart_yearly.py took 0.748 seconds
[2023-10-20T04:39:03.283+0000] {processor.py:153} INFO - Started process (PID=179) to work on /opt/airflow/dags/etl_tax_report_mart_yearly.py
[2023-10-20T04:39:03.293+0000] {processor.py:743} INFO - Processing file /opt/airflow/dags/etl_tax_report_mart_yearly.py for tasks to queue
[2023-10-20T04:39:03.298+0000] {logging_mixin.py:137} INFO - [2023-10-20T04:39:03.298+0000] {dagbag.py:532} INFO - Filling up the DagBag from /opt/airflow/dags/etl_tax_report_mart_yearly.py
[2023-10-20T04:39:03.425+0000] {processor.py:753} INFO - DAG(s) dict_keys(['etl_tax_report_mart_yearly_v0_1_run_last']) retrieved from /opt/airflow/dags/etl_tax_report_mart_yearly.py
[2023-10-20T04:39:03.484+0000] {logging_mixin.py:137} INFO - [2023-10-20T04:39:03.484+0000] {dag.py:2705} INFO - Sync 1 DAGs
[2023-10-20T04:39:03.566+0000] {logging_mixin.py:137} INFO - [2023-10-20T04:39:03.565+0000] {dag.py:3456} INFO - Setting next_dagrun for etl_tax_report_mart_yearly_v0_1_run_last to 2015-12-31T17:00:00+00:00, run_after=2016-12-31T17:00:00+00:00
[2023-10-20T04:39:03.621+0000] {processor.py:175} INFO - Processing /opt/airflow/dags/etl_tax_report_mart_yearly.py took 0.347 seconds
[2023-10-20T04:39:33.978+0000] {processor.py:153} INFO - Started process (PID=210) to work on /opt/airflow/dags/etl_tax_report_mart_yearly.py
[2023-10-20T04:39:33.989+0000] {processor.py:743} INFO - Processing file /opt/airflow/dags/etl_tax_report_mart_yearly.py for tasks to queue
[2023-10-20T04:39:33.998+0000] {logging_mixin.py:137} INFO - [2023-10-20T04:39:33.997+0000] {dagbag.py:532} INFO - Filling up the DagBag from /opt/airflow/dags/etl_tax_report_mart_yearly.py
[2023-10-20T04:39:34.373+0000] {processor.py:753} INFO - DAG(s) dict_keys(['etl_tax_report_mart_yearly_v0_1_run_last']) retrieved from /opt/airflow/dags/etl_tax_report_mart_yearly.py
[2023-10-20T04:39:34.492+0000] {logging_mixin.py:137} INFO - [2023-10-20T04:39:34.492+0000] {dag.py:2705} INFO - Sync 1 DAGs
[2023-10-20T04:39:34.620+0000] {logging_mixin.py:137} INFO - [2023-10-20T04:39:34.620+0000] {dag.py:3456} INFO - Setting next_dagrun for etl_tax_report_mart_yearly_v0_1_run_last to 2015-12-31T17:00:00+00:00, run_after=2016-12-31T17:00:00+00:00
[2023-10-20T04:39:34.726+0000] {processor.py:175} INFO - Processing /opt/airflow/dags/etl_tax_report_mart_yearly.py took 0.778 seconds
[2023-10-20T04:40:05.082+0000] {processor.py:153} INFO - Started process (PID=239) to work on /opt/airflow/dags/etl_tax_report_mart_yearly.py
[2023-10-20T04:40:05.085+0000] {processor.py:743} INFO - Processing file /opt/airflow/dags/etl_tax_report_mart_yearly.py for tasks to queue
[2023-10-20T04:40:05.096+0000] {logging_mixin.py:137} INFO - [2023-10-20T04:40:05.090+0000] {dagbag.py:532} INFO - Filling up the DagBag from /opt/airflow/dags/etl_tax_report_mart_yearly.py
[2023-10-20T04:40:05.269+0000] {processor.py:753} INFO - DAG(s) dict_keys(['etl_tax_report_mart_yearly_v0_1_run_last']) retrieved from /opt/airflow/dags/etl_tax_report_mart_yearly.py
[2023-10-20T04:40:05.351+0000] {logging_mixin.py:137} INFO - [2023-10-20T04:40:05.351+0000] {dag.py:2705} INFO - Sync 1 DAGs
[2023-10-20T04:40:05.506+0000] {logging_mixin.py:137} INFO - [2023-10-20T04:40:05.506+0000] {dag.py:3456} INFO - Setting next_dagrun for etl_tax_report_mart_yearly_v0_1_run_last to 2015-12-31T17:00:00+00:00, run_after=2016-12-31T17:00:00+00:00
[2023-10-20T04:40:05.591+0000] {processor.py:175} INFO - Processing /opt/airflow/dags/etl_tax_report_mart_yearly.py took 0.542 seconds
[2023-10-20T04:40:35.703+0000] {processor.py:153} INFO - Started process (PID=265) to work on /opt/airflow/dags/etl_tax_report_mart_yearly.py
[2023-10-20T04:40:35.709+0000] {processor.py:743} INFO - Processing file /opt/airflow/dags/etl_tax_report_mart_yearly.py for tasks to queue
[2023-10-20T04:40:35.716+0000] {logging_mixin.py:137} INFO - [2023-10-20T04:40:35.714+0000] {dagbag.py:532} INFO - Filling up the DagBag from /opt/airflow/dags/etl_tax_report_mart_yearly.py
[2023-10-20T04:40:35.822+0000] {processor.py:753} INFO - DAG(s) dict_keys(['etl_tax_report_mart_yearly_v0_1_run_last']) retrieved from /opt/airflow/dags/etl_tax_report_mart_yearly.py
[2023-10-20T04:40:35.860+0000] {logging_mixin.py:137} INFO - [2023-10-20T04:40:35.860+0000] {dag.py:2705} INFO - Sync 1 DAGs
[2023-10-20T04:40:35.964+0000] {logging_mixin.py:137} INFO - [2023-10-20T04:40:35.963+0000] {dag.py:3456} INFO - Setting next_dagrun for etl_tax_report_mart_yearly_v0_1_run_last to 2015-12-31T17:00:00+00:00, run_after=2016-12-31T17:00:00+00:00
[2023-10-20T04:40:36.022+0000] {processor.py:175} INFO - Processing /opt/airflow/dags/etl_tax_report_mart_yearly.py took 0.329 seconds
[2023-10-20T04:41:06.587+0000] {processor.py:153} INFO - Started process (PID=298) to work on /opt/airflow/dags/etl_tax_report_mart_yearly.py
[2023-10-20T04:41:06.594+0000] {processor.py:743} INFO - Processing file /opt/airflow/dags/etl_tax_report_mart_yearly.py for tasks to queue
[2023-10-20T04:41:06.618+0000] {logging_mixin.py:137} INFO - [2023-10-20T04:41:06.617+0000] {dagbag.py:532} INFO - Filling up the DagBag from /opt/airflow/dags/etl_tax_report_mart_yearly.py
[2023-10-20T04:41:07.210+0000] {processor.py:753} INFO - DAG(s) dict_keys(['etl_tax_report_mart_yearly_v0_1_run_last']) retrieved from /opt/airflow/dags/etl_tax_report_mart_yearly.py
[2023-10-20T04:41:07.329+0000] {logging_mixin.py:137} INFO - [2023-10-20T04:41:07.329+0000] {dag.py:2705} INFO - Sync 1 DAGs
[2023-10-20T04:41:07.683+0000] {logging_mixin.py:137} INFO - [2023-10-20T04:41:07.682+0000] {dag.py:3456} INFO - Setting next_dagrun for etl_tax_report_mart_yearly_v0_1_run_last to 2015-12-31T17:00:00+00:00, run_after=2016-12-31T17:00:00+00:00
[2023-10-20T04:41:07.986+0000] {processor.py:175} INFO - Processing /opt/airflow/dags/etl_tax_report_mart_yearly.py took 1.447 seconds
[2023-10-20T04:41:38.358+0000] {processor.py:153} INFO - Started process (PID=328) to work on /opt/airflow/dags/etl_tax_report_mart_yearly.py
[2023-10-20T04:41:38.361+0000] {processor.py:743} INFO - Processing file /opt/airflow/dags/etl_tax_report_mart_yearly.py for tasks to queue
[2023-10-20T04:41:38.367+0000] {logging_mixin.py:137} INFO - [2023-10-20T04:41:38.366+0000] {dagbag.py:532} INFO - Filling up the DagBag from /opt/airflow/dags/etl_tax_report_mart_yearly.py
[2023-10-20T04:41:38.467+0000] {processor.py:753} INFO - DAG(s) dict_keys(['etl_tax_report_mart_yearly_v0_1_run_last']) retrieved from /opt/airflow/dags/etl_tax_report_mart_yearly.py
[2023-10-20T04:41:38.531+0000] {logging_mixin.py:137} INFO - [2023-10-20T04:41:38.530+0000] {dag.py:2705} INFO - Sync 1 DAGs
[2023-10-20T04:41:38.655+0000] {logging_mixin.py:137} INFO - [2023-10-20T04:41:38.655+0000] {dag.py:3456} INFO - Setting next_dagrun for etl_tax_report_mart_yearly_v0_1_run_last to 2015-12-31T17:00:00+00:00, run_after=2016-12-31T17:00:00+00:00
[2023-10-20T04:41:38.793+0000] {processor.py:175} INFO - Processing /opt/airflow/dags/etl_tax_report_mart_yearly.py took 0.445 seconds
[2023-10-20T04:42:08.882+0000] {processor.py:153} INFO - Started process (PID=360) to work on /opt/airflow/dags/etl_tax_report_mart_yearly.py
[2023-10-20T04:42:08.889+0000] {processor.py:743} INFO - Processing file /opt/airflow/dags/etl_tax_report_mart_yearly.py for tasks to queue
[2023-10-20T04:42:08.898+0000] {logging_mixin.py:137} INFO - [2023-10-20T04:42:08.897+0000] {dagbag.py:532} INFO - Filling up the DagBag from /opt/airflow/dags/etl_tax_report_mart_yearly.py
[2023-10-20T04:42:09.185+0000] {processor.py:753} INFO - DAG(s) dict_keys(['etl_tax_report_mart_yearly_v0_1_run_last']) retrieved from /opt/airflow/dags/etl_tax_report_mart_yearly.py
[2023-10-20T04:42:09.255+0000] {logging_mixin.py:137} INFO - [2023-10-20T04:42:09.255+0000] {dag.py:2705} INFO - Sync 1 DAGs
[2023-10-20T04:42:09.352+0000] {logging_mixin.py:137} INFO - [2023-10-20T04:42:09.352+0000] {dag.py:3456} INFO - Setting next_dagrun for etl_tax_report_mart_yearly_v0_1_run_last to 2015-12-31T17:00:00+00:00, run_after=2016-12-31T17:00:00+00:00
[2023-10-20T04:42:09.426+0000] {processor.py:175} INFO - Processing /opt/airflow/dags/etl_tax_report_mart_yearly.py took 0.551 seconds
[2023-10-20T04:42:39.890+0000] {processor.py:153} INFO - Started process (PID=385) to work on /opt/airflow/dags/etl_tax_report_mart_yearly.py
[2023-10-20T04:42:39.895+0000] {processor.py:743} INFO - Processing file /opt/airflow/dags/etl_tax_report_mart_yearly.py for tasks to queue
[2023-10-20T04:42:39.906+0000] {logging_mixin.py:137} INFO - [2023-10-20T04:42:39.905+0000] {dagbag.py:532} INFO - Filling up the DagBag from /opt/airflow/dags/etl_tax_report_mart_yearly.py
[2023-10-20T04:42:40.068+0000] {processor.py:753} INFO - DAG(s) dict_keys(['etl_tax_report_mart_yearly_v0_1_run_last']) retrieved from /opt/airflow/dags/etl_tax_report_mart_yearly.py
[2023-10-20T04:42:40.115+0000] {logging_mixin.py:137} INFO - [2023-10-20T04:42:40.114+0000] {dag.py:2705} INFO - Sync 1 DAGs
[2023-10-20T04:42:40.187+0000] {logging_mixin.py:137} INFO - [2023-10-20T04:42:40.187+0000] {dag.py:3456} INFO - Setting next_dagrun for etl_tax_report_mart_yearly_v0_1_run_last to 2015-12-31T17:00:00+00:00, run_after=2016-12-31T17:00:00+00:00
[2023-10-20T04:42:40.249+0000] {processor.py:175} INFO - Processing /opt/airflow/dags/etl_tax_report_mart_yearly.py took 0.370 seconds
[2023-10-20T04:43:10.790+0000] {processor.py:153} INFO - Started process (PID=416) to work on /opt/airflow/dags/etl_tax_report_mart_yearly.py
[2023-10-20T04:43:10.806+0000] {processor.py:743} INFO - Processing file /opt/airflow/dags/etl_tax_report_mart_yearly.py for tasks to queue
[2023-10-20T04:43:10.827+0000] {logging_mixin.py:137} INFO - [2023-10-20T04:43:10.827+0000] {dagbag.py:532} INFO - Filling up the DagBag from /opt/airflow/dags/etl_tax_report_mart_yearly.py
[2023-10-20T04:43:11.048+0000] {processor.py:753} INFO - DAG(s) dict_keys(['etl_tax_report_mart_yearly_v0_1_run_last']) retrieved from /opt/airflow/dags/etl_tax_report_mart_yearly.py
[2023-10-20T04:43:11.292+0000] {logging_mixin.py:137} INFO - [2023-10-20T04:43:11.290+0000] {dag.py:2705} INFO - Sync 1 DAGs
[2023-10-20T04:43:11.472+0000] {logging_mixin.py:137} INFO - [2023-10-20T04:43:11.472+0000] {dag.py:3456} INFO - Setting next_dagrun for etl_tax_report_mart_yearly_v0_1_run_last to 2015-12-31T17:00:00+00:00, run_after=2016-12-31T17:00:00+00:00
[2023-10-20T04:43:11.535+0000] {processor.py:175} INFO - Processing /opt/airflow/dags/etl_tax_report_mart_yearly.py took 0.756 seconds
[2023-10-20T04:43:42.072+0000] {processor.py:153} INFO - Started process (PID=448) to work on /opt/airflow/dags/etl_tax_report_mart_yearly.py
[2023-10-20T04:43:42.078+0000] {processor.py:743} INFO - Processing file /opt/airflow/dags/etl_tax_report_mart_yearly.py for tasks to queue
[2023-10-20T04:43:42.081+0000] {logging_mixin.py:137} INFO - [2023-10-20T04:43:42.081+0000] {dagbag.py:532} INFO - Filling up the DagBag from /opt/airflow/dags/etl_tax_report_mart_yearly.py
[2023-10-20T04:43:42.195+0000] {processor.py:753} INFO - DAG(s) dict_keys(['etl_tax_report_mart_yearly_v0_1_run_last']) retrieved from /opt/airflow/dags/etl_tax_report_mart_yearly.py
[2023-10-20T04:43:42.224+0000] {logging_mixin.py:137} INFO - [2023-10-20T04:43:42.224+0000] {dag.py:2705} INFO - Sync 1 DAGs
[2023-10-20T04:43:42.304+0000] {logging_mixin.py:137} INFO - [2023-10-20T04:43:42.304+0000] {dag.py:3456} INFO - Setting next_dagrun for etl_tax_report_mart_yearly_v0_1_run_last to 2015-12-31T17:00:00+00:00, run_after=2016-12-31T17:00:00+00:00
[2023-10-20T04:43:42.371+0000] {processor.py:175} INFO - Processing /opt/airflow/dags/etl_tax_report_mart_yearly.py took 0.308 seconds
[2023-10-20T04:44:12.607+0000] {processor.py:153} INFO - Started process (PID=479) to work on /opt/airflow/dags/etl_tax_report_mart_yearly.py
[2023-10-20T04:44:12.621+0000] {processor.py:743} INFO - Processing file /opt/airflow/dags/etl_tax_report_mart_yearly.py for tasks to queue
[2023-10-20T04:44:12.625+0000] {logging_mixin.py:137} INFO - [2023-10-20T04:44:12.625+0000] {dagbag.py:532} INFO - Filling up the DagBag from /opt/airflow/dags/etl_tax_report_mart_yearly.py
[2023-10-20T04:44:12.720+0000] {processor.py:753} INFO - DAG(s) dict_keys(['etl_tax_report_mart_yearly_v0_1_run_last']) retrieved from /opt/airflow/dags/etl_tax_report_mart_yearly.py
[2023-10-20T04:44:12.762+0000] {logging_mixin.py:137} INFO - [2023-10-20T04:44:12.761+0000] {dag.py:2705} INFO - Sync 1 DAGs
[2023-10-20T04:44:12.825+0000] {logging_mixin.py:137} INFO - [2023-10-20T04:44:12.824+0000] {dag.py:3456} INFO - Setting next_dagrun for etl_tax_report_mart_yearly_v0_1_run_last to 2015-12-31T17:00:00+00:00, run_after=2016-12-31T17:00:00+00:00
[2023-10-20T04:44:12.878+0000] {processor.py:175} INFO - Processing /opt/airflow/dags/etl_tax_report_mart_yearly.py took 0.281 seconds
[2023-10-20T04:44:43.517+0000] {processor.py:153} INFO - Started process (PID=510) to work on /opt/airflow/dags/etl_tax_report_mart_yearly.py
[2023-10-20T04:44:43.519+0000] {processor.py:743} INFO - Processing file /opt/airflow/dags/etl_tax_report_mart_yearly.py for tasks to queue
[2023-10-20T04:44:43.532+0000] {logging_mixin.py:137} INFO - [2023-10-20T04:44:43.528+0000] {dagbag.py:532} INFO - Filling up the DagBag from /opt/airflow/dags/etl_tax_report_mart_yearly.py
[2023-10-20T04:44:43.637+0000] {processor.py:753} INFO - DAG(s) dict_keys(['etl_tax_report_mart_yearly_v0_1_run_last']) retrieved from /opt/airflow/dags/etl_tax_report_mart_yearly.py
[2023-10-20T04:44:43.679+0000] {logging_mixin.py:137} INFO - [2023-10-20T04:44:43.679+0000] {dag.py:2705} INFO - Sync 1 DAGs
[2023-10-20T04:44:43.757+0000] {logging_mixin.py:137} INFO - [2023-10-20T04:44:43.757+0000] {dag.py:3456} INFO - Setting next_dagrun for etl_tax_report_mart_yearly_v0_1_run_last to 2015-12-31T17:00:00+00:00, run_after=2016-12-31T17:00:00+00:00
[2023-10-20T04:44:43.873+0000] {processor.py:175} INFO - Processing /opt/airflow/dags/etl_tax_report_mart_yearly.py took 0.362 seconds
[2023-10-20T04:45:14.347+0000] {processor.py:153} INFO - Started process (PID=543) to work on /opt/airflow/dags/etl_tax_report_mart_yearly.py
[2023-10-20T04:45:14.372+0000] {processor.py:743} INFO - Processing file /opt/airflow/dags/etl_tax_report_mart_yearly.py for tasks to queue
[2023-10-20T04:45:14.381+0000] {logging_mixin.py:137} INFO - [2023-10-20T04:45:14.380+0000] {dagbag.py:532} INFO - Filling up the DagBag from /opt/airflow/dags/etl_tax_report_mart_yearly.py
[2023-10-20T04:45:14.612+0000] {processor.py:753} INFO - DAG(s) dict_keys(['etl_tax_report_mart_yearly_v0_1_run_last']) retrieved from /opt/airflow/dags/etl_tax_report_mart_yearly.py
[2023-10-20T04:45:14.653+0000] {logging_mixin.py:137} INFO - [2023-10-20T04:45:14.652+0000] {dag.py:2705} INFO - Sync 1 DAGs
[2023-10-20T04:45:14.734+0000] {logging_mixin.py:137} INFO - [2023-10-20T04:45:14.734+0000] {dag.py:3456} INFO - Setting next_dagrun for etl_tax_report_mart_yearly_v0_1_run_last to 2015-12-31T17:00:00+00:00, run_after=2016-12-31T17:00:00+00:00
[2023-10-20T04:45:14.809+0000] {processor.py:175} INFO - Processing /opt/airflow/dags/etl_tax_report_mart_yearly.py took 0.473 seconds
[2023-10-20T04:45:45.411+0000] {processor.py:153} INFO - Started process (PID=575) to work on /opt/airflow/dags/etl_tax_report_mart_yearly.py
[2023-10-20T04:45:45.413+0000] {processor.py:743} INFO - Processing file /opt/airflow/dags/etl_tax_report_mart_yearly.py for tasks to queue
[2023-10-20T04:45:45.416+0000] {logging_mixin.py:137} INFO - [2023-10-20T04:45:45.415+0000] {dagbag.py:532} INFO - Filling up the DagBag from /opt/airflow/dags/etl_tax_report_mart_yearly.py
[2023-10-20T04:45:45.518+0000] {processor.py:753} INFO - DAG(s) dict_keys(['etl_tax_report_mart_yearly_v0_1_run_last']) retrieved from /opt/airflow/dags/etl_tax_report_mart_yearly.py
[2023-10-20T04:45:45.553+0000] {logging_mixin.py:137} INFO - [2023-10-20T04:45:45.553+0000] {dag.py:2705} INFO - Sync 1 DAGs
[2023-10-20T04:45:45.615+0000] {logging_mixin.py:137} INFO - [2023-10-20T04:45:45.615+0000] {dag.py:3456} INFO - Setting next_dagrun for etl_tax_report_mart_yearly_v0_1_run_last to 2015-12-31T17:00:00+00:00, run_after=2016-12-31T17:00:00+00:00
[2023-10-20T04:45:45.661+0000] {processor.py:175} INFO - Processing /opt/airflow/dags/etl_tax_report_mart_yearly.py took 0.258 seconds
[2023-10-20T04:46:16.369+0000] {processor.py:153} INFO - Started process (PID=608) to work on /opt/airflow/dags/etl_tax_report_mart_yearly.py
[2023-10-20T04:46:16.372+0000] {processor.py:743} INFO - Processing file /opt/airflow/dags/etl_tax_report_mart_yearly.py for tasks to queue
[2023-10-20T04:46:16.374+0000] {logging_mixin.py:137} INFO - [2023-10-20T04:46:16.374+0000] {dagbag.py:532} INFO - Filling up the DagBag from /opt/airflow/dags/etl_tax_report_mart_yearly.py
[2023-10-20T04:46:16.579+0000] {processor.py:753} INFO - DAG(s) dict_keys(['etl_tax_report_mart_yearly_v0_1_run_last']) retrieved from /opt/airflow/dags/etl_tax_report_mart_yearly.py
[2023-10-20T04:46:16.641+0000] {logging_mixin.py:137} INFO - [2023-10-20T04:46:16.641+0000] {dag.py:2705} INFO - Sync 1 DAGs
[2023-10-20T04:46:16.751+0000] {logging_mixin.py:137} INFO - [2023-10-20T04:46:16.751+0000] {dag.py:3456} INFO - Setting next_dagrun for etl_tax_report_mart_yearly_v0_1_run_last to 2015-12-31T17:00:00+00:00, run_after=2016-12-31T17:00:00+00:00
[2023-10-20T04:46:16.835+0000] {processor.py:175} INFO - Processing /opt/airflow/dags/etl_tax_report_mart_yearly.py took 0.479 seconds
[2023-10-20T04:46:47.284+0000] {processor.py:153} INFO - Started process (PID=638) to work on /opt/airflow/dags/etl_tax_report_mart_yearly.py
[2023-10-20T04:46:47.291+0000] {processor.py:743} INFO - Processing file /opt/airflow/dags/etl_tax_report_mart_yearly.py for tasks to queue
[2023-10-20T04:46:47.300+0000] {logging_mixin.py:137} INFO - [2023-10-20T04:46:47.299+0000] {dagbag.py:532} INFO - Filling up the DagBag from /opt/airflow/dags/etl_tax_report_mart_yearly.py
[2023-10-20T04:46:48.000+0000] {processor.py:753} INFO - DAG(s) dict_keys(['etl_tax_report_mart_yearly_v0_1_run_last']) retrieved from /opt/airflow/dags/etl_tax_report_mart_yearly.py
[2023-10-20T04:46:48.216+0000] {logging_mixin.py:137} INFO - [2023-10-20T04:46:48.216+0000] {dag.py:2705} INFO - Sync 1 DAGs
[2023-10-20T04:46:48.469+0000] {logging_mixin.py:137} INFO - [2023-10-20T04:46:48.469+0000] {dag.py:3456} INFO - Setting next_dagrun for etl_tax_report_mart_yearly_v0_1_run_last to 2015-12-31T17:00:00+00:00, run_after=2016-12-31T17:00:00+00:00
[2023-10-20T04:46:48.614+0000] {processor.py:175} INFO - Processing /opt/airflow/dags/etl_tax_report_mart_yearly.py took 1.359 seconds
[2023-10-20T04:47:18.816+0000] {processor.py:153} INFO - Started process (PID=660) to work on /opt/airflow/dags/etl_tax_report_mart_yearly.py
[2023-10-20T04:47:18.818+0000] {processor.py:743} INFO - Processing file /opt/airflow/dags/etl_tax_report_mart_yearly.py for tasks to queue
[2023-10-20T04:47:18.820+0000] {logging_mixin.py:137} INFO - [2023-10-20T04:47:18.820+0000] {dagbag.py:532} INFO - Filling up the DagBag from /opt/airflow/dags/etl_tax_report_mart_yearly.py
[2023-10-20T04:47:19.001+0000] {processor.py:753} INFO - DAG(s) dict_keys(['etl_tax_report_mart_yearly_v0_1_run_last']) retrieved from /opt/airflow/dags/etl_tax_report_mart_yearly.py
[2023-10-20T04:47:19.079+0000] {logging_mixin.py:137} INFO - [2023-10-20T04:47:19.075+0000] {dag.py:2705} INFO - Sync 1 DAGs
[2023-10-20T04:47:19.194+0000] {logging_mixin.py:137} INFO - [2023-10-20T04:47:19.193+0000] {dag.py:3456} INFO - Setting next_dagrun for etl_tax_report_mart_yearly_v0_1_run_last to 2015-12-31T17:00:00+00:00, run_after=2016-12-31T17:00:00+00:00
[2023-10-20T04:47:19.300+0000] {processor.py:175} INFO - Processing /opt/airflow/dags/etl_tax_report_mart_yearly.py took 0.494 seconds
[2023-10-20T04:47:49.638+0000] {processor.py:153} INFO - Started process (PID=691) to work on /opt/airflow/dags/etl_tax_report_mart_yearly.py
[2023-10-20T04:47:49.645+0000] {processor.py:743} INFO - Processing file /opt/airflow/dags/etl_tax_report_mart_yearly.py for tasks to queue
[2023-10-20T04:47:49.652+0000] {logging_mixin.py:137} INFO - [2023-10-20T04:47:49.652+0000] {dagbag.py:532} INFO - Filling up the DagBag from /opt/airflow/dags/etl_tax_report_mart_yearly.py
[2023-10-20T04:47:49.873+0000] {processor.py:753} INFO - DAG(s) dict_keys(['etl_tax_report_mart_yearly_v0_1_run_last']) retrieved from /opt/airflow/dags/etl_tax_report_mart_yearly.py
[2023-10-20T04:47:49.931+0000] {logging_mixin.py:137} INFO - [2023-10-20T04:47:49.931+0000] {dag.py:2705} INFO - Sync 1 DAGs
[2023-10-20T04:47:50.012+0000] {logging_mixin.py:137} INFO - [2023-10-20T04:47:50.012+0000] {dag.py:3456} INFO - Setting next_dagrun for etl_tax_report_mart_yearly_v0_1_run_last to 2015-12-31T17:00:00+00:00, run_after=2016-12-31T17:00:00+00:00
[2023-10-20T04:47:50.089+0000] {processor.py:175} INFO - Processing /opt/airflow/dags/etl_tax_report_mart_yearly.py took 0.460 seconds
[2023-10-20T04:48:28.941+0000] {processor.py:153} INFO - Started process (PID=710) to work on /opt/airflow/dags/etl_tax_report_mart_yearly.py
[2023-10-20T04:48:28.944+0000] {processor.py:743} INFO - Processing file /opt/airflow/dags/etl_tax_report_mart_yearly.py for tasks to queue
[2023-10-20T04:48:28.946+0000] {logging_mixin.py:137} INFO - [2023-10-20T04:48:28.946+0000] {dagbag.py:532} INFO - Filling up the DagBag from /opt/airflow/dags/etl_tax_report_mart_yearly.py
[2023-10-20T04:48:29.065+0000] {processor.py:753} INFO - DAG(s) dict_keys(['etl_tax_report_mart_yearly_v0_1_run_last']) retrieved from /opt/airflow/dags/etl_tax_report_mart_yearly.py
[2023-10-20T04:48:29.123+0000] {logging_mixin.py:137} INFO - [2023-10-20T04:48:29.123+0000] {dag.py:2705} INFO - Sync 1 DAGs
[2023-10-20T04:48:29.320+0000] {logging_mixin.py:137} INFO - [2023-10-20T04:48:29.319+0000] {dag.py:3456} INFO - Setting next_dagrun for etl_tax_report_mart_yearly_v0_1_run_last to 2015-12-31T17:00:00+00:00, run_after=2016-12-31T17:00:00+00:00
[2023-10-20T04:48:29.411+0000] {processor.py:175} INFO - Processing /opt/airflow/dags/etl_tax_report_mart_yearly.py took 0.483 seconds
[2023-10-20T05:49:04.481+0000] {processor.py:153} INFO - Started process (PID=740) to work on /opt/airflow/dags/etl_tax_report_mart_yearly.py
[2023-10-20T05:49:04.502+0000] {processor.py:743} INFO - Processing file /opt/airflow/dags/etl_tax_report_mart_yearly.py for tasks to queue
[2023-10-20T05:49:04.513+0000] {logging_mixin.py:137} INFO - [2023-10-20T05:49:04.513+0000] {dagbag.py:532} INFO - Filling up the DagBag from /opt/airflow/dags/etl_tax_report_mart_yearly.py
[2023-10-20T05:49:04.899+0000] {processor.py:753} INFO - DAG(s) dict_keys(['etl_tax_report_mart_yearly_v0_1_run_last']) retrieved from /opt/airflow/dags/etl_tax_report_mart_yearly.py
[2023-10-20T05:49:05.184+0000] {logging_mixin.py:137} INFO - [2023-10-20T05:49:05.184+0000] {dag.py:2705} INFO - Sync 1 DAGs
[2023-10-20T05:49:05.407+0000] {logging_mixin.py:137} INFO - [2023-10-20T05:49:05.406+0000] {dag.py:3456} INFO - Setting next_dagrun for etl_tax_report_mart_yearly_v0_1_run_last to 2015-12-31T17:00:00+00:00, run_after=2016-12-31T17:00:00+00:00
[2023-10-20T05:49:05.498+0000] {processor.py:175} INFO - Processing /opt/airflow/dags/etl_tax_report_mart_yearly.py took 1.049 seconds
[2023-10-20T05:49:35.885+0000] {processor.py:153} INFO - Started process (PID=765) to work on /opt/airflow/dags/etl_tax_report_mart_yearly.py
[2023-10-20T05:49:35.891+0000] {processor.py:743} INFO - Processing file /opt/airflow/dags/etl_tax_report_mart_yearly.py for tasks to queue
[2023-10-20T05:49:35.894+0000] {logging_mixin.py:137} INFO - [2023-10-20T05:49:35.893+0000] {dagbag.py:532} INFO - Filling up the DagBag from /opt/airflow/dags/etl_tax_report_mart_yearly.py
[2023-10-20T05:49:36.013+0000] {processor.py:753} INFO - DAG(s) dict_keys(['etl_tax_report_mart_yearly_v0_1_run_last']) retrieved from /opt/airflow/dags/etl_tax_report_mart_yearly.py
[2023-10-20T05:49:36.076+0000] {logging_mixin.py:137} INFO - [2023-10-20T05:49:36.076+0000] {dag.py:2705} INFO - Sync 1 DAGs
[2023-10-20T05:49:36.277+0000] {logging_mixin.py:137} INFO - [2023-10-20T05:49:36.276+0000] {dag.py:3456} INFO - Setting next_dagrun for etl_tax_report_mart_yearly_v0_1_run_last to 2015-12-31T17:00:00+00:00, run_after=2016-12-31T17:00:00+00:00
[2023-10-20T05:49:36.367+0000] {processor.py:175} INFO - Processing /opt/airflow/dags/etl_tax_report_mart_yearly.py took 0.500 seconds
[2023-10-20T05:50:07.417+0000] {processor.py:153} INFO - Started process (PID=795) to work on /opt/airflow/dags/etl_tax_report_mart_yearly.py
[2023-10-20T05:50:07.422+0000] {processor.py:743} INFO - Processing file /opt/airflow/dags/etl_tax_report_mart_yearly.py for tasks to queue
[2023-10-20T05:50:07.430+0000] {logging_mixin.py:137} INFO - [2023-10-20T05:50:07.429+0000] {dagbag.py:532} INFO - Filling up the DagBag from /opt/airflow/dags/etl_tax_report_mart_yearly.py
[2023-10-20T05:50:07.833+0000] {processor.py:753} INFO - DAG(s) dict_keys(['etl_tax_report_mart_yearly_v0_1_run_last']) retrieved from /opt/airflow/dags/etl_tax_report_mart_yearly.py
[2023-10-20T05:50:08.131+0000] {logging_mixin.py:137} INFO - [2023-10-20T05:50:08.130+0000] {dag.py:2705} INFO - Sync 1 DAGs
[2023-10-20T05:50:08.454+0000] {logging_mixin.py:137} INFO - [2023-10-20T05:50:08.452+0000] {dag.py:3456} INFO - Setting next_dagrun for etl_tax_report_mart_yearly_v0_1_run_last to 2015-12-31T17:00:00+00:00, run_after=2016-12-31T17:00:00+00:00
[2023-10-20T05:50:08.655+0000] {processor.py:175} INFO - Processing /opt/airflow/dags/etl_tax_report_mart_yearly.py took 1.270 seconds
[2023-10-20T05:50:39.346+0000] {processor.py:153} INFO - Started process (PID=818) to work on /opt/airflow/dags/etl_tax_report_mart_yearly.py
[2023-10-20T05:50:39.358+0000] {processor.py:743} INFO - Processing file /opt/airflow/dags/etl_tax_report_mart_yearly.py for tasks to queue
[2023-10-20T05:50:39.366+0000] {logging_mixin.py:137} INFO - [2023-10-20T05:50:39.365+0000] {dagbag.py:532} INFO - Filling up the DagBag from /opt/airflow/dags/etl_tax_report_mart_yearly.py
[2023-10-20T05:50:39.660+0000] {processor.py:753} INFO - DAG(s) dict_keys(['etl_tax_report_mart_yearly_v0_1_run_last']) retrieved from /opt/airflow/dags/etl_tax_report_mart_yearly.py
[2023-10-20T05:50:39.727+0000] {logging_mixin.py:137} INFO - [2023-10-20T05:50:39.727+0000] {dag.py:2705} INFO - Sync 1 DAGs
[2023-10-20T05:50:39.876+0000] {logging_mixin.py:137} INFO - [2023-10-20T05:50:39.876+0000] {dag.py:3456} INFO - Setting next_dagrun for etl_tax_report_mart_yearly_v0_1_run_last to 2015-12-31T17:00:00+00:00, run_after=2016-12-31T17:00:00+00:00
[2023-10-20T05:50:39.969+0000] {processor.py:175} INFO - Processing /opt/airflow/dags/etl_tax_report_mart_yearly.py took 0.682 seconds
[2023-10-20T05:51:10.430+0000] {processor.py:153} INFO - Started process (PID=850) to work on /opt/airflow/dags/etl_tax_report_mart_yearly.py
[2023-10-20T05:51:10.459+0000] {processor.py:743} INFO - Processing file /opt/airflow/dags/etl_tax_report_mart_yearly.py for tasks to queue
[2023-10-20T05:51:10.482+0000] {logging_mixin.py:137} INFO - [2023-10-20T05:51:10.472+0000] {dagbag.py:532} INFO - Filling up the DagBag from /opt/airflow/dags/etl_tax_report_mart_yearly.py
[2023-10-20T05:51:10.912+0000] {processor.py:753} INFO - DAG(s) dict_keys(['etl_tax_report_mart_yearly_v0_1_run_last']) retrieved from /opt/airflow/dags/etl_tax_report_mart_yearly.py
[2023-10-20T05:51:11.121+0000] {logging_mixin.py:137} INFO - [2023-10-20T05:51:11.121+0000] {dag.py:2705} INFO - Sync 1 DAGs
[2023-10-20T05:51:11.247+0000] {logging_mixin.py:137} INFO - [2023-10-20T05:51:11.246+0000] {dag.py:3456} INFO - Setting next_dagrun for etl_tax_report_mart_yearly_v0_1_run_last to 2015-12-31T17:00:00+00:00, run_after=2016-12-31T17:00:00+00:00
[2023-10-20T05:51:11.358+0000] {processor.py:175} INFO - Processing /opt/airflow/dags/etl_tax_report_mart_yearly.py took 0.969 seconds
[2023-10-20T05:51:43.496+0000] {processor.py:153} INFO - Started process (PID=877) to work on /opt/airflow/dags/etl_tax_report_mart_yearly.py
[2023-10-20T05:51:43.534+0000] {processor.py:743} INFO - Processing file /opt/airflow/dags/etl_tax_report_mart_yearly.py for tasks to queue
[2023-10-20T05:51:43.540+0000] {logging_mixin.py:137} INFO - [2023-10-20T05:51:43.540+0000] {dagbag.py:532} INFO - Filling up the DagBag from /opt/airflow/dags/etl_tax_report_mart_yearly.py
[2023-10-20T05:51:44.245+0000] {processor.py:753} INFO - DAG(s) dict_keys(['etl_tax_report_mart_yearly_v0_1_run_last']) retrieved from /opt/airflow/dags/etl_tax_report_mart_yearly.py
[2023-10-20T05:51:45.044+0000] {logging_mixin.py:137} INFO - [2023-10-20T05:51:45.044+0000] {dag.py:2705} INFO - Sync 1 DAGs
[2023-10-20T05:51:46.304+0000] {logging_mixin.py:137} INFO - [2023-10-20T05:51:46.304+0000] {dag.py:3456} INFO - Setting next_dagrun for etl_tax_report_mart_yearly_v0_1_run_last to 2015-12-31T17:00:00+00:00, run_after=2016-12-31T17:00:00+00:00
[2023-10-20T05:51:47.671+0000] {processor.py:175} INFO - Processing /opt/airflow/dags/etl_tax_report_mart_yearly.py took 4.435 seconds
[2023-10-20T05:52:19.823+0000] {processor.py:153} INFO - Started process (PID=898) to work on /opt/airflow/dags/etl_tax_report_mart_yearly.py
[2023-10-20T05:52:19.841+0000] {processor.py:743} INFO - Processing file /opt/airflow/dags/etl_tax_report_mart_yearly.py for tasks to queue
[2023-10-20T05:52:19.856+0000] {logging_mixin.py:137} INFO - [2023-10-20T05:52:19.856+0000] {dagbag.py:532} INFO - Filling up the DagBag from /opt/airflow/dags/etl_tax_report_mart_yearly.py
[2023-10-20T05:52:21.650+0000] {processor.py:753} INFO - DAG(s) dict_keys(['etl_tax_report_mart_yearly_v0_1_run_last']) retrieved from /opt/airflow/dags/etl_tax_report_mart_yearly.py
[2023-10-20T05:52:22.367+0000] {logging_mixin.py:137} INFO - [2023-10-20T05:52:22.367+0000] {dag.py:2705} INFO - Sync 1 DAGs
[2023-10-20T05:52:23.079+0000] {logging_mixin.py:137} INFO - [2023-10-20T05:52:23.061+0000] {dag.py:3456} INFO - Setting next_dagrun for etl_tax_report_mart_yearly_v0_1_run_last to 2015-12-31T17:00:00+00:00, run_after=2016-12-31T17:00:00+00:00
[2023-10-20T05:52:23.684+0000] {processor.py:175} INFO - Processing /opt/airflow/dags/etl_tax_report_mart_yearly.py took 4.251 seconds
[2023-10-20T05:52:54.335+0000] {processor.py:153} INFO - Started process (PID=930) to work on /opt/airflow/dags/etl_tax_report_mart_yearly.py
[2023-10-20T05:52:54.337+0000] {processor.py:743} INFO - Processing file /opt/airflow/dags/etl_tax_report_mart_yearly.py for tasks to queue
[2023-10-20T05:52:54.345+0000] {logging_mixin.py:137} INFO - [2023-10-20T05:52:54.345+0000] {dagbag.py:532} INFO - Filling up the DagBag from /opt/airflow/dags/etl_tax_report_mart_yearly.py
[2023-10-20T05:52:54.441+0000] {processor.py:753} INFO - DAG(s) dict_keys(['etl_tax_report_mart_yearly_v0_1_run_last']) retrieved from /opt/airflow/dags/etl_tax_report_mart_yearly.py
[2023-10-20T05:52:54.472+0000] {logging_mixin.py:137} INFO - [2023-10-20T05:52:54.472+0000] {dag.py:2705} INFO - Sync 1 DAGs
[2023-10-20T05:52:54.537+0000] {logging_mixin.py:137} INFO - [2023-10-20T05:52:54.536+0000] {dag.py:3456} INFO - Setting next_dagrun for etl_tax_report_mart_yearly_v0_1_run_last to 2015-12-31T17:00:00+00:00, run_after=2016-12-31T17:00:00+00:00
[2023-10-20T05:52:54.596+0000] {processor.py:175} INFO - Processing /opt/airflow/dags/etl_tax_report_mart_yearly.py took 0.270 seconds
[2023-10-20T05:53:24.774+0000] {processor.py:153} INFO - Started process (PID=962) to work on /opt/airflow/dags/etl_tax_report_mart_yearly.py
[2023-10-20T05:53:24.776+0000] {processor.py:743} INFO - Processing file /opt/airflow/dags/etl_tax_report_mart_yearly.py for tasks to queue
[2023-10-20T05:53:24.779+0000] {logging_mixin.py:137} INFO - [2023-10-20T05:53:24.779+0000] {dagbag.py:532} INFO - Filling up the DagBag from /opt/airflow/dags/etl_tax_report_mart_yearly.py
[2023-10-20T05:53:24.843+0000] {processor.py:753} INFO - DAG(s) dict_keys(['etl_tax_report_mart_yearly_v0_1_run_last']) retrieved from /opt/airflow/dags/etl_tax_report_mart_yearly.py
[2023-10-20T05:53:24.868+0000] {logging_mixin.py:137} INFO - [2023-10-20T05:53:24.868+0000] {dag.py:2705} INFO - Sync 1 DAGs
[2023-10-20T05:53:24.912+0000] {logging_mixin.py:137} INFO - [2023-10-20T05:53:24.912+0000] {dag.py:3456} INFO - Setting next_dagrun for etl_tax_report_mart_yearly_v0_1_run_last to 2015-12-31T17:00:00+00:00, run_after=2016-12-31T17:00:00+00:00
[2023-10-20T05:53:24.965+0000] {processor.py:175} INFO - Processing /opt/airflow/dags/etl_tax_report_mart_yearly.py took 0.199 seconds
[2023-10-20T05:53:55.910+0000] {processor.py:153} INFO - Started process (PID=992) to work on /opt/airflow/dags/etl_tax_report_mart_yearly.py
[2023-10-20T05:53:55.923+0000] {processor.py:743} INFO - Processing file /opt/airflow/dags/etl_tax_report_mart_yearly.py for tasks to queue
[2023-10-20T05:53:55.948+0000] {logging_mixin.py:137} INFO - [2023-10-20T05:53:55.948+0000] {dagbag.py:532} INFO - Filling up the DagBag from /opt/airflow/dags/etl_tax_report_mart_yearly.py
[2023-10-20T05:53:56.119+0000] {processor.py:753} INFO - DAG(s) dict_keys(['etl_tax_report_mart_yearly_v0_1_run_last']) retrieved from /opt/airflow/dags/etl_tax_report_mart_yearly.py
[2023-10-20T05:53:56.179+0000] {logging_mixin.py:137} INFO - [2023-10-20T05:53:56.179+0000] {dag.py:2705} INFO - Sync 1 DAGs
[2023-10-20T05:53:56.348+0000] {logging_mixin.py:137} INFO - [2023-10-20T05:53:56.347+0000] {dag.py:3456} INFO - Setting next_dagrun for etl_tax_report_mart_yearly_v0_1_run_last to 2015-12-31T17:00:00+00:00, run_after=2016-12-31T17:00:00+00:00
[2023-10-20T05:53:56.508+0000] {processor.py:175} INFO - Processing /opt/airflow/dags/etl_tax_report_mart_yearly.py took 0.669 seconds
