[2023-10-20T04:37:02.112+0000] {processor.py:153} INFO - Started process (PID=81) to work on /opt/airflow/dags/etl_sales_dashboard_mart_daily.py
[2023-10-20T04:37:02.125+0000] {processor.py:743} INFO - Processing file /opt/airflow/dags/etl_sales_dashboard_mart_daily.py for tasks to queue
[2023-10-20T04:37:02.130+0000] {logging_mixin.py:137} INFO - [2023-10-20T04:37:02.129+0000] {dagbag.py:532} INFO - Filling up the DagBag from /opt/airflow/dags/etl_sales_dashboard_mart_daily.py
[2023-10-20T04:37:02.446+0000] {processor.py:753} INFO - DAG(s) dict_keys(['etl_sales_dashboard_mart_daily_v1_3_batch1']) retrieved from /opt/airflow/dags/etl_sales_dashboard_mart_daily.py
[2023-10-20T04:37:02.675+0000] {logging_mixin.py:137} INFO - [2023-10-20T04:37:02.674+0000] {dag.py:2705} INFO - Sync 1 DAGs
[2023-10-20T04:37:02.872+0000] {logging_mixin.py:137} INFO - [2023-10-20T04:37:02.872+0000] {dag.py:3456} INFO - Setting next_dagrun for etl_sales_dashboard_mart_daily_v1_3_batch1 to None, run_after=None
[2023-10-20T04:37:03.046+0000] {processor.py:175} INFO - Processing /opt/airflow/dags/etl_sales_dashboard_mart_daily.py took 1.025 seconds
[2023-10-20T04:37:38.752+0000] {processor.py:153} INFO - Started process (PID=112) to work on /opt/airflow/dags/etl_sales_dashboard_mart_daily.py
[2023-10-20T04:37:38.771+0000] {processor.py:743} INFO - Processing file /opt/airflow/dags/etl_sales_dashboard_mart_daily.py for tasks to queue
[2023-10-20T04:37:38.791+0000] {logging_mixin.py:137} INFO - [2023-10-20T04:37:38.791+0000] {dagbag.py:532} INFO - Filling up the DagBag from /opt/airflow/dags/etl_sales_dashboard_mart_daily.py
[2023-10-20T04:37:39.597+0000] {processor.py:753} INFO - DAG(s) dict_keys(['etl_sales_dashboard_mart_daily_v1_3_batch1']) retrieved from /opt/airflow/dags/etl_sales_dashboard_mart_daily.py
[2023-10-20T04:37:39.791+0000] {logging_mixin.py:137} INFO - [2023-10-20T04:37:39.791+0000] {dag.py:2705} INFO - Sync 1 DAGs
[2023-10-20T04:37:40.098+0000] {logging_mixin.py:137} INFO - [2023-10-20T04:37:40.098+0000] {dag.py:3456} INFO - Setting next_dagrun for etl_sales_dashboard_mart_daily_v1_3_batch1 to None, run_after=None
[2023-10-20T04:37:40.262+0000] {processor.py:175} INFO - Processing /opt/airflow/dags/etl_sales_dashboard_mart_daily.py took 1.559 seconds
[2023-10-20T04:38:10.557+0000] {processor.py:153} INFO - Started process (PID=139) to work on /opt/airflow/dags/etl_sales_dashboard_mart_daily.py
[2023-10-20T04:38:10.571+0000] {processor.py:743} INFO - Processing file /opt/airflow/dags/etl_sales_dashboard_mart_daily.py for tasks to queue
[2023-10-20T04:38:10.583+0000] {logging_mixin.py:137} INFO - [2023-10-20T04:38:10.582+0000] {dagbag.py:532} INFO - Filling up the DagBag from /opt/airflow/dags/etl_sales_dashboard_mart_daily.py
[2023-10-20T04:38:10.796+0000] {processor.py:753} INFO - DAG(s) dict_keys(['etl_sales_dashboard_mart_daily_v1_3_batch1']) retrieved from /opt/airflow/dags/etl_sales_dashboard_mart_daily.py
[2023-10-20T04:38:10.930+0000] {logging_mixin.py:137} INFO - [2023-10-20T04:38:10.930+0000] {dag.py:2705} INFO - Sync 1 DAGs
[2023-10-20T04:38:11.509+0000] {logging_mixin.py:137} INFO - [2023-10-20T04:38:11.508+0000] {dag.py:3456} INFO - Setting next_dagrun for etl_sales_dashboard_mart_daily_v1_3_batch1 to None, run_after=None
[2023-10-20T04:38:11.791+0000] {processor.py:175} INFO - Processing /opt/airflow/dags/etl_sales_dashboard_mart_daily.py took 1.274 seconds
[2023-10-20T04:38:42.258+0000] {processor.py:153} INFO - Started process (PID=164) to work on /opt/airflow/dags/etl_sales_dashboard_mart_daily.py
[2023-10-20T04:38:42.264+0000] {processor.py:743} INFO - Processing file /opt/airflow/dags/etl_sales_dashboard_mart_daily.py for tasks to queue
[2023-10-20T04:38:42.266+0000] {logging_mixin.py:137} INFO - [2023-10-20T04:38:42.266+0000] {dagbag.py:532} INFO - Filling up the DagBag from /opt/airflow/dags/etl_sales_dashboard_mart_daily.py
[2023-10-20T04:38:42.458+0000] {processor.py:753} INFO - DAG(s) dict_keys(['etl_sales_dashboard_mart_daily_v1_3_batch1']) retrieved from /opt/airflow/dags/etl_sales_dashboard_mart_daily.py
[2023-10-20T04:38:42.577+0000] {logging_mixin.py:137} INFO - [2023-10-20T04:38:42.576+0000] {dag.py:2705} INFO - Sync 1 DAGs
[2023-10-20T04:38:42.776+0000] {logging_mixin.py:137} INFO - [2023-10-20T04:38:42.775+0000] {dag.py:3456} INFO - Setting next_dagrun for etl_sales_dashboard_mart_daily_v1_3_batch1 to None, run_after=None
[2023-10-20T04:38:42.970+0000] {processor.py:175} INFO - Processing /opt/airflow/dags/etl_sales_dashboard_mart_daily.py took 0.743 seconds
[2023-10-20T04:39:13.320+0000] {processor.py:153} INFO - Started process (PID=192) to work on /opt/airflow/dags/etl_sales_dashboard_mart_daily.py
[2023-10-20T04:39:13.333+0000] {processor.py:743} INFO - Processing file /opt/airflow/dags/etl_sales_dashboard_mart_daily.py for tasks to queue
[2023-10-20T04:39:13.338+0000] {logging_mixin.py:137} INFO - [2023-10-20T04:39:13.338+0000] {dagbag.py:532} INFO - Filling up the DagBag from /opt/airflow/dags/etl_sales_dashboard_mart_daily.py
[2023-10-20T04:39:13.555+0000] {processor.py:753} INFO - DAG(s) dict_keys(['etl_sales_dashboard_mart_daily_v1_3_batch1']) retrieved from /opt/airflow/dags/etl_sales_dashboard_mart_daily.py
[2023-10-20T04:39:13.601+0000] {logging_mixin.py:137} INFO - [2023-10-20T04:39:13.601+0000] {dag.py:2705} INFO - Sync 1 DAGs
[2023-10-20T04:39:13.671+0000] {logging_mixin.py:137} INFO - [2023-10-20T04:39:13.671+0000] {dag.py:3456} INFO - Setting next_dagrun for etl_sales_dashboard_mart_daily_v1_3_batch1 to None, run_after=None
[2023-10-20T04:39:13.721+0000] {processor.py:175} INFO - Processing /opt/airflow/dags/etl_sales_dashboard_mart_daily.py took 0.415 seconds
[2023-10-20T04:39:45.031+0000] {processor.py:153} INFO - Started process (PID=221) to work on /opt/airflow/dags/etl_sales_dashboard_mart_daily.py
[2023-10-20T04:39:45.059+0000] {processor.py:743} INFO - Processing file /opt/airflow/dags/etl_sales_dashboard_mart_daily.py for tasks to queue
[2023-10-20T04:39:45.083+0000] {logging_mixin.py:137} INFO - [2023-10-20T04:39:45.082+0000] {dagbag.py:532} INFO - Filling up the DagBag from /opt/airflow/dags/etl_sales_dashboard_mart_daily.py
[2023-10-20T04:39:45.856+0000] {processor.py:753} INFO - DAG(s) dict_keys(['etl_sales_dashboard_mart_daily_v1_3_batch1']) retrieved from /opt/airflow/dags/etl_sales_dashboard_mart_daily.py
[2023-10-20T04:39:46.021+0000] {logging_mixin.py:137} INFO - [2023-10-20T04:39:46.021+0000] {dag.py:2705} INFO - Sync 1 DAGs
[2023-10-20T04:39:46.375+0000] {logging_mixin.py:137} INFO - [2023-10-20T04:39:46.375+0000] {dag.py:3456} INFO - Setting next_dagrun for etl_sales_dashboard_mart_daily_v1_3_batch1 to None, run_after=None
[2023-10-20T04:39:46.599+0000] {processor.py:175} INFO - Processing /opt/airflow/dags/etl_sales_dashboard_mart_daily.py took 1.665 seconds
[2023-10-20T04:40:17.401+0000] {processor.py:153} INFO - Started process (PID=248) to work on /opt/airflow/dags/etl_sales_dashboard_mart_daily.py
[2023-10-20T04:40:17.403+0000] {processor.py:743} INFO - Processing file /opt/airflow/dags/etl_sales_dashboard_mart_daily.py for tasks to queue
[2023-10-20T04:40:17.407+0000] {logging_mixin.py:137} INFO - [2023-10-20T04:40:17.406+0000] {dagbag.py:532} INFO - Filling up the DagBag from /opt/airflow/dags/etl_sales_dashboard_mart_daily.py
[2023-10-20T04:40:17.510+0000] {processor.py:753} INFO - DAG(s) dict_keys(['etl_sales_dashboard_mart_daily_v1_3_batch1']) retrieved from /opt/airflow/dags/etl_sales_dashboard_mart_daily.py
[2023-10-20T04:40:17.553+0000] {logging_mixin.py:137} INFO - [2023-10-20T04:40:17.553+0000] {dag.py:2705} INFO - Sync 1 DAGs
[2023-10-20T04:40:17.620+0000] {logging_mixin.py:137} INFO - [2023-10-20T04:40:17.619+0000] {dag.py:3456} INFO - Setting next_dagrun for etl_sales_dashboard_mart_daily_v1_3_batch1 to None, run_after=None
[2023-10-20T04:40:17.699+0000] {processor.py:175} INFO - Processing /opt/airflow/dags/etl_sales_dashboard_mart_daily.py took 0.307 seconds
[2023-10-20T04:40:48.297+0000] {processor.py:153} INFO - Started process (PID=282) to work on /opt/airflow/dags/etl_sales_dashboard_mart_daily.py
[2023-10-20T04:40:48.305+0000] {processor.py:743} INFO - Processing file /opt/airflow/dags/etl_sales_dashboard_mart_daily.py for tasks to queue
[2023-10-20T04:40:48.308+0000] {logging_mixin.py:137} INFO - [2023-10-20T04:40:48.308+0000] {dagbag.py:532} INFO - Filling up the DagBag from /opt/airflow/dags/etl_sales_dashboard_mart_daily.py
[2023-10-20T04:40:48.586+0000] {processor.py:753} INFO - DAG(s) dict_keys(['etl_sales_dashboard_mart_daily_v1_3_batch1']) retrieved from /opt/airflow/dags/etl_sales_dashboard_mart_daily.py
[2023-10-20T04:40:48.671+0000] {logging_mixin.py:137} INFO - [2023-10-20T04:40:48.671+0000] {dag.py:2705} INFO - Sync 1 DAGs
[2023-10-20T04:40:48.860+0000] {logging_mixin.py:137} INFO - [2023-10-20T04:40:48.860+0000] {dag.py:3456} INFO - Setting next_dagrun for etl_sales_dashboard_mart_daily_v1_3_batch1 to None, run_after=None
[2023-10-20T04:40:48.951+0000] {processor.py:175} INFO - Processing /opt/airflow/dags/etl_sales_dashboard_mart_daily.py took 0.665 seconds
[2023-10-20T04:41:19.339+0000] {processor.py:153} INFO - Started process (PID=312) to work on /opt/airflow/dags/etl_sales_dashboard_mart_daily.py
[2023-10-20T04:41:19.348+0000] {processor.py:743} INFO - Processing file /opt/airflow/dags/etl_sales_dashboard_mart_daily.py for tasks to queue
[2023-10-20T04:41:19.355+0000] {logging_mixin.py:137} INFO - [2023-10-20T04:41:19.355+0000] {dagbag.py:532} INFO - Filling up the DagBag from /opt/airflow/dags/etl_sales_dashboard_mart_daily.py
[2023-10-20T04:41:19.639+0000] {processor.py:753} INFO - DAG(s) dict_keys(['etl_sales_dashboard_mart_daily_v1_3_batch1']) retrieved from /opt/airflow/dags/etl_sales_dashboard_mart_daily.py
[2023-10-20T04:41:19.704+0000] {logging_mixin.py:137} INFO - [2023-10-20T04:41:19.704+0000] {dag.py:2705} INFO - Sync 1 DAGs
[2023-10-20T04:41:19.817+0000] {logging_mixin.py:137} INFO - [2023-10-20T04:41:19.817+0000] {dag.py:3456} INFO - Setting next_dagrun for etl_sales_dashboard_mart_daily_v1_3_batch1 to None, run_after=None
[2023-10-20T04:41:19.884+0000] {processor.py:175} INFO - Processing /opt/airflow/dags/etl_sales_dashboard_mart_daily.py took 0.611 seconds
[2023-10-20T04:41:50.828+0000] {processor.py:153} INFO - Started process (PID=335) to work on /opt/airflow/dags/etl_sales_dashboard_mart_daily.py
[2023-10-20T04:41:50.831+0000] {processor.py:743} INFO - Processing file /opt/airflow/dags/etl_sales_dashboard_mart_daily.py for tasks to queue
[2023-10-20T04:41:50.833+0000] {logging_mixin.py:137} INFO - [2023-10-20T04:41:50.832+0000] {dagbag.py:532} INFO - Filling up the DagBag from /opt/airflow/dags/etl_sales_dashboard_mart_daily.py
[2023-10-20T04:41:50.928+0000] {processor.py:753} INFO - DAG(s) dict_keys(['etl_sales_dashboard_mart_daily_v1_3_batch1']) retrieved from /opt/airflow/dags/etl_sales_dashboard_mart_daily.py
[2023-10-20T04:41:50.958+0000] {logging_mixin.py:137} INFO - [2023-10-20T04:41:50.958+0000] {dag.py:2705} INFO - Sync 1 DAGs
[2023-10-20T04:41:51.011+0000] {logging_mixin.py:137} INFO - [2023-10-20T04:41:51.011+0000] {dag.py:3456} INFO - Setting next_dagrun for etl_sales_dashboard_mart_daily_v1_3_batch1 to None, run_after=None
[2023-10-20T04:41:51.067+0000] {processor.py:175} INFO - Processing /opt/airflow/dags/etl_sales_dashboard_mart_daily.py took 0.249 seconds
[2023-10-20T04:42:21.444+0000] {processor.py:153} INFO - Started process (PID=367) to work on /opt/airflow/dags/etl_sales_dashboard_mart_daily.py
[2023-10-20T04:42:21.459+0000] {processor.py:743} INFO - Processing file /opt/airflow/dags/etl_sales_dashboard_mart_daily.py for tasks to queue
[2023-10-20T04:42:21.462+0000] {logging_mixin.py:137} INFO - [2023-10-20T04:42:21.461+0000] {dagbag.py:532} INFO - Filling up the DagBag from /opt/airflow/dags/etl_sales_dashboard_mart_daily.py
[2023-10-20T04:42:21.585+0000] {processor.py:753} INFO - DAG(s) dict_keys(['etl_sales_dashboard_mart_daily_v1_3_batch1']) retrieved from /opt/airflow/dags/etl_sales_dashboard_mart_daily.py
[2023-10-20T04:42:21.633+0000] {logging_mixin.py:137} INFO - [2023-10-20T04:42:21.632+0000] {dag.py:2705} INFO - Sync 1 DAGs
[2023-10-20T04:42:21.734+0000] {logging_mixin.py:137} INFO - [2023-10-20T04:42:21.733+0000] {dag.py:3456} INFO - Setting next_dagrun for etl_sales_dashboard_mart_daily_v1_3_batch1 to None, run_after=None
[2023-10-20T04:42:21.832+0000] {processor.py:175} INFO - Processing /opt/airflow/dags/etl_sales_dashboard_mart_daily.py took 0.396 seconds
[2023-10-20T04:42:52.894+0000] {processor.py:153} INFO - Started process (PID=399) to work on /opt/airflow/dags/etl_sales_dashboard_mart_daily.py
[2023-10-20T04:42:52.902+0000] {processor.py:743} INFO - Processing file /opt/airflow/dags/etl_sales_dashboard_mart_daily.py for tasks to queue
[2023-10-20T04:42:52.908+0000] {logging_mixin.py:137} INFO - [2023-10-20T04:42:52.907+0000] {dagbag.py:532} INFO - Filling up the DagBag from /opt/airflow/dags/etl_sales_dashboard_mart_daily.py
[2023-10-20T04:42:53.198+0000] {processor.py:753} INFO - DAG(s) dict_keys(['etl_sales_dashboard_mart_daily_v1_3_batch1']) retrieved from /opt/airflow/dags/etl_sales_dashboard_mart_daily.py
[2023-10-20T04:42:53.294+0000] {logging_mixin.py:137} INFO - [2023-10-20T04:42:53.293+0000] {dag.py:2705} INFO - Sync 1 DAGs
[2023-10-20T04:42:53.472+0000] {logging_mixin.py:137} INFO - [2023-10-20T04:42:53.471+0000] {dag.py:3456} INFO - Setting next_dagrun for etl_sales_dashboard_mart_daily_v1_3_batch1 to None, run_after=None
[2023-10-20T04:42:53.592+0000] {processor.py:175} INFO - Processing /opt/airflow/dags/etl_sales_dashboard_mart_daily.py took 0.741 seconds
[2023-10-20T04:43:23.705+0000] {processor.py:153} INFO - Started process (PID=431) to work on /opt/airflow/dags/etl_sales_dashboard_mart_daily.py
[2023-10-20T04:43:23.707+0000] {processor.py:743} INFO - Processing file /opt/airflow/dags/etl_sales_dashboard_mart_daily.py for tasks to queue
[2023-10-20T04:43:23.709+0000] {logging_mixin.py:137} INFO - [2023-10-20T04:43:23.709+0000] {dagbag.py:532} INFO - Filling up the DagBag from /opt/airflow/dags/etl_sales_dashboard_mart_daily.py
[2023-10-20T04:43:23.889+0000] {processor.py:753} INFO - DAG(s) dict_keys(['etl_sales_dashboard_mart_daily_v1_3_batch1']) retrieved from /opt/airflow/dags/etl_sales_dashboard_mart_daily.py
[2023-10-20T04:43:23.979+0000] {logging_mixin.py:137} INFO - [2023-10-20T04:43:23.979+0000] {dag.py:2705} INFO - Sync 1 DAGs
[2023-10-20T04:43:24.082+0000] {logging_mixin.py:137} INFO - [2023-10-20T04:43:24.081+0000] {dag.py:3456} INFO - Setting next_dagrun for etl_sales_dashboard_mart_daily_v1_3_batch1 to None, run_after=None
[2023-10-20T04:43:24.216+0000] {processor.py:175} INFO - Processing /opt/airflow/dags/etl_sales_dashboard_mart_daily.py took 0.520 seconds
[2023-10-20T04:43:55.041+0000] {processor.py:153} INFO - Started process (PID=462) to work on /opt/airflow/dags/etl_sales_dashboard_mart_daily.py
[2023-10-20T04:43:55.056+0000] {processor.py:743} INFO - Processing file /opt/airflow/dags/etl_sales_dashboard_mart_daily.py for tasks to queue
[2023-10-20T04:43:55.064+0000] {logging_mixin.py:137} INFO - [2023-10-20T04:43:55.063+0000] {dagbag.py:532} INFO - Filling up the DagBag from /opt/airflow/dags/etl_sales_dashboard_mart_daily.py
[2023-10-20T04:43:55.252+0000] {processor.py:753} INFO - DAG(s) dict_keys(['etl_sales_dashboard_mart_daily_v1_3_batch1']) retrieved from /opt/airflow/dags/etl_sales_dashboard_mart_daily.py
[2023-10-20T04:43:55.289+0000] {logging_mixin.py:137} INFO - [2023-10-20T04:43:55.288+0000] {dag.py:2705} INFO - Sync 1 DAGs
[2023-10-20T04:43:55.357+0000] {logging_mixin.py:137} INFO - [2023-10-20T04:43:55.357+0000] {dag.py:3456} INFO - Setting next_dagrun for etl_sales_dashboard_mart_daily_v1_3_batch1 to None, run_after=None
[2023-10-20T04:43:55.412+0000] {processor.py:175} INFO - Processing /opt/airflow/dags/etl_sales_dashboard_mart_daily.py took 0.395 seconds
[2023-10-20T04:44:26.477+0000] {processor.py:153} INFO - Started process (PID=494) to work on /opt/airflow/dags/etl_sales_dashboard_mart_daily.py
[2023-10-20T04:44:26.486+0000] {processor.py:743} INFO - Processing file /opt/airflow/dags/etl_sales_dashboard_mart_daily.py for tasks to queue
[2023-10-20T04:44:26.495+0000] {logging_mixin.py:137} INFO - [2023-10-20T04:44:26.495+0000] {dagbag.py:532} INFO - Filling up the DagBag from /opt/airflow/dags/etl_sales_dashboard_mart_daily.py
[2023-10-20T04:44:26.712+0000] {processor.py:753} INFO - DAG(s) dict_keys(['etl_sales_dashboard_mart_daily_v1_3_batch1']) retrieved from /opt/airflow/dags/etl_sales_dashboard_mart_daily.py
[2023-10-20T04:44:26.829+0000] {logging_mixin.py:137} INFO - [2023-10-20T04:44:26.829+0000] {dag.py:2705} INFO - Sync 1 DAGs
[2023-10-20T04:44:26.987+0000] {logging_mixin.py:137} INFO - [2023-10-20T04:44:26.987+0000] {dag.py:3456} INFO - Setting next_dagrun for etl_sales_dashboard_mart_daily_v1_3_batch1 to None, run_after=None
[2023-10-20T04:44:27.094+0000] {processor.py:175} INFO - Processing /opt/airflow/dags/etl_sales_dashboard_mart_daily.py took 0.627 seconds
[2023-10-20T04:44:57.909+0000] {processor.py:153} INFO - Started process (PID=528) to work on /opt/airflow/dags/etl_sales_dashboard_mart_daily.py
[2023-10-20T04:44:57.916+0000] {processor.py:743} INFO - Processing file /opt/airflow/dags/etl_sales_dashboard_mart_daily.py for tasks to queue
[2023-10-20T04:44:57.920+0000] {logging_mixin.py:137} INFO - [2023-10-20T04:44:57.919+0000] {dagbag.py:532} INFO - Filling up the DagBag from /opt/airflow/dags/etl_sales_dashboard_mart_daily.py
[2023-10-20T04:44:58.067+0000] {processor.py:753} INFO - DAG(s) dict_keys(['etl_sales_dashboard_mart_daily_v1_3_batch1']) retrieved from /opt/airflow/dags/etl_sales_dashboard_mart_daily.py
[2023-10-20T04:44:58.128+0000] {logging_mixin.py:137} INFO - [2023-10-20T04:44:58.128+0000] {dag.py:2705} INFO - Sync 1 DAGs
[2023-10-20T04:44:58.235+0000] {logging_mixin.py:137} INFO - [2023-10-20T04:44:58.235+0000] {dag.py:3456} INFO - Setting next_dagrun for etl_sales_dashboard_mart_daily_v1_3_batch1 to None, run_after=None
[2023-10-20T04:44:58.298+0000] {processor.py:175} INFO - Processing /opt/airflow/dags/etl_sales_dashboard_mart_daily.py took 0.401 seconds
[2023-10-20T04:45:28.589+0000] {processor.py:153} INFO - Started process (PID=560) to work on /opt/airflow/dags/etl_sales_dashboard_mart_daily.py
[2023-10-20T04:45:28.595+0000] {processor.py:743} INFO - Processing file /opt/airflow/dags/etl_sales_dashboard_mart_daily.py for tasks to queue
[2023-10-20T04:45:28.599+0000] {logging_mixin.py:137} INFO - [2023-10-20T04:45:28.598+0000] {dagbag.py:532} INFO - Filling up the DagBag from /opt/airflow/dags/etl_sales_dashboard_mart_daily.py
[2023-10-20T04:45:28.694+0000] {processor.py:753} INFO - DAG(s) dict_keys(['etl_sales_dashboard_mart_daily_v1_3_batch1']) retrieved from /opt/airflow/dags/etl_sales_dashboard_mart_daily.py
[2023-10-20T04:45:28.729+0000] {logging_mixin.py:137} INFO - [2023-10-20T04:45:28.729+0000] {dag.py:2705} INFO - Sync 1 DAGs
[2023-10-20T04:45:28.798+0000] {logging_mixin.py:137} INFO - [2023-10-20T04:45:28.798+0000] {dag.py:3456} INFO - Setting next_dagrun for etl_sales_dashboard_mart_daily_v1_3_batch1 to None, run_after=None
[2023-10-20T04:45:28.855+0000] {processor.py:175} INFO - Processing /opt/airflow/dags/etl_sales_dashboard_mart_daily.py took 0.272 seconds
[2023-10-20T04:45:59.757+0000] {processor.py:153} INFO - Started process (PID=593) to work on /opt/airflow/dags/etl_sales_dashboard_mart_daily.py
[2023-10-20T04:45:59.759+0000] {processor.py:743} INFO - Processing file /opt/airflow/dags/etl_sales_dashboard_mart_daily.py for tasks to queue
[2023-10-20T04:45:59.762+0000] {logging_mixin.py:137} INFO - [2023-10-20T04:45:59.762+0000] {dagbag.py:532} INFO - Filling up the DagBag from /opt/airflow/dags/etl_sales_dashboard_mart_daily.py
[2023-10-20T04:45:59.967+0000] {processor.py:753} INFO - DAG(s) dict_keys(['etl_sales_dashboard_mart_daily_v1_3_batch1']) retrieved from /opt/airflow/dags/etl_sales_dashboard_mart_daily.py
[2023-10-20T04:46:00.010+0000] {logging_mixin.py:137} INFO - [2023-10-20T04:46:00.010+0000] {dag.py:2705} INFO - Sync 1 DAGs
[2023-10-20T04:46:00.083+0000] {logging_mixin.py:137} INFO - [2023-10-20T04:46:00.082+0000] {dag.py:3456} INFO - Setting next_dagrun for etl_sales_dashboard_mart_daily_v1_3_batch1 to None, run_after=None
[2023-10-20T04:46:00.150+0000] {processor.py:175} INFO - Processing /opt/airflow/dags/etl_sales_dashboard_mart_daily.py took 0.411 seconds
[2023-10-20T04:46:30.766+0000] {processor.py:153} INFO - Started process (PID=623) to work on /opt/airflow/dags/etl_sales_dashboard_mart_daily.py
[2023-10-20T04:46:30.777+0000] {processor.py:743} INFO - Processing file /opt/airflow/dags/etl_sales_dashboard_mart_daily.py for tasks to queue
[2023-10-20T04:46:30.784+0000] {logging_mixin.py:137} INFO - [2023-10-20T04:46:30.784+0000] {dagbag.py:532} INFO - Filling up the DagBag from /opt/airflow/dags/etl_sales_dashboard_mart_daily.py
[2023-10-20T04:46:30.941+0000] {processor.py:753} INFO - DAG(s) dict_keys(['etl_sales_dashboard_mart_daily_v1_3_batch1']) retrieved from /opt/airflow/dags/etl_sales_dashboard_mart_daily.py
[2023-10-20T04:46:30.993+0000] {logging_mixin.py:137} INFO - [2023-10-20T04:46:30.993+0000] {dag.py:2705} INFO - Sync 1 DAGs
[2023-10-20T04:46:31.123+0000] {logging_mixin.py:137} INFO - [2023-10-20T04:46:31.123+0000] {dag.py:3456} INFO - Setting next_dagrun for etl_sales_dashboard_mart_daily_v1_3_batch1 to None, run_after=None
[2023-10-20T04:46:31.232+0000] {processor.py:175} INFO - Processing /opt/airflow/dags/etl_sales_dashboard_mart_daily.py took 0.477 seconds
[2023-10-20T04:47:03.049+0000] {processor.py:153} INFO - Started process (PID=646) to work on /opt/airflow/dags/etl_sales_dashboard_mart_daily.py
[2023-10-20T04:47:03.061+0000] {processor.py:743} INFO - Processing file /opt/airflow/dags/etl_sales_dashboard_mart_daily.py for tasks to queue
[2023-10-20T04:47:03.079+0000] {logging_mixin.py:137} INFO - [2023-10-20T04:47:03.073+0000] {dagbag.py:532} INFO - Filling up the DagBag from /opt/airflow/dags/etl_sales_dashboard_mart_daily.py
[2023-10-20T04:47:03.623+0000] {processor.py:753} INFO - DAG(s) dict_keys(['etl_sales_dashboard_mart_daily_v1_3_batch1']) retrieved from /opt/airflow/dags/etl_sales_dashboard_mart_daily.py
[2023-10-20T04:47:03.830+0000] {logging_mixin.py:137} INFO - [2023-10-20T04:47:03.830+0000] {dag.py:2705} INFO - Sync 1 DAGs
[2023-10-20T04:47:04.001+0000] {logging_mixin.py:137} INFO - [2023-10-20T04:47:04.000+0000] {dag.py:3456} INFO - Setting next_dagrun for etl_sales_dashboard_mart_daily_v1_3_batch1 to None, run_after=None
[2023-10-20T04:47:04.116+0000] {processor.py:175} INFO - Processing /opt/airflow/dags/etl_sales_dashboard_mart_daily.py took 1.092 seconds
[2023-10-20T04:47:34.935+0000] {processor.py:153} INFO - Started process (PID=676) to work on /opt/airflow/dags/etl_sales_dashboard_mart_daily.py
[2023-10-20T04:47:34.939+0000] {processor.py:743} INFO - Processing file /opt/airflow/dags/etl_sales_dashboard_mart_daily.py for tasks to queue
[2023-10-20T04:47:34.944+0000] {logging_mixin.py:137} INFO - [2023-10-20T04:47:34.943+0000] {dagbag.py:532} INFO - Filling up the DagBag from /opt/airflow/dags/etl_sales_dashboard_mart_daily.py
[2023-10-20T04:47:35.071+0000] {processor.py:753} INFO - DAG(s) dict_keys(['etl_sales_dashboard_mart_daily_v1_3_batch1']) retrieved from /opt/airflow/dags/etl_sales_dashboard_mart_daily.py
[2023-10-20T04:47:35.123+0000] {logging_mixin.py:137} INFO - [2023-10-20T04:47:35.122+0000] {dag.py:2705} INFO - Sync 1 DAGs
[2023-10-20T04:47:35.203+0000] {logging_mixin.py:137} INFO - [2023-10-20T04:47:35.203+0000] {dag.py:3456} INFO - Setting next_dagrun for etl_sales_dashboard_mart_daily_v1_3_batch1 to None, run_after=None
[2023-10-20T04:47:35.254+0000] {processor.py:175} INFO - Processing /opt/airflow/dags/etl_sales_dashboard_mart_daily.py took 0.335 seconds
[2023-10-20T04:48:29.029+0000] {processor.py:153} INFO - Started process (PID=711) to work on /opt/airflow/dags/etl_sales_dashboard_mart_daily.py
[2023-10-20T04:48:29.032+0000] {processor.py:743} INFO - Processing file /opt/airflow/dags/etl_sales_dashboard_mart_daily.py for tasks to queue
[2023-10-20T04:48:29.042+0000] {logging_mixin.py:137} INFO - [2023-10-20T04:48:29.041+0000] {dagbag.py:532} INFO - Filling up the DagBag from /opt/airflow/dags/etl_sales_dashboard_mart_daily.py
[2023-10-20T04:48:29.289+0000] {processor.py:753} INFO - DAG(s) dict_keys(['etl_sales_dashboard_mart_daily_v1_3_batch1']) retrieved from /opt/airflow/dags/etl_sales_dashboard_mart_daily.py
[2023-10-20T04:48:29.359+0000] {logging_mixin.py:137} INFO - [2023-10-20T04:48:29.358+0000] {dag.py:2705} INFO - Sync 1 DAGs
[2023-10-20T04:48:29.487+0000] {logging_mixin.py:137} INFO - [2023-10-20T04:48:29.487+0000] {dag.py:3456} INFO - Setting next_dagrun for etl_sales_dashboard_mart_daily_v1_3_batch1 to None, run_after=None
[2023-10-20T04:48:29.592+0000] {processor.py:175} INFO - Processing /opt/airflow/dags/etl_sales_dashboard_mart_daily.py took 0.577 seconds
[2023-10-20T05:49:07.939+0000] {processor.py:153} INFO - Started process (PID=746) to work on /opt/airflow/dags/etl_sales_dashboard_mart_daily.py
[2023-10-20T05:49:07.955+0000] {processor.py:743} INFO - Processing file /opt/airflow/dags/etl_sales_dashboard_mart_daily.py for tasks to queue
[2023-10-20T05:49:07.977+0000] {logging_mixin.py:137} INFO - [2023-10-20T05:49:07.976+0000] {dagbag.py:532} INFO - Filling up the DagBag from /opt/airflow/dags/etl_sales_dashboard_mart_daily.py
[2023-10-20T05:49:08.370+0000] {processor.py:753} INFO - DAG(s) dict_keys(['etl_sales_dashboard_mart_daily_v1_3_batch1']) retrieved from /opt/airflow/dags/etl_sales_dashboard_mart_daily.py
[2023-10-20T05:49:08.655+0000] {logging_mixin.py:137} INFO - [2023-10-20T05:49:08.650+0000] {dag.py:2705} INFO - Sync 1 DAGs
[2023-10-20T05:49:09.089+0000] {logging_mixin.py:137} INFO - [2023-10-20T05:49:09.089+0000] {dag.py:3456} INFO - Setting next_dagrun for etl_sales_dashboard_mart_daily_v1_3_batch1 to None, run_after=None
[2023-10-20T05:49:09.446+0000] {processor.py:175} INFO - Processing /opt/airflow/dags/etl_sales_dashboard_mart_daily.py took 1.531 seconds
[2023-10-20T05:49:39.994+0000] {processor.py:153} INFO - Started process (PID=769) to work on /opt/airflow/dags/etl_sales_dashboard_mart_daily.py
[2023-10-20T05:49:40.025+0000] {processor.py:743} INFO - Processing file /opt/airflow/dags/etl_sales_dashboard_mart_daily.py for tasks to queue
[2023-10-20T05:49:40.037+0000] {logging_mixin.py:137} INFO - [2023-10-20T05:49:40.034+0000] {dagbag.py:532} INFO - Filling up the DagBag from /opt/airflow/dags/etl_sales_dashboard_mart_daily.py
[2023-10-20T05:49:40.390+0000] {processor.py:753} INFO - DAG(s) dict_keys(['etl_sales_dashboard_mart_daily_v1_3_batch1']) retrieved from /opt/airflow/dags/etl_sales_dashboard_mart_daily.py
[2023-10-20T05:49:40.505+0000] {logging_mixin.py:137} INFO - [2023-10-20T05:49:40.502+0000] {dag.py:2705} INFO - Sync 1 DAGs
[2023-10-20T05:49:40.654+0000] {logging_mixin.py:137} INFO - [2023-10-20T05:49:40.653+0000] {dag.py:3456} INFO - Setting next_dagrun for etl_sales_dashboard_mart_daily_v1_3_batch1 to None, run_after=None
[2023-10-20T05:49:40.770+0000] {processor.py:175} INFO - Processing /opt/airflow/dags/etl_sales_dashboard_mart_daily.py took 0.838 seconds
[2023-10-20T05:50:11.307+0000] {processor.py:153} INFO - Started process (PID=801) to work on /opt/airflow/dags/etl_sales_dashboard_mart_daily.py
[2023-10-20T05:50:11.338+0000] {processor.py:743} INFO - Processing file /opt/airflow/dags/etl_sales_dashboard_mart_daily.py for tasks to queue
[2023-10-20T05:50:11.348+0000] {logging_mixin.py:137} INFO - [2023-10-20T05:50:11.347+0000] {dagbag.py:532} INFO - Filling up the DagBag from /opt/airflow/dags/etl_sales_dashboard_mart_daily.py
[2023-10-20T05:50:11.540+0000] {processor.py:753} INFO - DAG(s) dict_keys(['etl_sales_dashboard_mart_daily_v1_3_batch1']) retrieved from /opt/airflow/dags/etl_sales_dashboard_mart_daily.py
[2023-10-20T05:50:11.620+0000] {logging_mixin.py:137} INFO - [2023-10-20T05:50:11.620+0000] {dag.py:2705} INFO - Sync 1 DAGs
[2023-10-20T05:50:11.817+0000] {logging_mixin.py:137} INFO - [2023-10-20T05:50:11.817+0000] {dag.py:3456} INFO - Setting next_dagrun for etl_sales_dashboard_mart_daily_v1_3_batch1 to None, run_after=None
[2023-10-20T05:50:11.958+0000] {processor.py:175} INFO - Processing /opt/airflow/dags/etl_sales_dashboard_mart_daily.py took 0.690 seconds
[2023-10-20T05:50:43.135+0000] {processor.py:153} INFO - Started process (PID=831) to work on /opt/airflow/dags/etl_sales_dashboard_mart_daily.py
[2023-10-20T05:50:43.159+0000] {processor.py:743} INFO - Processing file /opt/airflow/dags/etl_sales_dashboard_mart_daily.py for tasks to queue
[2023-10-20T05:50:43.174+0000] {logging_mixin.py:137} INFO - [2023-10-20T05:50:43.173+0000] {dagbag.py:532} INFO - Filling up the DagBag from /opt/airflow/dags/etl_sales_dashboard_mart_daily.py
[2023-10-20T05:50:43.635+0000] {processor.py:753} INFO - DAG(s) dict_keys(['etl_sales_dashboard_mart_daily_v1_3_batch1']) retrieved from /opt/airflow/dags/etl_sales_dashboard_mart_daily.py
[2023-10-20T05:50:44.126+0000] {logging_mixin.py:137} INFO - [2023-10-20T05:50:44.125+0000] {dag.py:2705} INFO - Sync 1 DAGs
[2023-10-20T05:50:44.801+0000] {logging_mixin.py:137} INFO - [2023-10-20T05:50:44.801+0000] {dag.py:3456} INFO - Setting next_dagrun for etl_sales_dashboard_mart_daily_v1_3_batch1 to None, run_after=None
[2023-10-20T05:50:45.030+0000] {processor.py:175} INFO - Processing /opt/airflow/dags/etl_sales_dashboard_mart_daily.py took 1.975 seconds
[2023-10-20T05:51:15.917+0000] {processor.py:153} INFO - Started process (PID=855) to work on /opt/airflow/dags/etl_sales_dashboard_mart_daily.py
[2023-10-20T05:51:15.933+0000] {processor.py:743} INFO - Processing file /opt/airflow/dags/etl_sales_dashboard_mart_daily.py for tasks to queue
[2023-10-20T05:51:15.943+0000] {logging_mixin.py:137} INFO - [2023-10-20T05:51:15.937+0000] {dagbag.py:532} INFO - Filling up the DagBag from /opt/airflow/dags/etl_sales_dashboard_mart_daily.py
[2023-10-20T05:51:16.398+0000] {processor.py:753} INFO - DAG(s) dict_keys(['etl_sales_dashboard_mart_daily_v1_3_batch1']) retrieved from /opt/airflow/dags/etl_sales_dashboard_mart_daily.py
[2023-10-20T05:51:16.602+0000] {logging_mixin.py:137} INFO - [2023-10-20T05:51:16.601+0000] {dag.py:2705} INFO - Sync 1 DAGs
[2023-10-20T05:51:17.012+0000] {logging_mixin.py:137} INFO - [2023-10-20T05:51:17.011+0000] {dag.py:3456} INFO - Setting next_dagrun for etl_sales_dashboard_mart_daily_v1_3_batch1 to None, run_after=None
[2023-10-20T05:51:17.208+0000] {processor.py:175} INFO - Processing /opt/airflow/dags/etl_sales_dashboard_mart_daily.py took 1.429 seconds
[2023-10-20T05:51:52.088+0000] {processor.py:153} INFO - Started process (PID=881) to work on /opt/airflow/dags/etl_sales_dashboard_mart_daily.py
[2023-10-20T05:51:52.120+0000] {processor.py:743} INFO - Processing file /opt/airflow/dags/etl_sales_dashboard_mart_daily.py for tasks to queue
[2023-10-20T05:51:52.149+0000] {logging_mixin.py:137} INFO - [2023-10-20T05:51:52.149+0000] {dagbag.py:532} INFO - Filling up the DagBag from /opt/airflow/dags/etl_sales_dashboard_mart_daily.py
[2023-10-20T05:51:53.090+0000] {processor.py:753} INFO - DAG(s) dict_keys(['etl_sales_dashboard_mart_daily_v1_3_batch1']) retrieved from /opt/airflow/dags/etl_sales_dashboard_mart_daily.py
[2023-10-20T05:51:53.517+0000] {logging_mixin.py:137} INFO - [2023-10-20T05:51:53.511+0000] {dag.py:2705} INFO - Sync 1 DAGs
[2023-10-20T05:51:54.638+0000] {logging_mixin.py:137} INFO - [2023-10-20T05:51:54.603+0000] {dag.py:3456} INFO - Setting next_dagrun for etl_sales_dashboard_mart_daily_v1_3_batch1 to None, run_after=None
[2023-10-20T05:51:55.418+0000] {processor.py:175} INFO - Processing /opt/airflow/dags/etl_sales_dashboard_mart_daily.py took 3.376 seconds
[2023-10-20T05:52:28.365+0000] {processor.py:153} INFO - Started process (PID=909) to work on /opt/airflow/dags/etl_sales_dashboard_mart_daily.py
[2023-10-20T05:52:28.391+0000] {processor.py:743} INFO - Processing file /opt/airflow/dags/etl_sales_dashboard_mart_daily.py for tasks to queue
[2023-10-20T05:52:28.405+0000] {logging_mixin.py:137} INFO - [2023-10-20T05:52:28.405+0000] {dagbag.py:532} INFO - Filling up the DagBag from /opt/airflow/dags/etl_sales_dashboard_mart_daily.py
[2023-10-20T05:52:28.937+0000] {processor.py:753} INFO - DAG(s) dict_keys(['etl_sales_dashboard_mart_daily_v1_3_batch1']) retrieved from /opt/airflow/dags/etl_sales_dashboard_mart_daily.py
[2023-10-20T05:52:29.132+0000] {logging_mixin.py:137} INFO - [2023-10-20T05:52:29.122+0000] {dag.py:2705} INFO - Sync 1 DAGs
[2023-10-20T05:52:29.295+0000] {logging_mixin.py:137} INFO - [2023-10-20T05:52:29.294+0000] {dag.py:3456} INFO - Setting next_dagrun for etl_sales_dashboard_mart_daily_v1_3_batch1 to None, run_after=None
[2023-10-20T05:52:29.618+0000] {processor.py:175} INFO - Processing /opt/airflow/dags/etl_sales_dashboard_mart_daily.py took 1.364 seconds
[2023-10-20T05:53:00.097+0000] {processor.py:153} INFO - Started process (PID=934) to work on /opt/airflow/dags/etl_sales_dashboard_mart_daily.py
[2023-10-20T05:53:00.098+0000] {processor.py:743} INFO - Processing file /opt/airflow/dags/etl_sales_dashboard_mart_daily.py for tasks to queue
[2023-10-20T05:53:00.102+0000] {logging_mixin.py:137} INFO - [2023-10-20T05:53:00.101+0000] {dagbag.py:532} INFO - Filling up the DagBag from /opt/airflow/dags/etl_sales_dashboard_mart_daily.py
[2023-10-20T05:53:00.182+0000] {processor.py:753} INFO - DAG(s) dict_keys(['etl_sales_dashboard_mart_daily_v1_3_batch1']) retrieved from /opt/airflow/dags/etl_sales_dashboard_mart_daily.py
[2023-10-20T05:53:00.227+0000] {logging_mixin.py:137} INFO - [2023-10-20T05:53:00.226+0000] {dag.py:2705} INFO - Sync 1 DAGs
[2023-10-20T05:53:00.308+0000] {logging_mixin.py:137} INFO - [2023-10-20T05:53:00.307+0000] {dag.py:3456} INFO - Setting next_dagrun for etl_sales_dashboard_mart_daily_v1_3_batch1 to None, run_after=None
[2023-10-20T05:53:00.456+0000] {processor.py:175} INFO - Processing /opt/airflow/dags/etl_sales_dashboard_mart_daily.py took 0.368 seconds
[2023-10-20T05:53:30.662+0000] {processor.py:153} INFO - Started process (PID=966) to work on /opt/airflow/dags/etl_sales_dashboard_mart_daily.py
[2023-10-20T05:53:30.666+0000] {processor.py:743} INFO - Processing file /opt/airflow/dags/etl_sales_dashboard_mart_daily.py for tasks to queue
[2023-10-20T05:53:30.669+0000] {logging_mixin.py:137} INFO - [2023-10-20T05:53:30.668+0000] {dagbag.py:532} INFO - Filling up the DagBag from /opt/airflow/dags/etl_sales_dashboard_mart_daily.py
[2023-10-20T05:53:30.788+0000] {processor.py:753} INFO - DAG(s) dict_keys(['etl_sales_dashboard_mart_daily_v1_3_batch1']) retrieved from /opt/airflow/dags/etl_sales_dashboard_mart_daily.py
[2023-10-20T05:53:30.827+0000] {logging_mixin.py:137} INFO - [2023-10-20T05:53:30.826+0000] {dag.py:2705} INFO - Sync 1 DAGs
[2023-10-20T05:53:30.892+0000] {logging_mixin.py:137} INFO - [2023-10-20T05:53:30.892+0000] {dag.py:3456} INFO - Setting next_dagrun for etl_sales_dashboard_mart_daily_v1_3_batch1 to None, run_after=None
[2023-10-20T05:53:30.946+0000] {processor.py:175} INFO - Processing /opt/airflow/dags/etl_sales_dashboard_mart_daily.py took 0.294 seconds
[2023-10-20T05:54:01.218+0000] {processor.py:153} INFO - Started process (PID=998) to work on /opt/airflow/dags/etl_sales_dashboard_mart_daily.py
[2023-10-20T05:54:01.229+0000] {processor.py:743} INFO - Processing file /opt/airflow/dags/etl_sales_dashboard_mart_daily.py for tasks to queue
[2023-10-20T05:54:01.236+0000] {logging_mixin.py:137} INFO - [2023-10-20T05:54:01.236+0000] {dagbag.py:532} INFO - Filling up the DagBag from /opt/airflow/dags/etl_sales_dashboard_mart_daily.py
[2023-10-20T05:54:01.710+0000] {processor.py:753} INFO - DAG(s) dict_keys(['etl_sales_dashboard_mart_daily_v1_3_batch1']) retrieved from /opt/airflow/dags/etl_sales_dashboard_mart_daily.py
[2023-10-20T05:54:02.028+0000] {logging_mixin.py:137} INFO - [2023-10-20T05:54:02.027+0000] {dag.py:2705} INFO - Sync 1 DAGs
[2023-10-20T05:54:02.325+0000] {logging_mixin.py:137} INFO - [2023-10-20T05:54:02.325+0000] {dag.py:3456} INFO - Setting next_dagrun for etl_sales_dashboard_mart_daily_v1_3_batch1 to None, run_after=None
[2023-10-20T05:54:02.642+0000] {processor.py:175} INFO - Processing /opt/airflow/dags/etl_sales_dashboard_mart_daily.py took 1.445 seconds
