[2023-10-20T04:37:03.322+0000] {processor.py:153} INFO - Started process (PID=83) to work on /opt/airflow/dags/etl_compliment.py
[2023-10-20T04:37:03.331+0000] {processor.py:743} INFO - Processing file /opt/airflow/dags/etl_compliment.py for tasks to queue
[2023-10-20T04:37:03.336+0000] {logging_mixin.py:137} INFO - [2023-10-20T04:37:03.336+0000] {dagbag.py:532} INFO - Filling up the DagBag from /opt/airflow/dags/etl_compliment.py
[2023-10-20T04:37:03.713+0000] {processor.py:753} INFO - DAG(s) dict_keys(['etl_compliment_batch_2020-realtime_v0_1']) retrieved from /opt/airflow/dags/etl_compliment.py
[2023-10-20T04:37:03.849+0000] {logging_mixin.py:137} INFO - [2023-10-20T04:37:03.848+0000] {dag.py:2705} INFO - Sync 1 DAGs
[2023-10-20T04:37:04.066+0000] {logging_mixin.py:137} INFO - [2023-10-20T04:37:04.066+0000] {dag.py:3456} INFO - Setting next_dagrun for etl_compliment_batch_2020-realtime_v0_1 to 2019-12-31T17:00:00+00:00, run_after=2020-01-01T17:00:00+00:00
[2023-10-20T04:37:04.229+0000] {processor.py:175} INFO - Processing /opt/airflow/dags/etl_compliment.py took 0.924 seconds
[2023-10-20T04:37:40.483+0000] {processor.py:153} INFO - Started process (PID=114) to work on /opt/airflow/dags/etl_compliment.py
[2023-10-20T04:37:40.493+0000] {processor.py:743} INFO - Processing file /opt/airflow/dags/etl_compliment.py for tasks to queue
[2023-10-20T04:37:40.498+0000] {logging_mixin.py:137} INFO - [2023-10-20T04:37:40.498+0000] {dagbag.py:532} INFO - Filling up the DagBag from /opt/airflow/dags/etl_compliment.py
[2023-10-20T04:37:40.783+0000] {processor.py:753} INFO - DAG(s) dict_keys(['etl_compliment_batch_2020-realtime_v0_1']) retrieved from /opt/airflow/dags/etl_compliment.py
[2023-10-20T04:37:40.852+0000] {logging_mixin.py:137} INFO - [2023-10-20T04:37:40.851+0000] {dag.py:2705} INFO - Sync 1 DAGs
[2023-10-20T04:37:40.923+0000] {logging_mixin.py:137} INFO - [2023-10-20T04:37:40.923+0000] {dag.py:3456} INFO - Setting next_dagrun for etl_compliment_batch_2020-realtime_v0_1 to 2019-12-31T17:00:00+00:00, run_after=2020-01-01T17:00:00+00:00
[2023-10-20T04:37:41.028+0000] {processor.py:175} INFO - Processing /opt/airflow/dags/etl_compliment.py took 0.569 seconds
[2023-10-20T04:38:12.990+0000] {processor.py:153} INFO - Started process (PID=143) to work on /opt/airflow/dags/etl_compliment.py
[2023-10-20T04:38:13.031+0000] {processor.py:743} INFO - Processing file /opt/airflow/dags/etl_compliment.py for tasks to queue
[2023-10-20T04:38:13.040+0000] {logging_mixin.py:137} INFO - [2023-10-20T04:38:13.037+0000] {dagbag.py:532} INFO - Filling up the DagBag from /opt/airflow/dags/etl_compliment.py
[2023-10-20T04:38:13.305+0000] {processor.py:753} INFO - DAG(s) dict_keys(['etl_compliment_batch_2020-realtime_v0_1']) retrieved from /opt/airflow/dags/etl_compliment.py
[2023-10-20T04:38:13.400+0000] {logging_mixin.py:137} INFO - [2023-10-20T04:38:13.400+0000] {dag.py:2705} INFO - Sync 1 DAGs
[2023-10-20T04:38:13.566+0000] {logging_mixin.py:137} INFO - [2023-10-20T04:38:13.566+0000] {dag.py:3456} INFO - Setting next_dagrun for etl_compliment_batch_2020-realtime_v0_1 to 2019-12-31T17:00:00+00:00, run_after=2020-01-01T17:00:00+00:00
[2023-10-20T04:38:13.714+0000] {processor.py:175} INFO - Processing /opt/airflow/dags/etl_compliment.py took 0.763 seconds
[2023-10-20T04:38:45.305+0000] {processor.py:153} INFO - Started process (PID=166) to work on /opt/airflow/dags/etl_compliment.py
[2023-10-20T04:38:45.374+0000] {processor.py:743} INFO - Processing file /opt/airflow/dags/etl_compliment.py for tasks to queue
[2023-10-20T04:38:45.430+0000] {logging_mixin.py:137} INFO - [2023-10-20T04:38:45.429+0000] {dagbag.py:532} INFO - Filling up the DagBag from /opt/airflow/dags/etl_compliment.py
[2023-10-20T04:38:46.117+0000] {processor.py:753} INFO - DAG(s) dict_keys(['etl_compliment_batch_2020-realtime_v0_1']) retrieved from /opt/airflow/dags/etl_compliment.py
[2023-10-20T04:38:46.290+0000] {logging_mixin.py:137} INFO - [2023-10-20T04:38:46.290+0000] {dag.py:2705} INFO - Sync 1 DAGs
[2023-10-20T04:38:46.515+0000] {logging_mixin.py:137} INFO - [2023-10-20T04:38:46.514+0000] {dag.py:3456} INFO - Setting next_dagrun for etl_compliment_batch_2020-realtime_v0_1 to 2019-12-31T17:00:00+00:00, run_after=2020-01-01T17:00:00+00:00
[2023-10-20T04:38:46.687+0000] {processor.py:175} INFO - Processing /opt/airflow/dags/etl_compliment.py took 1.855 seconds
[2023-10-20T04:39:16.832+0000] {processor.py:153} INFO - Started process (PID=197) to work on /opt/airflow/dags/etl_compliment.py
[2023-10-20T04:39:16.841+0000] {processor.py:743} INFO - Processing file /opt/airflow/dags/etl_compliment.py for tasks to queue
[2023-10-20T04:39:16.851+0000] {logging_mixin.py:137} INFO - [2023-10-20T04:39:16.851+0000] {dagbag.py:532} INFO - Filling up the DagBag from /opt/airflow/dags/etl_compliment.py
[2023-10-20T04:39:16.980+0000] {processor.py:753} INFO - DAG(s) dict_keys(['etl_compliment_batch_2020-realtime_v0_1']) retrieved from /opt/airflow/dags/etl_compliment.py
[2023-10-20T04:39:17.061+0000] {logging_mixin.py:137} INFO - [2023-10-20T04:39:17.060+0000] {dag.py:2705} INFO - Sync 1 DAGs
[2023-10-20T04:39:17.152+0000] {logging_mixin.py:137} INFO - [2023-10-20T04:39:17.152+0000] {dag.py:3456} INFO - Setting next_dagrun for etl_compliment_batch_2020-realtime_v0_1 to 2019-12-31T17:00:00+00:00, run_after=2020-01-01T17:00:00+00:00
[2023-10-20T04:39:17.215+0000] {processor.py:175} INFO - Processing /opt/airflow/dags/etl_compliment.py took 0.391 seconds
[2023-10-20T04:39:48.921+0000] {processor.py:153} INFO - Started process (PID=225) to work on /opt/airflow/dags/etl_compliment.py
[2023-10-20T04:39:48.982+0000] {processor.py:743} INFO - Processing file /opt/airflow/dags/etl_compliment.py for tasks to queue
[2023-10-20T04:39:49.001+0000] {logging_mixin.py:137} INFO - [2023-10-20T04:39:49.000+0000] {dagbag.py:532} INFO - Filling up the DagBag from /opt/airflow/dags/etl_compliment.py
[2023-10-20T04:39:50.336+0000] {processor.py:753} INFO - DAG(s) dict_keys(['etl_compliment_batch_2020-realtime_v0_1']) retrieved from /opt/airflow/dags/etl_compliment.py
[2023-10-20T04:39:50.414+0000] {logging_mixin.py:137} INFO - [2023-10-20T04:39:50.414+0000] {dag.py:2705} INFO - Sync 1 DAGs
[2023-10-20T04:39:50.701+0000] {logging_mixin.py:137} INFO - [2023-10-20T04:39:50.700+0000] {dag.py:3456} INFO - Setting next_dagrun for etl_compliment_batch_2020-realtime_v0_1 to 2019-12-31T17:00:00+00:00, run_after=2020-01-01T17:00:00+00:00
[2023-10-20T04:39:50.938+0000] {processor.py:175} INFO - Processing /opt/airflow/dags/etl_compliment.py took 2.089 seconds
[2023-10-20T04:40:21.166+0000] {processor.py:153} INFO - Started process (PID=258) to work on /opt/airflow/dags/etl_compliment.py
[2023-10-20T04:40:21.168+0000] {processor.py:743} INFO - Processing file /opt/airflow/dags/etl_compliment.py for tasks to queue
[2023-10-20T04:40:21.172+0000] {logging_mixin.py:137} INFO - [2023-10-20T04:40:21.171+0000] {dagbag.py:532} INFO - Filling up the DagBag from /opt/airflow/dags/etl_compliment.py
[2023-10-20T04:40:21.267+0000] {processor.py:753} INFO - DAG(s) dict_keys(['etl_compliment_batch_2020-realtime_v0_1']) retrieved from /opt/airflow/dags/etl_compliment.py
[2023-10-20T04:40:21.312+0000] {logging_mixin.py:137} INFO - [2023-10-20T04:40:21.312+0000] {dag.py:2705} INFO - Sync 1 DAGs
[2023-10-20T04:40:21.394+0000] {logging_mixin.py:137} INFO - [2023-10-20T04:40:21.394+0000] {dag.py:3456} INFO - Setting next_dagrun for etl_compliment_batch_2020-realtime_v0_1 to 2019-12-31T17:00:00+00:00, run_after=2020-01-01T17:00:00+00:00
[2023-10-20T04:40:21.482+0000] {processor.py:175} INFO - Processing /opt/airflow/dags/etl_compliment.py took 0.335 seconds
[2023-10-20T04:40:51.661+0000] {processor.py:153} INFO - Started process (PID=285) to work on /opt/airflow/dags/etl_compliment.py
[2023-10-20T04:40:51.669+0000] {processor.py:743} INFO - Processing file /opt/airflow/dags/etl_compliment.py for tasks to queue
[2023-10-20T04:40:51.671+0000] {logging_mixin.py:137} INFO - [2023-10-20T04:40:51.671+0000] {dagbag.py:532} INFO - Filling up the DagBag from /opt/airflow/dags/etl_compliment.py
[2023-10-20T04:40:51.879+0000] {processor.py:753} INFO - DAG(s) dict_keys(['etl_compliment_batch_2020-realtime_v0_1']) retrieved from /opt/airflow/dags/etl_compliment.py
[2023-10-20T04:40:51.971+0000] {logging_mixin.py:137} INFO - [2023-10-20T04:40:51.970+0000] {dag.py:2705} INFO - Sync 1 DAGs
[2023-10-20T04:40:52.069+0000] {logging_mixin.py:137} INFO - [2023-10-20T04:40:52.068+0000] {dag.py:3456} INFO - Setting next_dagrun for etl_compliment_batch_2020-realtime_v0_1 to 2019-12-31T17:00:00+00:00, run_after=2020-01-01T17:00:00+00:00
[2023-10-20T04:40:52.134+0000] {processor.py:175} INFO - Processing /opt/airflow/dags/etl_compliment.py took 0.484 seconds
[2023-10-20T04:41:22.562+0000] {processor.py:153} INFO - Started process (PID=315) to work on /opt/airflow/dags/etl_compliment.py
[2023-10-20T04:41:22.567+0000] {processor.py:743} INFO - Processing file /opt/airflow/dags/etl_compliment.py for tasks to queue
[2023-10-20T04:41:22.575+0000] {logging_mixin.py:137} INFO - [2023-10-20T04:41:22.575+0000] {dagbag.py:532} INFO - Filling up the DagBag from /opt/airflow/dags/etl_compliment.py
[2023-10-20T04:41:22.728+0000] {processor.py:753} INFO - DAG(s) dict_keys(['etl_compliment_batch_2020-realtime_v0_1']) retrieved from /opt/airflow/dags/etl_compliment.py
[2023-10-20T04:41:22.820+0000] {logging_mixin.py:137} INFO - [2023-10-20T04:41:22.820+0000] {dag.py:2705} INFO - Sync 1 DAGs
[2023-10-20T04:41:22.977+0000] {logging_mixin.py:137} INFO - [2023-10-20T04:41:22.977+0000] {dag.py:3456} INFO - Setting next_dagrun for etl_compliment_batch_2020-realtime_v0_1 to 2019-12-31T17:00:00+00:00, run_after=2020-01-01T17:00:00+00:00
[2023-10-20T04:41:23.080+0000] {processor.py:175} INFO - Processing /opt/airflow/dags/etl_compliment.py took 0.528 seconds
[2023-10-20T04:41:53.281+0000] {processor.py:153} INFO - Started process (PID=347) to work on /opt/airflow/dags/etl_compliment.py
[2023-10-20T04:41:53.286+0000] {processor.py:743} INFO - Processing file /opt/airflow/dags/etl_compliment.py for tasks to queue
[2023-10-20T04:41:53.304+0000] {logging_mixin.py:137} INFO - [2023-10-20T04:41:53.300+0000] {dagbag.py:532} INFO - Filling up the DagBag from /opt/airflow/dags/etl_compliment.py
[2023-10-20T04:41:53.523+0000] {processor.py:753} INFO - DAG(s) dict_keys(['etl_compliment_batch_2020-realtime_v0_1']) retrieved from /opt/airflow/dags/etl_compliment.py
[2023-10-20T04:41:53.567+0000] {logging_mixin.py:137} INFO - [2023-10-20T04:41:53.567+0000] {dag.py:2705} INFO - Sync 1 DAGs
[2023-10-20T04:41:53.641+0000] {logging_mixin.py:137} INFO - [2023-10-20T04:41:53.641+0000] {dag.py:3456} INFO - Setting next_dagrun for etl_compliment_batch_2020-realtime_v0_1 to 2019-12-31T17:00:00+00:00, run_after=2020-01-01T17:00:00+00:00
[2023-10-20T04:41:53.706+0000] {processor.py:175} INFO - Processing /opt/airflow/dags/etl_compliment.py took 0.443 seconds
[2023-10-20T04:42:25.104+0000] {processor.py:153} INFO - Started process (PID=379) to work on /opt/airflow/dags/etl_compliment.py
[2023-10-20T04:42:25.117+0000] {processor.py:743} INFO - Processing file /opt/airflow/dags/etl_compliment.py for tasks to queue
[2023-10-20T04:42:25.155+0000] {logging_mixin.py:137} INFO - [2023-10-20T04:42:25.142+0000] {dagbag.py:532} INFO - Filling up the DagBag from /opt/airflow/dags/etl_compliment.py
[2023-10-20T04:42:25.699+0000] {processor.py:753} INFO - DAG(s) dict_keys(['etl_compliment_batch_2020-realtime_v0_1']) retrieved from /opt/airflow/dags/etl_compliment.py
[2023-10-20T04:42:25.868+0000] {logging_mixin.py:137} INFO - [2023-10-20T04:42:25.867+0000] {dag.py:2705} INFO - Sync 1 DAGs
[2023-10-20T04:42:26.496+0000] {logging_mixin.py:137} INFO - [2023-10-20T04:42:26.494+0000] {dag.py:3456} INFO - Setting next_dagrun for etl_compliment_batch_2020-realtime_v0_1 to 2019-12-31T17:00:00+00:00, run_after=2020-01-01T17:00:00+00:00
[2023-10-20T04:42:26.711+0000] {processor.py:175} INFO - Processing /opt/airflow/dags/etl_compliment.py took 1.640 seconds
[2023-10-20T04:42:57.470+0000] {processor.py:153} INFO - Started process (PID=403) to work on /opt/airflow/dags/etl_compliment.py
[2023-10-20T04:42:57.482+0000] {processor.py:743} INFO - Processing file /opt/airflow/dags/etl_compliment.py for tasks to queue
[2023-10-20T04:42:57.489+0000] {logging_mixin.py:137} INFO - [2023-10-20T04:42:57.488+0000] {dagbag.py:532} INFO - Filling up the DagBag from /opt/airflow/dags/etl_compliment.py
[2023-10-20T04:42:57.798+0000] {processor.py:753} INFO - DAG(s) dict_keys(['etl_compliment_batch_2020-realtime_v0_1']) retrieved from /opt/airflow/dags/etl_compliment.py
[2023-10-20T04:42:57.910+0000] {logging_mixin.py:137} INFO - [2023-10-20T04:42:57.909+0000] {dag.py:2705} INFO - Sync 1 DAGs
[2023-10-20T04:42:58.176+0000] {logging_mixin.py:137} INFO - [2023-10-20T04:42:58.176+0000] {dag.py:3456} INFO - Setting next_dagrun for etl_compliment_batch_2020-realtime_v0_1 to 2019-12-31T17:00:00+00:00, run_after=2020-01-01T17:00:00+00:00
[2023-10-20T04:42:58.263+0000] {processor.py:175} INFO - Processing /opt/airflow/dags/etl_compliment.py took 0.870 seconds
[2023-10-20T04:43:28.631+0000] {processor.py:153} INFO - Started process (PID=435) to work on /opt/airflow/dags/etl_compliment.py
[2023-10-20T04:43:28.633+0000] {processor.py:743} INFO - Processing file /opt/airflow/dags/etl_compliment.py for tasks to queue
[2023-10-20T04:43:28.635+0000] {logging_mixin.py:137} INFO - [2023-10-20T04:43:28.635+0000] {dagbag.py:532} INFO - Filling up the DagBag from /opt/airflow/dags/etl_compliment.py
[2023-10-20T04:43:28.720+0000] {processor.py:753} INFO - DAG(s) dict_keys(['etl_compliment_batch_2020-realtime_v0_1']) retrieved from /opt/airflow/dags/etl_compliment.py
[2023-10-20T04:43:28.761+0000] {logging_mixin.py:137} INFO - [2023-10-20T04:43:28.761+0000] {dag.py:2705} INFO - Sync 1 DAGs
[2023-10-20T04:43:28.836+0000] {logging_mixin.py:137} INFO - [2023-10-20T04:43:28.836+0000] {dag.py:3456} INFO - Setting next_dagrun for etl_compliment_batch_2020-realtime_v0_1 to 2019-12-31T17:00:00+00:00, run_after=2020-01-01T17:00:00+00:00
[2023-10-20T04:43:28.895+0000] {processor.py:175} INFO - Processing /opt/airflow/dags/etl_compliment.py took 0.273 seconds
[2023-10-20T04:43:59.112+0000] {processor.py:153} INFO - Started process (PID=466) to work on /opt/airflow/dags/etl_compliment.py
[2023-10-20T04:43:59.119+0000] {processor.py:743} INFO - Processing file /opt/airflow/dags/etl_compliment.py for tasks to queue
[2023-10-20T04:43:59.122+0000] {logging_mixin.py:137} INFO - [2023-10-20T04:43:59.122+0000] {dagbag.py:532} INFO - Filling up the DagBag from /opt/airflow/dags/etl_compliment.py
[2023-10-20T04:43:59.529+0000] {processor.py:753} INFO - DAG(s) dict_keys(['etl_compliment_batch_2020-realtime_v0_1']) retrieved from /opt/airflow/dags/etl_compliment.py
[2023-10-20T04:43:59.576+0000] {logging_mixin.py:137} INFO - [2023-10-20T04:43:59.575+0000] {dag.py:2705} INFO - Sync 1 DAGs
[2023-10-20T04:43:59.719+0000] {logging_mixin.py:137} INFO - [2023-10-20T04:43:59.718+0000] {dag.py:3456} INFO - Setting next_dagrun for etl_compliment_batch_2020-realtime_v0_1 to 2019-12-31T17:00:00+00:00, run_after=2020-01-01T17:00:00+00:00
[2023-10-20T04:43:59.815+0000] {processor.py:175} INFO - Processing /opt/airflow/dags/etl_compliment.py took 0.750 seconds
[2023-10-20T04:44:30.436+0000] {processor.py:153} INFO - Started process (PID=497) to work on /opt/airflow/dags/etl_compliment.py
[2023-10-20T04:44:30.456+0000] {processor.py:743} INFO - Processing file /opt/airflow/dags/etl_compliment.py for tasks to queue
[2023-10-20T04:44:30.540+0000] {logging_mixin.py:137} INFO - [2023-10-20T04:44:30.540+0000] {dagbag.py:532} INFO - Filling up the DagBag from /opt/airflow/dags/etl_compliment.py
[2023-10-20T04:44:30.755+0000] {processor.py:753} INFO - DAG(s) dict_keys(['etl_compliment_batch_2020-realtime_v0_1']) retrieved from /opt/airflow/dags/etl_compliment.py
[2023-10-20T04:44:30.823+0000] {logging_mixin.py:137} INFO - [2023-10-20T04:44:30.822+0000] {dag.py:2705} INFO - Sync 1 DAGs
[2023-10-20T04:44:30.955+0000] {logging_mixin.py:137} INFO - [2023-10-20T04:44:30.955+0000] {dag.py:3456} INFO - Setting next_dagrun for etl_compliment_batch_2020-realtime_v0_1 to 2019-12-31T17:00:00+00:00, run_after=2020-01-01T17:00:00+00:00
[2023-10-20T04:44:31.173+0000] {processor.py:175} INFO - Processing /opt/airflow/dags/etl_compliment.py took 0.812 seconds
[2023-10-20T04:45:01.370+0000] {processor.py:153} INFO - Started process (PID=530) to work on /opt/airflow/dags/etl_compliment.py
[2023-10-20T04:45:01.371+0000] {processor.py:743} INFO - Processing file /opt/airflow/dags/etl_compliment.py for tasks to queue
[2023-10-20T04:45:01.373+0000] {logging_mixin.py:137} INFO - [2023-10-20T04:45:01.373+0000] {dagbag.py:532} INFO - Filling up the DagBag from /opt/airflow/dags/etl_compliment.py
[2023-10-20T04:45:01.492+0000] {processor.py:753} INFO - DAG(s) dict_keys(['etl_compliment_batch_2020-realtime_v0_1']) retrieved from /opt/airflow/dags/etl_compliment.py
[2023-10-20T04:45:01.544+0000] {logging_mixin.py:137} INFO - [2023-10-20T04:45:01.543+0000] {dag.py:2705} INFO - Sync 1 DAGs
[2023-10-20T04:45:01.623+0000] {logging_mixin.py:137} INFO - [2023-10-20T04:45:01.623+0000] {dag.py:3456} INFO - Setting next_dagrun for etl_compliment_batch_2020-realtime_v0_1 to 2019-12-31T17:00:00+00:00, run_after=2020-01-01T17:00:00+00:00
[2023-10-20T04:45:01.672+0000] {processor.py:175} INFO - Processing /opt/airflow/dags/etl_compliment.py took 0.310 seconds
[2023-10-20T04:45:31.986+0000] {processor.py:153} INFO - Started process (PID=562) to work on /opt/airflow/dags/etl_compliment.py
[2023-10-20T04:45:31.993+0000] {processor.py:743} INFO - Processing file /opt/airflow/dags/etl_compliment.py for tasks to queue
[2023-10-20T04:45:31.999+0000] {logging_mixin.py:137} INFO - [2023-10-20T04:45:31.998+0000] {dagbag.py:532} INFO - Filling up the DagBag from /opt/airflow/dags/etl_compliment.py
[2023-10-20T04:45:32.344+0000] {processor.py:753} INFO - DAG(s) dict_keys(['etl_compliment_batch_2020-realtime_v0_1']) retrieved from /opt/airflow/dags/etl_compliment.py
[2023-10-20T04:45:32.442+0000] {logging_mixin.py:137} INFO - [2023-10-20T04:45:32.442+0000] {dag.py:2705} INFO - Sync 1 DAGs
[2023-10-20T04:45:32.582+0000] {logging_mixin.py:137} INFO - [2023-10-20T04:45:32.581+0000] {dag.py:3456} INFO - Setting next_dagrun for etl_compliment_batch_2020-realtime_v0_1 to 2019-12-31T17:00:00+00:00, run_after=2020-01-01T17:00:00+00:00
[2023-10-20T04:45:32.671+0000] {processor.py:175} INFO - Processing /opt/airflow/dags/etl_compliment.py took 0.694 seconds
[2023-10-20T04:46:03.326+0000] {processor.py:153} INFO - Started process (PID=595) to work on /opt/airflow/dags/etl_compliment.py
[2023-10-20T04:46:03.338+0000] {processor.py:743} INFO - Processing file /opt/airflow/dags/etl_compliment.py for tasks to queue
[2023-10-20T04:46:03.349+0000] {logging_mixin.py:137} INFO - [2023-10-20T04:46:03.346+0000] {dagbag.py:532} INFO - Filling up the DagBag from /opt/airflow/dags/etl_compliment.py
[2023-10-20T04:46:03.667+0000] {processor.py:753} INFO - DAG(s) dict_keys(['etl_compliment_batch_2020-realtime_v0_1']) retrieved from /opt/airflow/dags/etl_compliment.py
[2023-10-20T04:46:03.843+0000] {logging_mixin.py:137} INFO - [2023-10-20T04:46:03.843+0000] {dag.py:2705} INFO - Sync 1 DAGs
[2023-10-20T04:46:03.990+0000] {logging_mixin.py:137} INFO - [2023-10-20T04:46:03.989+0000] {dag.py:3456} INFO - Setting next_dagrun for etl_compliment_batch_2020-realtime_v0_1 to 2019-12-31T17:00:00+00:00, run_after=2020-01-01T17:00:00+00:00
[2023-10-20T04:46:04.264+0000] {processor.py:175} INFO - Processing /opt/airflow/dags/etl_compliment.py took 0.960 seconds
[2023-10-20T04:46:34.928+0000] {processor.py:153} INFO - Started process (PID=627) to work on /opt/airflow/dags/etl_compliment.py
[2023-10-20T04:46:34.930+0000] {processor.py:743} INFO - Processing file /opt/airflow/dags/etl_compliment.py for tasks to queue
[2023-10-20T04:46:34.939+0000] {logging_mixin.py:137} INFO - [2023-10-20T04:46:34.938+0000] {dagbag.py:532} INFO - Filling up the DagBag from /opt/airflow/dags/etl_compliment.py
[2023-10-20T04:46:35.073+0000] {processor.py:753} INFO - DAG(s) dict_keys(['etl_compliment_batch_2020-realtime_v0_1']) retrieved from /opt/airflow/dags/etl_compliment.py
[2023-10-20T04:46:35.129+0000] {logging_mixin.py:137} INFO - [2023-10-20T04:46:35.129+0000] {dag.py:2705} INFO - Sync 1 DAGs
[2023-10-20T04:46:35.246+0000] {logging_mixin.py:137} INFO - [2023-10-20T04:46:35.246+0000] {dag.py:3456} INFO - Setting next_dagrun for etl_compliment_batch_2020-realtime_v0_1 to 2019-12-31T17:00:00+00:00, run_after=2020-01-01T17:00:00+00:00
[2023-10-20T04:46:35.339+0000] {processor.py:175} INFO - Processing /opt/airflow/dags/etl_compliment.py took 0.420 seconds
[2023-10-20T04:47:06.359+0000] {processor.py:153} INFO - Started process (PID=655) to work on /opt/airflow/dags/etl_compliment.py
[2023-10-20T04:47:06.383+0000] {processor.py:743} INFO - Processing file /opt/airflow/dags/etl_compliment.py for tasks to queue
[2023-10-20T04:47:06.406+0000] {logging_mixin.py:137} INFO - [2023-10-20T04:47:06.406+0000] {dagbag.py:532} INFO - Filling up the DagBag from /opt/airflow/dags/etl_compliment.py
[2023-10-20T04:47:07.166+0000] {processor.py:753} INFO - DAG(s) dict_keys(['etl_compliment_batch_2020-realtime_v0_1']) retrieved from /opt/airflow/dags/etl_compliment.py
[2023-10-20T04:47:07.416+0000] {logging_mixin.py:137} INFO - [2023-10-20T04:47:07.415+0000] {dag.py:2705} INFO - Sync 1 DAGs
[2023-10-20T04:47:07.925+0000] {logging_mixin.py:137} INFO - [2023-10-20T04:47:07.909+0000] {dag.py:3456} INFO - Setting next_dagrun for etl_compliment_batch_2020-realtime_v0_1 to 2019-12-31T17:00:00+00:00, run_after=2020-01-01T17:00:00+00:00
[2023-10-20T04:47:08.429+0000] {processor.py:175} INFO - Processing /opt/airflow/dags/etl_compliment.py took 2.190 seconds
[2023-10-20T04:47:38.910+0000] {processor.py:153} INFO - Started process (PID=679) to work on /opt/airflow/dags/etl_compliment.py
[2023-10-20T04:47:38.926+0000] {processor.py:743} INFO - Processing file /opt/airflow/dags/etl_compliment.py for tasks to queue
[2023-10-20T04:47:38.946+0000] {logging_mixin.py:137} INFO - [2023-10-20T04:47:38.945+0000] {dagbag.py:532} INFO - Filling up the DagBag from /opt/airflow/dags/etl_compliment.py
[2023-10-20T04:47:39.167+0000] {processor.py:753} INFO - DAG(s) dict_keys(['etl_compliment_batch_2020-realtime_v0_1']) retrieved from /opt/airflow/dags/etl_compliment.py
[2023-10-20T04:47:39.221+0000] {logging_mixin.py:137} INFO - [2023-10-20T04:47:39.221+0000] {dag.py:2705} INFO - Sync 1 DAGs
[2023-10-20T04:47:39.319+0000] {logging_mixin.py:137} INFO - [2023-10-20T04:47:39.318+0000] {dag.py:3456} INFO - Setting next_dagrun for etl_compliment_batch_2020-realtime_v0_1 to 2019-12-31T17:00:00+00:00, run_after=2020-01-01T17:00:00+00:00
[2023-10-20T04:47:39.454+0000] {processor.py:175} INFO - Processing /opt/airflow/dags/etl_compliment.py took 0.579 seconds
[2023-10-20T04:48:29.722+0000] {processor.py:153} INFO - Started process (PID=713) to work on /opt/airflow/dags/etl_compliment.py
[2023-10-20T04:48:29.728+0000] {processor.py:743} INFO - Processing file /opt/airflow/dags/etl_compliment.py for tasks to queue
[2023-10-20T04:48:29.737+0000] {logging_mixin.py:137} INFO - [2023-10-20T04:48:29.737+0000] {dagbag.py:532} INFO - Filling up the DagBag from /opt/airflow/dags/etl_compliment.py
[2023-10-20T04:48:29.918+0000] {processor.py:753} INFO - DAG(s) dict_keys(['etl_compliment_batch_2020-realtime_v0_1']) retrieved from /opt/airflow/dags/etl_compliment.py
[2023-10-20T04:48:29.978+0000] {logging_mixin.py:137} INFO - [2023-10-20T04:48:29.977+0000] {dag.py:2705} INFO - Sync 1 DAGs
[2023-10-20T04:48:30.088+0000] {logging_mixin.py:137} INFO - [2023-10-20T04:48:30.088+0000] {dag.py:3456} INFO - Setting next_dagrun for etl_compliment_batch_2020-realtime_v0_1 to 2019-12-31T17:00:00+00:00, run_after=2020-01-01T17:00:00+00:00
[2023-10-20T04:48:30.216+0000] {processor.py:175} INFO - Processing /opt/airflow/dags/etl_compliment.py took 0.510 seconds
[2023-10-20T05:49:09.797+0000] {processor.py:153} INFO - Started process (PID=748) to work on /opt/airflow/dags/etl_compliment.py
[2023-10-20T05:49:09.832+0000] {processor.py:743} INFO - Processing file /opt/airflow/dags/etl_compliment.py for tasks to queue
[2023-10-20T05:49:09.837+0000] {logging_mixin.py:137} INFO - [2023-10-20T05:49:09.835+0000] {dagbag.py:532} INFO - Filling up the DagBag from /opt/airflow/dags/etl_compliment.py
[2023-10-20T05:49:10.187+0000] {processor.py:753} INFO - DAG(s) dict_keys(['etl_compliment_batch_2020-realtime_v0_1']) retrieved from /opt/airflow/dags/etl_compliment.py
[2023-10-20T05:49:10.347+0000] {logging_mixin.py:137} INFO - [2023-10-20T05:49:10.347+0000] {dag.py:2705} INFO - Sync 1 DAGs
[2023-10-20T05:49:10.625+0000] {logging_mixin.py:137} INFO - [2023-10-20T05:49:10.624+0000] {dag.py:3456} INFO - Setting next_dagrun for etl_compliment_batch_2020-realtime_v0_1 to 2019-12-31T17:00:00+00:00, run_after=2020-01-01T17:00:00+00:00
[2023-10-20T05:49:10.870+0000] {processor.py:175} INFO - Processing /opt/airflow/dags/etl_compliment.py took 1.116 seconds
[2023-10-20T05:49:41.889+0000] {processor.py:153} INFO - Started process (PID=771) to work on /opt/airflow/dags/etl_compliment.py
[2023-10-20T05:49:41.895+0000] {processor.py:743} INFO - Processing file /opt/airflow/dags/etl_compliment.py for tasks to queue
[2023-10-20T05:49:41.900+0000] {logging_mixin.py:137} INFO - [2023-10-20T05:49:41.899+0000] {dagbag.py:532} INFO - Filling up the DagBag from /opt/airflow/dags/etl_compliment.py
[2023-10-20T05:49:42.114+0000] {processor.py:753} INFO - DAG(s) dict_keys(['etl_compliment_batch_2020-realtime_v0_1']) retrieved from /opt/airflow/dags/etl_compliment.py
[2023-10-20T05:49:42.185+0000] {logging_mixin.py:137} INFO - [2023-10-20T05:49:42.185+0000] {dag.py:2705} INFO - Sync 1 DAGs
[2023-10-20T05:49:42.306+0000] {logging_mixin.py:137} INFO - [2023-10-20T05:49:42.304+0000] {dag.py:3456} INFO - Setting next_dagrun for etl_compliment_batch_2020-realtime_v0_1 to 2019-12-31T17:00:00+00:00, run_after=2020-01-01T17:00:00+00:00
[2023-10-20T05:49:42.500+0000] {processor.py:175} INFO - Processing /opt/airflow/dags/etl_compliment.py took 0.629 seconds
[2023-10-20T05:50:13.301+0000] {processor.py:153} INFO - Started process (PID=803) to work on /opt/airflow/dags/etl_compliment.py
[2023-10-20T05:50:13.315+0000] {processor.py:743} INFO - Processing file /opt/airflow/dags/etl_compliment.py for tasks to queue
[2023-10-20T05:50:13.343+0000] {logging_mixin.py:137} INFO - [2023-10-20T05:50:13.342+0000] {dagbag.py:532} INFO - Filling up the DagBag from /opt/airflow/dags/etl_compliment.py
[2023-10-20T05:50:13.790+0000] {processor.py:753} INFO - DAG(s) dict_keys(['etl_compliment_batch_2020-realtime_v0_1']) retrieved from /opt/airflow/dags/etl_compliment.py
[2023-10-20T05:50:14.025+0000] {logging_mixin.py:137} INFO - [2023-10-20T05:50:14.024+0000] {dag.py:2705} INFO - Sync 1 DAGs
[2023-10-20T05:50:14.304+0000] {logging_mixin.py:137} INFO - [2023-10-20T05:50:14.304+0000] {dag.py:3456} INFO - Setting next_dagrun for etl_compliment_batch_2020-realtime_v0_1 to 2019-12-31T17:00:00+00:00, run_after=2020-01-01T17:00:00+00:00
[2023-10-20T05:50:14.930+0000] {processor.py:175} INFO - Processing /opt/airflow/dags/etl_compliment.py took 1.656 seconds
[2023-10-20T05:50:45.506+0000] {processor.py:153} INFO - Started process (PID=833) to work on /opt/airflow/dags/etl_compliment.py
[2023-10-20T05:50:45.534+0000] {processor.py:743} INFO - Processing file /opt/airflow/dags/etl_compliment.py for tasks to queue
[2023-10-20T05:50:45.549+0000] {logging_mixin.py:137} INFO - [2023-10-20T05:50:45.541+0000] {dagbag.py:532} INFO - Filling up the DagBag from /opt/airflow/dags/etl_compliment.py
[2023-10-20T05:50:45.990+0000] {processor.py:753} INFO - DAG(s) dict_keys(['etl_compliment_batch_2020-realtime_v0_1']) retrieved from /opt/airflow/dags/etl_compliment.py
[2023-10-20T05:50:46.070+0000] {logging_mixin.py:137} INFO - [2023-10-20T05:50:46.070+0000] {dag.py:2705} INFO - Sync 1 DAGs
[2023-10-20T05:50:46.189+0000] {logging_mixin.py:137} INFO - [2023-10-20T05:50:46.188+0000] {dag.py:3456} INFO - Setting next_dagrun for etl_compliment_batch_2020-realtime_v0_1 to 2019-12-31T17:00:00+00:00, run_after=2020-01-01T17:00:00+00:00
[2023-10-20T05:50:46.338+0000] {processor.py:175} INFO - Processing /opt/airflow/dags/etl_compliment.py took 0.917 seconds
[2023-10-20T05:51:17.190+0000] {processor.py:153} INFO - Started process (PID=856) to work on /opt/airflow/dags/etl_compliment.py
[2023-10-20T05:51:17.200+0000] {processor.py:743} INFO - Processing file /opt/airflow/dags/etl_compliment.py for tasks to queue
[2023-10-20T05:51:17.209+0000] {logging_mixin.py:137} INFO - [2023-10-20T05:51:17.208+0000] {dagbag.py:532} INFO - Filling up the DagBag from /opt/airflow/dags/etl_compliment.py
[2023-10-20T05:51:17.615+0000] {processor.py:753} INFO - DAG(s) dict_keys(['etl_compliment_batch_2020-realtime_v0_1']) retrieved from /opt/airflow/dags/etl_compliment.py
[2023-10-20T05:51:17.811+0000] {logging_mixin.py:137} INFO - [2023-10-20T05:51:17.810+0000] {dag.py:2705} INFO - Sync 1 DAGs
[2023-10-20T05:51:17.994+0000] {logging_mixin.py:137} INFO - [2023-10-20T05:51:17.992+0000] {dag.py:3456} INFO - Setting next_dagrun for etl_compliment_batch_2020-realtime_v0_1 to 2019-12-31T17:00:00+00:00, run_after=2020-01-01T17:00:00+00:00
[2023-10-20T05:51:18.117+0000] {processor.py:175} INFO - Processing /opt/airflow/dags/etl_compliment.py took 0.941 seconds
[2023-10-20T05:51:56.457+0000] {processor.py:153} INFO - Started process (PID=885) to work on /opt/airflow/dags/etl_compliment.py
[2023-10-20T05:51:56.560+0000] {processor.py:743} INFO - Processing file /opt/airflow/dags/etl_compliment.py for tasks to queue
[2023-10-20T05:51:56.587+0000] {logging_mixin.py:137} INFO - [2023-10-20T05:51:56.572+0000] {dagbag.py:532} INFO - Filling up the DagBag from /opt/airflow/dags/etl_compliment.py
[2023-10-20T05:51:56.855+0000] {processor.py:753} INFO - DAG(s) dict_keys(['etl_compliment_batch_2020-realtime_v0_1']) retrieved from /opt/airflow/dags/etl_compliment.py
[2023-10-20T05:51:56.967+0000] {logging_mixin.py:137} INFO - [2023-10-20T05:51:56.967+0000] {dag.py:2705} INFO - Sync 1 DAGs
[2023-10-20T05:51:57.214+0000] {logging_mixin.py:137} INFO - [2023-10-20T05:51:57.198+0000] {dag.py:3456} INFO - Setting next_dagrun for etl_compliment_batch_2020-realtime_v0_1 to 2019-12-31T17:00:00+00:00, run_after=2020-01-01T17:00:00+00:00
[2023-10-20T05:51:57.478+0000] {processor.py:175} INFO - Processing /opt/airflow/dags/etl_compliment.py took 1.093 seconds
[2023-10-20T05:52:29.950+0000] {processor.py:153} INFO - Started process (PID=913) to work on /opt/airflow/dags/etl_compliment.py
[2023-10-20T05:52:29.964+0000] {processor.py:743} INFO - Processing file /opt/airflow/dags/etl_compliment.py for tasks to queue
[2023-10-20T05:52:29.966+0000] {logging_mixin.py:137} INFO - [2023-10-20T05:52:29.965+0000] {dagbag.py:532} INFO - Filling up the DagBag from /opt/airflow/dags/etl_compliment.py
[2023-10-20T05:52:30.296+0000] {processor.py:753} INFO - DAG(s) dict_keys(['etl_compliment_batch_2020-realtime_v0_1']) retrieved from /opt/airflow/dags/etl_compliment.py
[2023-10-20T05:52:30.636+0000] {logging_mixin.py:137} INFO - [2023-10-20T05:52:30.635+0000] {dag.py:2705} INFO - Sync 1 DAGs
[2023-10-20T05:52:31.058+0000] {logging_mixin.py:137} INFO - [2023-10-20T05:52:31.057+0000] {dag.py:3456} INFO - Setting next_dagrun for etl_compliment_batch_2020-realtime_v0_1 to 2019-12-31T17:00:00+00:00, run_after=2020-01-01T17:00:00+00:00
[2023-10-20T05:52:31.170+0000] {processor.py:175} INFO - Processing /opt/airflow/dags/etl_compliment.py took 1.257 seconds
[2023-10-20T05:53:01.671+0000] {processor.py:153} INFO - Started process (PID=943) to work on /opt/airflow/dags/etl_compliment.py
[2023-10-20T05:53:01.674+0000] {processor.py:743} INFO - Processing file /opt/airflow/dags/etl_compliment.py for tasks to queue
[2023-10-20T05:53:01.679+0000] {logging_mixin.py:137} INFO - [2023-10-20T05:53:01.678+0000] {dagbag.py:532} INFO - Filling up the DagBag from /opt/airflow/dags/etl_compliment.py
[2023-10-20T05:53:01.903+0000] {processor.py:753} INFO - DAG(s) dict_keys(['etl_compliment_batch_2020-realtime_v0_1']) retrieved from /opt/airflow/dags/etl_compliment.py
[2023-10-20T05:53:01.976+0000] {logging_mixin.py:137} INFO - [2023-10-20T05:53:01.976+0000] {dag.py:2705} INFO - Sync 1 DAGs
[2023-10-20T05:53:02.106+0000] {logging_mixin.py:137} INFO - [2023-10-20T05:53:02.105+0000] {dag.py:3456} INFO - Setting next_dagrun for etl_compliment_batch_2020-realtime_v0_1 to 2019-12-31T17:00:00+00:00, run_after=2020-01-01T17:00:00+00:00
[2023-10-20T05:53:02.222+0000] {processor.py:175} INFO - Processing /opt/airflow/dags/etl_compliment.py took 0.601 seconds
[2023-10-20T05:53:32.372+0000] {processor.py:153} INFO - Started process (PID=968) to work on /opt/airflow/dags/etl_compliment.py
[2023-10-20T05:53:32.375+0000] {processor.py:743} INFO - Processing file /opt/airflow/dags/etl_compliment.py for tasks to queue
[2023-10-20T05:53:32.379+0000] {logging_mixin.py:137} INFO - [2023-10-20T05:53:32.377+0000] {dagbag.py:532} INFO - Filling up the DagBag from /opt/airflow/dags/etl_compliment.py
[2023-10-20T05:53:32.448+0000] {processor.py:753} INFO - DAG(s) dict_keys(['etl_compliment_batch_2020-realtime_v0_1']) retrieved from /opt/airflow/dags/etl_compliment.py
[2023-10-20T05:53:32.491+0000] {logging_mixin.py:137} INFO - [2023-10-20T05:53:32.491+0000] {dag.py:2705} INFO - Sync 1 DAGs
[2023-10-20T05:53:32.553+0000] {logging_mixin.py:137} INFO - [2023-10-20T05:53:32.553+0000] {dag.py:3456} INFO - Setting next_dagrun for etl_compliment_batch_2020-realtime_v0_1 to 2019-12-31T17:00:00+00:00, run_after=2020-01-01T17:00:00+00:00
[2023-10-20T05:53:32.616+0000] {processor.py:175} INFO - Processing /opt/airflow/dags/etl_compliment.py took 0.254 seconds
[2023-10-20T05:54:03.235+0000] {processor.py:153} INFO - Started process (PID=1000) to work on /opt/airflow/dags/etl_compliment.py
[2023-10-20T05:54:03.240+0000] {processor.py:743} INFO - Processing file /opt/airflow/dags/etl_compliment.py for tasks to queue
[2023-10-20T05:54:03.268+0000] {logging_mixin.py:137} INFO - [2023-10-20T05:54:03.262+0000] {dagbag.py:532} INFO - Filling up the DagBag from /opt/airflow/dags/etl_compliment.py
[2023-10-20T05:54:03.664+0000] {processor.py:753} INFO - DAG(s) dict_keys(['etl_compliment_batch_2020-realtime_v0_1']) retrieved from /opt/airflow/dags/etl_compliment.py
[2023-10-20T05:54:03.755+0000] {logging_mixin.py:137} INFO - [2023-10-20T05:54:03.754+0000] {dag.py:2705} INFO - Sync 1 DAGs
[2023-10-20T05:54:03.892+0000] {logging_mixin.py:137} INFO - [2023-10-20T05:54:03.891+0000] {dag.py:3456} INFO - Setting next_dagrun for etl_compliment_batch_2020-realtime_v0_1 to 2019-12-31T17:00:00+00:00, run_after=2020-01-01T17:00:00+00:00
[2023-10-20T05:54:04.051+0000] {processor.py:175} INFO - Processing /opt/airflow/dags/etl_compliment.py took 0.877 seconds
