[2023-10-20T04:36:55.897+0000] {processor.py:153} INFO - Started process (PID=72) to work on /opt/airflow/dags/etl_tax_report_raw.py
[2023-10-20T04:36:55.900+0000] {processor.py:743} INFO - Processing file /opt/airflow/dags/etl_tax_report_raw.py for tasks to queue
[2023-10-20T04:36:55.917+0000] {logging_mixin.py:137} INFO - [2023-10-20T04:36:55.914+0000] {dagbag.py:532} INFO - Filling up the DagBag from /opt/airflow/dags/etl_tax_report_raw.py
[2023-10-20T04:36:56.652+0000] {processor.py:753} INFO - DAG(s) dict_keys(['etl_tax_report_mart_raw_v0_1_batch1']) retrieved from /opt/airflow/dags/etl_tax_report_raw.py
[2023-10-20T04:36:56.862+0000] {logging_mixin.py:137} INFO - [2023-10-20T04:36:56.861+0000] {dag.py:2705} INFO - Sync 1 DAGs
[2023-10-20T04:36:57.521+0000] {logging_mixin.py:137} INFO - [2023-10-20T04:36:57.521+0000] {dag.py:3456} INFO - Setting next_dagrun for etl_tax_report_mart_raw_v0_1_batch1 to 2023-10-15T18:00:00+00:00, run_after=2023-10-16T18:00:00+00:00
[2023-10-20T04:36:57.913+0000] {processor.py:175} INFO - Processing /opt/airflow/dags/etl_tax_report_raw.py took 1.986 seconds
[2023-10-20T04:37:28.989+0000] {processor.py:153} INFO - Started process (PID=97) to work on /opt/airflow/dags/etl_tax_report_raw.py
[2023-10-20T04:37:29.061+0000] {processor.py:743} INFO - Processing file /opt/airflow/dags/etl_tax_report_raw.py for tasks to queue
[2023-10-20T04:37:29.073+0000] {logging_mixin.py:137} INFO - [2023-10-20T04:37:29.073+0000] {dagbag.py:532} INFO - Filling up the DagBag from /opt/airflow/dags/etl_tax_report_raw.py
[2023-10-20T04:37:30.998+0000] {processor.py:753} INFO - DAG(s) dict_keys(['etl_tax_report_mart_raw_v0_1_batch1']) retrieved from /opt/airflow/dags/etl_tax_report_raw.py
[2023-10-20T04:37:31.550+0000] {logging_mixin.py:137} INFO - [2023-10-20T04:37:31.549+0000] {dag.py:2705} INFO - Sync 1 DAGs
[2023-10-20T04:37:32.482+0000] {logging_mixin.py:137} INFO - [2023-10-20T04:37:32.481+0000] {dag.py:3456} INFO - Setting next_dagrun for etl_tax_report_mart_raw_v0_1_batch1 to 2023-10-15T18:00:00+00:00, run_after=2023-10-16T18:00:00+00:00
[2023-10-20T04:37:33.004+0000] {processor.py:175} INFO - Processing /opt/airflow/dags/etl_tax_report_raw.py took 4.093 seconds
[2023-10-20T04:38:04.052+0000] {processor.py:153} INFO - Started process (PID=126) to work on /opt/airflow/dags/etl_tax_report_raw.py
[2023-10-20T04:38:04.058+0000] {processor.py:743} INFO - Processing file /opt/airflow/dags/etl_tax_report_raw.py for tasks to queue
[2023-10-20T04:38:04.061+0000] {logging_mixin.py:137} INFO - [2023-10-20T04:38:04.061+0000] {dagbag.py:532} INFO - Filling up the DagBag from /opt/airflow/dags/etl_tax_report_raw.py
[2023-10-20T04:38:04.274+0000] {processor.py:753} INFO - DAG(s) dict_keys(['etl_tax_report_mart_raw_v0_1_batch1']) retrieved from /opt/airflow/dags/etl_tax_report_raw.py
[2023-10-20T04:38:04.379+0000] {logging_mixin.py:137} INFO - [2023-10-20T04:38:04.379+0000] {dag.py:2705} INFO - Sync 1 DAGs
[2023-10-20T04:38:04.558+0000] {logging_mixin.py:137} INFO - [2023-10-20T04:38:04.557+0000] {dag.py:3456} INFO - Setting next_dagrun for etl_tax_report_mart_raw_v0_1_batch1 to 2023-10-15T18:00:00+00:00, run_after=2023-10-16T18:00:00+00:00
[2023-10-20T04:38:04.743+0000] {processor.py:175} INFO - Processing /opt/airflow/dags/etl_tax_report_raw.py took 0.716 seconds
[2023-10-20T04:38:35.488+0000] {processor.py:153} INFO - Started process (PID=157) to work on /opt/airflow/dags/etl_tax_report_raw.py
[2023-10-20T04:38:35.501+0000] {processor.py:743} INFO - Processing file /opt/airflow/dags/etl_tax_report_raw.py for tasks to queue
[2023-10-20T04:38:35.512+0000] {logging_mixin.py:137} INFO - [2023-10-20T04:38:35.512+0000] {dagbag.py:532} INFO - Filling up the DagBag from /opt/airflow/dags/etl_tax_report_raw.py
[2023-10-20T04:38:36.095+0000] {processor.py:753} INFO - DAG(s) dict_keys(['etl_tax_report_mart_raw_v0_1_batch1']) retrieved from /opt/airflow/dags/etl_tax_report_raw.py
[2023-10-20T04:38:36.526+0000] {logging_mixin.py:137} INFO - [2023-10-20T04:38:36.522+0000] {dag.py:2705} INFO - Sync 1 DAGs
[2023-10-20T04:38:36.785+0000] {logging_mixin.py:137} INFO - [2023-10-20T04:38:36.785+0000] {dag.py:3456} INFO - Setting next_dagrun for etl_tax_report_mart_raw_v0_1_batch1 to 2023-10-15T18:00:00+00:00, run_after=2023-10-16T18:00:00+00:00
[2023-10-20T04:38:37.018+0000] {processor.py:175} INFO - Processing /opt/airflow/dags/etl_tax_report_raw.py took 1.639 seconds
[2023-10-20T04:39:07.328+0000] {processor.py:153} INFO - Started process (PID=180) to work on /opt/airflow/dags/etl_tax_report_raw.py
[2023-10-20T04:39:07.334+0000] {processor.py:743} INFO - Processing file /opt/airflow/dags/etl_tax_report_raw.py for tasks to queue
[2023-10-20T04:39:07.339+0000] {logging_mixin.py:137} INFO - [2023-10-20T04:39:07.338+0000] {dagbag.py:532} INFO - Filling up the DagBag from /opt/airflow/dags/etl_tax_report_raw.py
[2023-10-20T04:39:07.437+0000] {processor.py:753} INFO - DAG(s) dict_keys(['etl_tax_report_mart_raw_v0_1_batch1']) retrieved from /opt/airflow/dags/etl_tax_report_raw.py
[2023-10-20T04:39:07.503+0000] {logging_mixin.py:137} INFO - [2023-10-20T04:39:07.502+0000] {dag.py:2705} INFO - Sync 1 DAGs
[2023-10-20T04:39:07.585+0000] {logging_mixin.py:137} INFO - [2023-10-20T04:39:07.584+0000] {dag.py:3456} INFO - Setting next_dagrun for etl_tax_report_mart_raw_v0_1_batch1 to 2023-10-15T18:00:00+00:00, run_after=2023-10-16T18:00:00+00:00
[2023-10-20T04:39:07.643+0000] {processor.py:175} INFO - Processing /opt/airflow/dags/etl_tax_report_raw.py took 0.323 seconds
[2023-10-20T04:39:37.824+0000] {processor.py:153} INFO - Started process (PID=211) to work on /opt/airflow/dags/etl_tax_report_raw.py
[2023-10-20T04:39:37.828+0000] {processor.py:743} INFO - Processing file /opt/airflow/dags/etl_tax_report_raw.py for tasks to queue
[2023-10-20T04:39:37.841+0000] {logging_mixin.py:137} INFO - [2023-10-20T04:39:37.839+0000] {dagbag.py:532} INFO - Filling up the DagBag from /opt/airflow/dags/etl_tax_report_raw.py
[2023-10-20T04:39:37.936+0000] {processor.py:753} INFO - DAG(s) dict_keys(['etl_tax_report_mart_raw_v0_1_batch1']) retrieved from /opt/airflow/dags/etl_tax_report_raw.py
[2023-10-20T04:39:37.975+0000] {logging_mixin.py:137} INFO - [2023-10-20T04:39:37.975+0000] {dag.py:2705} INFO - Sync 1 DAGs
[2023-10-20T04:39:38.052+0000] {logging_mixin.py:137} INFO - [2023-10-20T04:39:38.052+0000] {dag.py:3456} INFO - Setting next_dagrun for etl_tax_report_mart_raw_v0_1_batch1 to 2023-10-15T18:00:00+00:00, run_after=2023-10-16T18:00:00+00:00
[2023-10-20T04:39:38.117+0000] {processor.py:175} INFO - Processing /opt/airflow/dags/etl_tax_report_raw.py took 0.305 seconds
[2023-10-20T04:40:08.521+0000] {processor.py:153} INFO - Started process (PID=244) to work on /opt/airflow/dags/etl_tax_report_raw.py
[2023-10-20T04:40:08.523+0000] {processor.py:743} INFO - Processing file /opt/airflow/dags/etl_tax_report_raw.py for tasks to queue
[2023-10-20T04:40:08.530+0000] {logging_mixin.py:137} INFO - [2023-10-20T04:40:08.528+0000] {dagbag.py:532} INFO - Filling up the DagBag from /opt/airflow/dags/etl_tax_report_raw.py
[2023-10-20T04:40:08.679+0000] {processor.py:753} INFO - DAG(s) dict_keys(['etl_tax_report_mart_raw_v0_1_batch1']) retrieved from /opt/airflow/dags/etl_tax_report_raw.py
[2023-10-20T04:40:08.724+0000] {logging_mixin.py:137} INFO - [2023-10-20T04:40:08.723+0000] {dag.py:2705} INFO - Sync 1 DAGs
[2023-10-20T04:40:08.831+0000] {logging_mixin.py:137} INFO - [2023-10-20T04:40:08.831+0000] {dag.py:3456} INFO - Setting next_dagrun for etl_tax_report_mart_raw_v0_1_batch1 to 2023-10-15T18:00:00+00:00, run_after=2023-10-16T18:00:00+00:00
[2023-10-20T04:40:08.901+0000] {processor.py:175} INFO - Processing /opt/airflow/dags/etl_tax_report_raw.py took 0.389 seconds
[2023-10-20T04:40:39.157+0000] {processor.py:153} INFO - Started process (PID=276) to work on /opt/airflow/dags/etl_tax_report_raw.py
[2023-10-20T04:40:39.161+0000] {processor.py:743} INFO - Processing file /opt/airflow/dags/etl_tax_report_raw.py for tasks to queue
[2023-10-20T04:40:39.170+0000] {logging_mixin.py:137} INFO - [2023-10-20T04:40:39.170+0000] {dagbag.py:532} INFO - Filling up the DagBag from /opt/airflow/dags/etl_tax_report_raw.py
[2023-10-20T04:40:39.484+0000] {processor.py:753} INFO - DAG(s) dict_keys(['etl_tax_report_mart_raw_v0_1_batch1']) retrieved from /opt/airflow/dags/etl_tax_report_raw.py
[2023-10-20T04:40:39.648+0000] {logging_mixin.py:137} INFO - [2023-10-20T04:40:39.648+0000] {dag.py:2705} INFO - Sync 1 DAGs
[2023-10-20T04:40:39.927+0000] {logging_mixin.py:137} INFO - [2023-10-20T04:40:39.927+0000] {dag.py:3456} INFO - Setting next_dagrun for etl_tax_report_mart_raw_v0_1_batch1 to 2023-10-15T18:00:00+00:00, run_after=2023-10-16T18:00:00+00:00
[2023-10-20T04:40:39.982+0000] {processor.py:175} INFO - Processing /opt/airflow/dags/etl_tax_report_raw.py took 0.848 seconds
[2023-10-20T04:41:10.169+0000] {processor.py:153} INFO - Started process (PID=299) to work on /opt/airflow/dags/etl_tax_report_raw.py
[2023-10-20T04:41:10.176+0000] {processor.py:743} INFO - Processing file /opt/airflow/dags/etl_tax_report_raw.py for tasks to queue
[2023-10-20T04:41:10.185+0000] {logging_mixin.py:137} INFO - [2023-10-20T04:41:10.183+0000] {dagbag.py:532} INFO - Filling up the DagBag from /opt/airflow/dags/etl_tax_report_raw.py
[2023-10-20T04:41:10.491+0000] {processor.py:753} INFO - DAG(s) dict_keys(['etl_tax_report_mart_raw_v0_1_batch1']) retrieved from /opt/airflow/dags/etl_tax_report_raw.py
[2023-10-20T04:41:10.609+0000] {logging_mixin.py:137} INFO - [2023-10-20T04:41:10.609+0000] {dag.py:2705} INFO - Sync 1 DAGs
[2023-10-20T04:41:10.723+0000] {logging_mixin.py:137} INFO - [2023-10-20T04:41:10.722+0000] {dag.py:3456} INFO - Setting next_dagrun for etl_tax_report_mart_raw_v0_1_batch1 to 2023-10-19T18:00:00+00:00, run_after=2023-10-20T18:00:00+00:00
[2023-10-20T04:41:10.809+0000] {processor.py:175} INFO - Processing /opt/airflow/dags/etl_tax_report_raw.py took 0.659 seconds
[2023-10-20T04:41:41.402+0000] {processor.py:153} INFO - Started process (PID=331) to work on /opt/airflow/dags/etl_tax_report_raw.py
[2023-10-20T04:41:41.407+0000] {processor.py:743} INFO - Processing file /opt/airflow/dags/etl_tax_report_raw.py for tasks to queue
[2023-10-20T04:41:41.420+0000] {logging_mixin.py:137} INFO - [2023-10-20T04:41:41.419+0000] {dagbag.py:532} INFO - Filling up the DagBag from /opt/airflow/dags/etl_tax_report_raw.py
[2023-10-20T04:41:41.550+0000] {processor.py:753} INFO - DAG(s) dict_keys(['etl_tax_report_mart_raw_v0_1_batch1']) retrieved from /opt/airflow/dags/etl_tax_report_raw.py
[2023-10-20T04:41:41.605+0000] {logging_mixin.py:137} INFO - [2023-10-20T04:41:41.605+0000] {dag.py:2705} INFO - Sync 1 DAGs
[2023-10-20T04:41:41.717+0000] {logging_mixin.py:137} INFO - [2023-10-20T04:41:41.717+0000] {dag.py:3456} INFO - Setting next_dagrun for etl_tax_report_mart_raw_v0_1_batch1 to 2023-10-19T18:00:00+00:00, run_after=2023-10-20T18:00:00+00:00
[2023-10-20T04:41:41.805+0000] {processor.py:175} INFO - Processing /opt/airflow/dags/etl_tax_report_raw.py took 0.415 seconds
[2023-10-20T04:42:12.141+0000] {processor.py:153} INFO - Started process (PID=363) to work on /opt/airflow/dags/etl_tax_report_raw.py
[2023-10-20T04:42:12.143+0000] {processor.py:743} INFO - Processing file /opt/airflow/dags/etl_tax_report_raw.py for tasks to queue
[2023-10-20T04:42:12.145+0000] {logging_mixin.py:137} INFO - [2023-10-20T04:42:12.144+0000] {dagbag.py:532} INFO - Filling up the DagBag from /opt/airflow/dags/etl_tax_report_raw.py
[2023-10-20T04:42:12.247+0000] {processor.py:753} INFO - DAG(s) dict_keys(['etl_tax_report_mart_raw_v0_1_batch1']) retrieved from /opt/airflow/dags/etl_tax_report_raw.py
[2023-10-20T04:42:12.290+0000] {logging_mixin.py:137} INFO - [2023-10-20T04:42:12.290+0000] {dag.py:2705} INFO - Sync 1 DAGs
[2023-10-20T04:42:12.380+0000] {logging_mixin.py:137} INFO - [2023-10-20T04:42:12.380+0000] {dag.py:3456} INFO - Setting next_dagrun for etl_tax_report_mart_raw_v0_1_batch1 to 2023-10-19T18:00:00+00:00, run_after=2023-10-20T18:00:00+00:00
[2023-10-20T04:42:12.437+0000] {processor.py:175} INFO - Processing /opt/airflow/dags/etl_tax_report_raw.py took 0.304 seconds
[2023-10-20T04:42:43.195+0000] {processor.py:153} INFO - Started process (PID=392) to work on /opt/airflow/dags/etl_tax_report_raw.py
[2023-10-20T04:42:43.210+0000] {processor.py:743} INFO - Processing file /opt/airflow/dags/etl_tax_report_raw.py for tasks to queue
[2023-10-20T04:42:43.213+0000] {logging_mixin.py:137} INFO - [2023-10-20T04:42:43.213+0000] {dagbag.py:532} INFO - Filling up the DagBag from /opt/airflow/dags/etl_tax_report_raw.py
[2023-10-20T04:42:43.585+0000] {processor.py:753} INFO - DAG(s) dict_keys(['etl_tax_report_mart_raw_v0_1_batch1']) retrieved from /opt/airflow/dags/etl_tax_report_raw.py
[2023-10-20T04:42:43.667+0000] {logging_mixin.py:137} INFO - [2023-10-20T04:42:43.667+0000] {dag.py:2705} INFO - Sync 1 DAGs
[2023-10-20T04:42:43.843+0000] {logging_mixin.py:137} INFO - [2023-10-20T04:42:43.842+0000] {dag.py:3456} INFO - Setting next_dagrun for etl_tax_report_mart_raw_v0_1_batch1 to 2023-10-19T18:00:00+00:00, run_after=2023-10-20T18:00:00+00:00
[2023-10-20T04:42:43.965+0000] {processor.py:175} INFO - Processing /opt/airflow/dags/etl_tax_report_raw.py took 0.784 seconds
[2023-10-20T04:43:14.620+0000] {processor.py:153} INFO - Started process (PID=417) to work on /opt/airflow/dags/etl_tax_report_raw.py
[2023-10-20T04:43:14.625+0000] {processor.py:743} INFO - Processing file /opt/airflow/dags/etl_tax_report_raw.py for tasks to queue
[2023-10-20T04:43:14.627+0000] {logging_mixin.py:137} INFO - [2023-10-20T04:43:14.627+0000] {dagbag.py:532} INFO - Filling up the DagBag from /opt/airflow/dags/etl_tax_report_raw.py
[2023-10-20T04:43:14.710+0000] {processor.py:753} INFO - DAG(s) dict_keys(['etl_tax_report_mart_raw_v0_1_batch1']) retrieved from /opt/airflow/dags/etl_tax_report_raw.py
[2023-10-20T04:43:14.766+0000] {logging_mixin.py:137} INFO - [2023-10-20T04:43:14.765+0000] {dag.py:2705} INFO - Sync 1 DAGs
[2023-10-20T04:43:14.859+0000] {logging_mixin.py:137} INFO - [2023-10-20T04:43:14.858+0000] {dag.py:3456} INFO - Setting next_dagrun for etl_tax_report_mart_raw_v0_1_batch1 to 2023-10-19T18:00:00+00:00, run_after=2023-10-20T18:00:00+00:00
[2023-10-20T04:43:14.930+0000] {processor.py:175} INFO - Processing /opt/airflow/dags/etl_tax_report_raw.py took 0.319 seconds
[2023-10-20T04:43:45.128+0000] {processor.py:153} INFO - Started process (PID=449) to work on /opt/airflow/dags/etl_tax_report_raw.py
[2023-10-20T04:43:45.139+0000] {processor.py:743} INFO - Processing file /opt/airflow/dags/etl_tax_report_raw.py for tasks to queue
[2023-10-20T04:43:45.142+0000] {logging_mixin.py:137} INFO - [2023-10-20T04:43:45.142+0000] {dagbag.py:532} INFO - Filling up the DagBag from /opt/airflow/dags/etl_tax_report_raw.py
[2023-10-20T04:43:45.291+0000] {processor.py:753} INFO - DAG(s) dict_keys(['etl_tax_report_mart_raw_v0_1_batch1']) retrieved from /opt/airflow/dags/etl_tax_report_raw.py
[2023-10-20T04:43:45.331+0000] {logging_mixin.py:137} INFO - [2023-10-20T04:43:45.331+0000] {dag.py:2705} INFO - Sync 1 DAGs
[2023-10-20T04:43:45.391+0000] {logging_mixin.py:137} INFO - [2023-10-20T04:43:45.391+0000] {dag.py:3456} INFO - Setting next_dagrun for etl_tax_report_mart_raw_v0_1_batch1 to 2023-10-19T18:00:00+00:00, run_after=2023-10-20T18:00:00+00:00
[2023-10-20T04:43:45.445+0000] {processor.py:175} INFO - Processing /opt/airflow/dags/etl_tax_report_raw.py took 0.328 seconds
[2023-10-20T04:44:15.665+0000] {processor.py:153} INFO - Started process (PID=480) to work on /opt/airflow/dags/etl_tax_report_raw.py
[2023-10-20T04:44:15.667+0000] {processor.py:743} INFO - Processing file /opt/airflow/dags/etl_tax_report_raw.py for tasks to queue
[2023-10-20T04:44:15.670+0000] {logging_mixin.py:137} INFO - [2023-10-20T04:44:15.669+0000] {dagbag.py:532} INFO - Filling up the DagBag from /opt/airflow/dags/etl_tax_report_raw.py
[2023-10-20T04:44:15.752+0000] {processor.py:753} INFO - DAG(s) dict_keys(['etl_tax_report_mart_raw_v0_1_batch1']) retrieved from /opt/airflow/dags/etl_tax_report_raw.py
[2023-10-20T04:44:15.787+0000] {logging_mixin.py:137} INFO - [2023-10-20T04:44:15.786+0000] {dag.py:2705} INFO - Sync 1 DAGs
[2023-10-20T04:44:15.849+0000] {logging_mixin.py:137} INFO - [2023-10-20T04:44:15.849+0000] {dag.py:3456} INFO - Setting next_dagrun for etl_tax_report_mart_raw_v0_1_batch1 to 2023-10-19T18:00:00+00:00, run_after=2023-10-20T18:00:00+00:00
[2023-10-20T04:44:15.914+0000] {processor.py:175} INFO - Processing /opt/airflow/dags/etl_tax_report_raw.py took 0.259 seconds
[2023-10-20T04:44:46.858+0000] {processor.py:153} INFO - Started process (PID=511) to work on /opt/airflow/dags/etl_tax_report_raw.py
[2023-10-20T04:44:46.861+0000] {processor.py:743} INFO - Processing file /opt/airflow/dags/etl_tax_report_raw.py for tasks to queue
[2023-10-20T04:44:46.864+0000] {logging_mixin.py:137} INFO - [2023-10-20T04:44:46.864+0000] {dagbag.py:532} INFO - Filling up the DagBag from /opt/airflow/dags/etl_tax_report_raw.py
[2023-10-20T04:44:47.027+0000] {processor.py:753} INFO - DAG(s) dict_keys(['etl_tax_report_mart_raw_v0_1_batch1']) retrieved from /opt/airflow/dags/etl_tax_report_raw.py
[2023-10-20T04:44:47.084+0000] {logging_mixin.py:137} INFO - [2023-10-20T04:44:47.084+0000] {dag.py:2705} INFO - Sync 1 DAGs
[2023-10-20T04:44:47.163+0000] {logging_mixin.py:137} INFO - [2023-10-20T04:44:47.162+0000] {dag.py:3456} INFO - Setting next_dagrun for etl_tax_report_mart_raw_v0_1_batch1 to 2023-10-19T18:00:00+00:00, run_after=2023-10-20T18:00:00+00:00
[2023-10-20T04:44:47.218+0000] {processor.py:175} INFO - Processing /opt/airflow/dags/etl_tax_report_raw.py took 0.370 seconds
[2023-10-20T04:45:17.897+0000] {processor.py:153} INFO - Started process (PID=544) to work on /opt/airflow/dags/etl_tax_report_raw.py
[2023-10-20T04:45:17.900+0000] {processor.py:743} INFO - Processing file /opt/airflow/dags/etl_tax_report_raw.py for tasks to queue
[2023-10-20T04:45:17.907+0000] {logging_mixin.py:137} INFO - [2023-10-20T04:45:17.907+0000] {dagbag.py:532} INFO - Filling up the DagBag from /opt/airflow/dags/etl_tax_report_raw.py
[2023-10-20T04:45:18.025+0000] {processor.py:753} INFO - DAG(s) dict_keys(['etl_tax_report_mart_raw_v0_1_batch1']) retrieved from /opt/airflow/dags/etl_tax_report_raw.py
[2023-10-20T04:45:18.093+0000] {logging_mixin.py:137} INFO - [2023-10-20T04:45:18.093+0000] {dag.py:2705} INFO - Sync 1 DAGs
[2023-10-20T04:45:18.192+0000] {logging_mixin.py:137} INFO - [2023-10-20T04:45:18.191+0000] {dag.py:3456} INFO - Setting next_dagrun for etl_tax_report_mart_raw_v0_1_batch1 to 2023-10-19T18:00:00+00:00, run_after=2023-10-20T18:00:00+00:00
[2023-10-20T04:45:18.247+0000] {processor.py:175} INFO - Processing /opt/airflow/dags/etl_tax_report_raw.py took 0.358 seconds
[2023-10-20T04:45:48.461+0000] {processor.py:153} INFO - Started process (PID=576) to work on /opt/airflow/dags/etl_tax_report_raw.py
[2023-10-20T04:45:48.468+0000] {processor.py:743} INFO - Processing file /opt/airflow/dags/etl_tax_report_raw.py for tasks to queue
[2023-10-20T04:45:48.480+0000] {logging_mixin.py:137} INFO - [2023-10-20T04:45:48.478+0000] {dagbag.py:532} INFO - Filling up the DagBag from /opt/airflow/dags/etl_tax_report_raw.py
[2023-10-20T04:45:48.590+0000] {processor.py:753} INFO - DAG(s) dict_keys(['etl_tax_report_mart_raw_v0_1_batch1']) retrieved from /opt/airflow/dags/etl_tax_report_raw.py
[2023-10-20T04:45:48.643+0000] {logging_mixin.py:137} INFO - [2023-10-20T04:45:48.642+0000] {dag.py:2705} INFO - Sync 1 DAGs
[2023-10-20T04:45:48.738+0000] {logging_mixin.py:137} INFO - [2023-10-20T04:45:48.737+0000] {dag.py:3456} INFO - Setting next_dagrun for etl_tax_report_mart_raw_v0_1_batch1 to 2023-10-19T18:00:00+00:00, run_after=2023-10-20T18:00:00+00:00
[2023-10-20T04:45:48.800+0000] {processor.py:175} INFO - Processing /opt/airflow/dags/etl_tax_report_raw.py took 0.349 seconds
[2023-10-20T04:46:19.003+0000] {processor.py:153} INFO - Started process (PID=609) to work on /opt/airflow/dags/etl_tax_report_raw.py
[2023-10-20T04:46:19.005+0000] {processor.py:743} INFO - Processing file /opt/airflow/dags/etl_tax_report_raw.py for tasks to queue
[2023-10-20T04:46:19.010+0000] {logging_mixin.py:137} INFO - [2023-10-20T04:46:19.009+0000] {dagbag.py:532} INFO - Filling up the DagBag from /opt/airflow/dags/etl_tax_report_raw.py
[2023-10-20T04:46:19.264+0000] {processor.py:753} INFO - DAG(s) dict_keys(['etl_tax_report_mart_raw_v0_1_batch1']) retrieved from /opt/airflow/dags/etl_tax_report_raw.py
[2023-10-20T04:46:19.307+0000] {logging_mixin.py:137} INFO - [2023-10-20T04:46:19.307+0000] {dag.py:2705} INFO - Sync 1 DAGs
[2023-10-20T04:46:19.448+0000] {logging_mixin.py:137} INFO - [2023-10-20T04:46:19.447+0000] {dag.py:3456} INFO - Setting next_dagrun for etl_tax_report_mart_raw_v0_1_batch1 to 2023-10-19T18:00:00+00:00, run_after=2023-10-20T18:00:00+00:00
[2023-10-20T04:46:19.590+0000] {processor.py:175} INFO - Processing /opt/airflow/dags/etl_tax_report_raw.py took 0.600 seconds
[2023-10-20T04:46:50.356+0000] {processor.py:153} INFO - Started process (PID=639) to work on /opt/airflow/dags/etl_tax_report_raw.py
[2023-10-20T04:46:50.368+0000] {processor.py:743} INFO - Processing file /opt/airflow/dags/etl_tax_report_raw.py for tasks to queue
[2023-10-20T04:46:50.385+0000] {logging_mixin.py:137} INFO - [2023-10-20T04:46:50.383+0000] {dagbag.py:532} INFO - Filling up the DagBag from /opt/airflow/dags/etl_tax_report_raw.py
[2023-10-20T04:46:51.253+0000] {processor.py:753} INFO - DAG(s) dict_keys(['etl_tax_report_mart_raw_v0_1_batch1']) retrieved from /opt/airflow/dags/etl_tax_report_raw.py
[2023-10-20T04:46:51.459+0000] {logging_mixin.py:137} INFO - [2023-10-20T04:46:51.458+0000] {dag.py:2705} INFO - Sync 1 DAGs
[2023-10-20T04:46:51.647+0000] {logging_mixin.py:137} INFO - [2023-10-20T04:46:51.647+0000] {dag.py:3456} INFO - Setting next_dagrun for etl_tax_report_mart_raw_v0_1_batch1 to 2023-10-19T18:00:00+00:00, run_after=2023-10-20T18:00:00+00:00
[2023-10-20T04:46:51.835+0000] {processor.py:175} INFO - Processing /opt/airflow/dags/etl_tax_report_raw.py took 1.518 seconds
[2023-10-20T04:47:22.414+0000] {processor.py:153} INFO - Started process (PID=661) to work on /opt/airflow/dags/etl_tax_report_raw.py
[2023-10-20T04:47:22.416+0000] {processor.py:743} INFO - Processing file /opt/airflow/dags/etl_tax_report_raw.py for tasks to queue
[2023-10-20T04:47:22.418+0000] {logging_mixin.py:137} INFO - [2023-10-20T04:47:22.418+0000] {dagbag.py:532} INFO - Filling up the DagBag from /opt/airflow/dags/etl_tax_report_raw.py
[2023-10-20T04:47:22.522+0000] {processor.py:753} INFO - DAG(s) dict_keys(['etl_tax_report_mart_raw_v0_1_batch1']) retrieved from /opt/airflow/dags/etl_tax_report_raw.py
[2023-10-20T04:47:22.583+0000] {logging_mixin.py:137} INFO - [2023-10-20T04:47:22.583+0000] {dag.py:2705} INFO - Sync 1 DAGs
[2023-10-20T04:47:22.725+0000] {logging_mixin.py:137} INFO - [2023-10-20T04:47:22.725+0000] {dag.py:3456} INFO - Setting next_dagrun for etl_tax_report_mart_raw_v0_1_batch1 to 2023-10-19T18:00:00+00:00, run_after=2023-10-20T18:00:00+00:00
[2023-10-20T04:47:22.865+0000] {processor.py:175} INFO - Processing /opt/airflow/dags/etl_tax_report_raw.py took 0.460 seconds
[2023-10-20T04:47:53.249+0000] {processor.py:153} INFO - Started process (PID=692) to work on /opt/airflow/dags/etl_tax_report_raw.py
[2023-10-20T04:47:53.253+0000] {processor.py:743} INFO - Processing file /opt/airflow/dags/etl_tax_report_raw.py for tasks to queue
[2023-10-20T04:47:53.258+0000] {logging_mixin.py:137} INFO - [2023-10-20T04:47:53.258+0000] {dagbag.py:532} INFO - Filling up the DagBag from /opt/airflow/dags/etl_tax_report_raw.py
[2023-10-20T04:47:53.448+0000] {processor.py:753} INFO - DAG(s) dict_keys(['etl_tax_report_mart_raw_v0_1_batch1']) retrieved from /opt/airflow/dags/etl_tax_report_raw.py
[2023-10-20T04:47:53.509+0000] {logging_mixin.py:137} INFO - [2023-10-20T04:47:53.508+0000] {dag.py:2705} INFO - Sync 1 DAGs
[2023-10-20T04:47:53.590+0000] {logging_mixin.py:137} INFO - [2023-10-20T04:47:53.589+0000] {dag.py:3456} INFO - Setting next_dagrun for etl_tax_report_mart_raw_v0_1_batch1 to 2023-10-19T18:00:00+00:00, run_after=2023-10-20T18:00:00+00:00
[2023-10-20T04:47:53.643+0000] {processor.py:175} INFO - Processing /opt/airflow/dags/etl_tax_report_raw.py took 0.427 seconds
[2023-10-20T04:48:28.570+0000] {processor.py:153} INFO - Started process (PID=709) to work on /opt/airflow/dags/etl_tax_report_raw.py
[2023-10-20T04:48:28.573+0000] {processor.py:743} INFO - Processing file /opt/airflow/dags/etl_tax_report_raw.py for tasks to queue
[2023-10-20T04:48:28.578+0000] {logging_mixin.py:137} INFO - [2023-10-20T04:48:28.577+0000] {dagbag.py:532} INFO - Filling up the DagBag from /opt/airflow/dags/etl_tax_report_raw.py
[2023-10-20T04:48:28.712+0000] {processor.py:753} INFO - DAG(s) dict_keys(['etl_tax_report_mart_raw_v0_1_batch1']) retrieved from /opt/airflow/dags/etl_tax_report_raw.py
[2023-10-20T04:48:28.760+0000] {logging_mixin.py:137} INFO - [2023-10-20T04:48:28.759+0000] {dag.py:2705} INFO - Sync 1 DAGs
[2023-10-20T04:48:28.863+0000] {logging_mixin.py:137} INFO - [2023-10-20T04:48:28.863+0000] {dag.py:3456} INFO - Setting next_dagrun for etl_tax_report_mart_raw_v0_1_batch1 to 2023-10-19T18:00:00+00:00, run_after=2023-10-20T18:00:00+00:00
[2023-10-20T04:48:28.940+0000] {processor.py:175} INFO - Processing /opt/airflow/dags/etl_tax_report_raw.py took 0.385 seconds
[2023-10-20T05:49:04.403+0000] {processor.py:153} INFO - Started process (PID=739) to work on /opt/airflow/dags/etl_tax_report_raw.py
[2023-10-20T05:49:04.427+0000] {processor.py:743} INFO - Processing file /opt/airflow/dags/etl_tax_report_raw.py for tasks to queue
[2023-10-20T05:49:04.473+0000] {logging_mixin.py:137} INFO - [2023-10-20T05:49:04.473+0000] {dagbag.py:532} INFO - Filling up the DagBag from /opt/airflow/dags/etl_tax_report_raw.py
[2023-10-20T05:49:04.903+0000] {processor.py:753} INFO - DAG(s) dict_keys(['etl_tax_report_mart_raw_v0_1_batch1']) retrieved from /opt/airflow/dags/etl_tax_report_raw.py
[2023-10-20T05:49:05.242+0000] {logging_mixin.py:137} INFO - [2023-10-20T05:49:05.239+0000] {dag.py:2705} INFO - Sync 1 DAGs
[2023-10-20T05:49:05.439+0000] {logging_mixin.py:137} INFO - [2023-10-20T05:49:05.439+0000] {dag.py:3456} INFO - Setting next_dagrun for etl_tax_report_mart_raw_v0_1_batch1 to 2023-10-19T18:00:00+00:00, run_after=2023-10-20T18:00:00+00:00
[2023-10-20T05:49:05.541+0000] {processor.py:175} INFO - Processing /opt/airflow/dags/etl_tax_report_raw.py took 1.160 seconds
[2023-10-20T05:49:35.863+0000] {processor.py:153} INFO - Started process (PID=764) to work on /opt/airflow/dags/etl_tax_report_raw.py
[2023-10-20T05:49:35.867+0000] {processor.py:743} INFO - Processing file /opt/airflow/dags/etl_tax_report_raw.py for tasks to queue
[2023-10-20T05:49:35.870+0000] {logging_mixin.py:137} INFO - [2023-10-20T05:49:35.870+0000] {dagbag.py:532} INFO - Filling up the DagBag from /opt/airflow/dags/etl_tax_report_raw.py
[2023-10-20T05:49:35.973+0000] {processor.py:753} INFO - DAG(s) dict_keys(['etl_tax_report_mart_raw_v0_1_batch1']) retrieved from /opt/airflow/dags/etl_tax_report_raw.py
[2023-10-20T05:49:36.033+0000] {logging_mixin.py:137} INFO - [2023-10-20T05:49:36.033+0000] {dag.py:2705} INFO - Sync 1 DAGs
[2023-10-20T05:49:36.199+0000] {logging_mixin.py:137} INFO - [2023-10-20T05:49:36.199+0000] {dag.py:3456} INFO - Setting next_dagrun for etl_tax_report_mart_raw_v0_1_batch1 to 2023-10-19T18:00:00+00:00, run_after=2023-10-20T18:00:00+00:00
[2023-10-20T05:49:36.375+0000] {processor.py:175} INFO - Processing /opt/airflow/dags/etl_tax_report_raw.py took 0.525 seconds
[2023-10-20T05:50:06.745+0000] {processor.py:153} INFO - Started process (PID=794) to work on /opt/airflow/dags/etl_tax_report_raw.py
[2023-10-20T05:50:06.759+0000] {processor.py:743} INFO - Processing file /opt/airflow/dags/etl_tax_report_raw.py for tasks to queue
[2023-10-20T05:50:06.779+0000] {logging_mixin.py:137} INFO - [2023-10-20T05:50:06.778+0000] {dagbag.py:532} INFO - Filling up the DagBag from /opt/airflow/dags/etl_tax_report_raw.py
[2023-10-20T05:50:07.139+0000] {processor.py:753} INFO - DAG(s) dict_keys(['etl_tax_report_mart_raw_v0_1_batch1']) retrieved from /opt/airflow/dags/etl_tax_report_raw.py
[2023-10-20T05:50:07.383+0000] {logging_mixin.py:137} INFO - [2023-10-20T05:50:07.383+0000] {dag.py:2705} INFO - Sync 1 DAGs
[2023-10-20T05:50:07.634+0000] {logging_mixin.py:137} INFO - [2023-10-20T05:50:07.634+0000] {dag.py:3456} INFO - Setting next_dagrun for etl_tax_report_mart_raw_v0_1_batch1 to 2023-10-19T18:00:00+00:00, run_after=2023-10-20T18:00:00+00:00
[2023-10-20T05:50:07.886+0000] {processor.py:175} INFO - Processing /opt/airflow/dags/etl_tax_report_raw.py took 1.191 seconds
[2023-10-20T05:50:38.241+0000] {processor.py:153} INFO - Started process (PID=817) to work on /opt/airflow/dags/etl_tax_report_raw.py
[2023-10-20T05:50:38.245+0000] {processor.py:743} INFO - Processing file /opt/airflow/dags/etl_tax_report_raw.py for tasks to queue
[2023-10-20T05:50:38.248+0000] {logging_mixin.py:137} INFO - [2023-10-20T05:50:38.247+0000] {dagbag.py:532} INFO - Filling up the DagBag from /opt/airflow/dags/etl_tax_report_raw.py
[2023-10-20T05:50:38.366+0000] {processor.py:753} INFO - DAG(s) dict_keys(['etl_tax_report_mart_raw_v0_1_batch1']) retrieved from /opt/airflow/dags/etl_tax_report_raw.py
[2023-10-20T05:50:38.437+0000] {logging_mixin.py:137} INFO - [2023-10-20T05:50:38.436+0000] {dag.py:2705} INFO - Sync 1 DAGs
[2023-10-20T05:50:38.530+0000] {logging_mixin.py:137} INFO - [2023-10-20T05:50:38.530+0000] {dag.py:3456} INFO - Setting next_dagrun for etl_tax_report_mart_raw_v0_1_batch1 to 2023-10-19T18:00:00+00:00, run_after=2023-10-20T18:00:00+00:00
[2023-10-20T05:50:38.617+0000] {processor.py:175} INFO - Processing /opt/airflow/dags/etl_tax_report_raw.py took 0.390 seconds
[2023-10-20T05:51:09.195+0000] {processor.py:153} INFO - Started process (PID=849) to work on /opt/airflow/dags/etl_tax_report_raw.py
[2023-10-20T05:51:09.266+0000] {processor.py:743} INFO - Processing file /opt/airflow/dags/etl_tax_report_raw.py for tasks to queue
[2023-10-20T05:51:09.283+0000] {logging_mixin.py:137} INFO - [2023-10-20T05:51:09.281+0000] {dagbag.py:532} INFO - Filling up the DagBag from /opt/airflow/dags/etl_tax_report_raw.py
[2023-10-20T05:51:09.908+0000] {processor.py:753} INFO - DAG(s) dict_keys(['etl_tax_report_mart_raw_v0_1_batch1']) retrieved from /opt/airflow/dags/etl_tax_report_raw.py
[2023-10-20T05:51:10.042+0000] {logging_mixin.py:137} INFO - [2023-10-20T05:51:10.041+0000] {dag.py:2705} INFO - Sync 1 DAGs
[2023-10-20T05:51:10.441+0000] {logging_mixin.py:137} INFO - [2023-10-20T05:51:10.438+0000] {dag.py:3456} INFO - Setting next_dagrun for etl_tax_report_mart_raw_v0_1_batch1 to 2023-10-19T18:00:00+00:00, run_after=2023-10-20T18:00:00+00:00
[2023-10-20T05:51:10.710+0000] {processor.py:175} INFO - Processing /opt/airflow/dags/etl_tax_report_raw.py took 1.580 seconds
[2023-10-20T05:51:41.439+0000] {processor.py:153} INFO - Started process (PID=869) to work on /opt/airflow/dags/etl_tax_report_raw.py
[2023-10-20T05:51:41.456+0000] {processor.py:743} INFO - Processing file /opt/airflow/dags/etl_tax_report_raw.py for tasks to queue
[2023-10-20T05:51:41.468+0000] {logging_mixin.py:137} INFO - [2023-10-20T05:51:41.468+0000] {dagbag.py:532} INFO - Filling up the DagBag from /opt/airflow/dags/etl_tax_report_raw.py
[2023-10-20T05:51:41.790+0000] {processor.py:753} INFO - DAG(s) dict_keys(['etl_tax_report_mart_raw_v0_1_batch1']) retrieved from /opt/airflow/dags/etl_tax_report_raw.py
[2023-10-20T05:51:42.116+0000] {logging_mixin.py:137} INFO - [2023-10-20T05:51:42.115+0000] {dag.py:2705} INFO - Sync 1 DAGs
[2023-10-20T05:51:42.772+0000] {logging_mixin.py:137} INFO - [2023-10-20T05:51:42.772+0000] {dag.py:3456} INFO - Setting next_dagrun for etl_tax_report_mart_raw_v0_1_batch1 to 2023-10-19T18:00:00+00:00, run_after=2023-10-20T18:00:00+00:00
[2023-10-20T05:51:43.433+0000] {processor.py:175} INFO - Processing /opt/airflow/dags/etl_tax_report_raw.py took 2.002 seconds
[2023-10-20T05:52:17.307+0000] {processor.py:153} INFO - Started process (PID=897) to work on /opt/airflow/dags/etl_tax_report_raw.py
[2023-10-20T05:52:17.328+0000] {processor.py:743} INFO - Processing file /opt/airflow/dags/etl_tax_report_raw.py for tasks to queue
[2023-10-20T05:52:17.353+0000] {logging_mixin.py:137} INFO - [2023-10-20T05:52:17.352+0000] {dagbag.py:532} INFO - Filling up the DagBag from /opt/airflow/dags/etl_tax_report_raw.py
[2023-10-20T05:52:19.399+0000] {processor.py:753} INFO - DAG(s) dict_keys(['etl_tax_report_mart_raw_v0_1_batch1']) retrieved from /opt/airflow/dags/etl_tax_report_raw.py
[2023-10-20T05:52:20.752+0000] {logging_mixin.py:137} INFO - [2023-10-20T05:52:20.752+0000] {dag.py:2705} INFO - Sync 1 DAGs
[2023-10-20T05:52:21.938+0000] {logging_mixin.py:137} INFO - [2023-10-20T05:52:21.919+0000] {dag.py:3456} INFO - Setting next_dagrun for etl_tax_report_mart_raw_v0_1_batch1 to 2023-10-19T18:00:00+00:00, run_after=2023-10-20T18:00:00+00:00
[2023-10-20T05:52:22.501+0000] {processor.py:175} INFO - Processing /opt/airflow/dags/etl_tax_report_raw.py took 5.325 seconds
[2023-10-20T05:52:52.984+0000] {processor.py:153} INFO - Started process (PID=929) to work on /opt/airflow/dags/etl_tax_report_raw.py
[2023-10-20T05:52:52.987+0000] {processor.py:743} INFO - Processing file /opt/airflow/dags/etl_tax_report_raw.py for tasks to queue
[2023-10-20T05:52:52.993+0000] {logging_mixin.py:137} INFO - [2023-10-20T05:52:52.992+0000] {dagbag.py:532} INFO - Filling up the DagBag from /opt/airflow/dags/etl_tax_report_raw.py
[2023-10-20T05:52:53.060+0000] {processor.py:753} INFO - DAG(s) dict_keys(['etl_tax_report_mart_raw_v0_1_batch1']) retrieved from /opt/airflow/dags/etl_tax_report_raw.py
[2023-10-20T05:52:53.105+0000] {logging_mixin.py:137} INFO - [2023-10-20T05:52:53.105+0000] {dag.py:2705} INFO - Sync 1 DAGs
[2023-10-20T05:52:53.186+0000] {logging_mixin.py:137} INFO - [2023-10-20T05:52:53.186+0000] {dag.py:3456} INFO - Setting next_dagrun for etl_tax_report_mart_raw_v0_1_batch1 to 2023-10-19T18:00:00+00:00, run_after=2023-10-20T18:00:00+00:00
[2023-10-20T05:52:53.250+0000] {processor.py:175} INFO - Processing /opt/airflow/dags/etl_tax_report_raw.py took 0.274 seconds
[2023-10-20T05:53:23.475+0000] {processor.py:153} INFO - Started process (PID=961) to work on /opt/airflow/dags/etl_tax_report_raw.py
[2023-10-20T05:53:23.485+0000] {processor.py:743} INFO - Processing file /opt/airflow/dags/etl_tax_report_raw.py for tasks to queue
[2023-10-20T05:53:23.492+0000] {logging_mixin.py:137} INFO - [2023-10-20T05:53:23.492+0000] {dagbag.py:532} INFO - Filling up the DagBag from /opt/airflow/dags/etl_tax_report_raw.py
[2023-10-20T05:53:23.584+0000] {processor.py:753} INFO - DAG(s) dict_keys(['etl_tax_report_mart_raw_v0_1_batch1']) retrieved from /opt/airflow/dags/etl_tax_report_raw.py
[2023-10-20T05:53:23.632+0000] {logging_mixin.py:137} INFO - [2023-10-20T05:53:23.632+0000] {dag.py:2705} INFO - Sync 1 DAGs
[2023-10-20T05:53:23.703+0000] {logging_mixin.py:137} INFO - [2023-10-20T05:53:23.703+0000] {dag.py:3456} INFO - Setting next_dagrun for etl_tax_report_mart_raw_v0_1_batch1 to 2023-10-19T18:00:00+00:00, run_after=2023-10-20T18:00:00+00:00
[2023-10-20T05:53:23.765+0000] {processor.py:175} INFO - Processing /opt/airflow/dags/etl_tax_report_raw.py took 0.303 seconds
[2023-10-20T05:53:54.176+0000] {processor.py:153} INFO - Started process (PID=989) to work on /opt/airflow/dags/etl_tax_report_raw.py
[2023-10-20T05:53:54.185+0000] {processor.py:743} INFO - Processing file /opt/airflow/dags/etl_tax_report_raw.py for tasks to queue
[2023-10-20T05:53:54.190+0000] {logging_mixin.py:137} INFO - [2023-10-20T05:53:54.189+0000] {dagbag.py:532} INFO - Filling up the DagBag from /opt/airflow/dags/etl_tax_report_raw.py
[2023-10-20T05:53:54.377+0000] {processor.py:753} INFO - DAG(s) dict_keys(['etl_tax_report_mart_raw_v0_1_batch1']) retrieved from /opt/airflow/dags/etl_tax_report_raw.py
[2023-10-20T05:53:54.425+0000] {logging_mixin.py:137} INFO - [2023-10-20T05:53:54.424+0000] {dag.py:2705} INFO - Sync 1 DAGs
[2023-10-20T05:53:54.642+0000] {logging_mixin.py:137} INFO - [2023-10-20T05:53:54.642+0000] {dag.py:3456} INFO - Setting next_dagrun for etl_tax_report_mart_raw_v0_1_batch1 to 2023-10-19T18:00:00+00:00, run_after=2023-10-20T18:00:00+00:00
[2023-10-20T05:53:54.805+0000] {processor.py:175} INFO - Processing /opt/airflow/dags/etl_tax_report_raw.py took 0.649 seconds
