[2023-10-20T04:37:01.076+0000] {processor.py:153} INFO - Started process (PID=79) to work on /opt/airflow/dags/etl_sales_dashboard_mart_yearly.py
[2023-10-20T04:37:01.106+0000] {processor.py:743} INFO - Processing file /opt/airflow/dags/etl_sales_dashboard_mart_yearly.py for tasks to queue
[2023-10-20T04:37:01.133+0000] {logging_mixin.py:137} INFO - [2023-10-20T04:37:01.123+0000] {dagbag.py:532} INFO - Filling up the DagBag from /opt/airflow/dags/etl_sales_dashboard_mart_yearly.py
[2023-10-20T04:37:01.441+0000] {processor.py:753} INFO - DAG(s) dict_keys(['etl_sales_dashboard_mart_yearly_v1_3_run_last']) retrieved from /opt/airflow/dags/etl_sales_dashboard_mart_yearly.py
[2023-10-20T04:37:01.539+0000] {logging_mixin.py:137} INFO - [2023-10-20T04:37:01.538+0000] {dag.py:2705} INFO - Sync 1 DAGs
[2023-10-20T04:37:01.732+0000] {logging_mixin.py:137} INFO - [2023-10-20T04:37:01.732+0000] {dag.py:3456} INFO - Setting next_dagrun for etl_sales_dashboard_mart_yearly_v1_3_run_last to 2015-12-31T17:00:00+00:00, run_after=2016-12-31T17:00:00+00:00
[2023-10-20T04:37:01.860+0000] {processor.py:175} INFO - Processing /opt/airflow/dags/etl_sales_dashboard_mart_yearly.py took 1.036 seconds
[2023-10-20T04:37:37.568+0000] {processor.py:153} INFO - Started process (PID=108) to work on /opt/airflow/dags/etl_sales_dashboard_mart_yearly.py
[2023-10-20T04:37:37.577+0000] {processor.py:743} INFO - Processing file /opt/airflow/dags/etl_sales_dashboard_mart_yearly.py for tasks to queue
[2023-10-20T04:37:37.587+0000] {logging_mixin.py:137} INFO - [2023-10-20T04:37:37.586+0000] {dagbag.py:532} INFO - Filling up the DagBag from /opt/airflow/dags/etl_sales_dashboard_mart_yearly.py
[2023-10-20T04:37:37.979+0000] {processor.py:753} INFO - DAG(s) dict_keys(['etl_sales_dashboard_mart_yearly_v1_3_run_last']) retrieved from /opt/airflow/dags/etl_sales_dashboard_mart_yearly.py
[2023-10-20T04:37:38.150+0000] {logging_mixin.py:137} INFO - [2023-10-20T04:37:38.149+0000] {dag.py:2705} INFO - Sync 1 DAGs
[2023-10-20T04:37:38.383+0000] {logging_mixin.py:137} INFO - [2023-10-20T04:37:38.382+0000] {dag.py:3456} INFO - Setting next_dagrun for etl_sales_dashboard_mart_yearly_v1_3_run_last to 2015-12-31T17:00:00+00:00, run_after=2016-12-31T17:00:00+00:00
[2023-10-20T04:37:38.527+0000] {processor.py:175} INFO - Processing /opt/airflow/dags/etl_sales_dashboard_mart_yearly.py took 1.010 seconds
[2023-10-20T04:38:09.190+0000] {processor.py:153} INFO - Started process (PID=130) to work on /opt/airflow/dags/etl_sales_dashboard_mart_yearly.py
[2023-10-20T04:38:09.194+0000] {processor.py:743} INFO - Processing file /opt/airflow/dags/etl_sales_dashboard_mart_yearly.py for tasks to queue
[2023-10-20T04:38:09.197+0000] {logging_mixin.py:137} INFO - [2023-10-20T04:38:09.197+0000] {dagbag.py:532} INFO - Filling up the DagBag from /opt/airflow/dags/etl_sales_dashboard_mart_yearly.py
[2023-10-20T04:38:09.896+0000] {processor.py:753} INFO - DAG(s) dict_keys(['etl_sales_dashboard_mart_yearly_v1_3_run_last']) retrieved from /opt/airflow/dags/etl_sales_dashboard_mart_yearly.py
[2023-10-20T04:38:10.004+0000] {logging_mixin.py:137} INFO - [2023-10-20T04:38:10.004+0000] {dag.py:2705} INFO - Sync 1 DAGs
[2023-10-20T04:38:10.190+0000] {logging_mixin.py:137} INFO - [2023-10-20T04:38:10.189+0000] {dag.py:3456} INFO - Setting next_dagrun for etl_sales_dashboard_mart_yearly_v1_3_run_last to 2015-12-31T17:00:00+00:00, run_after=2016-12-31T17:00:00+00:00
[2023-10-20T04:38:10.299+0000] {processor.py:175} INFO - Processing /opt/airflow/dags/etl_sales_dashboard_mart_yearly.py took 1.124 seconds
[2023-10-20T04:38:40.626+0000] {processor.py:153} INFO - Started process (PID=162) to work on /opt/airflow/dags/etl_sales_dashboard_mart_yearly.py
[2023-10-20T04:38:40.638+0000] {processor.py:743} INFO - Processing file /opt/airflow/dags/etl_sales_dashboard_mart_yearly.py for tasks to queue
[2023-10-20T04:38:40.640+0000] {logging_mixin.py:137} INFO - [2023-10-20T04:38:40.639+0000] {dagbag.py:532} INFO - Filling up the DagBag from /opt/airflow/dags/etl_sales_dashboard_mart_yearly.py
[2023-10-20T04:38:40.841+0000] {processor.py:753} INFO - DAG(s) dict_keys(['etl_sales_dashboard_mart_yearly_v1_3_run_last']) retrieved from /opt/airflow/dags/etl_sales_dashboard_mart_yearly.py
[2023-10-20T04:38:40.897+0000] {logging_mixin.py:137} INFO - [2023-10-20T04:38:40.896+0000] {dag.py:2705} INFO - Sync 1 DAGs
[2023-10-20T04:38:41.012+0000] {logging_mixin.py:137} INFO - [2023-10-20T04:38:41.011+0000] {dag.py:3456} INFO - Setting next_dagrun for etl_sales_dashboard_mart_yearly_v1_3_run_last to 2015-12-31T17:00:00+00:00, run_after=2016-12-31T17:00:00+00:00
[2023-10-20T04:38:41.097+0000] {processor.py:175} INFO - Processing /opt/airflow/dags/etl_sales_dashboard_mart_yearly.py took 0.486 seconds
[2023-10-20T04:39:11.578+0000] {processor.py:153} INFO - Started process (PID=191) to work on /opt/airflow/dags/etl_sales_dashboard_mart_yearly.py
[2023-10-20T04:39:11.587+0000] {processor.py:743} INFO - Processing file /opt/airflow/dags/etl_sales_dashboard_mart_yearly.py for tasks to queue
[2023-10-20T04:39:11.593+0000] {logging_mixin.py:137} INFO - [2023-10-20T04:39:11.593+0000] {dagbag.py:532} INFO - Filling up the DagBag from /opt/airflow/dags/etl_sales_dashboard_mart_yearly.py
[2023-10-20T04:39:11.793+0000] {processor.py:753} INFO - DAG(s) dict_keys(['etl_sales_dashboard_mart_yearly_v1_3_run_last']) retrieved from /opt/airflow/dags/etl_sales_dashboard_mart_yearly.py
[2023-10-20T04:39:11.906+0000] {logging_mixin.py:137} INFO - [2023-10-20T04:39:11.905+0000] {dag.py:2705} INFO - Sync 1 DAGs
[2023-10-20T04:39:12.045+0000] {logging_mixin.py:137} INFO - [2023-10-20T04:39:12.045+0000] {dag.py:3456} INFO - Setting next_dagrun for etl_sales_dashboard_mart_yearly_v1_3_run_last to 2015-12-31T17:00:00+00:00, run_after=2016-12-31T17:00:00+00:00
[2023-10-20T04:39:12.157+0000] {processor.py:175} INFO - Processing /opt/airflow/dags/etl_sales_dashboard_mart_yearly.py took 0.602 seconds
[2023-10-20T04:39:43.641+0000] {processor.py:153} INFO - Started process (PID=214) to work on /opt/airflow/dags/etl_sales_dashboard_mart_yearly.py
[2023-10-20T04:39:43.662+0000] {processor.py:743} INFO - Processing file /opt/airflow/dags/etl_sales_dashboard_mart_yearly.py for tasks to queue
[2023-10-20T04:39:43.675+0000] {logging_mixin.py:137} INFO - [2023-10-20T04:39:43.674+0000] {dagbag.py:532} INFO - Filling up the DagBag from /opt/airflow/dags/etl_sales_dashboard_mart_yearly.py
[2023-10-20T04:39:44.607+0000] {processor.py:753} INFO - DAG(s) dict_keys(['etl_sales_dashboard_mart_yearly_v1_3_run_last']) retrieved from /opt/airflow/dags/etl_sales_dashboard_mart_yearly.py
[2023-10-20T04:39:45.044+0000] {logging_mixin.py:137} INFO - [2023-10-20T04:39:45.044+0000] {dag.py:2705} INFO - Sync 1 DAGs
[2023-10-20T04:39:45.660+0000] {logging_mixin.py:137} INFO - [2023-10-20T04:39:45.660+0000] {dag.py:3456} INFO - Setting next_dagrun for etl_sales_dashboard_mart_yearly_v1_3_run_last to 2015-12-31T17:00:00+00:00, run_after=2016-12-31T17:00:00+00:00
[2023-10-20T04:39:45.904+0000] {processor.py:175} INFO - Processing /opt/airflow/dags/etl_sales_dashboard_mart_yearly.py took 2.518 seconds
[2023-10-20T04:40:16.095+0000] {processor.py:153} INFO - Started process (PID=247) to work on /opt/airflow/dags/etl_sales_dashboard_mart_yearly.py
[2023-10-20T04:40:16.102+0000] {processor.py:743} INFO - Processing file /opt/airflow/dags/etl_sales_dashboard_mart_yearly.py for tasks to queue
[2023-10-20T04:40:16.107+0000] {logging_mixin.py:137} INFO - [2023-10-20T04:40:16.105+0000] {dagbag.py:532} INFO - Filling up the DagBag from /opt/airflow/dags/etl_sales_dashboard_mart_yearly.py
[2023-10-20T04:40:16.240+0000] {processor.py:753} INFO - DAG(s) dict_keys(['etl_sales_dashboard_mart_yearly_v1_3_run_last']) retrieved from /opt/airflow/dags/etl_sales_dashboard_mart_yearly.py
[2023-10-20T04:40:16.286+0000] {logging_mixin.py:137} INFO - [2023-10-20T04:40:16.286+0000] {dag.py:2705} INFO - Sync 1 DAGs
[2023-10-20T04:40:16.365+0000] {logging_mixin.py:137} INFO - [2023-10-20T04:40:16.365+0000] {dag.py:3456} INFO - Setting next_dagrun for etl_sales_dashboard_mart_yearly_v1_3_run_last to 2015-12-31T17:00:00+00:00, run_after=2016-12-31T17:00:00+00:00
[2023-10-20T04:40:16.454+0000] {processor.py:175} INFO - Processing /opt/airflow/dags/etl_sales_dashboard_mart_yearly.py took 0.370 seconds
[2023-10-20T04:40:46.903+0000] {processor.py:153} INFO - Started process (PID=281) to work on /opt/airflow/dags/etl_sales_dashboard_mart_yearly.py
[2023-10-20T04:40:46.906+0000] {processor.py:743} INFO - Processing file /opt/airflow/dags/etl_sales_dashboard_mart_yearly.py for tasks to queue
[2023-10-20T04:40:46.909+0000] {logging_mixin.py:137} INFO - [2023-10-20T04:40:46.908+0000] {dagbag.py:532} INFO - Filling up the DagBag from /opt/airflow/dags/etl_sales_dashboard_mart_yearly.py
[2023-10-20T04:40:47.012+0000] {processor.py:753} INFO - DAG(s) dict_keys(['etl_sales_dashboard_mart_yearly_v1_3_run_last']) retrieved from /opt/airflow/dags/etl_sales_dashboard_mart_yearly.py
[2023-10-20T04:40:47.054+0000] {logging_mixin.py:137} INFO - [2023-10-20T04:40:47.054+0000] {dag.py:2705} INFO - Sync 1 DAGs
[2023-10-20T04:40:47.123+0000] {logging_mixin.py:137} INFO - [2023-10-20T04:40:47.122+0000] {dag.py:3456} INFO - Setting next_dagrun for etl_sales_dashboard_mart_yearly_v1_3_run_last to 2015-12-31T17:00:00+00:00, run_after=2016-12-31T17:00:00+00:00
[2023-10-20T04:40:47.197+0000] {processor.py:175} INFO - Processing /opt/airflow/dags/etl_sales_dashboard_mart_yearly.py took 0.304 seconds
[2023-10-20T04:41:17.749+0000] {processor.py:153} INFO - Started process (PID=309) to work on /opt/airflow/dags/etl_sales_dashboard_mart_yearly.py
[2023-10-20T04:41:17.788+0000] {processor.py:743} INFO - Processing file /opt/airflow/dags/etl_sales_dashboard_mart_yearly.py for tasks to queue
[2023-10-20T04:41:17.811+0000] {logging_mixin.py:137} INFO - [2023-10-20T04:41:17.810+0000] {dagbag.py:532} INFO - Filling up the DagBag from /opt/airflow/dags/etl_sales_dashboard_mart_yearly.py
[2023-10-20T04:41:18.148+0000] {processor.py:753} INFO - DAG(s) dict_keys(['etl_sales_dashboard_mart_yearly_v1_3_run_last']) retrieved from /opt/airflow/dags/etl_sales_dashboard_mart_yearly.py
[2023-10-20T04:41:18.234+0000] {logging_mixin.py:137} INFO - [2023-10-20T04:41:18.233+0000] {dag.py:2705} INFO - Sync 1 DAGs
[2023-10-20T04:41:18.328+0000] {logging_mixin.py:137} INFO - [2023-10-20T04:41:18.328+0000] {dag.py:3456} INFO - Setting next_dagrun for etl_sales_dashboard_mart_yearly_v1_3_run_last to 2015-12-31T17:00:00+00:00, run_after=2016-12-31T17:00:00+00:00
[2023-10-20T04:41:18.377+0000] {processor.py:175} INFO - Processing /opt/airflow/dags/etl_sales_dashboard_mart_yearly.py took 0.718 seconds
[2023-10-20T04:41:48.483+0000] {processor.py:153} INFO - Started process (PID=334) to work on /opt/airflow/dags/etl_sales_dashboard_mart_yearly.py
[2023-10-20T04:41:48.486+0000] {processor.py:743} INFO - Processing file /opt/airflow/dags/etl_sales_dashboard_mart_yearly.py for tasks to queue
[2023-10-20T04:41:48.490+0000] {logging_mixin.py:137} INFO - [2023-10-20T04:41:48.489+0000] {dagbag.py:532} INFO - Filling up the DagBag from /opt/airflow/dags/etl_sales_dashboard_mart_yearly.py
[2023-10-20T04:41:48.602+0000] {processor.py:753} INFO - DAG(s) dict_keys(['etl_sales_dashboard_mart_yearly_v1_3_run_last']) retrieved from /opt/airflow/dags/etl_sales_dashboard_mart_yearly.py
[2023-10-20T04:41:48.639+0000] {logging_mixin.py:137} INFO - [2023-10-20T04:41:48.638+0000] {dag.py:2705} INFO - Sync 1 DAGs
[2023-10-20T04:41:48.710+0000] {logging_mixin.py:137} INFO - [2023-10-20T04:41:48.710+0000] {dag.py:3456} INFO - Setting next_dagrun for etl_sales_dashboard_mart_yearly_v1_3_run_last to 2015-12-31T17:00:00+00:00, run_after=2016-12-31T17:00:00+00:00
[2023-10-20T04:41:48.785+0000] {processor.py:175} INFO - Processing /opt/airflow/dags/etl_sales_dashboard_mart_yearly.py took 0.315 seconds
[2023-10-20T04:42:18.941+0000] {processor.py:153} INFO - Started process (PID=366) to work on /opt/airflow/dags/etl_sales_dashboard_mart_yearly.py
[2023-10-20T04:42:18.943+0000] {processor.py:743} INFO - Processing file /opt/airflow/dags/etl_sales_dashboard_mart_yearly.py for tasks to queue
[2023-10-20T04:42:18.946+0000] {logging_mixin.py:137} INFO - [2023-10-20T04:42:18.946+0000] {dagbag.py:532} INFO - Filling up the DagBag from /opt/airflow/dags/etl_sales_dashboard_mart_yearly.py
[2023-10-20T04:42:19.108+0000] {processor.py:753} INFO - DAG(s) dict_keys(['etl_sales_dashboard_mart_yearly_v1_3_run_last']) retrieved from /opt/airflow/dags/etl_sales_dashboard_mart_yearly.py
[2023-10-20T04:42:19.168+0000] {logging_mixin.py:137} INFO - [2023-10-20T04:42:19.167+0000] {dag.py:2705} INFO - Sync 1 DAGs
[2023-10-20T04:42:19.304+0000] {logging_mixin.py:137} INFO - [2023-10-20T04:42:19.303+0000] {dag.py:3456} INFO - Setting next_dagrun for etl_sales_dashboard_mart_yearly_v1_3_run_last to 2015-12-31T17:00:00+00:00, run_after=2016-12-31T17:00:00+00:00
[2023-10-20T04:42:19.360+0000] {processor.py:175} INFO - Processing /opt/airflow/dags/etl_sales_dashboard_mart_yearly.py took 0.440 seconds
[2023-10-20T04:42:49.868+0000] {processor.py:153} INFO - Started process (PID=398) to work on /opt/airflow/dags/etl_sales_dashboard_mart_yearly.py
[2023-10-20T04:42:49.915+0000] {processor.py:743} INFO - Processing file /opt/airflow/dags/etl_sales_dashboard_mart_yearly.py for tasks to queue
[2023-10-20T04:42:49.934+0000] {logging_mixin.py:137} INFO - [2023-10-20T04:42:49.934+0000] {dagbag.py:532} INFO - Filling up the DagBag from /opt/airflow/dags/etl_sales_dashboard_mart_yearly.py
[2023-10-20T04:42:50.185+0000] {processor.py:753} INFO - DAG(s) dict_keys(['etl_sales_dashboard_mart_yearly_v1_3_run_last']) retrieved from /opt/airflow/dags/etl_sales_dashboard_mart_yearly.py
[2023-10-20T04:42:50.253+0000] {logging_mixin.py:137} INFO - [2023-10-20T04:42:50.252+0000] {dag.py:2705} INFO - Sync 1 DAGs
[2023-10-20T04:42:50.536+0000] {logging_mixin.py:137} INFO - [2023-10-20T04:42:50.536+0000] {dag.py:3456} INFO - Setting next_dagrun for etl_sales_dashboard_mart_yearly_v1_3_run_last to 2015-12-31T17:00:00+00:00, run_after=2016-12-31T17:00:00+00:00
[2023-10-20T04:42:50.666+0000] {processor.py:175} INFO - Processing /opt/airflow/dags/etl_sales_dashboard_mart_yearly.py took 0.868 seconds
[2023-10-20T04:43:21.032+0000] {processor.py:153} INFO - Started process (PID=428) to work on /opt/airflow/dags/etl_sales_dashboard_mart_yearly.py
[2023-10-20T04:43:21.041+0000] {processor.py:743} INFO - Processing file /opt/airflow/dags/etl_sales_dashboard_mart_yearly.py for tasks to queue
[2023-10-20T04:43:21.043+0000] {logging_mixin.py:137} INFO - [2023-10-20T04:43:21.042+0000] {dagbag.py:532} INFO - Filling up the DagBag from /opt/airflow/dags/etl_sales_dashboard_mart_yearly.py
[2023-10-20T04:43:21.236+0000] {processor.py:753} INFO - DAG(s) dict_keys(['etl_sales_dashboard_mart_yearly_v1_3_run_last']) retrieved from /opt/airflow/dags/etl_sales_dashboard_mart_yearly.py
[2023-10-20T04:43:21.280+0000] {logging_mixin.py:137} INFO - [2023-10-20T04:43:21.279+0000] {dag.py:2705} INFO - Sync 1 DAGs
[2023-10-20T04:43:21.472+0000] {logging_mixin.py:137} INFO - [2023-10-20T04:43:21.472+0000] {dag.py:3456} INFO - Setting next_dagrun for etl_sales_dashboard_mart_yearly_v1_3_run_last to 2015-12-31T17:00:00+00:00, run_after=2016-12-31T17:00:00+00:00
[2023-10-20T04:43:21.599+0000] {processor.py:175} INFO - Processing /opt/airflow/dags/etl_sales_dashboard_mart_yearly.py took 0.592 seconds
[2023-10-20T04:43:52.524+0000] {processor.py:153} INFO - Started process (PID=459) to work on /opt/airflow/dags/etl_sales_dashboard_mart_yearly.py
[2023-10-20T04:43:52.530+0000] {processor.py:743} INFO - Processing file /opt/airflow/dags/etl_sales_dashboard_mart_yearly.py for tasks to queue
[2023-10-20T04:43:52.536+0000] {logging_mixin.py:137} INFO - [2023-10-20T04:43:52.535+0000] {dagbag.py:532} INFO - Filling up the DagBag from /opt/airflow/dags/etl_sales_dashboard_mart_yearly.py
[2023-10-20T04:43:52.677+0000] {processor.py:753} INFO - DAG(s) dict_keys(['etl_sales_dashboard_mart_yearly_v1_3_run_last']) retrieved from /opt/airflow/dags/etl_sales_dashboard_mart_yearly.py
[2023-10-20T04:43:52.723+0000] {logging_mixin.py:137} INFO - [2023-10-20T04:43:52.723+0000] {dag.py:2705} INFO - Sync 1 DAGs
[2023-10-20T04:43:52.810+0000] {logging_mixin.py:137} INFO - [2023-10-20T04:43:52.810+0000] {dag.py:3456} INFO - Setting next_dagrun for etl_sales_dashboard_mart_yearly_v1_3_run_last to 2015-12-31T17:00:00+00:00, run_after=2016-12-31T17:00:00+00:00
[2023-10-20T04:43:52.882+0000] {processor.py:175} INFO - Processing /opt/airflow/dags/etl_sales_dashboard_mart_yearly.py took 0.380 seconds
[2023-10-20T04:44:23.038+0000] {processor.py:153} INFO - Started process (PID=490) to work on /opt/airflow/dags/etl_sales_dashboard_mart_yearly.py
[2023-10-20T04:44:23.044+0000] {processor.py:743} INFO - Processing file /opt/airflow/dags/etl_sales_dashboard_mart_yearly.py for tasks to queue
[2023-10-20T04:44:23.047+0000] {logging_mixin.py:137} INFO - [2023-10-20T04:44:23.047+0000] {dagbag.py:532} INFO - Filling up the DagBag from /opt/airflow/dags/etl_sales_dashboard_mart_yearly.py
[2023-10-20T04:44:23.146+0000] {processor.py:753} INFO - DAG(s) dict_keys(['etl_sales_dashboard_mart_yearly_v1_3_run_last']) retrieved from /opt/airflow/dags/etl_sales_dashboard_mart_yearly.py
[2023-10-20T04:44:23.190+0000] {logging_mixin.py:137} INFO - [2023-10-20T04:44:23.189+0000] {dag.py:2705} INFO - Sync 1 DAGs
[2023-10-20T04:44:23.262+0000] {logging_mixin.py:137} INFO - [2023-10-20T04:44:23.261+0000] {dag.py:3456} INFO - Setting next_dagrun for etl_sales_dashboard_mart_yearly_v1_3_run_last to 2015-12-31T17:00:00+00:00, run_after=2016-12-31T17:00:00+00:00
[2023-10-20T04:44:23.319+0000] {processor.py:175} INFO - Processing /opt/airflow/dags/etl_sales_dashboard_mart_yearly.py took 0.301 seconds
[2023-10-20T04:44:54.056+0000] {processor.py:153} INFO - Started process (PID=521) to work on /opt/airflow/dags/etl_sales_dashboard_mart_yearly.py
[2023-10-20T04:44:54.059+0000] {processor.py:743} INFO - Processing file /opt/airflow/dags/etl_sales_dashboard_mart_yearly.py for tasks to queue
[2023-10-20T04:44:54.061+0000] {logging_mixin.py:137} INFO - [2023-10-20T04:44:54.061+0000] {dagbag.py:532} INFO - Filling up the DagBag from /opt/airflow/dags/etl_sales_dashboard_mart_yearly.py
[2023-10-20T04:44:54.361+0000] {processor.py:753} INFO - DAG(s) dict_keys(['etl_sales_dashboard_mart_yearly_v1_3_run_last']) retrieved from /opt/airflow/dags/etl_sales_dashboard_mart_yearly.py
[2023-10-20T04:44:54.412+0000] {logging_mixin.py:137} INFO - [2023-10-20T04:44:54.411+0000] {dag.py:2705} INFO - Sync 1 DAGs
[2023-10-20T04:44:54.507+0000] {logging_mixin.py:137} INFO - [2023-10-20T04:44:54.507+0000] {dag.py:3456} INFO - Setting next_dagrun for etl_sales_dashboard_mart_yearly_v1_3_run_last to 2015-12-31T17:00:00+00:00, run_after=2016-12-31T17:00:00+00:00
[2023-10-20T04:44:54.571+0000] {processor.py:175} INFO - Processing /opt/airflow/dags/etl_sales_dashboard_mart_yearly.py took 0.524 seconds
[2023-10-20T04:45:25.086+0000] {processor.py:153} INFO - Started process (PID=553) to work on /opt/airflow/dags/etl_sales_dashboard_mart_yearly.py
[2023-10-20T04:45:25.089+0000] {processor.py:743} INFO - Processing file /opt/airflow/dags/etl_sales_dashboard_mart_yearly.py for tasks to queue
[2023-10-20T04:45:25.100+0000] {logging_mixin.py:137} INFO - [2023-10-20T04:45:25.099+0000] {dagbag.py:532} INFO - Filling up the DagBag from /opt/airflow/dags/etl_sales_dashboard_mart_yearly.py
[2023-10-20T04:45:25.414+0000] {processor.py:753} INFO - DAG(s) dict_keys(['etl_sales_dashboard_mart_yearly_v1_3_run_last']) retrieved from /opt/airflow/dags/etl_sales_dashboard_mart_yearly.py
[2023-10-20T04:45:25.553+0000] {logging_mixin.py:137} INFO - [2023-10-20T04:45:25.553+0000] {dag.py:2705} INFO - Sync 1 DAGs
[2023-10-20T04:45:25.649+0000] {logging_mixin.py:137} INFO - [2023-10-20T04:45:25.649+0000] {dag.py:3456} INFO - Setting next_dagrun for etl_sales_dashboard_mart_yearly_v1_3_run_last to 2015-12-31T17:00:00+00:00, run_after=2016-12-31T17:00:00+00:00
[2023-10-20T04:45:25.737+0000] {processor.py:175} INFO - Processing /opt/airflow/dags/etl_sales_dashboard_mart_yearly.py took 0.673 seconds
[2023-10-20T04:45:55.849+0000] {processor.py:153} INFO - Started process (PID=586) to work on /opt/airflow/dags/etl_sales_dashboard_mart_yearly.py
[2023-10-20T04:45:55.854+0000] {processor.py:743} INFO - Processing file /opt/airflow/dags/etl_sales_dashboard_mart_yearly.py for tasks to queue
[2023-10-20T04:45:55.858+0000] {logging_mixin.py:137} INFO - [2023-10-20T04:45:55.857+0000] {dagbag.py:532} INFO - Filling up the DagBag from /opt/airflow/dags/etl_sales_dashboard_mart_yearly.py
[2023-10-20T04:45:55.978+0000] {processor.py:753} INFO - DAG(s) dict_keys(['etl_sales_dashboard_mart_yearly_v1_3_run_last']) retrieved from /opt/airflow/dags/etl_sales_dashboard_mart_yearly.py
[2023-10-20T04:45:56.023+0000] {logging_mixin.py:137} INFO - [2023-10-20T04:45:56.022+0000] {dag.py:2705} INFO - Sync 1 DAGs
[2023-10-20T04:45:56.154+0000] {logging_mixin.py:137} INFO - [2023-10-20T04:45:56.154+0000] {dag.py:3456} INFO - Setting next_dagrun for etl_sales_dashboard_mart_yearly_v1_3_run_last to 2015-12-31T17:00:00+00:00, run_after=2016-12-31T17:00:00+00:00
[2023-10-20T04:45:56.217+0000] {processor.py:175} INFO - Processing /opt/airflow/dags/etl_sales_dashboard_mart_yearly.py took 0.378 seconds
[2023-10-20T04:46:26.992+0000] {processor.py:153} INFO - Started process (PID=618) to work on /opt/airflow/dags/etl_sales_dashboard_mart_yearly.py
[2023-10-20T04:46:27.021+0000] {processor.py:743} INFO - Processing file /opt/airflow/dags/etl_sales_dashboard_mart_yearly.py for tasks to queue
[2023-10-20T04:46:27.054+0000] {logging_mixin.py:137} INFO - [2023-10-20T04:46:27.054+0000] {dagbag.py:532} INFO - Filling up the DagBag from /opt/airflow/dags/etl_sales_dashboard_mart_yearly.py
[2023-10-20T04:46:27.620+0000] {processor.py:753} INFO - DAG(s) dict_keys(['etl_sales_dashboard_mart_yearly_v1_3_run_last']) retrieved from /opt/airflow/dags/etl_sales_dashboard_mart_yearly.py
[2023-10-20T04:46:27.813+0000] {logging_mixin.py:137} INFO - [2023-10-20T04:46:27.812+0000] {dag.py:2705} INFO - Sync 1 DAGs
[2023-10-20T04:46:28.114+0000] {logging_mixin.py:137} INFO - [2023-10-20T04:46:28.104+0000] {dag.py:3456} INFO - Setting next_dagrun for etl_sales_dashboard_mart_yearly_v1_3_run_last to 2015-12-31T17:00:00+00:00, run_after=2016-12-31T17:00:00+00:00
[2023-10-20T04:46:28.310+0000] {processor.py:175} INFO - Processing /opt/airflow/dags/etl_sales_dashboard_mart_yearly.py took 1.364 seconds
[2023-10-20T04:46:58.634+0000] {processor.py:153} INFO - Started process (PID=643) to work on /opt/airflow/dags/etl_sales_dashboard_mart_yearly.py
[2023-10-20T04:46:58.643+0000] {processor.py:743} INFO - Processing file /opt/airflow/dags/etl_sales_dashboard_mart_yearly.py for tasks to queue
[2023-10-20T04:46:58.648+0000] {logging_mixin.py:137} INFO - [2023-10-20T04:46:58.647+0000] {dagbag.py:532} INFO - Filling up the DagBag from /opt/airflow/dags/etl_sales_dashboard_mart_yearly.py
[2023-10-20T04:46:59.139+0000] {processor.py:753} INFO - DAG(s) dict_keys(['etl_sales_dashboard_mart_yearly_v1_3_run_last']) retrieved from /opt/airflow/dags/etl_sales_dashboard_mart_yearly.py
[2023-10-20T04:46:59.269+0000] {logging_mixin.py:137} INFO - [2023-10-20T04:46:59.269+0000] {dag.py:2705} INFO - Sync 1 DAGs
[2023-10-20T04:46:59.795+0000] {logging_mixin.py:137} INFO - [2023-10-20T04:46:59.794+0000] {dag.py:3456} INFO - Setting next_dagrun for etl_sales_dashboard_mart_yearly_v1_3_run_last to 2015-12-31T17:00:00+00:00, run_after=2016-12-31T17:00:00+00:00
[2023-10-20T04:47:00.198+0000] {processor.py:175} INFO - Processing /opt/airflow/dags/etl_sales_dashboard_mart_yearly.py took 1.648 seconds
[2023-10-20T04:47:31.037+0000] {processor.py:153} INFO - Started process (PID=673) to work on /opt/airflow/dags/etl_sales_dashboard_mart_yearly.py
[2023-10-20T04:47:31.039+0000] {processor.py:743} INFO - Processing file /opt/airflow/dags/etl_sales_dashboard_mart_yearly.py for tasks to queue
[2023-10-20T04:47:31.043+0000] {logging_mixin.py:137} INFO - [2023-10-20T04:47:31.042+0000] {dagbag.py:532} INFO - Filling up the DagBag from /opt/airflow/dags/etl_sales_dashboard_mart_yearly.py
[2023-10-20T04:47:31.156+0000] {processor.py:753} INFO - DAG(s) dict_keys(['etl_sales_dashboard_mart_yearly_v1_3_run_last']) retrieved from /opt/airflow/dags/etl_sales_dashboard_mart_yearly.py
[2023-10-20T04:47:31.191+0000] {logging_mixin.py:137} INFO - [2023-10-20T04:47:31.191+0000] {dag.py:2705} INFO - Sync 1 DAGs
[2023-10-20T04:47:31.266+0000] {logging_mixin.py:137} INFO - [2023-10-20T04:47:31.265+0000] {dag.py:3456} INFO - Setting next_dagrun for etl_sales_dashboard_mart_yearly_v1_3_run_last to 2015-12-31T17:00:00+00:00, run_after=2016-12-31T17:00:00+00:00
[2023-10-20T04:47:31.336+0000] {processor.py:175} INFO - Processing /opt/airflow/dags/etl_sales_dashboard_mart_yearly.py took 0.307 seconds
[2023-10-20T04:48:01.785+0000] {processor.py:153} INFO - Started process (PID=705) to work on /opt/airflow/dags/etl_sales_dashboard_mart_yearly.py
[2023-10-20T04:48:01.787+0000] {processor.py:743} INFO - Processing file /opt/airflow/dags/etl_sales_dashboard_mart_yearly.py for tasks to queue
[2023-10-20T04:48:01.791+0000] {logging_mixin.py:137} INFO - [2023-10-20T04:48:01.790+0000] {dagbag.py:532} INFO - Filling up the DagBag from /opt/airflow/dags/etl_sales_dashboard_mart_yearly.py
[2023-10-20T04:48:01.881+0000] {processor.py:753} INFO - DAG(s) dict_keys(['etl_sales_dashboard_mart_yearly_v1_3_run_last']) retrieved from /opt/airflow/dags/etl_sales_dashboard_mart_yearly.py
[2023-10-20T04:48:01.918+0000] {logging_mixin.py:137} INFO - [2023-10-20T04:48:01.918+0000] {dag.py:2705} INFO - Sync 1 DAGs
[2023-10-20T04:48:01.977+0000] {logging_mixin.py:137} INFO - [2023-10-20T04:48:01.976+0000] {dag.py:3456} INFO - Setting next_dagrun for etl_sales_dashboard_mart_yearly_v1_3_run_last to 2015-12-31T17:00:00+00:00, run_after=2016-12-31T17:00:00+00:00
[2023-10-20T04:48:02.025+0000] {processor.py:175} INFO - Processing /opt/airflow/dags/etl_sales_dashboard_mart_yearly.py took 0.248 seconds
[2023-10-20T05:49:06.623+0000] {processor.py:153} INFO - Started process (PID=742) to work on /opt/airflow/dags/etl_sales_dashboard_mart_yearly.py
[2023-10-20T05:49:06.627+0000] {processor.py:743} INFO - Processing file /opt/airflow/dags/etl_sales_dashboard_mart_yearly.py for tasks to queue
[2023-10-20T05:49:06.643+0000] {logging_mixin.py:137} INFO - [2023-10-20T05:49:06.642+0000] {dagbag.py:532} INFO - Filling up the DagBag from /opt/airflow/dags/etl_sales_dashboard_mart_yearly.py
[2023-10-20T05:49:07.213+0000] {processor.py:753} INFO - DAG(s) dict_keys(['etl_sales_dashboard_mart_yearly_v1_3_run_last']) retrieved from /opt/airflow/dags/etl_sales_dashboard_mart_yearly.py
[2023-10-20T05:49:07.352+0000] {logging_mixin.py:137} INFO - [2023-10-20T05:49:07.352+0000] {dag.py:2705} INFO - Sync 1 DAGs
[2023-10-20T05:49:07.605+0000] {logging_mixin.py:137} INFO - [2023-10-20T05:49:07.605+0000] {dag.py:3456} INFO - Setting next_dagrun for etl_sales_dashboard_mart_yearly_v1_3_run_last to 2015-12-31T17:00:00+00:00, run_after=2016-12-31T17:00:00+00:00
[2023-10-20T05:49:07.780+0000] {processor.py:175} INFO - Processing /opt/airflow/dags/etl_sales_dashboard_mart_yearly.py took 1.180 seconds
[2023-10-20T05:49:38.453+0000] {processor.py:153} INFO - Started process (PID=768) to work on /opt/airflow/dags/etl_sales_dashboard_mart_yearly.py
[2023-10-20T05:49:38.477+0000] {processor.py:743} INFO - Processing file /opt/airflow/dags/etl_sales_dashboard_mart_yearly.py for tasks to queue
[2023-10-20T05:49:38.481+0000] {logging_mixin.py:137} INFO - [2023-10-20T05:49:38.481+0000] {dagbag.py:532} INFO - Filling up the DagBag from /opt/airflow/dags/etl_sales_dashboard_mart_yearly.py
[2023-10-20T05:49:38.622+0000] {processor.py:753} INFO - DAG(s) dict_keys(['etl_sales_dashboard_mart_yearly_v1_3_run_last']) retrieved from /opt/airflow/dags/etl_sales_dashboard_mart_yearly.py
[2023-10-20T05:49:38.714+0000] {logging_mixin.py:137} INFO - [2023-10-20T05:49:38.713+0000] {dag.py:2705} INFO - Sync 1 DAGs
[2023-10-20T05:49:38.847+0000] {logging_mixin.py:137} INFO - [2023-10-20T05:49:38.846+0000] {dag.py:3456} INFO - Setting next_dagrun for etl_sales_dashboard_mart_yearly_v1_3_run_last to 2015-12-31T17:00:00+00:00, run_after=2016-12-31T17:00:00+00:00
[2023-10-20T05:49:38.900+0000] {processor.py:175} INFO - Processing /opt/airflow/dags/etl_sales_dashboard_mart_yearly.py took 0.474 seconds
[2023-10-20T05:50:09.388+0000] {processor.py:153} INFO - Started process (PID=798) to work on /opt/airflow/dags/etl_sales_dashboard_mart_yearly.py
[2023-10-20T05:50:09.395+0000] {processor.py:743} INFO - Processing file /opt/airflow/dags/etl_sales_dashboard_mart_yearly.py for tasks to queue
[2023-10-20T05:50:09.398+0000] {logging_mixin.py:137} INFO - [2023-10-20T05:50:09.398+0000] {dagbag.py:532} INFO - Filling up the DagBag from /opt/airflow/dags/etl_sales_dashboard_mart_yearly.py
[2023-10-20T05:50:09.803+0000] {processor.py:753} INFO - DAG(s) dict_keys(['etl_sales_dashboard_mart_yearly_v1_3_run_last']) retrieved from /opt/airflow/dags/etl_sales_dashboard_mart_yearly.py
[2023-10-20T05:50:09.928+0000] {logging_mixin.py:137} INFO - [2023-10-20T05:50:09.928+0000] {dag.py:2705} INFO - Sync 1 DAGs
[2023-10-20T05:50:10.054+0000] {logging_mixin.py:137} INFO - [2023-10-20T05:50:10.054+0000] {dag.py:3456} INFO - Setting next_dagrun for etl_sales_dashboard_mart_yearly_v1_3_run_last to 2015-12-31T17:00:00+00:00, run_after=2016-12-31T17:00:00+00:00
[2023-10-20T05:50:10.129+0000] {processor.py:175} INFO - Processing /opt/airflow/dags/etl_sales_dashboard_mart_yearly.py took 0.765 seconds
[2023-10-20T05:50:40.564+0000] {processor.py:153} INFO - Started process (PID=820) to work on /opt/airflow/dags/etl_sales_dashboard_mart_yearly.py
[2023-10-20T05:50:40.575+0000] {processor.py:743} INFO - Processing file /opt/airflow/dags/etl_sales_dashboard_mart_yearly.py for tasks to queue
[2023-10-20T05:50:40.593+0000] {logging_mixin.py:137} INFO - [2023-10-20T05:50:40.591+0000] {dagbag.py:532} INFO - Filling up the DagBag from /opt/airflow/dags/etl_sales_dashboard_mart_yearly.py
[2023-10-20T05:50:41.126+0000] {processor.py:753} INFO - DAG(s) dict_keys(['etl_sales_dashboard_mart_yearly_v1_3_run_last']) retrieved from /opt/airflow/dags/etl_sales_dashboard_mart_yearly.py
[2023-10-20T05:50:41.315+0000] {logging_mixin.py:137} INFO - [2023-10-20T05:50:41.302+0000] {dag.py:2705} INFO - Sync 1 DAGs
[2023-10-20T05:50:41.583+0000] {logging_mixin.py:137} INFO - [2023-10-20T05:50:41.583+0000] {dag.py:3456} INFO - Setting next_dagrun for etl_sales_dashboard_mart_yearly_v1_3_run_last to 2015-12-31T17:00:00+00:00, run_after=2016-12-31T17:00:00+00:00
[2023-10-20T05:50:41.750+0000] {processor.py:175} INFO - Processing /opt/airflow/dags/etl_sales_dashboard_mart_yearly.py took 1.210 seconds
[2023-10-20T05:51:12.172+0000] {processor.py:153} INFO - Started process (PID=852) to work on /opt/airflow/dags/etl_sales_dashboard_mart_yearly.py
[2023-10-20T05:51:12.178+0000] {processor.py:743} INFO - Processing file /opt/airflow/dags/etl_sales_dashboard_mart_yearly.py for tasks to queue
[2023-10-20T05:51:12.205+0000] {logging_mixin.py:137} INFO - [2023-10-20T05:51:12.205+0000] {dagbag.py:532} INFO - Filling up the DagBag from /opt/airflow/dags/etl_sales_dashboard_mart_yearly.py
[2023-10-20T05:51:12.411+0000] {processor.py:753} INFO - DAG(s) dict_keys(['etl_sales_dashboard_mart_yearly_v1_3_run_last']) retrieved from /opt/airflow/dags/etl_sales_dashboard_mart_yearly.py
[2023-10-20T05:51:12.500+0000] {logging_mixin.py:137} INFO - [2023-10-20T05:51:12.500+0000] {dag.py:2705} INFO - Sync 1 DAGs
[2023-10-20T05:51:13.114+0000] {logging_mixin.py:137} INFO - [2023-10-20T05:51:13.114+0000] {dag.py:3456} INFO - Setting next_dagrun for etl_sales_dashboard_mart_yearly_v1_3_run_last to 2015-12-31T17:00:00+00:00, run_after=2016-12-31T17:00:00+00:00
[2023-10-20T05:51:13.718+0000] {processor.py:175} INFO - Processing /opt/airflow/dags/etl_sales_dashboard_mart_yearly.py took 1.573 seconds
[2023-10-20T05:51:48.452+0000] {processor.py:153} INFO - Started process (PID=879) to work on /opt/airflow/dags/etl_sales_dashboard_mart_yearly.py
[2023-10-20T05:51:48.513+0000] {processor.py:743} INFO - Processing file /opt/airflow/dags/etl_sales_dashboard_mart_yearly.py for tasks to queue
[2023-10-20T05:51:48.619+0000] {logging_mixin.py:137} INFO - [2023-10-20T05:51:48.619+0000] {dagbag.py:532} INFO - Filling up the DagBag from /opt/airflow/dags/etl_sales_dashboard_mart_yearly.py
[2023-10-20T05:51:49.922+0000] {processor.py:753} INFO - DAG(s) dict_keys(['etl_sales_dashboard_mart_yearly_v1_3_run_last']) retrieved from /opt/airflow/dags/etl_sales_dashboard_mart_yearly.py
[2023-10-20T05:51:50.180+0000] {logging_mixin.py:137} INFO - [2023-10-20T05:51:50.179+0000] {dag.py:2705} INFO - Sync 1 DAGs
[2023-10-20T05:51:50.886+0000] {logging_mixin.py:137} INFO - [2023-10-20T05:51:50.886+0000] {dag.py:3456} INFO - Setting next_dagrun for etl_sales_dashboard_mart_yearly_v1_3_run_last to 2015-12-31T17:00:00+00:00, run_after=2016-12-31T17:00:00+00:00
[2023-10-20T05:51:51.775+0000] {processor.py:175} INFO - Processing /opt/airflow/dags/etl_sales_dashboard_mart_yearly.py took 3.384 seconds
[2023-10-20T05:52:24.855+0000] {processor.py:153} INFO - Started process (PID=907) to work on /opt/airflow/dags/etl_sales_dashboard_mart_yearly.py
[2023-10-20T05:52:24.879+0000] {processor.py:743} INFO - Processing file /opt/airflow/dags/etl_sales_dashboard_mart_yearly.py for tasks to queue
[2023-10-20T05:52:24.988+0000] {logging_mixin.py:137} INFO - [2023-10-20T05:52:24.988+0000] {dagbag.py:532} INFO - Filling up the DagBag from /opt/airflow/dags/etl_sales_dashboard_mart_yearly.py
[2023-10-20T05:52:26.401+0000] {processor.py:753} INFO - DAG(s) dict_keys(['etl_sales_dashboard_mart_yearly_v1_3_run_last']) retrieved from /opt/airflow/dags/etl_sales_dashboard_mart_yearly.py
[2023-10-20T05:52:26.843+0000] {logging_mixin.py:137} INFO - [2023-10-20T05:52:26.843+0000] {dag.py:2705} INFO - Sync 1 DAGs
[2023-10-20T05:52:27.431+0000] {logging_mixin.py:137} INFO - [2023-10-20T05:52:27.428+0000] {dag.py:3456} INFO - Setting next_dagrun for etl_sales_dashboard_mart_yearly_v1_3_run_last to 2015-12-31T17:00:00+00:00, run_after=2016-12-31T17:00:00+00:00
[2023-10-20T05:52:27.819+0000] {processor.py:175} INFO - Processing /opt/airflow/dags/etl_sales_dashboard_mart_yearly.py took 3.250 seconds
[2023-10-20T05:52:58.756+0000] {processor.py:153} INFO - Started process (PID=932) to work on /opt/airflow/dags/etl_sales_dashboard_mart_yearly.py
[2023-10-20T05:52:58.774+0000] {processor.py:743} INFO - Processing file /opt/airflow/dags/etl_sales_dashboard_mart_yearly.py for tasks to queue
[2023-10-20T05:52:58.783+0000] {logging_mixin.py:137} INFO - [2023-10-20T05:52:58.782+0000] {dagbag.py:532} INFO - Filling up the DagBag from /opt/airflow/dags/etl_sales_dashboard_mart_yearly.py
[2023-10-20T05:52:58.879+0000] {processor.py:753} INFO - DAG(s) dict_keys(['etl_sales_dashboard_mart_yearly_v1_3_run_last']) retrieved from /opt/airflow/dags/etl_sales_dashboard_mart_yearly.py
[2023-10-20T05:52:58.908+0000] {logging_mixin.py:137} INFO - [2023-10-20T05:52:58.907+0000] {dag.py:2705} INFO - Sync 1 DAGs
[2023-10-20T05:52:58.966+0000] {logging_mixin.py:137} INFO - [2023-10-20T05:52:58.965+0000] {dag.py:3456} INFO - Setting next_dagrun for etl_sales_dashboard_mart_yearly_v1_3_run_last to 2015-12-31T17:00:00+00:00, run_after=2016-12-31T17:00:00+00:00
[2023-10-20T05:52:59.021+0000] {processor.py:175} INFO - Processing /opt/airflow/dags/etl_sales_dashboard_mart_yearly.py took 0.281 seconds
[2023-10-20T05:53:29.160+0000] {processor.py:153} INFO - Started process (PID=964) to work on /opt/airflow/dags/etl_sales_dashboard_mart_yearly.py
[2023-10-20T05:53:29.162+0000] {processor.py:743} INFO - Processing file /opt/airflow/dags/etl_sales_dashboard_mart_yearly.py for tasks to queue
[2023-10-20T05:53:29.166+0000] {logging_mixin.py:137} INFO - [2023-10-20T05:53:29.165+0000] {dagbag.py:532} INFO - Filling up the DagBag from /opt/airflow/dags/etl_sales_dashboard_mart_yearly.py
[2023-10-20T05:53:29.222+0000] {processor.py:753} INFO - DAG(s) dict_keys(['etl_sales_dashboard_mart_yearly_v1_3_run_last']) retrieved from /opt/airflow/dags/etl_sales_dashboard_mart_yearly.py
[2023-10-20T05:53:29.244+0000] {logging_mixin.py:137} INFO - [2023-10-20T05:53:29.244+0000] {dag.py:2705} INFO - Sync 1 DAGs
[2023-10-20T05:53:29.288+0000] {logging_mixin.py:137} INFO - [2023-10-20T05:53:29.287+0000] {dag.py:3456} INFO - Setting next_dagrun for etl_sales_dashboard_mart_yearly_v1_3_run_last to 2015-12-31T17:00:00+00:00, run_after=2016-12-31T17:00:00+00:00
[2023-10-20T05:53:29.334+0000] {processor.py:175} INFO - Processing /opt/airflow/dags/etl_sales_dashboard_mart_yearly.py took 0.181 seconds
[2023-10-20T05:53:59.492+0000] {processor.py:153} INFO - Started process (PID=996) to work on /opt/airflow/dags/etl_sales_dashboard_mart_yearly.py
[2023-10-20T05:53:59.509+0000] {processor.py:743} INFO - Processing file /opt/airflow/dags/etl_sales_dashboard_mart_yearly.py for tasks to queue
[2023-10-20T05:53:59.525+0000] {logging_mixin.py:137} INFO - [2023-10-20T05:53:59.513+0000] {dagbag.py:532} INFO - Filling up the DagBag from /opt/airflow/dags/etl_sales_dashboard_mart_yearly.py
[2023-10-20T05:53:59.667+0000] {processor.py:753} INFO - DAG(s) dict_keys(['etl_sales_dashboard_mart_yearly_v1_3_run_last']) retrieved from /opt/airflow/dags/etl_sales_dashboard_mart_yearly.py
[2023-10-20T05:53:59.778+0000] {logging_mixin.py:137} INFO - [2023-10-20T05:53:59.778+0000] {dag.py:2705} INFO - Sync 1 DAGs
[2023-10-20T05:53:59.995+0000] {logging_mixin.py:137} INFO - [2023-10-20T05:53:59.995+0000] {dag.py:3456} INFO - Setting next_dagrun for etl_sales_dashboard_mart_yearly_v1_3_run_last to 2015-12-31T17:00:00+00:00, run_after=2016-12-31T17:00:00+00:00
[2023-10-20T05:54:00.154+0000] {processor.py:175} INFO - Processing /opt/airflow/dags/etl_sales_dashboard_mart_yearly.py took 0.676 seconds
