[2023-09-06T16:02:40.325+0000] {processor.py:153} INFO - Started process (PID=45) to work on /opt/airflow/dags/etl_sales_dashboard_raw.py
[2023-09-06T16:02:40.329+0000] {processor.py:743} INFO - Processing file /opt/airflow/dags/etl_sales_dashboard_raw.py for tasks to queue
[2023-09-06T16:02:40.342+0000] {logging_mixin.py:137} INFO - [2023-09-06T16:02:40.342+0000] {dagbag.py:532} INFO - Filling up the DagBag from /opt/airflow/dags/etl_sales_dashboard_raw.py
[2023-09-06T16:02:40.591+0000] {processor.py:753} INFO - DAG(s) dict_keys(['etl_sales_dashboard_mart_raw_v0_2_batch6']) retrieved from /opt/airflow/dags/etl_sales_dashboard_raw.py
[2023-09-06T16:02:40.625+0000] {logging_mixin.py:137} INFO - [2023-09-06T16:02:40.625+0000] {dag.py:2705} INFO - Sync 1 DAGs
[2023-09-06T16:02:40.903+0000] {processor.py:175} INFO - Processing /opt/airflow/dags/etl_sales_dashboard_raw.py took 0.618 seconds
[2023-09-06T16:03:11.719+0000] {processor.py:153} INFO - Started process (PID=69) to work on /opt/airflow/dags/etl_sales_dashboard_raw.py
[2023-09-06T16:03:11.732+0000] {processor.py:743} INFO - Processing file /opt/airflow/dags/etl_sales_dashboard_raw.py for tasks to queue
[2023-09-06T16:03:11.777+0000] {logging_mixin.py:137} INFO - [2023-09-06T16:03:11.771+0000] {dagbag.py:532} INFO - Filling up the DagBag from /opt/airflow/dags/etl_sales_dashboard_raw.py
[2023-09-06T16:03:14.073+0000] {processor.py:753} INFO - DAG(s) dict_keys(['etl_sales_dashboard_mart_raw_v0_2_batch6']) retrieved from /opt/airflow/dags/etl_sales_dashboard_raw.py
[2023-09-06T16:03:14.564+0000] {logging_mixin.py:137} INFO - [2023-09-06T16:03:14.542+0000] {dag.py:2705} INFO - Sync 1 DAGs
[2023-09-06T16:03:15.808+0000] {processor.py:175} INFO - Processing /opt/airflow/dags/etl_sales_dashboard_raw.py took 4.445 seconds
[2023-09-06T16:03:46.386+0000] {processor.py:153} INFO - Started process (PID=100) to work on /opt/airflow/dags/etl_sales_dashboard_raw.py
[2023-09-06T16:03:46.391+0000] {processor.py:743} INFO - Processing file /opt/airflow/dags/etl_sales_dashboard_raw.py for tasks to queue
[2023-09-06T16:03:46.393+0000] {logging_mixin.py:137} INFO - [2023-09-06T16:03:46.392+0000] {dagbag.py:532} INFO - Filling up the DagBag from /opt/airflow/dags/etl_sales_dashboard_raw.py
[2023-09-06T16:03:46.466+0000] {processor.py:753} INFO - DAG(s) dict_keys(['etl_sales_dashboard_mart_raw_v0_2_batch6']) retrieved from /opt/airflow/dags/etl_sales_dashboard_raw.py
[2023-09-06T16:03:46.500+0000] {logging_mixin.py:137} INFO - [2023-09-06T16:03:46.500+0000] {dag.py:2705} INFO - Sync 1 DAGs
[2023-09-06T16:03:46.583+0000] {processor.py:175} INFO - Processing /opt/airflow/dags/etl_sales_dashboard_raw.py took 0.206 seconds
[2023-09-06T16:04:17.237+0000] {processor.py:153} INFO - Started process (PID=128) to work on /opt/airflow/dags/etl_sales_dashboard_raw.py
[2023-09-06T16:04:17.251+0000] {processor.py:743} INFO - Processing file /opt/airflow/dags/etl_sales_dashboard_raw.py for tasks to queue
[2023-09-06T16:04:17.265+0000] {logging_mixin.py:137} INFO - [2023-09-06T16:04:17.264+0000] {dagbag.py:532} INFO - Filling up the DagBag from /opt/airflow/dags/etl_sales_dashboard_raw.py
[2023-09-06T16:04:17.586+0000] {processor.py:753} INFO - DAG(s) dict_keys(['etl_sales_dashboard_mart_raw_v0_2_batch6']) retrieved from /opt/airflow/dags/etl_sales_dashboard_raw.py
[2023-09-06T16:04:17.710+0000] {logging_mixin.py:137} INFO - [2023-09-06T16:04:17.709+0000] {dag.py:2705} INFO - Sync 1 DAGs
[2023-09-06T16:04:17.866+0000] {processor.py:175} INFO - Processing /opt/airflow/dags/etl_sales_dashboard_raw.py took 0.644 seconds
[2023-09-06T16:04:48.115+0000] {processor.py:153} INFO - Started process (PID=156) to work on /opt/airflow/dags/etl_sales_dashboard_raw.py
[2023-09-06T16:04:48.124+0000] {processor.py:743} INFO - Processing file /opt/airflow/dags/etl_sales_dashboard_raw.py for tasks to queue
[2023-09-06T16:04:48.139+0000] {logging_mixin.py:137} INFO - [2023-09-06T16:04:48.138+0000] {dagbag.py:532} INFO - Filling up the DagBag from /opt/airflow/dags/etl_sales_dashboard_raw.py
[2023-09-06T16:04:48.240+0000] {processor.py:753} INFO - DAG(s) dict_keys(['etl_sales_dashboard_mart_raw_v0_2_batch6']) retrieved from /opt/airflow/dags/etl_sales_dashboard_raw.py
[2023-09-06T16:04:48.277+0000] {logging_mixin.py:137} INFO - [2023-09-06T16:04:48.277+0000] {dag.py:2705} INFO - Sync 1 DAGs
[2023-09-06T16:04:48.382+0000] {processor.py:175} INFO - Processing /opt/airflow/dags/etl_sales_dashboard_raw.py took 0.291 seconds
[2023-09-06T16:05:19.088+0000] {processor.py:153} INFO - Started process (PID=184) to work on /opt/airflow/dags/etl_sales_dashboard_raw.py
[2023-09-06T16:05:19.091+0000] {processor.py:743} INFO - Processing file /opt/airflow/dags/etl_sales_dashboard_raw.py for tasks to queue
[2023-09-06T16:05:19.095+0000] {logging_mixin.py:137} INFO - [2023-09-06T16:05:19.094+0000] {dagbag.py:532} INFO - Filling up the DagBag from /opt/airflow/dags/etl_sales_dashboard_raw.py
[2023-09-06T16:05:19.174+0000] {processor.py:753} INFO - DAG(s) dict_keys(['etl_sales_dashboard_mart_raw_v0_2_batch6']) retrieved from /opt/airflow/dags/etl_sales_dashboard_raw.py
[2023-09-06T16:05:19.210+0000] {logging_mixin.py:137} INFO - [2023-09-06T16:05:19.209+0000] {dag.py:2705} INFO - Sync 1 DAGs
[2023-09-06T16:05:19.312+0000] {processor.py:175} INFO - Processing /opt/airflow/dags/etl_sales_dashboard_raw.py took 0.233 seconds
[2023-09-06T16:05:49.995+0000] {processor.py:153} INFO - Started process (PID=212) to work on /opt/airflow/dags/etl_sales_dashboard_raw.py
[2023-09-06T16:05:49.997+0000] {processor.py:743} INFO - Processing file /opt/airflow/dags/etl_sales_dashboard_raw.py for tasks to queue
[2023-09-06T16:05:50.002+0000] {logging_mixin.py:137} INFO - [2023-09-06T16:05:50.001+0000] {dagbag.py:532} INFO - Filling up the DagBag from /opt/airflow/dags/etl_sales_dashboard_raw.py
[2023-09-06T16:05:50.094+0000] {processor.py:753} INFO - DAG(s) dict_keys(['etl_sales_dashboard_mart_raw_v0_2_batch6']) retrieved from /opt/airflow/dags/etl_sales_dashboard_raw.py
[2023-09-06T16:05:50.129+0000] {logging_mixin.py:137} INFO - [2023-09-06T16:05:50.129+0000] {dag.py:2705} INFO - Sync 1 DAGs
[2023-09-06T16:05:50.268+0000] {processor.py:175} INFO - Processing /opt/airflow/dags/etl_sales_dashboard_raw.py took 0.281 seconds
[2023-09-06T16:06:20.943+0000] {processor.py:153} INFO - Started process (PID=239) to work on /opt/airflow/dags/etl_sales_dashboard_raw.py
[2023-09-06T16:06:20.951+0000] {processor.py:743} INFO - Processing file /opt/airflow/dags/etl_sales_dashboard_raw.py for tasks to queue
[2023-09-06T16:06:20.954+0000] {logging_mixin.py:137} INFO - [2023-09-06T16:06:20.954+0000] {dagbag.py:532} INFO - Filling up the DagBag from /opt/airflow/dags/etl_sales_dashboard_raw.py
[2023-09-06T16:06:21.240+0000] {processor.py:753} INFO - DAG(s) dict_keys(['etl_sales_dashboard_mart_raw_v1_0_batch5', 'etl_sales_dashboard_mart_raw_v1_0_batch3', 'etl_sales_dashboard_mart_raw_v1_0_batch2', 'etl_sales_dashboard_mart_raw_v1_0_batch4', 'etl_sales_dashboard_mart_raw_v1_0_batch1', 'etl_sales_dashboard_mart_raw_v1_0_batch6']) retrieved from /opt/airflow/dags/etl_sales_dashboard_raw.py
[2023-09-06T16:06:21.935+0000] {logging_mixin.py:137} INFO - [2023-09-06T16:06:21.934+0000] {manager.py:504} INFO - Created Permission View: can edit on DAG:etl_sales_dashboard_mart_raw_v1_0_batch5
[2023-09-06T16:06:21.984+0000] {logging_mixin.py:137} INFO - [2023-09-06T16:06:21.984+0000] {manager.py:504} INFO - Created Permission View: can read on DAG:etl_sales_dashboard_mart_raw_v1_0_batch5
[2023-09-06T16:06:22.071+0000] {logging_mixin.py:137} INFO - [2023-09-06T16:06:22.070+0000] {manager.py:504} INFO - Created Permission View: can delete on DAG:etl_sales_dashboard_mart_raw_v1_0_batch5
[2023-09-06T16:06:22.231+0000] {logging_mixin.py:137} INFO - [2023-09-06T16:06:22.230+0000] {manager.py:504} INFO - Created Permission View: can edit on DAG:etl_sales_dashboard_mart_raw_v1_0_batch3
[2023-09-06T16:06:22.261+0000] {logging_mixin.py:137} INFO - [2023-09-06T16:06:22.260+0000] {manager.py:504} INFO - Created Permission View: can read on DAG:etl_sales_dashboard_mart_raw_v1_0_batch3
[2023-09-06T16:06:22.287+0000] {logging_mixin.py:137} INFO - [2023-09-06T16:06:22.287+0000] {manager.py:504} INFO - Created Permission View: can delete on DAG:etl_sales_dashboard_mart_raw_v1_0_batch3
[2023-09-06T16:06:22.335+0000] {logging_mixin.py:137} INFO - [2023-09-06T16:06:22.334+0000] {manager.py:504} INFO - Created Permission View: can edit on DAG:etl_sales_dashboard_mart_raw_v1_0_batch2
[2023-09-06T16:06:22.360+0000] {logging_mixin.py:137} INFO - [2023-09-06T16:06:22.360+0000] {manager.py:504} INFO - Created Permission View: can read on DAG:etl_sales_dashboard_mart_raw_v1_0_batch2
[2023-09-06T16:06:22.385+0000] {logging_mixin.py:137} INFO - [2023-09-06T16:06:22.384+0000] {manager.py:504} INFO - Created Permission View: can delete on DAG:etl_sales_dashboard_mart_raw_v1_0_batch2
[2023-09-06T16:06:22.427+0000] {logging_mixin.py:137} INFO - [2023-09-06T16:06:22.426+0000] {manager.py:504} INFO - Created Permission View: can edit on DAG:etl_sales_dashboard_mart_raw_v1_0_batch4
[2023-09-06T16:06:22.445+0000] {logging_mixin.py:137} INFO - [2023-09-06T16:06:22.444+0000] {manager.py:504} INFO - Created Permission View: can read on DAG:etl_sales_dashboard_mart_raw_v1_0_batch4
[2023-09-06T16:06:22.466+0000] {logging_mixin.py:137} INFO - [2023-09-06T16:06:22.466+0000] {manager.py:504} INFO - Created Permission View: can delete on DAG:etl_sales_dashboard_mart_raw_v1_0_batch4
[2023-09-06T16:06:22.511+0000] {logging_mixin.py:137} INFO - [2023-09-06T16:06:22.511+0000] {manager.py:504} INFO - Created Permission View: can edit on DAG:etl_sales_dashboard_mart_raw_v1_0_batch1
[2023-09-06T16:06:22.531+0000] {logging_mixin.py:137} INFO - [2023-09-06T16:06:22.531+0000] {manager.py:504} INFO - Created Permission View: can read on DAG:etl_sales_dashboard_mart_raw_v1_0_batch1
[2023-09-06T16:06:22.555+0000] {logging_mixin.py:137} INFO - [2023-09-06T16:06:22.555+0000] {manager.py:504} INFO - Created Permission View: can delete on DAG:etl_sales_dashboard_mart_raw_v1_0_batch1
[2023-09-06T16:06:22.624+0000] {logging_mixin.py:137} INFO - [2023-09-06T16:06:22.624+0000] {manager.py:504} INFO - Created Permission View: can edit on DAG:etl_sales_dashboard_mart_raw_v1_0_batch6
[2023-09-06T16:06:22.667+0000] {logging_mixin.py:137} INFO - [2023-09-06T16:06:22.664+0000] {manager.py:504} INFO - Created Permission View: can read on DAG:etl_sales_dashboard_mart_raw_v1_0_batch6
[2023-09-06T16:06:22.732+0000] {logging_mixin.py:137} INFO - [2023-09-06T16:06:22.732+0000] {manager.py:504} INFO - Created Permission View: can delete on DAG:etl_sales_dashboard_mart_raw_v1_0_batch6
[2023-09-06T16:06:22.737+0000] {logging_mixin.py:137} INFO - [2023-09-06T16:06:22.735+0000] {dag.py:2705} INFO - Sync 6 DAGs
[2023-09-06T16:06:22.785+0000] {logging_mixin.py:137} INFO - [2023-09-06T16:06:22.784+0000] {dag.py:2726} INFO - Creating ORM DAG for etl_sales_dashboard_mart_raw_v1_0_batch2
[2023-09-06T16:06:22.786+0000] {logging_mixin.py:137} INFO - [2023-09-06T16:06:22.786+0000] {dag.py:2726} INFO - Creating ORM DAG for etl_sales_dashboard_mart_raw_v1_0_batch3
[2023-09-06T16:06:22.788+0000] {logging_mixin.py:137} INFO - [2023-09-06T16:06:22.787+0000] {dag.py:2726} INFO - Creating ORM DAG for etl_sales_dashboard_mart_raw_v1_0_batch4
[2023-09-06T16:06:22.789+0000] {logging_mixin.py:137} INFO - [2023-09-06T16:06:22.789+0000] {dag.py:2726} INFO - Creating ORM DAG for etl_sales_dashboard_mart_raw_v1_0_batch1
[2023-09-06T16:06:22.792+0000] {logging_mixin.py:137} INFO - [2023-09-06T16:06:22.791+0000] {dag.py:2726} INFO - Creating ORM DAG for etl_sales_dashboard_mart_raw_v1_0_batch5
[2023-09-06T16:06:22.795+0000] {logging_mixin.py:137} INFO - [2023-09-06T16:06:22.795+0000] {dag.py:2726} INFO - Creating ORM DAG for etl_sales_dashboard_mart_raw_v1_0_batch6
[2023-09-06T16:06:22.832+0000] {logging_mixin.py:137} INFO - [2023-09-06T16:06:22.831+0000] {dag.py:3456} INFO - Setting next_dagrun for etl_sales_dashboard_mart_raw_v1_0_batch1 to 2015-12-31T18:00:00+00:00, run_after=2016-01-01T18:00:00+00:00
[2023-09-06T16:06:22.835+0000] {logging_mixin.py:137} INFO - [2023-09-06T16:06:22.835+0000] {dag.py:3456} INFO - Setting next_dagrun for etl_sales_dashboard_mart_raw_v1_0_batch2 to 2020-12-31T18:00:00+00:00, run_after=2020-12-31T19:00:00+00:00
[2023-09-06T16:06:22.838+0000] {logging_mixin.py:137} INFO - [2023-09-06T16:06:22.838+0000] {dag.py:3456} INFO - Setting next_dagrun for etl_sales_dashboard_mart_raw_v1_0_batch3 to 2021-05-30T18:00:00+00:00, run_after=2021-05-30T19:00:00+00:00
[2023-09-06T16:06:22.844+0000] {logging_mixin.py:137} INFO - [2023-09-06T16:06:22.844+0000] {dag.py:3456} INFO - Setting next_dagrun for etl_sales_dashboard_mart_raw_v1_0_batch4 to 2021-12-31T18:00:00+00:00, run_after=2021-12-31T19:00:00+00:00
[2023-09-06T16:06:22.848+0000] {logging_mixin.py:137} INFO - [2023-09-06T16:06:22.848+0000] {dag.py:3456} INFO - Setting next_dagrun for etl_sales_dashboard_mart_raw_v1_0_batch5 to 2022-05-30T18:00:00+00:00, run_after=2022-05-30T19:00:00+00:00
[2023-09-06T16:06:22.851+0000] {logging_mixin.py:137} INFO - [2023-09-06T16:06:22.851+0000] {dag.py:3456} INFO - Setting next_dagrun for etl_sales_dashboard_mart_raw_v1_0_batch6 to 2022-12-31T18:00:00+00:00, run_after=2022-12-31T19:00:00+00:00
[2023-09-06T16:06:22.916+0000] {processor.py:175} INFO - Processing /opt/airflow/dags/etl_sales_dashboard_raw.py took 1.982 seconds
[2023-09-06T16:06:53.715+0000] {processor.py:153} INFO - Started process (PID=275) to work on /opt/airflow/dags/etl_sales_dashboard_raw.py
[2023-09-06T16:06:53.736+0000] {processor.py:743} INFO - Processing file /opt/airflow/dags/etl_sales_dashboard_raw.py for tasks to queue
[2023-09-06T16:06:53.781+0000] {logging_mixin.py:137} INFO - [2023-09-06T16:06:53.767+0000] {dagbag.py:532} INFO - Filling up the DagBag from /opt/airflow/dags/etl_sales_dashboard_raw.py
[2023-09-06T16:06:54.671+0000] {processor.py:753} INFO - DAG(s) dict_keys(['etl_sales_dashboard_mart_raw_v1_0_batch5', 'etl_sales_dashboard_mart_raw_v1_0_batch4', 'etl_sales_dashboard_mart_raw_v1_0_batch6', 'etl_sales_dashboard_mart_raw_v1_0_batch3', 'etl_sales_dashboard_mart_raw_v1_0_batch1', 'etl_sales_dashboard_mart_raw_v1_0_batch2']) retrieved from /opt/airflow/dags/etl_sales_dashboard_raw.py
[2023-09-06T16:06:55.325+0000] {logging_mixin.py:137} INFO - [2023-09-06T16:06:55.325+0000] {dag.py:2705} INFO - Sync 6 DAGs
[2023-09-06T16:06:55.529+0000] {logging_mixin.py:137} INFO - [2023-09-06T16:06:55.528+0000] {dag.py:3456} INFO - Setting next_dagrun for etl_sales_dashboard_mart_raw_v1_0_batch1 to 2015-12-31T18:00:00+00:00, run_after=2016-01-01T18:00:00+00:00
[2023-09-06T16:06:55.550+0000] {logging_mixin.py:137} INFO - [2023-09-06T16:06:55.550+0000] {dag.py:3456} INFO - Setting next_dagrun for etl_sales_dashboard_mart_raw_v1_0_batch2 to 2020-12-31T18:00:00+00:00, run_after=2020-12-31T19:00:00+00:00
[2023-09-06T16:06:55.563+0000] {logging_mixin.py:137} INFO - [2023-09-06T16:06:55.563+0000] {dag.py:3456} INFO - Setting next_dagrun for etl_sales_dashboard_mart_raw_v1_0_batch3 to 2021-05-30T18:00:00+00:00, run_after=2021-05-30T19:00:00+00:00
[2023-09-06T16:06:55.571+0000] {logging_mixin.py:137} INFO - [2023-09-06T16:06:55.571+0000] {dag.py:3456} INFO - Setting next_dagrun for etl_sales_dashboard_mart_raw_v1_0_batch4 to 2021-12-31T18:00:00+00:00, run_after=2021-12-31T19:00:00+00:00
[2023-09-06T16:06:55.583+0000] {logging_mixin.py:137} INFO - [2023-09-06T16:06:55.582+0000] {dag.py:3456} INFO - Setting next_dagrun for etl_sales_dashboard_mart_raw_v1_0_batch5 to 2022-05-30T18:00:00+00:00, run_after=2022-05-30T19:00:00+00:00
[2023-09-06T16:06:55.593+0000] {logging_mixin.py:137} INFO - [2023-09-06T16:06:55.592+0000] {dag.py:3456} INFO - Setting next_dagrun for etl_sales_dashboard_mart_raw_v1_0_batch6 to 2022-12-31T18:00:00+00:00, run_after=2022-12-31T19:00:00+00:00
[2023-09-06T16:06:55.679+0000] {processor.py:175} INFO - Processing /opt/airflow/dags/etl_sales_dashboard_raw.py took 2.020 seconds
[2023-09-06T16:07:26.070+0000] {processor.py:153} INFO - Started process (PID=308) to work on /opt/airflow/dags/etl_sales_dashboard_raw.py
[2023-09-06T16:07:26.072+0000] {processor.py:743} INFO - Processing file /opt/airflow/dags/etl_sales_dashboard_raw.py for tasks to queue
[2023-09-06T16:07:26.076+0000] {logging_mixin.py:137} INFO - [2023-09-06T16:07:26.075+0000] {dagbag.py:532} INFO - Filling up the DagBag from /opt/airflow/dags/etl_sales_dashboard_raw.py
[2023-09-06T16:07:26.183+0000] {processor.py:753} INFO - DAG(s) dict_keys(['etl_sales_dashboard_mart_raw_v1_0_batch3', 'etl_sales_dashboard_mart_raw_v1_0_batch5', 'etl_sales_dashboard_mart_raw_v1_0_batch6', 'etl_sales_dashboard_mart_raw_v1_0_batch1', 'etl_sales_dashboard_mart_raw_v1_0_batch2', 'etl_sales_dashboard_mart_raw_v1_0_batch4']) retrieved from /opt/airflow/dags/etl_sales_dashboard_raw.py
[2023-09-06T16:07:26.268+0000] {logging_mixin.py:137} INFO - [2023-09-06T16:07:26.268+0000] {dag.py:2705} INFO - Sync 6 DAGs
[2023-09-06T16:07:26.341+0000] {logging_mixin.py:137} INFO - [2023-09-06T16:07:26.341+0000] {dag.py:3456} INFO - Setting next_dagrun for etl_sales_dashboard_mart_raw_v1_0_batch1 to 2015-12-31T18:00:00+00:00, run_after=2016-01-01T18:00:00+00:00
[2023-09-06T16:07:26.352+0000] {logging_mixin.py:137} INFO - [2023-09-06T16:07:26.351+0000] {dag.py:3456} INFO - Setting next_dagrun for etl_sales_dashboard_mart_raw_v1_0_batch2 to 2020-12-31T18:00:00+00:00, run_after=2020-12-31T19:00:00+00:00
[2023-09-06T16:07:26.357+0000] {logging_mixin.py:137} INFO - [2023-09-06T16:07:26.356+0000] {dag.py:3456} INFO - Setting next_dagrun for etl_sales_dashboard_mart_raw_v1_0_batch3 to 2021-05-30T18:00:00+00:00, run_after=2021-05-30T19:00:00+00:00
[2023-09-06T16:07:26.365+0000] {logging_mixin.py:137} INFO - [2023-09-06T16:07:26.365+0000] {dag.py:3456} INFO - Setting next_dagrun for etl_sales_dashboard_mart_raw_v1_0_batch4 to 2021-12-31T18:00:00+00:00, run_after=2021-12-31T19:00:00+00:00
[2023-09-06T16:07:26.370+0000] {logging_mixin.py:137} INFO - [2023-09-06T16:07:26.370+0000] {dag.py:3456} INFO - Setting next_dagrun for etl_sales_dashboard_mart_raw_v1_0_batch5 to 2022-05-30T18:00:00+00:00, run_after=2022-05-30T19:00:00+00:00
[2023-09-06T16:07:26.375+0000] {logging_mixin.py:137} INFO - [2023-09-06T16:07:26.374+0000] {dag.py:3456} INFO - Setting next_dagrun for etl_sales_dashboard_mart_raw_v1_0_batch6 to 2022-12-31T18:00:00+00:00, run_after=2022-12-31T19:00:00+00:00
[2023-09-06T16:07:26.425+0000] {processor.py:175} INFO - Processing /opt/airflow/dags/etl_sales_dashboard_raw.py took 0.364 seconds
[2023-09-06T16:07:56.657+0000] {processor.py:153} INFO - Started process (PID=336) to work on /opt/airflow/dags/etl_sales_dashboard_raw.py
[2023-09-06T16:07:56.660+0000] {processor.py:743} INFO - Processing file /opt/airflow/dags/etl_sales_dashboard_raw.py for tasks to queue
[2023-09-06T16:07:56.663+0000] {logging_mixin.py:137} INFO - [2023-09-06T16:07:56.663+0000] {dagbag.py:532} INFO - Filling up the DagBag from /opt/airflow/dags/etl_sales_dashboard_raw.py
[2023-09-06T16:07:56.760+0000] {processor.py:753} INFO - DAG(s) dict_keys(['etl_sales_dashboard_mart_raw_v1_0_batch2', 'etl_sales_dashboard_mart_raw_v1_0_batch5', 'etl_sales_dashboard_mart_raw_v1_0_batch4', 'etl_sales_dashboard_mart_raw_v1_0_batch3', 'etl_sales_dashboard_mart_raw_v1_0_batch6', 'etl_sales_dashboard_mart_raw_v1_0_batch1']) retrieved from /opt/airflow/dags/etl_sales_dashboard_raw.py
[2023-09-06T16:07:56.823+0000] {logging_mixin.py:137} INFO - [2023-09-06T16:07:56.823+0000] {dag.py:2705} INFO - Sync 6 DAGs
[2023-09-06T16:07:56.891+0000] {logging_mixin.py:137} INFO - [2023-09-06T16:07:56.891+0000] {dag.py:3456} INFO - Setting next_dagrun for etl_sales_dashboard_mart_raw_v1_0_batch1 to 2015-12-31T18:00:00+00:00, run_after=2016-01-01T18:00:00+00:00
[2023-09-06T16:07:56.900+0000] {logging_mixin.py:137} INFO - [2023-09-06T16:07:56.900+0000] {dag.py:3456} INFO - Setting next_dagrun for etl_sales_dashboard_mart_raw_v1_0_batch2 to 2020-12-31T18:00:00+00:00, run_after=2020-12-31T19:00:00+00:00
[2023-09-06T16:07:56.905+0000] {logging_mixin.py:137} INFO - [2023-09-06T16:07:56.905+0000] {dag.py:3456} INFO - Setting next_dagrun for etl_sales_dashboard_mart_raw_v1_0_batch3 to 2021-05-30T18:00:00+00:00, run_after=2021-05-30T19:00:00+00:00
[2023-09-06T16:07:56.911+0000] {logging_mixin.py:137} INFO - [2023-09-06T16:07:56.910+0000] {dag.py:3456} INFO - Setting next_dagrun for etl_sales_dashboard_mart_raw_v1_0_batch4 to 2021-12-31T18:00:00+00:00, run_after=2021-12-31T19:00:00+00:00
[2023-09-06T16:07:56.917+0000] {logging_mixin.py:137} INFO - [2023-09-06T16:07:56.917+0000] {dag.py:3456} INFO - Setting next_dagrun for etl_sales_dashboard_mart_raw_v1_0_batch5 to 2022-05-30T18:00:00+00:00, run_after=2022-05-30T19:00:00+00:00
[2023-09-06T16:07:56.923+0000] {logging_mixin.py:137} INFO - [2023-09-06T16:07:56.923+0000] {dag.py:3456} INFO - Setting next_dagrun for etl_sales_dashboard_mart_raw_v1_0_batch6 to 2022-12-31T18:00:00+00:00, run_after=2022-12-31T19:00:00+00:00
[2023-09-06T16:07:56.993+0000] {processor.py:175} INFO - Processing /opt/airflow/dags/etl_sales_dashboard_raw.py took 0.345 seconds
[2023-09-06T16:08:27.925+0000] {processor.py:153} INFO - Started process (PID=364) to work on /opt/airflow/dags/etl_sales_dashboard_raw.py
[2023-09-06T16:08:27.928+0000] {processor.py:743} INFO - Processing file /opt/airflow/dags/etl_sales_dashboard_raw.py for tasks to queue
[2023-09-06T16:08:27.931+0000] {logging_mixin.py:137} INFO - [2023-09-06T16:08:27.931+0000] {dagbag.py:532} INFO - Filling up the DagBag from /opt/airflow/dags/etl_sales_dashboard_raw.py
[2023-09-06T16:08:28.039+0000] {processor.py:753} INFO - DAG(s) dict_keys(['etl_sales_dashboard_mart_raw_v1_0_batch2', 'etl_sales_dashboard_mart_raw_v1_0_batch5', 'etl_sales_dashboard_mart_raw_v1_0_batch6', 'etl_sales_dashboard_mart_raw_v1_0_batch1', 'etl_sales_dashboard_mart_raw_v1_0_batch4', 'etl_sales_dashboard_mart_raw_v1_0_batch3']) retrieved from /opt/airflow/dags/etl_sales_dashboard_raw.py
[2023-09-06T16:08:28.110+0000] {logging_mixin.py:137} INFO - [2023-09-06T16:08:28.110+0000] {dag.py:2705} INFO - Sync 6 DAGs
[2023-09-06T16:08:28.168+0000] {logging_mixin.py:137} INFO - [2023-09-06T16:08:28.167+0000] {dag.py:3456} INFO - Setting next_dagrun for etl_sales_dashboard_mart_raw_v1_0_batch1 to 2015-12-31T18:00:00+00:00, run_after=2016-01-01T18:00:00+00:00
[2023-09-06T16:08:28.197+0000] {logging_mixin.py:137} INFO - [2023-09-06T16:08:28.196+0000] {dag.py:3456} INFO - Setting next_dagrun for etl_sales_dashboard_mart_raw_v1_0_batch2 to 2020-12-31T18:00:00+00:00, run_after=2020-12-31T19:00:00+00:00
[2023-09-06T16:08:28.209+0000] {logging_mixin.py:137} INFO - [2023-09-06T16:08:28.209+0000] {dag.py:3456} INFO - Setting next_dagrun for etl_sales_dashboard_mart_raw_v1_0_batch3 to 2021-05-30T18:00:00+00:00, run_after=2021-05-30T19:00:00+00:00
[2023-09-06T16:08:28.221+0000] {logging_mixin.py:137} INFO - [2023-09-06T16:08:28.221+0000] {dag.py:3456} INFO - Setting next_dagrun for etl_sales_dashboard_mart_raw_v1_0_batch4 to 2021-12-31T18:00:00+00:00, run_after=2021-12-31T19:00:00+00:00
[2023-09-06T16:08:28.227+0000] {logging_mixin.py:137} INFO - [2023-09-06T16:08:28.226+0000] {dag.py:3456} INFO - Setting next_dagrun for etl_sales_dashboard_mart_raw_v1_0_batch5 to 2022-05-30T18:00:00+00:00, run_after=2022-05-30T19:00:00+00:00
[2023-09-06T16:08:28.235+0000] {logging_mixin.py:137} INFO - [2023-09-06T16:08:28.235+0000] {dag.py:3456} INFO - Setting next_dagrun for etl_sales_dashboard_mart_raw_v1_0_batch6 to 2022-12-31T18:00:00+00:00, run_after=2022-12-31T19:00:00+00:00
[2023-09-06T16:08:28.330+0000] {processor.py:175} INFO - Processing /opt/airflow/dags/etl_sales_dashboard_raw.py took 0.412 seconds
[2023-09-06T16:08:58.817+0000] {processor.py:153} INFO - Started process (PID=392) to work on /opt/airflow/dags/etl_sales_dashboard_raw.py
[2023-09-06T16:08:58.824+0000] {processor.py:743} INFO - Processing file /opt/airflow/dags/etl_sales_dashboard_raw.py for tasks to queue
[2023-09-06T16:08:58.829+0000] {logging_mixin.py:137} INFO - [2023-09-06T16:08:58.829+0000] {dagbag.py:532} INFO - Filling up the DagBag from /opt/airflow/dags/etl_sales_dashboard_raw.py
[2023-09-06T16:08:58.966+0000] {processor.py:753} INFO - DAG(s) dict_keys(['etl_sales_dashboard_mart_raw_v1_0_batch4', 'etl_sales_dashboard_mart_raw_v1_0_batch3', 'etl_sales_dashboard_mart_raw_v1_0_batch6', 'etl_sales_dashboard_mart_raw_v1_0_batch2', 'etl_sales_dashboard_mart_raw_v1_0_batch1', 'etl_sales_dashboard_mart_raw_v1_0_batch5']) retrieved from /opt/airflow/dags/etl_sales_dashboard_raw.py
[2023-09-06T16:08:59.065+0000] {logging_mixin.py:137} INFO - [2023-09-06T16:08:59.064+0000] {dag.py:2705} INFO - Sync 6 DAGs
[2023-09-06T16:08:59.157+0000] {logging_mixin.py:137} INFO - [2023-09-06T16:08:59.157+0000] {dag.py:3456} INFO - Setting next_dagrun for etl_sales_dashboard_mart_raw_v1_0_batch1 to 2015-12-31T18:00:00+00:00, run_after=2016-01-01T18:00:00+00:00
[2023-09-06T16:08:59.173+0000] {logging_mixin.py:137} INFO - [2023-09-06T16:08:59.173+0000] {dag.py:3456} INFO - Setting next_dagrun for etl_sales_dashboard_mart_raw_v1_0_batch2 to 2020-12-31T18:00:00+00:00, run_after=2020-12-31T19:00:00+00:00
[2023-09-06T16:08:59.179+0000] {logging_mixin.py:137} INFO - [2023-09-06T16:08:59.178+0000] {dag.py:3456} INFO - Setting next_dagrun for etl_sales_dashboard_mart_raw_v1_0_batch3 to 2021-05-30T18:00:00+00:00, run_after=2021-05-30T19:00:00+00:00
[2023-09-06T16:08:59.190+0000] {logging_mixin.py:137} INFO - [2023-09-06T16:08:59.190+0000] {dag.py:3456} INFO - Setting next_dagrun for etl_sales_dashboard_mart_raw_v1_0_batch4 to 2021-12-31T18:00:00+00:00, run_after=2021-12-31T19:00:00+00:00
[2023-09-06T16:08:59.195+0000] {logging_mixin.py:137} INFO - [2023-09-06T16:08:59.195+0000] {dag.py:3456} INFO - Setting next_dagrun for etl_sales_dashboard_mart_raw_v1_0_batch5 to 2022-05-30T18:00:00+00:00, run_after=2022-05-30T19:00:00+00:00
[2023-09-06T16:08:59.203+0000] {logging_mixin.py:137} INFO - [2023-09-06T16:08:59.200+0000] {dag.py:3456} INFO - Setting next_dagrun for etl_sales_dashboard_mart_raw_v1_0_batch6 to 2022-12-31T18:00:00+00:00, run_after=2022-12-31T19:00:00+00:00
[2023-09-06T16:08:59.321+0000] {processor.py:175} INFO - Processing /opt/airflow/dags/etl_sales_dashboard_raw.py took 0.510 seconds
[2023-09-06T16:09:29.608+0000] {processor.py:153} INFO - Started process (PID=429) to work on /opt/airflow/dags/etl_sales_dashboard_raw.py
[2023-09-06T16:09:29.613+0000] {processor.py:743} INFO - Processing file /opt/airflow/dags/etl_sales_dashboard_raw.py for tasks to queue
[2023-09-06T16:09:29.619+0000] {logging_mixin.py:137} INFO - [2023-09-06T16:09:29.618+0000] {dagbag.py:532} INFO - Filling up the DagBag from /opt/airflow/dags/etl_sales_dashboard_raw.py
[2023-09-06T16:09:29.792+0000] {processor.py:753} INFO - DAG(s) dict_keys(['etl_sales_dashboard_mart_raw_v1_0_batch3', 'etl_sales_dashboard_mart_raw_v1_0_batch1', 'etl_sales_dashboard_mart_raw_v1_0_batch6', 'etl_sales_dashboard_mart_raw_v1_0_batch2', 'etl_sales_dashboard_mart_raw_v1_0_batch5', 'etl_sales_dashboard_mart_raw_v1_0_batch4']) retrieved from /opt/airflow/dags/etl_sales_dashboard_raw.py
[2023-09-06T16:09:29.936+0000] {logging_mixin.py:137} INFO - [2023-09-06T16:09:29.936+0000] {dag.py:2705} INFO - Sync 6 DAGs
[2023-09-06T16:09:30.025+0000] {logging_mixin.py:137} INFO - [2023-09-06T16:09:30.025+0000] {dag.py:3456} INFO - Setting next_dagrun for etl_sales_dashboard_mart_raw_v1_0_batch1 to 2015-12-31T18:00:00+00:00, run_after=2016-01-01T18:00:00+00:00
[2023-09-06T16:09:30.046+0000] {logging_mixin.py:137} INFO - [2023-09-06T16:09:30.045+0000] {dag.py:3456} INFO - Setting next_dagrun for etl_sales_dashboard_mart_raw_v1_0_batch2 to 2020-12-31T18:00:00+00:00, run_after=2020-12-31T19:00:00+00:00
[2023-09-06T16:09:30.053+0000] {logging_mixin.py:137} INFO - [2023-09-06T16:09:30.053+0000] {dag.py:3456} INFO - Setting next_dagrun for etl_sales_dashboard_mart_raw_v1_0_batch3 to 2021-05-30T18:00:00+00:00, run_after=2021-05-30T19:00:00+00:00
[2023-09-06T16:09:30.058+0000] {logging_mixin.py:137} INFO - [2023-09-06T16:09:30.058+0000] {dag.py:3456} INFO - Setting next_dagrun for etl_sales_dashboard_mart_raw_v1_0_batch4 to 2021-12-31T18:00:00+00:00, run_after=2021-12-31T19:00:00+00:00
[2023-09-06T16:09:30.065+0000] {logging_mixin.py:137} INFO - [2023-09-06T16:09:30.065+0000] {dag.py:3456} INFO - Setting next_dagrun for etl_sales_dashboard_mart_raw_v1_0_batch5 to 2022-05-30T18:00:00+00:00, run_after=2022-05-30T19:00:00+00:00
[2023-09-06T16:09:30.071+0000] {logging_mixin.py:137} INFO - [2023-09-06T16:09:30.070+0000] {dag.py:3456} INFO - Setting next_dagrun for etl_sales_dashboard_mart_raw_v1_0_batch6 to 2022-12-31T18:00:00+00:00, run_after=2022-12-31T19:00:00+00:00
[2023-09-06T16:09:30.143+0000] {processor.py:175} INFO - Processing /opt/airflow/dags/etl_sales_dashboard_raw.py took 0.543 seconds
[2023-09-06T16:10:00.503+0000] {processor.py:153} INFO - Started process (PID=461) to work on /opt/airflow/dags/etl_sales_dashboard_raw.py
[2023-09-06T16:10:00.505+0000] {processor.py:743} INFO - Processing file /opt/airflow/dags/etl_sales_dashboard_raw.py for tasks to queue
[2023-09-06T16:10:00.508+0000] {logging_mixin.py:137} INFO - [2023-09-06T16:10:00.507+0000] {dagbag.py:532} INFO - Filling up the DagBag from /opt/airflow/dags/etl_sales_dashboard_raw.py
[2023-09-06T16:10:00.608+0000] {processor.py:753} INFO - DAG(s) dict_keys(['etl_sales_dashboard_mart_raw_v1_0_batch4', 'etl_sales_dashboard_mart_raw_v1_0_batch6', 'etl_sales_dashboard_mart_raw_v1_0_batch5', 'etl_sales_dashboard_mart_raw_v1_0_batch3', 'etl_sales_dashboard_mart_raw_v1_0_batch2', 'etl_sales_dashboard_mart_raw_v1_0_batch1']) retrieved from /opt/airflow/dags/etl_sales_dashboard_raw.py
[2023-09-06T16:10:00.666+0000] {logging_mixin.py:137} INFO - [2023-09-06T16:10:00.666+0000] {dag.py:2705} INFO - Sync 6 DAGs
[2023-09-06T16:10:00.714+0000] {logging_mixin.py:137} INFO - [2023-09-06T16:10:00.714+0000] {dag.py:3456} INFO - Setting next_dagrun for etl_sales_dashboard_mart_raw_v1_0_batch1 to 2015-12-31T18:00:00+00:00, run_after=2016-01-01T18:00:00+00:00
[2023-09-06T16:10:00.725+0000] {logging_mixin.py:137} INFO - [2023-09-06T16:10:00.725+0000] {dag.py:3456} INFO - Setting next_dagrun for etl_sales_dashboard_mart_raw_v1_0_batch2 to 2020-12-31T18:00:00+00:00, run_after=2020-12-31T19:00:00+00:00
[2023-09-06T16:10:00.730+0000] {logging_mixin.py:137} INFO - [2023-09-06T16:10:00.729+0000] {dag.py:3456} INFO - Setting next_dagrun for etl_sales_dashboard_mart_raw_v1_0_batch3 to 2021-05-30T18:00:00+00:00, run_after=2021-05-30T19:00:00+00:00
[2023-09-06T16:10:00.733+0000] {logging_mixin.py:137} INFO - [2023-09-06T16:10:00.733+0000] {dag.py:3456} INFO - Setting next_dagrun for etl_sales_dashboard_mart_raw_v1_0_batch4 to 2021-12-31T18:00:00+00:00, run_after=2021-12-31T19:00:00+00:00
[2023-09-06T16:10:00.737+0000] {logging_mixin.py:137} INFO - [2023-09-06T16:10:00.736+0000] {dag.py:3456} INFO - Setting next_dagrun for etl_sales_dashboard_mart_raw_v1_0_batch5 to 2022-05-30T18:00:00+00:00, run_after=2022-05-30T19:00:00+00:00
[2023-09-06T16:10:00.740+0000] {logging_mixin.py:137} INFO - [2023-09-06T16:10:00.740+0000] {dag.py:3456} INFO - Setting next_dagrun for etl_sales_dashboard_mart_raw_v1_0_batch6 to 2022-12-31T18:00:00+00:00, run_after=2022-12-31T19:00:00+00:00
[2023-09-06T16:10:00.781+0000] {processor.py:175} INFO - Processing /opt/airflow/dags/etl_sales_dashboard_raw.py took 0.285 seconds
[2023-09-06T16:10:30.976+0000] {processor.py:153} INFO - Started process (PID=489) to work on /opt/airflow/dags/etl_sales_dashboard_raw.py
[2023-09-06T16:10:30.978+0000] {processor.py:743} INFO - Processing file /opt/airflow/dags/etl_sales_dashboard_raw.py for tasks to queue
[2023-09-06T16:10:30.982+0000] {logging_mixin.py:137} INFO - [2023-09-06T16:10:30.981+0000] {dagbag.py:532} INFO - Filling up the DagBag from /opt/airflow/dags/etl_sales_dashboard_raw.py
[2023-09-06T16:10:31.098+0000] {processor.py:753} INFO - DAG(s) dict_keys(['etl_sales_dashboard_mart_raw_v1_0_batch1', 'etl_sales_dashboard_mart_raw_v1_0_batch3', 'etl_sales_dashboard_mart_raw_v1_0_batch2', 'etl_sales_dashboard_mart_raw_v1_0_batch6', 'etl_sales_dashboard_mart_raw_v1_0_batch4', 'etl_sales_dashboard_mart_raw_v1_0_batch5']) retrieved from /opt/airflow/dags/etl_sales_dashboard_raw.py
[2023-09-06T16:10:31.203+0000] {logging_mixin.py:137} INFO - [2023-09-06T16:10:31.202+0000] {dag.py:2705} INFO - Sync 6 DAGs
[2023-09-06T16:10:31.277+0000] {logging_mixin.py:137} INFO - [2023-09-06T16:10:31.276+0000] {dag.py:3456} INFO - Setting next_dagrun for etl_sales_dashboard_mart_raw_v1_0_batch1 to 2015-12-31T18:00:00+00:00, run_after=2016-01-01T18:00:00+00:00
[2023-09-06T16:10:31.287+0000] {logging_mixin.py:137} INFO - [2023-09-06T16:10:31.286+0000] {dag.py:3456} INFO - Setting next_dagrun for etl_sales_dashboard_mart_raw_v1_0_batch2 to 2020-12-31T18:00:00+00:00, run_after=2020-12-31T19:00:00+00:00
[2023-09-06T16:10:31.292+0000] {logging_mixin.py:137} INFO - [2023-09-06T16:10:31.292+0000] {dag.py:3456} INFO - Setting next_dagrun for etl_sales_dashboard_mart_raw_v1_0_batch3 to 2021-05-30T18:00:00+00:00, run_after=2021-05-30T19:00:00+00:00
[2023-09-06T16:10:31.305+0000] {logging_mixin.py:137} INFO - [2023-09-06T16:10:31.304+0000] {dag.py:3456} INFO - Setting next_dagrun for etl_sales_dashboard_mart_raw_v1_0_batch4 to 2021-12-31T18:00:00+00:00, run_after=2021-12-31T19:00:00+00:00
[2023-09-06T16:10:31.311+0000] {logging_mixin.py:137} INFO - [2023-09-06T16:10:31.311+0000] {dag.py:3456} INFO - Setting next_dagrun for etl_sales_dashboard_mart_raw_v1_0_batch5 to 2022-05-30T18:00:00+00:00, run_after=2022-05-30T19:00:00+00:00
[2023-09-06T16:10:31.316+0000] {logging_mixin.py:137} INFO - [2023-09-06T16:10:31.316+0000] {dag.py:3456} INFO - Setting next_dagrun for etl_sales_dashboard_mart_raw_v1_0_batch6 to 2022-12-31T18:00:00+00:00, run_after=2022-12-31T19:00:00+00:00
[2023-09-06T16:10:31.360+0000] {processor.py:175} INFO - Processing /opt/airflow/dags/etl_sales_dashboard_raw.py took 0.393 seconds
