[2023-09-06T16:02:41.477+0000] {processor.py:153} INFO - Started process (PID=54) to work on /opt/airflow/dags/etl_sales_dashboard_mart_daily.py
[2023-09-06T16:02:41.498+0000] {processor.py:743} INFO - Processing file /opt/airflow/dags/etl_sales_dashboard_mart_daily.py for tasks to queue
[2023-09-06T16:02:41.504+0000] {logging_mixin.py:137} INFO - [2023-09-06T16:02:41.503+0000] {dagbag.py:532} INFO - Filling up the DagBag from /opt/airflow/dags/etl_sales_dashboard_mart_daily.py
[2023-09-06T16:02:42.094+0000] {processor.py:753} INFO - DAG(s) dict_keys(['etl_sales_dashboard_mart_daily_v0_2_batch6']) retrieved from /opt/airflow/dags/etl_sales_dashboard_mart_daily.py
[2023-09-06T16:02:42.327+0000] {logging_mixin.py:137} INFO - [2023-09-06T16:02:42.327+0000] {dag.py:2705} INFO - Sync 1 DAGs
[2023-09-06T16:02:42.922+0000] {processor.py:175} INFO - Processing /opt/airflow/dags/etl_sales_dashboard_mart_daily.py took 1.533 seconds
[2023-09-06T16:03:17.135+0000] {processor.py:153} INFO - Started process (PID=74) to work on /opt/airflow/dags/etl_sales_dashboard_mart_daily.py
[2023-09-06T16:03:17.146+0000] {processor.py:743} INFO - Processing file /opt/airflow/dags/etl_sales_dashboard_mart_daily.py for tasks to queue
[2023-09-06T16:03:17.148+0000] {logging_mixin.py:137} INFO - [2023-09-06T16:03:17.148+0000] {dagbag.py:532} INFO - Filling up the DagBag from /opt/airflow/dags/etl_sales_dashboard_mart_daily.py
[2023-09-06T16:03:17.751+0000] {processor.py:753} INFO - DAG(s) dict_keys(['etl_sales_dashboard_mart_daily_v0_2_batch6']) retrieved from /opt/airflow/dags/etl_sales_dashboard_mart_daily.py
[2023-09-06T16:03:17.976+0000] {logging_mixin.py:137} INFO - [2023-09-06T16:03:17.976+0000] {dag.py:2705} INFO - Sync 1 DAGs
[2023-09-06T16:03:18.383+0000] {processor.py:175} INFO - Processing /opt/airflow/dags/etl_sales_dashboard_mart_daily.py took 1.336 seconds
[2023-09-06T16:03:48.662+0000] {processor.py:153} INFO - Started process (PID=103) to work on /opt/airflow/dags/etl_sales_dashboard_mart_daily.py
[2023-09-06T16:03:48.664+0000] {processor.py:743} INFO - Processing file /opt/airflow/dags/etl_sales_dashboard_mart_daily.py for tasks to queue
[2023-09-06T16:03:48.666+0000] {logging_mixin.py:137} INFO - [2023-09-06T16:03:48.665+0000] {dagbag.py:532} INFO - Filling up the DagBag from /opt/airflow/dags/etl_sales_dashboard_mart_daily.py
[2023-09-06T16:03:48.764+0000] {processor.py:753} INFO - DAG(s) dict_keys(['etl_sales_dashboard_mart_daily_v0_2_batch6']) retrieved from /opt/airflow/dags/etl_sales_dashboard_mart_daily.py
[2023-09-06T16:03:48.799+0000] {logging_mixin.py:137} INFO - [2023-09-06T16:03:48.799+0000] {dag.py:2705} INFO - Sync 1 DAGs
[2023-09-06T16:03:48.926+0000] {processor.py:175} INFO - Processing /opt/airflow/dags/etl_sales_dashboard_mart_daily.py took 0.269 seconds
[2023-09-06T16:04:19.090+0000] {processor.py:153} INFO - Started process (PID=131) to work on /opt/airflow/dags/etl_sales_dashboard_mart_daily.py
[2023-09-06T16:04:19.114+0000] {processor.py:743} INFO - Processing file /opt/airflow/dags/etl_sales_dashboard_mart_daily.py for tasks to queue
[2023-09-06T16:04:19.126+0000] {logging_mixin.py:137} INFO - [2023-09-06T16:04:19.124+0000] {dagbag.py:532} INFO - Filling up the DagBag from /opt/airflow/dags/etl_sales_dashboard_mart_daily.py
[2023-09-06T16:04:19.459+0000] {processor.py:753} INFO - DAG(s) dict_keys(['etl_sales_dashboard_mart_daily_v0_2_batch6']) retrieved from /opt/airflow/dags/etl_sales_dashboard_mart_daily.py
[2023-09-06T16:04:19.573+0000] {logging_mixin.py:137} INFO - [2023-09-06T16:04:19.573+0000] {dag.py:2705} INFO - Sync 1 DAGs
[2023-09-06T16:04:20.243+0000] {processor.py:175} INFO - Processing /opt/airflow/dags/etl_sales_dashboard_mart_daily.py took 1.188 seconds
[2023-09-06T16:04:50.498+0000] {processor.py:153} INFO - Started process (PID=159) to work on /opt/airflow/dags/etl_sales_dashboard_mart_daily.py
[2023-09-06T16:04:50.499+0000] {processor.py:743} INFO - Processing file /opt/airflow/dags/etl_sales_dashboard_mart_daily.py for tasks to queue
[2023-09-06T16:04:50.504+0000] {logging_mixin.py:137} INFO - [2023-09-06T16:04:50.503+0000] {dagbag.py:532} INFO - Filling up the DagBag from /opt/airflow/dags/etl_sales_dashboard_mart_daily.py
[2023-09-06T16:04:50.628+0000] {processor.py:753} INFO - DAG(s) dict_keys(['etl_sales_dashboard_mart_daily_v0_2_batch6']) retrieved from /opt/airflow/dags/etl_sales_dashboard_mart_daily.py
[2023-09-06T16:04:50.657+0000] {logging_mixin.py:137} INFO - [2023-09-06T16:04:50.657+0000] {dag.py:2705} INFO - Sync 1 DAGs
[2023-09-06T16:04:50.754+0000] {processor.py:175} INFO - Processing /opt/airflow/dags/etl_sales_dashboard_mart_daily.py took 0.263 seconds
[2023-09-06T16:05:21.396+0000] {processor.py:153} INFO - Started process (PID=187) to work on /opt/airflow/dags/etl_sales_dashboard_mart_daily.py
[2023-09-06T16:05:21.399+0000] {processor.py:743} INFO - Processing file /opt/airflow/dags/etl_sales_dashboard_mart_daily.py for tasks to queue
[2023-09-06T16:05:21.403+0000] {logging_mixin.py:137} INFO - [2023-09-06T16:05:21.402+0000] {dagbag.py:532} INFO - Filling up the DagBag from /opt/airflow/dags/etl_sales_dashboard_mart_daily.py
[2023-09-06T16:05:21.526+0000] {processor.py:753} INFO - DAG(s) dict_keys(['etl_sales_dashboard_mart_daily_v0_2_batch6']) retrieved from /opt/airflow/dags/etl_sales_dashboard_mart_daily.py
[2023-09-06T16:05:21.576+0000] {logging_mixin.py:137} INFO - [2023-09-06T16:05:21.576+0000] {dag.py:2705} INFO - Sync 1 DAGs
[2023-09-06T16:05:21.718+0000] {processor.py:175} INFO - Processing /opt/airflow/dags/etl_sales_dashboard_mart_daily.py took 0.331 seconds
[2023-09-06T16:05:52.078+0000] {processor.py:153} INFO - Started process (PID=215) to work on /opt/airflow/dags/etl_sales_dashboard_mart_daily.py
[2023-09-06T16:05:52.091+0000] {processor.py:743} INFO - Processing file /opt/airflow/dags/etl_sales_dashboard_mart_daily.py for tasks to queue
[2023-09-06T16:05:52.095+0000] {logging_mixin.py:137} INFO - [2023-09-06T16:05:52.094+0000] {dagbag.py:532} INFO - Filling up the DagBag from /opt/airflow/dags/etl_sales_dashboard_mart_daily.py
[2023-09-06T16:05:52.290+0000] {processor.py:753} INFO - DAG(s) dict_keys(['etl_sales_dashboard_mart_daily_v0_2_batch6']) retrieved from /opt/airflow/dags/etl_sales_dashboard_mart_daily.py
[2023-09-06T16:05:52.381+0000] {logging_mixin.py:137} INFO - [2023-09-06T16:05:52.381+0000] {dag.py:2705} INFO - Sync 1 DAGs
[2023-09-06T16:05:52.622+0000] {processor.py:175} INFO - Processing /opt/airflow/dags/etl_sales_dashboard_mart_daily.py took 0.553 seconds
[2023-09-06T16:06:23.011+0000] {processor.py:153} INFO - Started process (PID=242) to work on /opt/airflow/dags/etl_sales_dashboard_mart_daily.py
[2023-09-06T16:06:23.016+0000] {processor.py:743} INFO - Processing file /opt/airflow/dags/etl_sales_dashboard_mart_daily.py for tasks to queue
[2023-09-06T16:06:23.018+0000] {logging_mixin.py:137} INFO - [2023-09-06T16:06:23.018+0000] {dagbag.py:532} INFO - Filling up the DagBag from /opt/airflow/dags/etl_sales_dashboard_mart_daily.py
[2023-09-06T16:06:23.208+0000] {processor.py:753} INFO - DAG(s) dict_keys(['etl_sales_dashboard_mart_daily_v1_0_batch3', 'etl_sales_dashboard_mart_daily_v1_0_batch5', 'etl_sales_dashboard_mart_daily_v1_0_batch2', 'etl_sales_dashboard_mart_daily_v1_0_batch4', 'etl_sales_dashboard_mart_daily_v1_0_batch1', 'etl_sales_dashboard_mart_daily_v1_0_batch6']) retrieved from /opt/airflow/dags/etl_sales_dashboard_mart_daily.py
[2023-09-06T16:06:23.466+0000] {logging_mixin.py:137} INFO - [2023-09-06T16:06:23.465+0000] {manager.py:504} INFO - Created Permission View: can edit on DAG:etl_sales_dashboard_mart_daily_v1_0_batch3
[2023-09-06T16:06:23.501+0000] {logging_mixin.py:137} INFO - [2023-09-06T16:06:23.501+0000] {manager.py:504} INFO - Created Permission View: can read on DAG:etl_sales_dashboard_mart_daily_v1_0_batch3
[2023-09-06T16:06:23.524+0000] {logging_mixin.py:137} INFO - [2023-09-06T16:06:23.524+0000] {manager.py:504} INFO - Created Permission View: can delete on DAG:etl_sales_dashboard_mart_daily_v1_0_batch3
[2023-09-06T16:06:23.576+0000] {logging_mixin.py:137} INFO - [2023-09-06T16:06:23.575+0000] {manager.py:504} INFO - Created Permission View: can edit on DAG:etl_sales_dashboard_mart_daily_v1_0_batch5
[2023-09-06T16:06:23.595+0000] {logging_mixin.py:137} INFO - [2023-09-06T16:06:23.595+0000] {manager.py:504} INFO - Created Permission View: can read on DAG:etl_sales_dashboard_mart_daily_v1_0_batch5
[2023-09-06T16:06:23.619+0000] {logging_mixin.py:137} INFO - [2023-09-06T16:06:23.617+0000] {manager.py:504} INFO - Created Permission View: can delete on DAG:etl_sales_dashboard_mart_daily_v1_0_batch5
[2023-09-06T16:06:23.670+0000] {logging_mixin.py:137} INFO - [2023-09-06T16:06:23.669+0000] {manager.py:504} INFO - Created Permission View: can edit on DAG:etl_sales_dashboard_mart_daily_v1_0_batch2
[2023-09-06T16:06:23.687+0000] {logging_mixin.py:137} INFO - [2023-09-06T16:06:23.687+0000] {manager.py:504} INFO - Created Permission View: can read on DAG:etl_sales_dashboard_mart_daily_v1_0_batch2
[2023-09-06T16:06:23.711+0000] {logging_mixin.py:137} INFO - [2023-09-06T16:06:23.711+0000] {manager.py:504} INFO - Created Permission View: can delete on DAG:etl_sales_dashboard_mart_daily_v1_0_batch2
[2023-09-06T16:06:23.749+0000] {logging_mixin.py:137} INFO - [2023-09-06T16:06:23.749+0000] {manager.py:504} INFO - Created Permission View: can edit on DAG:etl_sales_dashboard_mart_daily_v1_0_batch4
[2023-09-06T16:06:23.771+0000] {logging_mixin.py:137} INFO - [2023-09-06T16:06:23.770+0000] {manager.py:504} INFO - Created Permission View: can read on DAG:etl_sales_dashboard_mart_daily_v1_0_batch4
[2023-09-06T16:06:23.787+0000] {logging_mixin.py:137} INFO - [2023-09-06T16:06:23.787+0000] {manager.py:504} INFO - Created Permission View: can delete on DAG:etl_sales_dashboard_mart_daily_v1_0_batch4
[2023-09-06T16:06:23.831+0000] {logging_mixin.py:137} INFO - [2023-09-06T16:06:23.831+0000] {manager.py:504} INFO - Created Permission View: can edit on DAG:etl_sales_dashboard_mart_daily_v1_0_batch1
[2023-09-06T16:06:23.854+0000] {logging_mixin.py:137} INFO - [2023-09-06T16:06:23.854+0000] {manager.py:504} INFO - Created Permission View: can read on DAG:etl_sales_dashboard_mart_daily_v1_0_batch1
[2023-09-06T16:06:23.876+0000] {logging_mixin.py:137} INFO - [2023-09-06T16:06:23.875+0000] {manager.py:504} INFO - Created Permission View: can delete on DAG:etl_sales_dashboard_mart_daily_v1_0_batch1
[2023-09-06T16:06:23.917+0000] {logging_mixin.py:137} INFO - [2023-09-06T16:06:23.916+0000] {manager.py:504} INFO - Created Permission View: can edit on DAG:etl_sales_dashboard_mart_daily_v1_0_batch6
[2023-09-06T16:06:23.948+0000] {logging_mixin.py:137} INFO - [2023-09-06T16:06:23.947+0000] {manager.py:504} INFO - Created Permission View: can read on DAG:etl_sales_dashboard_mart_daily_v1_0_batch6
[2023-09-06T16:06:23.971+0000] {logging_mixin.py:137} INFO - [2023-09-06T16:06:23.971+0000] {manager.py:504} INFO - Created Permission View: can delete on DAG:etl_sales_dashboard_mart_daily_v1_0_batch6
[2023-09-06T16:06:23.972+0000] {logging_mixin.py:137} INFO - [2023-09-06T16:06:23.972+0000] {dag.py:2705} INFO - Sync 6 DAGs
[2023-09-06T16:06:24.023+0000] {logging_mixin.py:137} INFO - [2023-09-06T16:06:24.023+0000] {dag.py:2726} INFO - Creating ORM DAG for etl_sales_dashboard_mart_daily_v1_0_batch4
[2023-09-06T16:06:24.028+0000] {logging_mixin.py:137} INFO - [2023-09-06T16:06:24.027+0000] {dag.py:2726} INFO - Creating ORM DAG for etl_sales_dashboard_mart_daily_v1_0_batch2
[2023-09-06T16:06:24.031+0000] {logging_mixin.py:137} INFO - [2023-09-06T16:06:24.031+0000] {dag.py:2726} INFO - Creating ORM DAG for etl_sales_dashboard_mart_daily_v1_0_batch1
[2023-09-06T16:06:24.035+0000] {logging_mixin.py:137} INFO - [2023-09-06T16:06:24.034+0000] {dag.py:2726} INFO - Creating ORM DAG for etl_sales_dashboard_mart_daily_v1_0_batch6
[2023-09-06T16:06:24.045+0000] {logging_mixin.py:137} INFO - [2023-09-06T16:06:24.036+0000] {dag.py:2726} INFO - Creating ORM DAG for etl_sales_dashboard_mart_daily_v1_0_batch3
[2023-09-06T16:06:24.050+0000] {logging_mixin.py:137} INFO - [2023-09-06T16:06:24.050+0000] {dag.py:2726} INFO - Creating ORM DAG for etl_sales_dashboard_mart_daily_v1_0_batch5
[2023-09-06T16:06:24.086+0000] {logging_mixin.py:137} INFO - [2023-09-06T16:06:24.086+0000] {dag.py:3456} INFO - Setting next_dagrun for etl_sales_dashboard_mart_daily_v1_0_batch1 to 2015-12-31T18:00:00+00:00, run_after=2016-01-01T18:00:00+00:00
[2023-09-06T16:06:24.094+0000] {logging_mixin.py:137} INFO - [2023-09-06T16:06:24.093+0000] {dag.py:3456} INFO - Setting next_dagrun for etl_sales_dashboard_mart_daily_v1_0_batch2 to 2021-01-01T17:00:00+00:00, run_after=2021-01-02T17:00:00+00:00
[2023-09-06T16:06:24.103+0000] {logging_mixin.py:137} INFO - [2023-09-06T16:06:24.102+0000] {dag.py:3456} INFO - Setting next_dagrun for etl_sales_dashboard_mart_daily_v1_0_batch3 to 2021-06-01T17:00:00+00:00, run_after=2021-06-02T17:00:00+00:00
[2023-09-06T16:06:24.110+0000] {logging_mixin.py:137} INFO - [2023-09-06T16:06:24.110+0000] {dag.py:3456} INFO - Setting next_dagrun for etl_sales_dashboard_mart_daily_v1_0_batch4 to 2022-01-01T17:00:00+00:00, run_after=2022-01-02T17:00:00+00:00
[2023-09-06T16:06:24.113+0000] {logging_mixin.py:137} INFO - [2023-09-06T16:06:24.113+0000] {dag.py:3456} INFO - Setting next_dagrun for etl_sales_dashboard_mart_daily_v1_0_batch5 to 2022-06-01T17:00:00+00:00, run_after=2022-06-02T17:00:00+00:00
[2023-09-06T16:06:24.117+0000] {logging_mixin.py:137} INFO - [2023-09-06T16:06:24.117+0000] {dag.py:3456} INFO - Setting next_dagrun for etl_sales_dashboard_mart_daily_v1_0_batch6 to 2023-01-01T17:00:00+00:00, run_after=2023-01-02T17:00:00+00:00
[2023-09-06T16:06:24.172+0000] {processor.py:175} INFO - Processing /opt/airflow/dags/etl_sales_dashboard_mart_daily.py took 1.173 seconds
[2023-09-06T16:06:55.768+0000] {processor.py:153} INFO - Started process (PID=279) to work on /opt/airflow/dags/etl_sales_dashboard_mart_daily.py
[2023-09-06T16:06:55.779+0000] {processor.py:743} INFO - Processing file /opt/airflow/dags/etl_sales_dashboard_mart_daily.py for tasks to queue
[2023-09-06T16:06:55.781+0000] {logging_mixin.py:137} INFO - [2023-09-06T16:06:55.780+0000] {dagbag.py:532} INFO - Filling up the DagBag from /opt/airflow/dags/etl_sales_dashboard_mart_daily.py
[2023-09-06T16:06:56.046+0000] {processor.py:753} INFO - DAG(s) dict_keys(['etl_sales_dashboard_mart_daily_v1_0_batch6', 'etl_sales_dashboard_mart_daily_v1_0_batch3', 'etl_sales_dashboard_mart_daily_v1_0_batch1', 'etl_sales_dashboard_mart_daily_v1_0_batch4', 'etl_sales_dashboard_mart_daily_v1_0_batch2', 'etl_sales_dashboard_mart_daily_v1_0_batch5']) retrieved from /opt/airflow/dags/etl_sales_dashboard_mart_daily.py
[2023-09-06T16:06:56.500+0000] {logging_mixin.py:137} INFO - [2023-09-06T16:06:56.499+0000] {dag.py:2705} INFO - Sync 6 DAGs
[2023-09-06T16:06:56.553+0000] {logging_mixin.py:137} INFO - [2023-09-06T16:06:56.552+0000] {dag.py:3456} INFO - Setting next_dagrun for etl_sales_dashboard_mart_daily_v1_0_batch1 to 2015-12-31T18:00:00+00:00, run_after=2016-01-01T18:00:00+00:00
[2023-09-06T16:06:56.567+0000] {logging_mixin.py:137} INFO - [2023-09-06T16:06:56.567+0000] {dag.py:3456} INFO - Setting next_dagrun for etl_sales_dashboard_mart_daily_v1_0_batch2 to 2021-01-01T17:00:00+00:00, run_after=2021-01-02T17:00:00+00:00
[2023-09-06T16:06:56.574+0000] {logging_mixin.py:137} INFO - [2023-09-06T16:06:56.574+0000] {dag.py:3456} INFO - Setting next_dagrun for etl_sales_dashboard_mart_daily_v1_0_batch3 to 2021-06-01T17:00:00+00:00, run_after=2021-06-02T17:00:00+00:00
[2023-09-06T16:06:56.578+0000] {logging_mixin.py:137} INFO - [2023-09-06T16:06:56.577+0000] {dag.py:3456} INFO - Setting next_dagrun for etl_sales_dashboard_mart_daily_v1_0_batch4 to 2022-01-01T17:00:00+00:00, run_after=2022-01-02T17:00:00+00:00
[2023-09-06T16:06:56.582+0000] {logging_mixin.py:137} INFO - [2023-09-06T16:06:56.582+0000] {dag.py:3456} INFO - Setting next_dagrun for etl_sales_dashboard_mart_daily_v1_0_batch5 to 2022-06-01T17:00:00+00:00, run_after=2022-06-02T17:00:00+00:00
[2023-09-06T16:06:56.586+0000] {logging_mixin.py:137} INFO - [2023-09-06T16:06:56.586+0000] {dag.py:3456} INFO - Setting next_dagrun for etl_sales_dashboard_mart_daily_v1_0_batch6 to 2023-01-01T17:00:00+00:00, run_after=2023-01-02T17:00:00+00:00
[2023-09-06T16:06:56.634+0000] {processor.py:175} INFO - Processing /opt/airflow/dags/etl_sales_dashboard_mart_daily.py took 0.880 seconds
[2023-09-06T16:07:27.483+0000] {processor.py:153} INFO - Started process (PID=310) to work on /opt/airflow/dags/etl_sales_dashboard_mart_daily.py
[2023-09-06T16:07:27.486+0000] {processor.py:743} INFO - Processing file /opt/airflow/dags/etl_sales_dashboard_mart_daily.py for tasks to queue
[2023-09-06T16:07:27.489+0000] {logging_mixin.py:137} INFO - [2023-09-06T16:07:27.488+0000] {dagbag.py:532} INFO - Filling up the DagBag from /opt/airflow/dags/etl_sales_dashboard_mart_daily.py
[2023-09-06T16:07:27.611+0000] {processor.py:753} INFO - DAG(s) dict_keys(['etl_sales_dashboard_mart_daily_v1_0_batch2', 'etl_sales_dashboard_mart_daily_v1_0_batch5', 'etl_sales_dashboard_mart_daily_v1_0_batch4', 'etl_sales_dashboard_mart_daily_v1_0_batch6', 'etl_sales_dashboard_mart_daily_v1_0_batch1', 'etl_sales_dashboard_mart_daily_v1_0_batch3']) retrieved from /opt/airflow/dags/etl_sales_dashboard_mart_daily.py
[2023-09-06T16:07:27.708+0000] {logging_mixin.py:137} INFO - [2023-09-06T16:07:27.708+0000] {dag.py:2705} INFO - Sync 6 DAGs
[2023-09-06T16:07:27.770+0000] {logging_mixin.py:137} INFO - [2023-09-06T16:07:27.770+0000] {dag.py:3456} INFO - Setting next_dagrun for etl_sales_dashboard_mart_daily_v1_0_batch1 to 2015-12-31T18:00:00+00:00, run_after=2016-01-01T18:00:00+00:00
[2023-09-06T16:07:27.780+0000] {logging_mixin.py:137} INFO - [2023-09-06T16:07:27.779+0000] {dag.py:3456} INFO - Setting next_dagrun for etl_sales_dashboard_mart_daily_v1_0_batch2 to 2021-01-01T17:00:00+00:00, run_after=2021-01-02T17:00:00+00:00
[2023-09-06T16:07:27.785+0000] {logging_mixin.py:137} INFO - [2023-09-06T16:07:27.785+0000] {dag.py:3456} INFO - Setting next_dagrun for etl_sales_dashboard_mart_daily_v1_0_batch3 to 2021-06-01T17:00:00+00:00, run_after=2021-06-02T17:00:00+00:00
[2023-09-06T16:07:27.790+0000] {logging_mixin.py:137} INFO - [2023-09-06T16:07:27.790+0000] {dag.py:3456} INFO - Setting next_dagrun for etl_sales_dashboard_mart_daily_v1_0_batch4 to 2022-01-01T17:00:00+00:00, run_after=2022-01-02T17:00:00+00:00
[2023-09-06T16:07:27.797+0000] {logging_mixin.py:137} INFO - [2023-09-06T16:07:27.797+0000] {dag.py:3456} INFO - Setting next_dagrun for etl_sales_dashboard_mart_daily_v1_0_batch5 to 2022-06-01T17:00:00+00:00, run_after=2022-06-02T17:00:00+00:00
[2023-09-06T16:07:27.802+0000] {logging_mixin.py:137} INFO - [2023-09-06T16:07:27.802+0000] {dag.py:3456} INFO - Setting next_dagrun for etl_sales_dashboard_mart_daily_v1_0_batch6 to 2023-01-01T17:00:00+00:00, run_after=2023-01-02T17:00:00+00:00
[2023-09-06T16:07:27.845+0000] {processor.py:175} INFO - Processing /opt/airflow/dags/etl_sales_dashboard_mart_daily.py took 0.371 seconds
[2023-09-06T16:07:58.077+0000] {processor.py:153} INFO - Started process (PID=338) to work on /opt/airflow/dags/etl_sales_dashboard_mart_daily.py
[2023-09-06T16:07:58.080+0000] {processor.py:743} INFO - Processing file /opt/airflow/dags/etl_sales_dashboard_mart_daily.py for tasks to queue
[2023-09-06T16:07:58.083+0000] {logging_mixin.py:137} INFO - [2023-09-06T16:07:58.083+0000] {dagbag.py:532} INFO - Filling up the DagBag from /opt/airflow/dags/etl_sales_dashboard_mart_daily.py
[2023-09-06T16:07:58.194+0000] {processor.py:753} INFO - DAG(s) dict_keys(['etl_sales_dashboard_mart_daily_v1_0_batch5', 'etl_sales_dashboard_mart_daily_v1_0_batch3', 'etl_sales_dashboard_mart_daily_v1_0_batch6', 'etl_sales_dashboard_mart_daily_v1_0_batch4', 'etl_sales_dashboard_mart_daily_v1_0_batch1', 'etl_sales_dashboard_mart_daily_v1_0_batch2']) retrieved from /opt/airflow/dags/etl_sales_dashboard_mart_daily.py
[2023-09-06T16:07:58.312+0000] {logging_mixin.py:137} INFO - [2023-09-06T16:07:58.312+0000] {dag.py:2705} INFO - Sync 6 DAGs
[2023-09-06T16:07:58.400+0000] {logging_mixin.py:137} INFO - [2023-09-06T16:07:58.400+0000] {dag.py:3456} INFO - Setting next_dagrun for etl_sales_dashboard_mart_daily_v1_0_batch1 to 2015-12-31T18:00:00+00:00, run_after=2016-01-01T18:00:00+00:00
[2023-09-06T16:07:58.413+0000] {logging_mixin.py:137} INFO - [2023-09-06T16:07:58.413+0000] {dag.py:3456} INFO - Setting next_dagrun for etl_sales_dashboard_mart_daily_v1_0_batch2 to 2021-01-01T17:00:00+00:00, run_after=2021-01-02T17:00:00+00:00
[2023-09-06T16:07:58.420+0000] {logging_mixin.py:137} INFO - [2023-09-06T16:07:58.420+0000] {dag.py:3456} INFO - Setting next_dagrun for etl_sales_dashboard_mart_daily_v1_0_batch3 to 2021-06-01T17:00:00+00:00, run_after=2021-06-02T17:00:00+00:00
[2023-09-06T16:07:58.425+0000] {logging_mixin.py:137} INFO - [2023-09-06T16:07:58.425+0000] {dag.py:3456} INFO - Setting next_dagrun for etl_sales_dashboard_mart_daily_v1_0_batch4 to 2022-01-01T17:00:00+00:00, run_after=2022-01-02T17:00:00+00:00
[2023-09-06T16:07:58.432+0000] {logging_mixin.py:137} INFO - [2023-09-06T16:07:58.431+0000] {dag.py:3456} INFO - Setting next_dagrun for etl_sales_dashboard_mart_daily_v1_0_batch5 to 2022-06-01T17:00:00+00:00, run_after=2022-06-02T17:00:00+00:00
[2023-09-06T16:07:58.438+0000] {logging_mixin.py:137} INFO - [2023-09-06T16:07:58.438+0000] {dag.py:3456} INFO - Setting next_dagrun for etl_sales_dashboard_mart_daily_v1_0_batch6 to 2023-01-01T17:00:00+00:00, run_after=2023-01-02T17:00:00+00:00
[2023-09-06T16:07:58.490+0000] {processor.py:175} INFO - Processing /opt/airflow/dags/etl_sales_dashboard_mart_daily.py took 0.420 seconds
[2023-09-06T16:08:28.610+0000] {processor.py:153} INFO - Started process (PID=367) to work on /opt/airflow/dags/etl_sales_dashboard_mart_daily.py
[2023-09-06T16:08:28.613+0000] {processor.py:743} INFO - Processing file /opt/airflow/dags/etl_sales_dashboard_mart_daily.py for tasks to queue
[2023-09-06T16:08:28.615+0000] {logging_mixin.py:137} INFO - [2023-09-06T16:08:28.615+0000] {dagbag.py:532} INFO - Filling up the DagBag from /opt/airflow/dags/etl_sales_dashboard_mart_daily.py
[2023-09-06T16:08:28.795+0000] {processor.py:753} INFO - DAG(s) dict_keys(['etl_sales_dashboard_mart_daily_v1_0_batch4', 'etl_sales_dashboard_mart_daily_v1_0_batch1', 'etl_sales_dashboard_mart_daily_v1_0_batch5', 'etl_sales_dashboard_mart_daily_v1_0_batch2', 'etl_sales_dashboard_mart_daily_v1_0_batch6', 'etl_sales_dashboard_mart_daily_v1_0_batch3']) retrieved from /opt/airflow/dags/etl_sales_dashboard_mart_daily.py
[2023-09-06T16:08:28.966+0000] {logging_mixin.py:137} INFO - [2023-09-06T16:08:28.966+0000] {dag.py:2705} INFO - Sync 6 DAGs
[2023-09-06T16:08:29.100+0000] {logging_mixin.py:137} INFO - [2023-09-06T16:08:29.099+0000] {dag.py:3456} INFO - Setting next_dagrun for etl_sales_dashboard_mart_daily_v1_0_batch1 to 2015-12-31T18:00:00+00:00, run_after=2016-01-01T18:00:00+00:00
[2023-09-06T16:08:29.116+0000] {logging_mixin.py:137} INFO - [2023-09-06T16:08:29.116+0000] {dag.py:3456} INFO - Setting next_dagrun for etl_sales_dashboard_mart_daily_v1_0_batch2 to 2021-01-01T17:00:00+00:00, run_after=2021-01-02T17:00:00+00:00
[2023-09-06T16:08:29.122+0000] {logging_mixin.py:137} INFO - [2023-09-06T16:08:29.121+0000] {dag.py:3456} INFO - Setting next_dagrun for etl_sales_dashboard_mart_daily_v1_0_batch3 to 2021-06-01T17:00:00+00:00, run_after=2021-06-02T17:00:00+00:00
[2023-09-06T16:08:29.129+0000] {logging_mixin.py:137} INFO - [2023-09-06T16:08:29.129+0000] {dag.py:3456} INFO - Setting next_dagrun for etl_sales_dashboard_mart_daily_v1_0_batch4 to 2022-01-01T17:00:00+00:00, run_after=2022-01-02T17:00:00+00:00
[2023-09-06T16:08:29.134+0000] {logging_mixin.py:137} INFO - [2023-09-06T16:08:29.134+0000] {dag.py:3456} INFO - Setting next_dagrun for etl_sales_dashboard_mart_daily_v1_0_batch5 to 2022-06-01T17:00:00+00:00, run_after=2022-06-02T17:00:00+00:00
[2023-09-06T16:08:29.149+0000] {logging_mixin.py:137} INFO - [2023-09-06T16:08:29.149+0000] {dag.py:3456} INFO - Setting next_dagrun for etl_sales_dashboard_mart_daily_v1_0_batch6 to 2023-01-01T17:00:00+00:00, run_after=2023-01-02T17:00:00+00:00
[2023-09-06T16:08:29.272+0000] {processor.py:175} INFO - Processing /opt/airflow/dags/etl_sales_dashboard_mart_daily.py took 0.676 seconds
[2023-09-06T16:08:59.562+0000] {processor.py:153} INFO - Started process (PID=402) to work on /opt/airflow/dags/etl_sales_dashboard_mart_daily.py
[2023-09-06T16:08:59.571+0000] {processor.py:743} INFO - Processing file /opt/airflow/dags/etl_sales_dashboard_mart_daily.py for tasks to queue
[2023-09-06T16:08:59.588+0000] {logging_mixin.py:137} INFO - [2023-09-06T16:08:59.587+0000] {dagbag.py:532} INFO - Filling up the DagBag from /opt/airflow/dags/etl_sales_dashboard_mart_daily.py
[2023-09-06T16:08:59.745+0000] {processor.py:753} INFO - DAG(s) dict_keys(['etl_sales_dashboard_mart_daily_v1_0_batch2', 'etl_sales_dashboard_mart_daily_v1_0_batch5', 'etl_sales_dashboard_mart_daily_v1_0_batch4', 'etl_sales_dashboard_mart_daily_v1_0_batch1', 'etl_sales_dashboard_mart_daily_v1_0_batch3', 'etl_sales_dashboard_mart_daily_v1_0_batch6']) retrieved from /opt/airflow/dags/etl_sales_dashboard_mart_daily.py
[2023-09-06T16:08:59.872+0000] {logging_mixin.py:137} INFO - [2023-09-06T16:08:59.872+0000] {dag.py:2705} INFO - Sync 6 DAGs
[2023-09-06T16:09:00.074+0000] {logging_mixin.py:137} INFO - [2023-09-06T16:09:00.074+0000] {dag.py:3456} INFO - Setting next_dagrun for etl_sales_dashboard_mart_daily_v1_0_batch1 to 2015-12-31T18:00:00+00:00, run_after=2016-01-01T18:00:00+00:00
[2023-09-06T16:09:00.089+0000] {logging_mixin.py:137} INFO - [2023-09-06T16:09:00.089+0000] {dag.py:3456} INFO - Setting next_dagrun for etl_sales_dashboard_mart_daily_v1_0_batch2 to 2021-01-01T17:00:00+00:00, run_after=2021-01-02T17:00:00+00:00
[2023-09-06T16:09:00.094+0000] {logging_mixin.py:137} INFO - [2023-09-06T16:09:00.094+0000] {dag.py:3456} INFO - Setting next_dagrun for etl_sales_dashboard_mart_daily_v1_0_batch3 to 2021-06-01T17:00:00+00:00, run_after=2021-06-02T17:00:00+00:00
[2023-09-06T16:09:00.098+0000] {logging_mixin.py:137} INFO - [2023-09-06T16:09:00.098+0000] {dag.py:3456} INFO - Setting next_dagrun for etl_sales_dashboard_mart_daily_v1_0_batch4 to 2022-01-01T17:00:00+00:00, run_after=2022-01-02T17:00:00+00:00
[2023-09-06T16:09:00.107+0000] {logging_mixin.py:137} INFO - [2023-09-06T16:09:00.107+0000] {dag.py:3456} INFO - Setting next_dagrun for etl_sales_dashboard_mart_daily_v1_0_batch5 to 2022-06-01T17:00:00+00:00, run_after=2022-06-02T17:00:00+00:00
[2023-09-06T16:09:00.110+0000] {logging_mixin.py:137} INFO - [2023-09-06T16:09:00.110+0000] {dag.py:3456} INFO - Setting next_dagrun for etl_sales_dashboard_mart_daily_v1_0_batch6 to 2023-01-01T17:00:00+00:00, run_after=2023-01-02T17:00:00+00:00
[2023-09-06T16:09:00.162+0000] {processor.py:175} INFO - Processing /opt/airflow/dags/etl_sales_dashboard_mart_daily.py took 0.610 seconds
[2023-09-06T16:09:30.426+0000] {processor.py:153} INFO - Started process (PID=434) to work on /opt/airflow/dags/etl_sales_dashboard_mart_daily.py
[2023-09-06T16:09:30.428+0000] {processor.py:743} INFO - Processing file /opt/airflow/dags/etl_sales_dashboard_mart_daily.py for tasks to queue
[2023-09-06T16:09:30.431+0000] {logging_mixin.py:137} INFO - [2023-09-06T16:09:30.430+0000] {dagbag.py:532} INFO - Filling up the DagBag from /opt/airflow/dags/etl_sales_dashboard_mart_daily.py
[2023-09-06T16:09:30.537+0000] {processor.py:753} INFO - DAG(s) dict_keys(['etl_sales_dashboard_mart_daily_v1_0_batch2', 'etl_sales_dashboard_mart_daily_v1_0_batch3', 'etl_sales_dashboard_mart_daily_v1_0_batch4', 'etl_sales_dashboard_mart_daily_v1_0_batch5', 'etl_sales_dashboard_mart_daily_v1_0_batch6', 'etl_sales_dashboard_mart_daily_v1_0_batch1']) retrieved from /opt/airflow/dags/etl_sales_dashboard_mart_daily.py
[2023-09-06T16:09:30.611+0000] {logging_mixin.py:137} INFO - [2023-09-06T16:09:30.610+0000] {dag.py:2705} INFO - Sync 6 DAGs
[2023-09-06T16:09:30.658+0000] {logging_mixin.py:137} INFO - [2023-09-06T16:09:30.658+0000] {dag.py:3456} INFO - Setting next_dagrun for etl_sales_dashboard_mart_daily_v1_0_batch1 to 2015-12-31T18:00:00+00:00, run_after=2016-01-01T18:00:00+00:00
[2023-09-06T16:09:30.665+0000] {logging_mixin.py:137} INFO - [2023-09-06T16:09:30.665+0000] {dag.py:3456} INFO - Setting next_dagrun for etl_sales_dashboard_mart_daily_v1_0_batch2 to 2021-01-01T17:00:00+00:00, run_after=2021-01-02T17:00:00+00:00
[2023-09-06T16:09:30.668+0000] {logging_mixin.py:137} INFO - [2023-09-06T16:09:30.668+0000] {dag.py:3456} INFO - Setting next_dagrun for etl_sales_dashboard_mart_daily_v1_0_batch3 to 2021-06-01T17:00:00+00:00, run_after=2021-06-02T17:00:00+00:00
[2023-09-06T16:09:30.672+0000] {logging_mixin.py:137} INFO - [2023-09-06T16:09:30.671+0000] {dag.py:3456} INFO - Setting next_dagrun for etl_sales_dashboard_mart_daily_v1_0_batch4 to 2022-01-01T17:00:00+00:00, run_after=2022-01-02T17:00:00+00:00
[2023-09-06T16:09:30.675+0000] {logging_mixin.py:137} INFO - [2023-09-06T16:09:30.675+0000] {dag.py:3456} INFO - Setting next_dagrun for etl_sales_dashboard_mart_daily_v1_0_batch5 to 2022-06-01T17:00:00+00:00, run_after=2022-06-02T17:00:00+00:00
[2023-09-06T16:09:30.678+0000] {logging_mixin.py:137} INFO - [2023-09-06T16:09:30.678+0000] {dag.py:3456} INFO - Setting next_dagrun for etl_sales_dashboard_mart_daily_v1_0_batch6 to 2023-01-01T17:00:00+00:00, run_after=2023-01-02T17:00:00+00:00
[2023-09-06T16:09:30.715+0000] {processor.py:175} INFO - Processing /opt/airflow/dags/etl_sales_dashboard_mart_daily.py took 0.299 seconds
[2023-09-06T16:10:00.786+0000] {processor.py:153} INFO - Started process (PID=463) to work on /opt/airflow/dags/etl_sales_dashboard_mart_daily.py
[2023-09-06T16:10:00.788+0000] {processor.py:743} INFO - Processing file /opt/airflow/dags/etl_sales_dashboard_mart_daily.py for tasks to queue
[2023-09-06T16:10:00.790+0000] {logging_mixin.py:137} INFO - [2023-09-06T16:10:00.790+0000] {dagbag.py:532} INFO - Filling up the DagBag from /opt/airflow/dags/etl_sales_dashboard_mart_daily.py
[2023-09-06T16:10:00.914+0000] {processor.py:753} INFO - DAG(s) dict_keys(['etl_sales_dashboard_mart_daily_v1_0_batch3', 'etl_sales_dashboard_mart_daily_v1_0_batch2', 'etl_sales_dashboard_mart_daily_v1_0_batch1', 'etl_sales_dashboard_mart_daily_v1_0_batch6', 'etl_sales_dashboard_mart_daily_v1_0_batch5', 'etl_sales_dashboard_mart_daily_v1_0_batch4']) retrieved from /opt/airflow/dags/etl_sales_dashboard_mart_daily.py
[2023-09-06T16:10:01.000+0000] {logging_mixin.py:137} INFO - [2023-09-06T16:10:01.000+0000] {dag.py:2705} INFO - Sync 6 DAGs
[2023-09-06T16:10:01.051+0000] {logging_mixin.py:137} INFO - [2023-09-06T16:10:01.051+0000] {dag.py:3456} INFO - Setting next_dagrun for etl_sales_dashboard_mart_daily_v1_0_batch1 to 2015-12-31T18:00:00+00:00, run_after=2016-01-01T18:00:00+00:00
[2023-09-06T16:10:01.057+0000] {logging_mixin.py:137} INFO - [2023-09-06T16:10:01.057+0000] {dag.py:3456} INFO - Setting next_dagrun for etl_sales_dashboard_mart_daily_v1_0_batch2 to 2021-01-01T17:00:00+00:00, run_after=2021-01-02T17:00:00+00:00
[2023-09-06T16:10:01.061+0000] {logging_mixin.py:137} INFO - [2023-09-06T16:10:01.060+0000] {dag.py:3456} INFO - Setting next_dagrun for etl_sales_dashboard_mart_daily_v1_0_batch3 to 2021-06-01T17:00:00+00:00, run_after=2021-06-02T17:00:00+00:00
[2023-09-06T16:10:01.065+0000] {logging_mixin.py:137} INFO - [2023-09-06T16:10:01.065+0000] {dag.py:3456} INFO - Setting next_dagrun for etl_sales_dashboard_mart_daily_v1_0_batch4 to 2022-01-01T17:00:00+00:00, run_after=2022-01-02T17:00:00+00:00
[2023-09-06T16:10:01.072+0000] {logging_mixin.py:137} INFO - [2023-09-06T16:10:01.072+0000] {dag.py:3456} INFO - Setting next_dagrun for etl_sales_dashboard_mart_daily_v1_0_batch5 to 2022-06-01T17:00:00+00:00, run_after=2022-06-02T17:00:00+00:00
[2023-09-06T16:10:01.075+0000] {logging_mixin.py:137} INFO - [2023-09-06T16:10:01.075+0000] {dag.py:3456} INFO - Setting next_dagrun for etl_sales_dashboard_mart_daily_v1_0_batch6 to 2023-01-01T17:00:00+00:00, run_after=2023-01-02T17:00:00+00:00
[2023-09-06T16:10:01.113+0000] {processor.py:175} INFO - Processing /opt/airflow/dags/etl_sales_dashboard_mart_daily.py took 0.335 seconds
[2023-09-06T16:10:31.315+0000] {processor.py:153} INFO - Started process (PID=491) to work on /opt/airflow/dags/etl_sales_dashboard_mart_daily.py
[2023-09-06T16:10:31.317+0000] {processor.py:743} INFO - Processing file /opt/airflow/dags/etl_sales_dashboard_mart_daily.py for tasks to queue
[2023-09-06T16:10:31.319+0000] {logging_mixin.py:137} INFO - [2023-09-06T16:10:31.319+0000] {dagbag.py:532} INFO - Filling up the DagBag from /opt/airflow/dags/etl_sales_dashboard_mart_daily.py
[2023-09-06T16:10:31.456+0000] {processor.py:753} INFO - DAG(s) dict_keys(['etl_sales_dashboard_mart_daily_v1_0_batch6', 'etl_sales_dashboard_mart_daily_v1_0_batch4', 'etl_sales_dashboard_mart_daily_v1_0_batch5', 'etl_sales_dashboard_mart_daily_v1_0_batch2', 'etl_sales_dashboard_mart_daily_v1_0_batch1', 'etl_sales_dashboard_mart_daily_v1_0_batch3']) retrieved from /opt/airflow/dags/etl_sales_dashboard_mart_daily.py
[2023-09-06T16:10:31.562+0000] {logging_mixin.py:137} INFO - [2023-09-06T16:10:31.561+0000] {dag.py:2705} INFO - Sync 6 DAGs
[2023-09-06T16:10:31.613+0000] {logging_mixin.py:137} INFO - [2023-09-06T16:10:31.612+0000] {dag.py:3456} INFO - Setting next_dagrun for etl_sales_dashboard_mart_daily_v1_0_batch1 to 2015-12-31T18:00:00+00:00, run_after=2016-01-01T18:00:00+00:00
[2023-09-06T16:10:31.622+0000] {logging_mixin.py:137} INFO - [2023-09-06T16:10:31.622+0000] {dag.py:3456} INFO - Setting next_dagrun for etl_sales_dashboard_mart_daily_v1_0_batch2 to 2021-01-01T17:00:00+00:00, run_after=2021-01-02T17:00:00+00:00
[2023-09-06T16:10:31.625+0000] {logging_mixin.py:137} INFO - [2023-09-06T16:10:31.625+0000] {dag.py:3456} INFO - Setting next_dagrun for etl_sales_dashboard_mart_daily_v1_0_batch3 to 2021-06-01T17:00:00+00:00, run_after=2021-06-02T17:00:00+00:00
[2023-09-06T16:10:31.630+0000] {logging_mixin.py:137} INFO - [2023-09-06T16:10:31.630+0000] {dag.py:3456} INFO - Setting next_dagrun for etl_sales_dashboard_mart_daily_v1_0_batch4 to 2022-01-01T17:00:00+00:00, run_after=2022-01-02T17:00:00+00:00
[2023-09-06T16:10:31.634+0000] {logging_mixin.py:137} INFO - [2023-09-06T16:10:31.634+0000] {dag.py:3456} INFO - Setting next_dagrun for etl_sales_dashboard_mart_daily_v1_0_batch5 to 2022-06-01T17:00:00+00:00, run_after=2022-06-02T17:00:00+00:00
[2023-09-06T16:10:31.637+0000] {logging_mixin.py:137} INFO - [2023-09-06T16:10:31.637+0000] {dag.py:3456} INFO - Setting next_dagrun for etl_sales_dashboard_mart_daily_v1_0_batch6 to 2023-01-01T17:00:00+00:00, run_after=2023-01-02T17:00:00+00:00
[2023-09-06T16:10:31.678+0000] {processor.py:175} INFO - Processing /opt/airflow/dags/etl_sales_dashboard_mart_daily.py took 0.373 seconds
