[2023-09-06T16:02:43.244+0000] {processor.py:153} INFO - Started process (PID=56) to work on /opt/airflow/dags/etl_compliment.py
[2023-09-06T16:02:43.259+0000] {processor.py:743} INFO - Processing file /opt/airflow/dags/etl_compliment.py for tasks to queue
[2023-09-06T16:02:43.273+0000] {logging_mixin.py:137} INFO - [2023-09-06T16:02:43.272+0000] {dagbag.py:532} INFO - Filling up the DagBag from /opt/airflow/dags/etl_compliment.py
[2023-09-06T16:02:43.716+0000] {processor.py:753} INFO - DAG(s) dict_keys(['etl_compliment_batch_2020-realtime_v0_1']) retrieved from /opt/airflow/dags/etl_compliment.py
[2023-09-06T16:02:43.832+0000] {logging_mixin.py:137} INFO - [2023-09-06T16:02:43.831+0000] {dag.py:2705} INFO - Sync 1 DAGs
[2023-09-06T16:02:43.959+0000] {logging_mixin.py:137} INFO - [2023-09-06T16:02:43.958+0000] {dag.py:3456} INFO - Setting next_dagrun for etl_compliment_batch_2020-realtime_v0_1 to 2019-12-31T17:00:00+00:00, run_after=2020-01-01T17:00:00+00:00
[2023-09-06T16:02:44.046+0000] {processor.py:175} INFO - Processing /opt/airflow/dags/etl_compliment.py took 0.839 seconds
[2023-09-06T16:03:18.598+0000] {processor.py:153} INFO - Started process (PID=76) to work on /opt/airflow/dags/etl_compliment.py
[2023-09-06T16:03:18.606+0000] {processor.py:743} INFO - Processing file /opt/airflow/dags/etl_compliment.py for tasks to queue
[2023-09-06T16:03:18.615+0000] {logging_mixin.py:137} INFO - [2023-09-06T16:03:18.614+0000] {dagbag.py:532} INFO - Filling up the DagBag from /opt/airflow/dags/etl_compliment.py
[2023-09-06T16:03:18.931+0000] {processor.py:753} INFO - DAG(s) dict_keys(['etl_compliment_batch_2020-realtime_v0_1']) retrieved from /opt/airflow/dags/etl_compliment.py
[2023-09-06T16:03:19.070+0000] {logging_mixin.py:137} INFO - [2023-09-06T16:03:19.070+0000] {dag.py:2705} INFO - Sync 1 DAGs
[2023-09-06T16:03:19.188+0000] {logging_mixin.py:137} INFO - [2023-09-06T16:03:19.188+0000] {dag.py:3456} INFO - Setting next_dagrun for etl_compliment_batch_2020-realtime_v0_1 to 2019-12-31T17:00:00+00:00, run_after=2020-01-01T17:00:00+00:00
[2023-09-06T16:03:19.258+0000] {processor.py:175} INFO - Processing /opt/airflow/dags/etl_compliment.py took 0.704 seconds
[2023-09-06T16:03:49.997+0000] {processor.py:153} INFO - Started process (PID=105) to work on /opt/airflow/dags/etl_compliment.py
[2023-09-06T16:03:49.999+0000] {processor.py:743} INFO - Processing file /opt/airflow/dags/etl_compliment.py for tasks to queue
[2023-09-06T16:03:50.002+0000] {logging_mixin.py:137} INFO - [2023-09-06T16:03:50.002+0000] {dagbag.py:532} INFO - Filling up the DagBag from /opt/airflow/dags/etl_compliment.py
[2023-09-06T16:03:50.069+0000] {processor.py:753} INFO - DAG(s) dict_keys(['etl_compliment_batch_2020-realtime_v0_1']) retrieved from /opt/airflow/dags/etl_compliment.py
[2023-09-06T16:03:50.095+0000] {logging_mixin.py:137} INFO - [2023-09-06T16:03:50.095+0000] {dag.py:2705} INFO - Sync 1 DAGs
[2023-09-06T16:03:50.133+0000] {logging_mixin.py:137} INFO - [2023-09-06T16:03:50.133+0000] {dag.py:3456} INFO - Setting next_dagrun for etl_compliment_batch_2020-realtime_v0_1 to 2019-12-31T17:00:00+00:00, run_after=2020-01-01T17:00:00+00:00
[2023-09-06T16:03:50.169+0000] {processor.py:175} INFO - Processing /opt/airflow/dags/etl_compliment.py took 0.179 seconds
[2023-09-06T16:04:20.358+0000] {processor.py:153} INFO - Started process (PID=133) to work on /opt/airflow/dags/etl_compliment.py
[2023-09-06T16:04:20.363+0000] {processor.py:743} INFO - Processing file /opt/airflow/dags/etl_compliment.py for tasks to queue
[2023-09-06T16:04:20.369+0000] {logging_mixin.py:137} INFO - [2023-09-06T16:04:20.368+0000] {dagbag.py:532} INFO - Filling up the DagBag from /opt/airflow/dags/etl_compliment.py
[2023-09-06T16:04:20.574+0000] {processor.py:753} INFO - DAG(s) dict_keys(['etl_compliment_batch_2020-realtime_v0_1']) retrieved from /opt/airflow/dags/etl_compliment.py
[2023-09-06T16:04:20.632+0000] {logging_mixin.py:137} INFO - [2023-09-06T16:04:20.631+0000] {dag.py:2705} INFO - Sync 1 DAGs
[2023-09-06T16:04:20.724+0000] {logging_mixin.py:137} INFO - [2023-09-06T16:04:20.723+0000] {dag.py:3456} INFO - Setting next_dagrun for etl_compliment_batch_2020-realtime_v0_1 to 2019-12-31T17:00:00+00:00, run_after=2020-01-01T17:00:00+00:00
[2023-09-06T16:04:20.799+0000] {processor.py:175} INFO - Processing /opt/airflow/dags/etl_compliment.py took 0.455 seconds
[2023-09-06T16:04:51.796+0000] {processor.py:153} INFO - Started process (PID=161) to work on /opt/airflow/dags/etl_compliment.py
[2023-09-06T16:04:51.801+0000] {processor.py:743} INFO - Processing file /opt/airflow/dags/etl_compliment.py for tasks to queue
[2023-09-06T16:04:51.804+0000] {logging_mixin.py:137} INFO - [2023-09-06T16:04:51.803+0000] {dagbag.py:532} INFO - Filling up the DagBag from /opt/airflow/dags/etl_compliment.py
[2023-09-06T16:04:51.877+0000] {processor.py:753} INFO - DAG(s) dict_keys(['etl_compliment_batch_2020-realtime_v0_1']) retrieved from /opt/airflow/dags/etl_compliment.py
[2023-09-06T16:04:51.907+0000] {logging_mixin.py:137} INFO - [2023-09-06T16:04:51.907+0000] {dag.py:2705} INFO - Sync 1 DAGs
[2023-09-06T16:04:51.965+0000] {logging_mixin.py:137} INFO - [2023-09-06T16:04:51.965+0000] {dag.py:3456} INFO - Setting next_dagrun for etl_compliment_batch_2020-realtime_v0_1 to 2019-12-31T17:00:00+00:00, run_after=2020-01-01T17:00:00+00:00
[2023-09-06T16:04:52.012+0000] {processor.py:175} INFO - Processing /opt/airflow/dags/etl_compliment.py took 0.221 seconds
[2023-09-06T16:05:22.767+0000] {processor.py:153} INFO - Started process (PID=189) to work on /opt/airflow/dags/etl_compliment.py
[2023-09-06T16:05:22.777+0000] {processor.py:743} INFO - Processing file /opt/airflow/dags/etl_compliment.py for tasks to queue
[2023-09-06T16:05:22.780+0000] {logging_mixin.py:137} INFO - [2023-09-06T16:05:22.780+0000] {dagbag.py:532} INFO - Filling up the DagBag from /opt/airflow/dags/etl_compliment.py
[2023-09-06T16:05:22.899+0000] {processor.py:753} INFO - DAG(s) dict_keys(['etl_compliment_batch_2020-realtime_v0_1']) retrieved from /opt/airflow/dags/etl_compliment.py
[2023-09-06T16:05:22.940+0000] {logging_mixin.py:137} INFO - [2023-09-06T16:05:22.940+0000] {dag.py:2705} INFO - Sync 1 DAGs
[2023-09-06T16:05:23.029+0000] {logging_mixin.py:137} INFO - [2023-09-06T16:05:23.029+0000] {dag.py:3456} INFO - Setting next_dagrun for etl_compliment_batch_2020-realtime_v0_1 to 2019-12-31T17:00:00+00:00, run_after=2020-01-01T17:00:00+00:00
[2023-09-06T16:05:23.088+0000] {processor.py:175} INFO - Processing /opt/airflow/dags/etl_compliment.py took 0.348 seconds
[2023-09-06T16:05:53.706+0000] {processor.py:153} INFO - Started process (PID=217) to work on /opt/airflow/dags/etl_compliment.py
[2023-09-06T16:05:53.708+0000] {processor.py:743} INFO - Processing file /opt/airflow/dags/etl_compliment.py for tasks to queue
[2023-09-06T16:05:53.715+0000] {logging_mixin.py:137} INFO - [2023-09-06T16:05:53.715+0000] {dagbag.py:532} INFO - Filling up the DagBag from /opt/airflow/dags/etl_compliment.py
[2023-09-06T16:05:53.784+0000] {processor.py:753} INFO - DAG(s) dict_keys(['etl_compliment_batch_2020-realtime_v0_1']) retrieved from /opt/airflow/dags/etl_compliment.py
[2023-09-06T16:05:53.817+0000] {logging_mixin.py:137} INFO - [2023-09-06T16:05:53.816+0000] {dag.py:2705} INFO - Sync 1 DAGs
[2023-09-06T16:05:53.890+0000] {logging_mixin.py:137} INFO - [2023-09-06T16:05:53.890+0000] {dag.py:3456} INFO - Setting next_dagrun for etl_compliment_batch_2020-realtime_v0_1 to 2019-12-31T17:00:00+00:00, run_after=2020-01-01T17:00:00+00:00
[2023-09-06T16:05:53.952+0000] {processor.py:175} INFO - Processing /opt/airflow/dags/etl_compliment.py took 0.254 seconds
[2023-09-06T16:06:24.228+0000] {processor.py:153} INFO - Started process (PID=251) to work on /opt/airflow/dags/etl_compliment.py
[2023-09-06T16:06:24.230+0000] {processor.py:743} INFO - Processing file /opt/airflow/dags/etl_compliment.py for tasks to queue
[2023-09-06T16:06:24.233+0000] {logging_mixin.py:137} INFO - [2023-09-06T16:06:24.233+0000] {dagbag.py:532} INFO - Filling up the DagBag from /opt/airflow/dags/etl_compliment.py
[2023-09-06T16:06:24.309+0000] {processor.py:753} INFO - DAG(s) dict_keys(['etl_compliment_batch_2020-realtime_v0_1']) retrieved from /opt/airflow/dags/etl_compliment.py
[2023-09-06T16:06:24.343+0000] {logging_mixin.py:137} INFO - [2023-09-06T16:06:24.343+0000] {dag.py:2705} INFO - Sync 1 DAGs
[2023-09-06T16:06:24.427+0000] {logging_mixin.py:137} INFO - [2023-09-06T16:06:24.426+0000] {dag.py:3456} INFO - Setting next_dagrun for etl_compliment_batch_2020-realtime_v0_1 to 2019-12-31T17:00:00+00:00, run_after=2020-01-01T17:00:00+00:00
[2023-09-06T16:06:24.517+0000] {processor.py:175} INFO - Processing /opt/airflow/dags/etl_compliment.py took 0.298 seconds
[2023-09-06T16:06:56.601+0000] {processor.py:153} INFO - Started process (PID=281) to work on /opt/airflow/dags/etl_compliment.py
[2023-09-06T16:06:56.603+0000] {processor.py:743} INFO - Processing file /opt/airflow/dags/etl_compliment.py for tasks to queue
[2023-09-06T16:06:56.606+0000] {logging_mixin.py:137} INFO - [2023-09-06T16:06:56.606+0000] {dagbag.py:532} INFO - Filling up the DagBag from /opt/airflow/dags/etl_compliment.py
[2023-09-06T16:06:56.712+0000] {processor.py:753} INFO - DAG(s) dict_keys(['etl_compliment_batch_2020-realtime_v0_1']) retrieved from /opt/airflow/dags/etl_compliment.py
[2023-09-06T16:06:56.739+0000] {logging_mixin.py:137} INFO - [2023-09-06T16:06:56.738+0000] {dag.py:2705} INFO - Sync 1 DAGs
[2023-09-06T16:06:56.781+0000] {logging_mixin.py:137} INFO - [2023-09-06T16:06:56.780+0000] {dag.py:3456} INFO - Setting next_dagrun for etl_compliment_batch_2020-realtime_v0_1 to 2019-12-31T17:00:00+00:00, run_after=2020-01-01T17:00:00+00:00
[2023-09-06T16:06:56.824+0000] {processor.py:175} INFO - Processing /opt/airflow/dags/etl_compliment.py took 0.233 seconds
[2023-09-06T16:07:27.780+0000] {processor.py:153} INFO - Started process (PID=312) to work on /opt/airflow/dags/etl_compliment.py
[2023-09-06T16:07:27.783+0000] {processor.py:743} INFO - Processing file /opt/airflow/dags/etl_compliment.py for tasks to queue
[2023-09-06T16:07:27.785+0000] {logging_mixin.py:137} INFO - [2023-09-06T16:07:27.785+0000] {dagbag.py:532} INFO - Filling up the DagBag from /opt/airflow/dags/etl_compliment.py
[2023-09-06T16:07:27.886+0000] {processor.py:753} INFO - DAG(s) dict_keys(['etl_compliment_batch_2020-realtime_v0_1']) retrieved from /opt/airflow/dags/etl_compliment.py
[2023-09-06T16:07:27.911+0000] {logging_mixin.py:137} INFO - [2023-09-06T16:07:27.911+0000] {dag.py:2705} INFO - Sync 1 DAGs
[2023-09-06T16:07:27.956+0000] {logging_mixin.py:137} INFO - [2023-09-06T16:07:27.955+0000] {dag.py:3456} INFO - Setting next_dagrun for etl_compliment_batch_2020-realtime_v0_1 to 2019-12-31T17:00:00+00:00, run_after=2020-01-01T17:00:00+00:00
[2023-09-06T16:07:27.990+0000] {processor.py:175} INFO - Processing /opt/airflow/dags/etl_compliment.py took 0.216 seconds
[2023-09-06T16:07:58.404+0000] {processor.py:153} INFO - Started process (PID=340) to work on /opt/airflow/dags/etl_compliment.py
[2023-09-06T16:07:58.409+0000] {processor.py:743} INFO - Processing file /opt/airflow/dags/etl_compliment.py for tasks to queue
[2023-09-06T16:07:58.411+0000] {logging_mixin.py:137} INFO - [2023-09-06T16:07:58.411+0000] {dagbag.py:532} INFO - Filling up the DagBag from /opt/airflow/dags/etl_compliment.py
[2023-09-06T16:07:58.529+0000] {processor.py:753} INFO - DAG(s) dict_keys(['etl_compliment_batch_2020-realtime_v0_1']) retrieved from /opt/airflow/dags/etl_compliment.py
[2023-09-06T16:07:58.571+0000] {logging_mixin.py:137} INFO - [2023-09-06T16:07:58.571+0000] {dag.py:2705} INFO - Sync 1 DAGs
[2023-09-06T16:07:58.636+0000] {logging_mixin.py:137} INFO - [2023-09-06T16:07:58.635+0000] {dag.py:3456} INFO - Setting next_dagrun for etl_compliment_batch_2020-realtime_v0_1 to 2019-12-31T17:00:00+00:00, run_after=2020-01-01T17:00:00+00:00
[2023-09-06T16:07:58.680+0000] {processor.py:175} INFO - Processing /opt/airflow/dags/etl_compliment.py took 0.290 seconds
[2023-09-06T16:08:28.993+0000] {processor.py:153} INFO - Started process (PID=368) to work on /opt/airflow/dags/etl_compliment.py
[2023-09-06T16:08:28.995+0000] {processor.py:743} INFO - Processing file /opt/airflow/dags/etl_compliment.py for tasks to queue
[2023-09-06T16:08:29.002+0000] {logging_mixin.py:137} INFO - [2023-09-06T16:08:29.001+0000] {dagbag.py:532} INFO - Filling up the DagBag from /opt/airflow/dags/etl_compliment.py
[2023-09-06T16:08:29.212+0000] {processor.py:753} INFO - DAG(s) dict_keys(['etl_compliment_batch_2020-realtime_v0_1']) retrieved from /opt/airflow/dags/etl_compliment.py
[2023-09-06T16:08:29.318+0000] {logging_mixin.py:137} INFO - [2023-09-06T16:08:29.317+0000] {dag.py:2705} INFO - Sync 1 DAGs
[2023-09-06T16:08:29.431+0000] {logging_mixin.py:137} INFO - [2023-09-06T16:08:29.430+0000] {dag.py:3456} INFO - Setting next_dagrun for etl_compliment_batch_2020-realtime_v0_1 to 2019-12-31T17:00:00+00:00, run_after=2020-01-01T17:00:00+00:00
[2023-09-06T16:08:29.495+0000] {processor.py:175} INFO - Processing /opt/airflow/dags/etl_compliment.py took 0.516 seconds
[2023-09-06T16:08:59.977+0000] {processor.py:153} INFO - Started process (PID=403) to work on /opt/airflow/dags/etl_compliment.py
[2023-09-06T16:08:59.980+0000] {processor.py:743} INFO - Processing file /opt/airflow/dags/etl_compliment.py for tasks to queue
[2023-09-06T16:08:59.984+0000] {logging_mixin.py:137} INFO - [2023-09-06T16:08:59.984+0000] {dagbag.py:532} INFO - Filling up the DagBag from /opt/airflow/dags/etl_compliment.py
[2023-09-06T16:09:00.150+0000] {processor.py:753} INFO - DAG(s) dict_keys(['etl_compliment_batch_2020-realtime_v0_1']) retrieved from /opt/airflow/dags/etl_compliment.py
[2023-09-06T16:09:00.255+0000] {logging_mixin.py:137} INFO - [2023-09-06T16:09:00.255+0000] {dag.py:2705} INFO - Sync 1 DAGs
[2023-09-06T16:09:00.328+0000] {logging_mixin.py:137} INFO - [2023-09-06T16:09:00.328+0000] {dag.py:3456} INFO - Setting next_dagrun for etl_compliment_batch_2020-realtime_v0_1 to 2019-12-31T17:00:00+00:00, run_after=2020-01-01T17:00:00+00:00
[2023-09-06T16:09:00.374+0000] {processor.py:175} INFO - Processing /opt/airflow/dags/etl_compliment.py took 0.403 seconds
[2023-09-06T16:09:30.450+0000] {processor.py:153} INFO - Started process (PID=435) to work on /opt/airflow/dags/etl_compliment.py
[2023-09-06T16:09:30.452+0000] {processor.py:743} INFO - Processing file /opt/airflow/dags/etl_compliment.py for tasks to queue
[2023-09-06T16:09:30.454+0000] {logging_mixin.py:137} INFO - [2023-09-06T16:09:30.454+0000] {dagbag.py:532} INFO - Filling up the DagBag from /opt/airflow/dags/etl_compliment.py
[2023-09-06T16:09:30.552+0000] {processor.py:753} INFO - DAG(s) dict_keys(['etl_compliment_batch_2020-realtime_v0_1']) retrieved from /opt/airflow/dags/etl_compliment.py
[2023-09-06T16:09:30.592+0000] {logging_mixin.py:137} INFO - [2023-09-06T16:09:30.592+0000] {dag.py:2705} INFO - Sync 1 DAGs
[2023-09-06T16:09:30.668+0000] {logging_mixin.py:137} INFO - [2023-09-06T16:09:30.668+0000] {dag.py:3456} INFO - Setting next_dagrun for etl_compliment_batch_2020-realtime_v0_1 to 2019-12-31T17:00:00+00:00, run_after=2020-01-01T17:00:00+00:00
[2023-09-06T16:09:30.718+0000] {processor.py:175} INFO - Processing /opt/airflow/dags/etl_compliment.py took 0.276 seconds
[2023-09-06T16:10:00.841+0000] {processor.py:153} INFO - Started process (PID=464) to work on /opt/airflow/dags/etl_compliment.py
[2023-09-06T16:10:00.843+0000] {processor.py:743} INFO - Processing file /opt/airflow/dags/etl_compliment.py for tasks to queue
[2023-09-06T16:10:00.845+0000] {logging_mixin.py:137} INFO - [2023-09-06T16:10:00.844+0000] {dagbag.py:532} INFO - Filling up the DagBag from /opt/airflow/dags/etl_compliment.py
[2023-09-06T16:10:00.933+0000] {processor.py:753} INFO - DAG(s) dict_keys(['etl_compliment_batch_2020-realtime_v0_1']) retrieved from /opt/airflow/dags/etl_compliment.py
[2023-09-06T16:10:00.967+0000] {logging_mixin.py:137} INFO - [2023-09-06T16:10:00.967+0000] {dag.py:2705} INFO - Sync 1 DAGs
[2023-09-06T16:10:01.020+0000] {logging_mixin.py:137} INFO - [2023-09-06T16:10:01.020+0000] {dag.py:3456} INFO - Setting next_dagrun for etl_compliment_batch_2020-realtime_v0_1 to 2019-12-31T17:00:00+00:00, run_after=2020-01-01T17:00:00+00:00
[2023-09-06T16:10:01.061+0000] {processor.py:175} INFO - Processing /opt/airflow/dags/etl_compliment.py took 0.228 seconds
[2023-09-06T16:10:31.421+0000] {processor.py:153} INFO - Started process (PID=492) to work on /opt/airflow/dags/etl_compliment.py
[2023-09-06T16:10:31.424+0000] {processor.py:743} INFO - Processing file /opt/airflow/dags/etl_compliment.py for tasks to queue
[2023-09-06T16:10:31.426+0000] {logging_mixin.py:137} INFO - [2023-09-06T16:10:31.425+0000] {dagbag.py:532} INFO - Filling up the DagBag from /opt/airflow/dags/etl_compliment.py
[2023-09-06T16:10:31.519+0000] {processor.py:753} INFO - DAG(s) dict_keys(['etl_compliment_batch_2020-realtime_v0_1']) retrieved from /opt/airflow/dags/etl_compliment.py
[2023-09-06T16:10:31.565+0000] {logging_mixin.py:137} INFO - [2023-09-06T16:10:31.565+0000] {dag.py:2705} INFO - Sync 1 DAGs
[2023-09-06T16:10:31.643+0000] {logging_mixin.py:137} INFO - [2023-09-06T16:10:31.643+0000] {dag.py:3456} INFO - Setting next_dagrun for etl_compliment_batch_2020-realtime_v0_1 to 2019-12-31T17:00:00+00:00, run_after=2020-01-01T17:00:00+00:00
[2023-09-06T16:10:31.705+0000] {processor.py:175} INFO - Processing /opt/airflow/dags/etl_compliment.py took 0.292 seconds
