[2023-09-06T16:02:41.014+0000] {processor.py:153} INFO - Started process (PID=52) to work on /opt/airflow/dags/etl_sales_dashboard_mart_monthly.py
[2023-09-06T16:02:41.018+0000] {processor.py:743} INFO - Processing file /opt/airflow/dags/etl_sales_dashboard_mart_monthly.py for tasks to queue
[2023-09-06T16:02:41.028+0000] {logging_mixin.py:137} INFO - [2023-09-06T16:02:41.028+0000] {dagbag.py:532} INFO - Filling up the DagBag from /opt/airflow/dags/etl_sales_dashboard_mart_monthly.py
[2023-09-06T16:02:41.356+0000] {processor.py:753} INFO - DAG(s) dict_keys(['etl_sales_dashboard_mart_monthly_v0_2_batch6']) retrieved from /opt/airflow/dags/etl_sales_dashboard_mart_monthly.py
[2023-09-06T16:02:41.527+0000] {logging_mixin.py:137} INFO - [2023-09-06T16:02:41.526+0000] {dag.py:2705} INFO - Sync 1 DAGs
[2023-09-06T16:02:41.890+0000] {logging_mixin.py:137} INFO - [2023-09-06T16:02:41.890+0000] {dag.py:3456} INFO - Setting next_dagrun for etl_sales_dashboard_mart_monthly_v0_2_batch6 to 2023-01-31T17:00:00+00:00, run_after=2023-02-28T17:00:00+00:00
[2023-09-06T16:02:42.158+0000] {processor.py:175} INFO - Processing /opt/airflow/dags/etl_sales_dashboard_mart_monthly.py took 1.166 seconds
[2023-09-06T16:03:16.054+0000] {processor.py:153} INFO - Started process (PID=73) to work on /opt/airflow/dags/etl_sales_dashboard_mart_monthly.py
[2023-09-06T16:03:16.066+0000] {processor.py:743} INFO - Processing file /opt/airflow/dags/etl_sales_dashboard_mart_monthly.py for tasks to queue
[2023-09-06T16:03:16.073+0000] {logging_mixin.py:137} INFO - [2023-09-06T16:03:16.073+0000] {dagbag.py:532} INFO - Filling up the DagBag from /opt/airflow/dags/etl_sales_dashboard_mart_monthly.py
[2023-09-06T16:03:16.314+0000] {processor.py:753} INFO - DAG(s) dict_keys(['etl_sales_dashboard_mart_monthly_v0_2_batch6']) retrieved from /opt/airflow/dags/etl_sales_dashboard_mart_monthly.py
[2023-09-06T16:03:16.470+0000] {logging_mixin.py:137} INFO - [2023-09-06T16:03:16.469+0000] {dag.py:2705} INFO - Sync 1 DAGs
[2023-09-06T16:03:16.630+0000] {logging_mixin.py:137} INFO - [2023-09-06T16:03:16.630+0000] {dag.py:3456} INFO - Setting next_dagrun for etl_sales_dashboard_mart_monthly_v0_2_batch6 to 2023-01-31T17:00:00+00:00, run_after=2023-02-28T17:00:00+00:00
[2023-09-06T16:03:16.954+0000] {processor.py:175} INFO - Processing /opt/airflow/dags/etl_sales_dashboard_mart_monthly.py took 0.920 seconds
[2023-09-06T16:03:47.627+0000] {processor.py:153} INFO - Started process (PID=102) to work on /opt/airflow/dags/etl_sales_dashboard_mart_monthly.py
[2023-09-06T16:03:47.630+0000] {processor.py:743} INFO - Processing file /opt/airflow/dags/etl_sales_dashboard_mart_monthly.py for tasks to queue
[2023-09-06T16:03:47.634+0000] {logging_mixin.py:137} INFO - [2023-09-06T16:03:47.634+0000] {dagbag.py:532} INFO - Filling up the DagBag from /opt/airflow/dags/etl_sales_dashboard_mart_monthly.py
[2023-09-06T16:03:47.712+0000] {processor.py:753} INFO - DAG(s) dict_keys(['etl_sales_dashboard_mart_monthly_v0_2_batch6']) retrieved from /opt/airflow/dags/etl_sales_dashboard_mart_monthly.py
[2023-09-06T16:03:47.752+0000] {logging_mixin.py:137} INFO - [2023-09-06T16:03:47.751+0000] {dag.py:2705} INFO - Sync 1 DAGs
[2023-09-06T16:03:47.804+0000] {logging_mixin.py:137} INFO - [2023-09-06T16:03:47.803+0000] {dag.py:3456} INFO - Setting next_dagrun for etl_sales_dashboard_mart_monthly_v0_2_batch6 to 2023-01-31T17:00:00+00:00, run_after=2023-02-28T17:00:00+00:00
[2023-09-06T16:03:47.856+0000] {processor.py:175} INFO - Processing /opt/airflow/dags/etl_sales_dashboard_mart_monthly.py took 0.236 seconds
[2023-09-06T16:04:17.961+0000] {processor.py:153} INFO - Started process (PID=130) to work on /opt/airflow/dags/etl_sales_dashboard_mart_monthly.py
[2023-09-06T16:04:17.970+0000] {processor.py:743} INFO - Processing file /opt/airflow/dags/etl_sales_dashboard_mart_monthly.py for tasks to queue
[2023-09-06T16:04:17.972+0000] {logging_mixin.py:137} INFO - [2023-09-06T16:04:17.972+0000] {dagbag.py:532} INFO - Filling up the DagBag from /opt/airflow/dags/etl_sales_dashboard_mart_monthly.py
[2023-09-06T16:04:18.245+0000] {processor.py:753} INFO - DAG(s) dict_keys(['etl_sales_dashboard_mart_monthly_v0_2_batch6']) retrieved from /opt/airflow/dags/etl_sales_dashboard_mart_monthly.py
[2023-09-06T16:04:18.321+0000] {logging_mixin.py:137} INFO - [2023-09-06T16:04:18.321+0000] {dag.py:2705} INFO - Sync 1 DAGs
[2023-09-06T16:04:18.427+0000] {logging_mixin.py:137} INFO - [2023-09-06T16:04:18.427+0000] {dag.py:3456} INFO - Setting next_dagrun for etl_sales_dashboard_mart_monthly_v0_2_batch6 to 2023-01-31T17:00:00+00:00, run_after=2023-02-28T17:00:00+00:00
[2023-09-06T16:04:18.564+0000] {processor.py:175} INFO - Processing /opt/airflow/dags/etl_sales_dashboard_mart_monthly.py took 0.616 seconds
[2023-09-06T16:04:49.464+0000] {processor.py:153} INFO - Started process (PID=158) to work on /opt/airflow/dags/etl_sales_dashboard_mart_monthly.py
[2023-09-06T16:04:49.468+0000] {processor.py:743} INFO - Processing file /opt/airflow/dags/etl_sales_dashboard_mart_monthly.py for tasks to queue
[2023-09-06T16:04:49.470+0000] {logging_mixin.py:137} INFO - [2023-09-06T16:04:49.469+0000] {dagbag.py:532} INFO - Filling up the DagBag from /opt/airflow/dags/etl_sales_dashboard_mart_monthly.py
[2023-09-06T16:04:49.566+0000] {processor.py:753} INFO - DAG(s) dict_keys(['etl_sales_dashboard_mart_monthly_v0_2_batch6']) retrieved from /opt/airflow/dags/etl_sales_dashboard_mart_monthly.py
[2023-09-06T16:04:49.593+0000] {logging_mixin.py:137} INFO - [2023-09-06T16:04:49.593+0000] {dag.py:2705} INFO - Sync 1 DAGs
[2023-09-06T16:04:49.635+0000] {logging_mixin.py:137} INFO - [2023-09-06T16:04:49.635+0000] {dag.py:3456} INFO - Setting next_dagrun for etl_sales_dashboard_mart_monthly_v0_2_batch6 to 2023-01-31T17:00:00+00:00, run_after=2023-02-28T17:00:00+00:00
[2023-09-06T16:04:49.671+0000] {processor.py:175} INFO - Processing /opt/airflow/dags/etl_sales_dashboard_mart_monthly.py took 0.216 seconds
[2023-09-06T16:05:20.360+0000] {processor.py:153} INFO - Started process (PID=186) to work on /opt/airflow/dags/etl_sales_dashboard_mart_monthly.py
[2023-09-06T16:05:20.362+0000] {processor.py:743} INFO - Processing file /opt/airflow/dags/etl_sales_dashboard_mart_monthly.py for tasks to queue
[2023-09-06T16:05:20.366+0000] {logging_mixin.py:137} INFO - [2023-09-06T16:05:20.365+0000] {dagbag.py:532} INFO - Filling up the DagBag from /opt/airflow/dags/etl_sales_dashboard_mart_monthly.py
[2023-09-06T16:05:20.442+0000] {processor.py:753} INFO - DAG(s) dict_keys(['etl_sales_dashboard_mart_monthly_v0_2_batch6']) retrieved from /opt/airflow/dags/etl_sales_dashboard_mart_monthly.py
[2023-09-06T16:05:20.470+0000] {logging_mixin.py:137} INFO - [2023-09-06T16:05:20.470+0000] {dag.py:2705} INFO - Sync 1 DAGs
[2023-09-06T16:05:20.518+0000] {logging_mixin.py:137} INFO - [2023-09-06T16:05:20.517+0000] {dag.py:3456} INFO - Setting next_dagrun for etl_sales_dashboard_mart_monthly_v0_2_batch6 to 2023-01-31T17:00:00+00:00, run_after=2023-02-28T17:00:00+00:00
[2023-09-06T16:05:20.555+0000] {processor.py:175} INFO - Processing /opt/airflow/dags/etl_sales_dashboard_mart_monthly.py took 0.201 seconds
[2023-09-06T16:05:51.026+0000] {processor.py:153} INFO - Started process (PID=214) to work on /opt/airflow/dags/etl_sales_dashboard_mart_monthly.py
[2023-09-06T16:05:51.028+0000] {processor.py:743} INFO - Processing file /opt/airflow/dags/etl_sales_dashboard_mart_monthly.py for tasks to queue
[2023-09-06T16:05:51.033+0000] {logging_mixin.py:137} INFO - [2023-09-06T16:05:51.032+0000] {dagbag.py:532} INFO - Filling up the DagBag from /opt/airflow/dags/etl_sales_dashboard_mart_monthly.py
[2023-09-06T16:05:51.145+0000] {processor.py:753} INFO - DAG(s) dict_keys(['etl_sales_dashboard_mart_monthly_v0_2_batch6']) retrieved from /opt/airflow/dags/etl_sales_dashboard_mart_monthly.py
[2023-09-06T16:05:51.174+0000] {logging_mixin.py:137} INFO - [2023-09-06T16:05:51.174+0000] {dag.py:2705} INFO - Sync 1 DAGs
[2023-09-06T16:05:51.224+0000] {logging_mixin.py:137} INFO - [2023-09-06T16:05:51.224+0000] {dag.py:3456} INFO - Setting next_dagrun for etl_sales_dashboard_mart_monthly_v0_2_batch6 to 2023-01-31T17:00:00+00:00, run_after=2023-02-28T17:00:00+00:00
[2023-09-06T16:05:51.265+0000] {processor.py:175} INFO - Processing /opt/airflow/dags/etl_sales_dashboard_mart_monthly.py took 0.251 seconds
[2023-09-06T16:06:22.163+0000] {processor.py:153} INFO - Started process (PID=241) to work on /opt/airflow/dags/etl_sales_dashboard_mart_monthly.py
[2023-09-06T16:06:22.165+0000] {processor.py:743} INFO - Processing file /opt/airflow/dags/etl_sales_dashboard_mart_monthly.py for tasks to queue
[2023-09-06T16:06:22.182+0000] {logging_mixin.py:137} INFO - [2023-09-06T16:06:22.182+0000] {dagbag.py:532} INFO - Filling up the DagBag from /opt/airflow/dags/etl_sales_dashboard_mart_monthly.py
[2023-09-06T16:06:22.325+0000] {processor.py:753} INFO - DAG(s) dict_keys(['etl_sales_dashboard_mart_monthly_v1_0_batch2', 'etl_sales_dashboard_mart_monthly_v1_0_batch6', 'etl_sales_dashboard_mart_monthly_v1_0_batch1', 'etl_sales_dashboard_mart_monthly_v1_0_batch3', 'etl_sales_dashboard_mart_monthly_v1_0_batch4', 'etl_sales_dashboard_mart_monthly_v1_0_batch5']) retrieved from /opt/airflow/dags/etl_sales_dashboard_mart_monthly.py
[2023-09-06T16:06:22.519+0000] {logging_mixin.py:137} INFO - [2023-09-06T16:06:22.518+0000] {manager.py:504} INFO - Created Permission View: can edit on DAG:etl_sales_dashboard_mart_monthly_v1_0_batch2
[2023-09-06T16:06:22.543+0000] {logging_mixin.py:137} INFO - [2023-09-06T16:06:22.543+0000] {manager.py:504} INFO - Created Permission View: can read on DAG:etl_sales_dashboard_mart_monthly_v1_0_batch2
[2023-09-06T16:06:22.566+0000] {logging_mixin.py:137} INFO - [2023-09-06T16:06:22.566+0000] {manager.py:504} INFO - Created Permission View: can delete on DAG:etl_sales_dashboard_mart_monthly_v1_0_batch2
[2023-09-06T16:06:22.634+0000] {logging_mixin.py:137} INFO - [2023-09-06T16:06:22.633+0000] {manager.py:504} INFO - Created Permission View: can edit on DAG:etl_sales_dashboard_mart_monthly_v1_0_batch6
[2023-09-06T16:06:22.701+0000] {logging_mixin.py:137} INFO - [2023-09-06T16:06:22.701+0000] {manager.py:504} INFO - Created Permission View: can read on DAG:etl_sales_dashboard_mart_monthly_v1_0_batch6
[2023-09-06T16:06:22.761+0000] {logging_mixin.py:137} INFO - [2023-09-06T16:06:22.761+0000] {manager.py:504} INFO - Created Permission View: can delete on DAG:etl_sales_dashboard_mart_monthly_v1_0_batch6
[2023-09-06T16:06:22.818+0000] {logging_mixin.py:137} INFO - [2023-09-06T16:06:22.818+0000] {manager.py:504} INFO - Created Permission View: can edit on DAG:etl_sales_dashboard_mart_monthly_v1_0_batch1
[2023-09-06T16:06:22.849+0000] {logging_mixin.py:137} INFO - [2023-09-06T16:06:22.848+0000] {manager.py:504} INFO - Created Permission View: can read on DAG:etl_sales_dashboard_mart_monthly_v1_0_batch1
[2023-09-06T16:06:22.885+0000] {logging_mixin.py:137} INFO - [2023-09-06T16:06:22.885+0000] {manager.py:504} INFO - Created Permission View: can delete on DAG:etl_sales_dashboard_mart_monthly_v1_0_batch1
[2023-09-06T16:06:22.921+0000] {logging_mixin.py:137} INFO - [2023-09-06T16:06:22.921+0000] {manager.py:504} INFO - Created Permission View: can edit on DAG:etl_sales_dashboard_mart_monthly_v1_0_batch3
[2023-09-06T16:06:22.947+0000] {logging_mixin.py:137} INFO - [2023-09-06T16:06:22.947+0000] {manager.py:504} INFO - Created Permission View: can read on DAG:etl_sales_dashboard_mart_monthly_v1_0_batch3
[2023-09-06T16:06:22.977+0000] {logging_mixin.py:137} INFO - [2023-09-06T16:06:22.976+0000] {manager.py:504} INFO - Created Permission View: can delete on DAG:etl_sales_dashboard_mart_monthly_v1_0_batch3
[2023-09-06T16:06:23.059+0000] {logging_mixin.py:137} INFO - [2023-09-06T16:06:23.058+0000] {manager.py:504} INFO - Created Permission View: can edit on DAG:etl_sales_dashboard_mart_monthly_v1_0_batch4
[2023-09-06T16:06:23.085+0000] {logging_mixin.py:137} INFO - [2023-09-06T16:06:23.085+0000] {manager.py:504} INFO - Created Permission View: can read on DAG:etl_sales_dashboard_mart_monthly_v1_0_batch4
[2023-09-06T16:06:23.104+0000] {logging_mixin.py:137} INFO - [2023-09-06T16:06:23.104+0000] {manager.py:504} INFO - Created Permission View: can delete on DAG:etl_sales_dashboard_mart_monthly_v1_0_batch4
[2023-09-06T16:06:23.152+0000] {logging_mixin.py:137} INFO - [2023-09-06T16:06:23.151+0000] {manager.py:504} INFO - Created Permission View: can edit on DAG:etl_sales_dashboard_mart_monthly_v1_0_batch5
[2023-09-06T16:06:23.206+0000] {logging_mixin.py:137} INFO - [2023-09-06T16:06:23.206+0000] {manager.py:504} INFO - Created Permission View: can read on DAG:etl_sales_dashboard_mart_monthly_v1_0_batch5
[2023-09-06T16:06:23.226+0000] {logging_mixin.py:137} INFO - [2023-09-06T16:06:23.225+0000] {manager.py:504} INFO - Created Permission View: can delete on DAG:etl_sales_dashboard_mart_monthly_v1_0_batch5
[2023-09-06T16:06:23.227+0000] {logging_mixin.py:137} INFO - [2023-09-06T16:06:23.227+0000] {dag.py:2705} INFO - Sync 6 DAGs
[2023-09-06T16:06:23.280+0000] {logging_mixin.py:137} INFO - [2023-09-06T16:06:23.280+0000] {dag.py:2726} INFO - Creating ORM DAG for etl_sales_dashboard_mart_monthly_v1_0_batch3
[2023-09-06T16:06:23.282+0000] {logging_mixin.py:137} INFO - [2023-09-06T16:06:23.282+0000] {dag.py:2726} INFO - Creating ORM DAG for etl_sales_dashboard_mart_monthly_v1_0_batch2
[2023-09-06T16:06:23.284+0000] {logging_mixin.py:137} INFO - [2023-09-06T16:06:23.283+0000] {dag.py:2726} INFO - Creating ORM DAG for etl_sales_dashboard_mart_monthly_v1_0_batch4
[2023-09-06T16:06:23.286+0000] {logging_mixin.py:137} INFO - [2023-09-06T16:06:23.285+0000] {dag.py:2726} INFO - Creating ORM DAG for etl_sales_dashboard_mart_monthly_v1_0_batch5
[2023-09-06T16:06:23.287+0000] {logging_mixin.py:137} INFO - [2023-09-06T16:06:23.287+0000] {dag.py:2726} INFO - Creating ORM DAG for etl_sales_dashboard_mart_monthly_v1_0_batch1
[2023-09-06T16:06:23.289+0000] {logging_mixin.py:137} INFO - [2023-09-06T16:06:23.289+0000] {dag.py:2726} INFO - Creating ORM DAG for etl_sales_dashboard_mart_monthly_v1_0_batch6
[2023-09-06T16:06:23.345+0000] {logging_mixin.py:137} INFO - [2023-09-06T16:06:23.345+0000] {dag.py:3456} INFO - Setting next_dagrun for etl_sales_dashboard_mart_monthly_v1_0_batch1 to 2015-12-31T18:00:00+00:00, run_after=2016-01-31T18:00:00+00:00
[2023-09-06T16:06:23.359+0000] {logging_mixin.py:137} INFO - [2023-09-06T16:06:23.358+0000] {dag.py:3456} INFO - Setting next_dagrun for etl_sales_dashboard_mart_monthly_v1_0_batch2 to 2021-01-31T17:00:00+00:00, run_after=2021-02-28T17:00:00+00:00
[2023-09-06T16:06:23.364+0000] {logging_mixin.py:137} INFO - [2023-09-06T16:06:23.364+0000] {dag.py:3456} INFO - Setting next_dagrun for etl_sales_dashboard_mart_monthly_v1_0_batch3 to 2021-06-30T17:00:00+00:00, run_after=2021-07-31T17:00:00+00:00
[2023-09-06T16:06:23.370+0000] {logging_mixin.py:137} INFO - [2023-09-06T16:06:23.369+0000] {dag.py:3456} INFO - Setting next_dagrun for etl_sales_dashboard_mart_monthly_v1_0_batch4 to 2022-01-31T17:00:00+00:00, run_after=2022-02-28T17:00:00+00:00
[2023-09-06T16:06:23.377+0000] {logging_mixin.py:137} INFO - [2023-09-06T16:06:23.377+0000] {dag.py:3456} INFO - Setting next_dagrun for etl_sales_dashboard_mart_monthly_v1_0_batch5 to 2022-06-30T17:00:00+00:00, run_after=2022-07-31T17:00:00+00:00
[2023-09-06T16:06:23.382+0000] {logging_mixin.py:137} INFO - [2023-09-06T16:06:23.381+0000] {dag.py:3456} INFO - Setting next_dagrun for etl_sales_dashboard_mart_monthly_v1_0_batch6 to 2023-01-31T17:00:00+00:00, run_after=2023-02-28T17:00:00+00:00
[2023-09-06T16:06:23.449+0000] {processor.py:175} INFO - Processing /opt/airflow/dags/etl_sales_dashboard_mart_monthly.py took 1.323 seconds
[2023-09-06T16:06:54.701+0000] {processor.py:153} INFO - Started process (PID=276) to work on /opt/airflow/dags/etl_sales_dashboard_mart_monthly.py
[2023-09-06T16:06:54.708+0000] {processor.py:743} INFO - Processing file /opt/airflow/dags/etl_sales_dashboard_mart_monthly.py for tasks to queue
[2023-09-06T16:06:54.723+0000] {logging_mixin.py:137} INFO - [2023-09-06T16:06:54.714+0000] {dagbag.py:532} INFO - Filling up the DagBag from /opt/airflow/dags/etl_sales_dashboard_mart_monthly.py
[2023-09-06T16:06:55.092+0000] {processor.py:753} INFO - DAG(s) dict_keys(['etl_sales_dashboard_mart_monthly_v1_0_batch5', 'etl_sales_dashboard_mart_monthly_v1_0_batch3', 'etl_sales_dashboard_mart_monthly_v1_0_batch1', 'etl_sales_dashboard_mart_monthly_v1_0_batch4', 'etl_sales_dashboard_mart_monthly_v1_0_batch2', 'etl_sales_dashboard_mart_monthly_v1_0_batch6']) retrieved from /opt/airflow/dags/etl_sales_dashboard_mart_monthly.py
[2023-09-06T16:06:55.738+0000] {logging_mixin.py:137} INFO - [2023-09-06T16:06:55.737+0000] {dag.py:2705} INFO - Sync 6 DAGs
[2023-09-06T16:06:55.864+0000] {logging_mixin.py:137} INFO - [2023-09-06T16:06:55.864+0000] {dag.py:3456} INFO - Setting next_dagrun for etl_sales_dashboard_mart_monthly_v1_0_batch1 to 2015-12-31T18:00:00+00:00, run_after=2016-01-31T18:00:00+00:00
[2023-09-06T16:06:55.889+0000] {logging_mixin.py:137} INFO - [2023-09-06T16:06:55.889+0000] {dag.py:3456} INFO - Setting next_dagrun for etl_sales_dashboard_mart_monthly_v1_0_batch2 to 2021-01-31T17:00:00+00:00, run_after=2021-02-28T17:00:00+00:00
[2023-09-06T16:06:55.892+0000] {logging_mixin.py:137} INFO - [2023-09-06T16:06:55.892+0000] {dag.py:3456} INFO - Setting next_dagrun for etl_sales_dashboard_mart_monthly_v1_0_batch3 to 2021-06-30T17:00:00+00:00, run_after=2021-07-31T17:00:00+00:00
[2023-09-06T16:06:55.899+0000] {logging_mixin.py:137} INFO - [2023-09-06T16:06:55.898+0000] {dag.py:3456} INFO - Setting next_dagrun for etl_sales_dashboard_mart_monthly_v1_0_batch4 to 2022-01-31T17:00:00+00:00, run_after=2022-02-28T17:00:00+00:00
[2023-09-06T16:06:55.907+0000] {logging_mixin.py:137} INFO - [2023-09-06T16:06:55.907+0000] {dag.py:3456} INFO - Setting next_dagrun for etl_sales_dashboard_mart_monthly_v1_0_batch5 to 2022-06-30T17:00:00+00:00, run_after=2022-07-31T17:00:00+00:00
[2023-09-06T16:06:55.920+0000] {logging_mixin.py:137} INFO - [2023-09-06T16:06:55.919+0000] {dag.py:3456} INFO - Setting next_dagrun for etl_sales_dashboard_mart_monthly_v1_0_batch6 to 2023-01-31T17:00:00+00:00, run_after=2023-02-28T17:00:00+00:00
[2023-09-06T16:06:56.004+0000] {processor.py:175} INFO - Processing /opt/airflow/dags/etl_sales_dashboard_mart_monthly.py took 1.363 seconds
[2023-09-06T16:07:26.085+0000] {processor.py:153} INFO - Started process (PID=309) to work on /opt/airflow/dags/etl_sales_dashboard_mart_monthly.py
[2023-09-06T16:07:26.087+0000] {processor.py:743} INFO - Processing file /opt/airflow/dags/etl_sales_dashboard_mart_monthly.py for tasks to queue
[2023-09-06T16:07:26.088+0000] {logging_mixin.py:137} INFO - [2023-09-06T16:07:26.088+0000] {dagbag.py:532} INFO - Filling up the DagBag from /opt/airflow/dags/etl_sales_dashboard_mart_monthly.py
[2023-09-06T16:07:26.216+0000] {processor.py:753} INFO - DAG(s) dict_keys(['etl_sales_dashboard_mart_monthly_v1_0_batch5', 'etl_sales_dashboard_mart_monthly_v1_0_batch6', 'etl_sales_dashboard_mart_monthly_v1_0_batch3', 'etl_sales_dashboard_mart_monthly_v1_0_batch2', 'etl_sales_dashboard_mart_monthly_v1_0_batch4', 'etl_sales_dashboard_mart_monthly_v1_0_batch1']) retrieved from /opt/airflow/dags/etl_sales_dashboard_mart_monthly.py
[2023-09-06T16:07:26.285+0000] {logging_mixin.py:137} INFO - [2023-09-06T16:07:26.285+0000] {dag.py:2705} INFO - Sync 6 DAGs
[2023-09-06T16:07:26.343+0000] {logging_mixin.py:137} INFO - [2023-09-06T16:07:26.343+0000] {dag.py:3456} INFO - Setting next_dagrun for etl_sales_dashboard_mart_monthly_v1_0_batch1 to 2015-12-31T18:00:00+00:00, run_after=2016-01-31T18:00:00+00:00
[2023-09-06T16:07:26.354+0000] {logging_mixin.py:137} INFO - [2023-09-06T16:07:26.354+0000] {dag.py:3456} INFO - Setting next_dagrun for etl_sales_dashboard_mart_monthly_v1_0_batch2 to 2021-01-31T17:00:00+00:00, run_after=2021-02-28T17:00:00+00:00
[2023-09-06T16:07:26.361+0000] {logging_mixin.py:137} INFO - [2023-09-06T16:07:26.361+0000] {dag.py:3456} INFO - Setting next_dagrun for etl_sales_dashboard_mart_monthly_v1_0_batch3 to 2021-06-30T17:00:00+00:00, run_after=2021-07-31T17:00:00+00:00
[2023-09-06T16:07:26.367+0000] {logging_mixin.py:137} INFO - [2023-09-06T16:07:26.367+0000] {dag.py:3456} INFO - Setting next_dagrun for etl_sales_dashboard_mart_monthly_v1_0_batch4 to 2022-01-31T17:00:00+00:00, run_after=2022-02-28T17:00:00+00:00
[2023-09-06T16:07:26.371+0000] {logging_mixin.py:137} INFO - [2023-09-06T16:07:26.370+0000] {dag.py:3456} INFO - Setting next_dagrun for etl_sales_dashboard_mart_monthly_v1_0_batch5 to 2022-06-30T17:00:00+00:00, run_after=2022-07-31T17:00:00+00:00
[2023-09-06T16:07:26.376+0000] {logging_mixin.py:137} INFO - [2023-09-06T16:07:26.376+0000] {dag.py:3456} INFO - Setting next_dagrun for etl_sales_dashboard_mart_monthly_v1_0_batch6 to 2023-01-31T17:00:00+00:00, run_after=2023-02-28T17:00:00+00:00
[2023-09-06T16:07:26.409+0000] {processor.py:175} INFO - Processing /opt/airflow/dags/etl_sales_dashboard_mart_monthly.py took 0.330 seconds
[2023-09-06T16:07:56.667+0000] {processor.py:153} INFO - Started process (PID=337) to work on /opt/airflow/dags/etl_sales_dashboard_mart_monthly.py
[2023-09-06T16:07:56.669+0000] {processor.py:743} INFO - Processing file /opt/airflow/dags/etl_sales_dashboard_mart_monthly.py for tasks to queue
[2023-09-06T16:07:56.671+0000] {logging_mixin.py:137} INFO - [2023-09-06T16:07:56.670+0000] {dagbag.py:532} INFO - Filling up the DagBag from /opt/airflow/dags/etl_sales_dashboard_mart_monthly.py
[2023-09-06T16:07:56.778+0000] {processor.py:753} INFO - DAG(s) dict_keys(['etl_sales_dashboard_mart_monthly_v1_0_batch2', 'etl_sales_dashboard_mart_monthly_v1_0_batch6', 'etl_sales_dashboard_mart_monthly_v1_0_batch3', 'etl_sales_dashboard_mart_monthly_v1_0_batch5', 'etl_sales_dashboard_mart_monthly_v1_0_batch1', 'etl_sales_dashboard_mart_monthly_v1_0_batch4']) retrieved from /opt/airflow/dags/etl_sales_dashboard_mart_monthly.py
[2023-09-06T16:07:56.856+0000] {logging_mixin.py:137} INFO - [2023-09-06T16:07:56.856+0000] {dag.py:2705} INFO - Sync 6 DAGs
[2023-09-06T16:07:56.911+0000] {logging_mixin.py:137} INFO - [2023-09-06T16:07:56.911+0000] {dag.py:3456} INFO - Setting next_dagrun for etl_sales_dashboard_mart_monthly_v1_0_batch1 to 2015-12-31T18:00:00+00:00, run_after=2016-01-31T18:00:00+00:00
[2023-09-06T16:07:56.922+0000] {logging_mixin.py:137} INFO - [2023-09-06T16:07:56.922+0000] {dag.py:3456} INFO - Setting next_dagrun for etl_sales_dashboard_mart_monthly_v1_0_batch2 to 2021-01-31T17:00:00+00:00, run_after=2021-02-28T17:00:00+00:00
[2023-09-06T16:07:56.926+0000] {logging_mixin.py:137} INFO - [2023-09-06T16:07:56.926+0000] {dag.py:3456} INFO - Setting next_dagrun for etl_sales_dashboard_mart_monthly_v1_0_batch3 to 2021-06-30T17:00:00+00:00, run_after=2021-07-31T17:00:00+00:00
[2023-09-06T16:07:56.930+0000] {logging_mixin.py:137} INFO - [2023-09-06T16:07:56.930+0000] {dag.py:3456} INFO - Setting next_dagrun for etl_sales_dashboard_mart_monthly_v1_0_batch4 to 2022-01-31T17:00:00+00:00, run_after=2022-02-28T17:00:00+00:00
[2023-09-06T16:07:56.934+0000] {logging_mixin.py:137} INFO - [2023-09-06T16:07:56.934+0000] {dag.py:3456} INFO - Setting next_dagrun for etl_sales_dashboard_mart_monthly_v1_0_batch5 to 2022-06-30T17:00:00+00:00, run_after=2022-07-31T17:00:00+00:00
[2023-09-06T16:07:56.945+0000] {logging_mixin.py:137} INFO - [2023-09-06T16:07:56.944+0000] {dag.py:3456} INFO - Setting next_dagrun for etl_sales_dashboard_mart_monthly_v1_0_batch6 to 2023-01-31T17:00:00+00:00, run_after=2023-02-28T17:00:00+00:00
[2023-09-06T16:07:57.027+0000] {processor.py:175} INFO - Processing /opt/airflow/dags/etl_sales_dashboard_mart_monthly.py took 0.369 seconds
[2023-09-06T16:08:27.938+0000] {processor.py:153} INFO - Started process (PID=365) to work on /opt/airflow/dags/etl_sales_dashboard_mart_monthly.py
[2023-09-06T16:08:27.939+0000] {processor.py:743} INFO - Processing file /opt/airflow/dags/etl_sales_dashboard_mart_monthly.py for tasks to queue
[2023-09-06T16:08:27.941+0000] {logging_mixin.py:137} INFO - [2023-09-06T16:08:27.940+0000] {dagbag.py:532} INFO - Filling up the DagBag from /opt/airflow/dags/etl_sales_dashboard_mart_monthly.py
[2023-09-06T16:08:28.057+0000] {processor.py:753} INFO - DAG(s) dict_keys(['etl_sales_dashboard_mart_monthly_v1_0_batch5', 'etl_sales_dashboard_mart_monthly_v1_0_batch1', 'etl_sales_dashboard_mart_monthly_v1_0_batch2', 'etl_sales_dashboard_mart_monthly_v1_0_batch4', 'etl_sales_dashboard_mart_monthly_v1_0_batch3', 'etl_sales_dashboard_mart_monthly_v1_0_batch6']) retrieved from /opt/airflow/dags/etl_sales_dashboard_mart_monthly.py
[2023-09-06T16:08:28.152+0000] {logging_mixin.py:137} INFO - [2023-09-06T16:08:28.151+0000] {dag.py:2705} INFO - Sync 6 DAGs
[2023-09-06T16:08:28.271+0000] {logging_mixin.py:137} INFO - [2023-09-06T16:08:28.270+0000] {dag.py:3456} INFO - Setting next_dagrun for etl_sales_dashboard_mart_monthly_v1_0_batch1 to 2015-12-31T18:00:00+00:00, run_after=2016-01-31T18:00:00+00:00
[2023-09-06T16:08:28.304+0000] {logging_mixin.py:137} INFO - [2023-09-06T16:08:28.304+0000] {dag.py:3456} INFO - Setting next_dagrun for etl_sales_dashboard_mart_monthly_v1_0_batch2 to 2021-01-31T17:00:00+00:00, run_after=2021-02-28T17:00:00+00:00
[2023-09-06T16:08:28.318+0000] {logging_mixin.py:137} INFO - [2023-09-06T16:08:28.317+0000] {dag.py:3456} INFO - Setting next_dagrun for etl_sales_dashboard_mart_monthly_v1_0_batch3 to 2021-06-30T17:00:00+00:00, run_after=2021-07-31T17:00:00+00:00
[2023-09-06T16:08:28.330+0000] {logging_mixin.py:137} INFO - [2023-09-06T16:08:28.328+0000] {dag.py:3456} INFO - Setting next_dagrun for etl_sales_dashboard_mart_monthly_v1_0_batch4 to 2022-01-31T17:00:00+00:00, run_after=2022-02-28T17:00:00+00:00
[2023-09-06T16:08:28.340+0000] {logging_mixin.py:137} INFO - [2023-09-06T16:08:28.339+0000] {dag.py:3456} INFO - Setting next_dagrun for etl_sales_dashboard_mart_monthly_v1_0_batch5 to 2022-06-30T17:00:00+00:00, run_after=2022-07-31T17:00:00+00:00
[2023-09-06T16:08:28.351+0000] {logging_mixin.py:137} INFO - [2023-09-06T16:08:28.349+0000] {dag.py:3456} INFO - Setting next_dagrun for etl_sales_dashboard_mart_monthly_v1_0_batch6 to 2023-01-31T17:00:00+00:00, run_after=2023-02-28T17:00:00+00:00
[2023-09-06T16:08:28.438+0000] {processor.py:175} INFO - Processing /opt/airflow/dags/etl_sales_dashboard_mart_monthly.py took 0.506 seconds
[2023-09-06T16:08:58.843+0000] {processor.py:153} INFO - Started process (PID=393) to work on /opt/airflow/dags/etl_sales_dashboard_mart_monthly.py
[2023-09-06T16:08:58.845+0000] {processor.py:743} INFO - Processing file /opt/airflow/dags/etl_sales_dashboard_mart_monthly.py for tasks to queue
[2023-09-06T16:08:58.847+0000] {logging_mixin.py:137} INFO - [2023-09-06T16:08:58.847+0000] {dagbag.py:532} INFO - Filling up the DagBag from /opt/airflow/dags/etl_sales_dashboard_mart_monthly.py
[2023-09-06T16:08:59.032+0000] {processor.py:753} INFO - DAG(s) dict_keys(['etl_sales_dashboard_mart_monthly_v1_0_batch5', 'etl_sales_dashboard_mart_monthly_v1_0_batch4', 'etl_sales_dashboard_mart_monthly_v1_0_batch3', 'etl_sales_dashboard_mart_monthly_v1_0_batch1', 'etl_sales_dashboard_mart_monthly_v1_0_batch6', 'etl_sales_dashboard_mart_monthly_v1_0_batch2']) retrieved from /opt/airflow/dags/etl_sales_dashboard_mart_monthly.py
[2023-09-06T16:08:59.130+0000] {logging_mixin.py:137} INFO - [2023-09-06T16:08:59.129+0000] {dag.py:2705} INFO - Sync 6 DAGs
[2023-09-06T16:08:59.281+0000] {logging_mixin.py:137} INFO - [2023-09-06T16:08:59.280+0000] {dag.py:3456} INFO - Setting next_dagrun for etl_sales_dashboard_mart_monthly_v1_0_batch1 to 2015-12-31T18:00:00+00:00, run_after=2016-01-31T18:00:00+00:00
[2023-09-06T16:08:59.330+0000] {logging_mixin.py:137} INFO - [2023-09-06T16:08:59.330+0000] {dag.py:3456} INFO - Setting next_dagrun for etl_sales_dashboard_mart_monthly_v1_0_batch2 to 2021-01-31T17:00:00+00:00, run_after=2021-02-28T17:00:00+00:00
[2023-09-06T16:08:59.341+0000] {logging_mixin.py:137} INFO - [2023-09-06T16:08:59.341+0000] {dag.py:3456} INFO - Setting next_dagrun for etl_sales_dashboard_mart_monthly_v1_0_batch3 to 2021-06-30T17:00:00+00:00, run_after=2021-07-31T17:00:00+00:00
[2023-09-06T16:08:59.357+0000] {logging_mixin.py:137} INFO - [2023-09-06T16:08:59.357+0000] {dag.py:3456} INFO - Setting next_dagrun for etl_sales_dashboard_mart_monthly_v1_0_batch4 to 2022-01-31T17:00:00+00:00, run_after=2022-02-28T17:00:00+00:00
[2023-09-06T16:08:59.365+0000] {logging_mixin.py:137} INFO - [2023-09-06T16:08:59.364+0000] {dag.py:3456} INFO - Setting next_dagrun for etl_sales_dashboard_mart_monthly_v1_0_batch5 to 2022-06-30T17:00:00+00:00, run_after=2022-07-31T17:00:00+00:00
[2023-09-06T16:08:59.378+0000] {logging_mixin.py:137} INFO - [2023-09-06T16:08:59.378+0000] {dag.py:3456} INFO - Setting next_dagrun for etl_sales_dashboard_mart_monthly_v1_0_batch6 to 2023-01-31T17:00:00+00:00, run_after=2023-02-28T17:00:00+00:00
[2023-09-06T16:08:59.447+0000] {processor.py:175} INFO - Processing /opt/airflow/dags/etl_sales_dashboard_mart_monthly.py took 0.616 seconds
[2023-09-06T16:09:29.624+0000] {processor.py:153} INFO - Started process (PID=430) to work on /opt/airflow/dags/etl_sales_dashboard_mart_monthly.py
[2023-09-06T16:09:29.625+0000] {processor.py:743} INFO - Processing file /opt/airflow/dags/etl_sales_dashboard_mart_monthly.py for tasks to queue
[2023-09-06T16:09:29.628+0000] {logging_mixin.py:137} INFO - [2023-09-06T16:09:29.627+0000] {dagbag.py:532} INFO - Filling up the DagBag from /opt/airflow/dags/etl_sales_dashboard_mart_monthly.py
[2023-09-06T16:09:29.769+0000] {processor.py:753} INFO - DAG(s) dict_keys(['etl_sales_dashboard_mart_monthly_v1_0_batch6', 'etl_sales_dashboard_mart_monthly_v1_0_batch2', 'etl_sales_dashboard_mart_monthly_v1_0_batch3', 'etl_sales_dashboard_mart_monthly_v1_0_batch5', 'etl_sales_dashboard_mart_monthly_v1_0_batch4', 'etl_sales_dashboard_mart_monthly_v1_0_batch1']) retrieved from /opt/airflow/dags/etl_sales_dashboard_mart_monthly.py
[2023-09-06T16:09:29.918+0000] {logging_mixin.py:137} INFO - [2023-09-06T16:09:29.917+0000] {dag.py:2705} INFO - Sync 6 DAGs
[2023-09-06T16:09:29.987+0000] {logging_mixin.py:137} INFO - [2023-09-06T16:09:29.987+0000] {dag.py:3456} INFO - Setting next_dagrun for etl_sales_dashboard_mart_monthly_v1_0_batch1 to 2015-12-31T18:00:00+00:00, run_after=2016-01-31T18:00:00+00:00
[2023-09-06T16:09:30.000+0000] {logging_mixin.py:137} INFO - [2023-09-06T16:09:29.999+0000] {dag.py:3456} INFO - Setting next_dagrun for etl_sales_dashboard_mart_monthly_v1_0_batch2 to 2021-01-31T17:00:00+00:00, run_after=2021-02-28T17:00:00+00:00
[2023-09-06T16:09:30.006+0000] {logging_mixin.py:137} INFO - [2023-09-06T16:09:30.005+0000] {dag.py:3456} INFO - Setting next_dagrun for etl_sales_dashboard_mart_monthly_v1_0_batch3 to 2021-06-30T17:00:00+00:00, run_after=2021-07-31T17:00:00+00:00
[2023-09-06T16:09:30.009+0000] {logging_mixin.py:137} INFO - [2023-09-06T16:09:30.009+0000] {dag.py:3456} INFO - Setting next_dagrun for etl_sales_dashboard_mart_monthly_v1_0_batch4 to 2022-01-31T17:00:00+00:00, run_after=2022-02-28T17:00:00+00:00
[2023-09-06T16:09:30.017+0000] {logging_mixin.py:137} INFO - [2023-09-06T16:09:30.017+0000] {dag.py:3456} INFO - Setting next_dagrun for etl_sales_dashboard_mart_monthly_v1_0_batch5 to 2022-06-30T17:00:00+00:00, run_after=2022-07-31T17:00:00+00:00
[2023-09-06T16:09:30.020+0000] {logging_mixin.py:137} INFO - [2023-09-06T16:09:30.020+0000] {dag.py:3456} INFO - Setting next_dagrun for etl_sales_dashboard_mart_monthly_v1_0_batch6 to 2023-01-31T17:00:00+00:00, run_after=2023-02-28T17:00:00+00:00
[2023-09-06T16:09:30.066+0000] {processor.py:175} INFO - Processing /opt/airflow/dags/etl_sales_dashboard_mart_monthly.py took 0.457 seconds
[2023-09-06T16:10:00.183+0000] {processor.py:153} INFO - Started process (PID=460) to work on /opt/airflow/dags/etl_sales_dashboard_mart_monthly.py
[2023-09-06T16:10:00.185+0000] {processor.py:743} INFO - Processing file /opt/airflow/dags/etl_sales_dashboard_mart_monthly.py for tasks to queue
[2023-09-06T16:10:00.188+0000] {logging_mixin.py:137} INFO - [2023-09-06T16:10:00.187+0000] {dagbag.py:532} INFO - Filling up the DagBag from /opt/airflow/dags/etl_sales_dashboard_mart_monthly.py
[2023-09-06T16:10:00.287+0000] {processor.py:753} INFO - DAG(s) dict_keys(['etl_sales_dashboard_mart_monthly_v1_0_batch6', 'etl_sales_dashboard_mart_monthly_v1_0_batch1', 'etl_sales_dashboard_mart_monthly_v1_0_batch2', 'etl_sales_dashboard_mart_monthly_v1_0_batch3', 'etl_sales_dashboard_mart_monthly_v1_0_batch4', 'etl_sales_dashboard_mart_monthly_v1_0_batch5']) retrieved from /opt/airflow/dags/etl_sales_dashboard_mart_monthly.py
[2023-09-06T16:10:00.364+0000] {logging_mixin.py:137} INFO - [2023-09-06T16:10:00.363+0000] {dag.py:2705} INFO - Sync 6 DAGs
[2023-09-06T16:10:00.406+0000] {logging_mixin.py:137} INFO - [2023-09-06T16:10:00.405+0000] {dag.py:3456} INFO - Setting next_dagrun for etl_sales_dashboard_mart_monthly_v1_0_batch1 to 2015-12-31T18:00:00+00:00, run_after=2016-01-31T18:00:00+00:00
[2023-09-06T16:10:00.417+0000] {logging_mixin.py:137} INFO - [2023-09-06T16:10:00.417+0000] {dag.py:3456} INFO - Setting next_dagrun for etl_sales_dashboard_mart_monthly_v1_0_batch2 to 2021-01-31T17:00:00+00:00, run_after=2021-02-28T17:00:00+00:00
[2023-09-06T16:10:00.421+0000] {logging_mixin.py:137} INFO - [2023-09-06T16:10:00.420+0000] {dag.py:3456} INFO - Setting next_dagrun for etl_sales_dashboard_mart_monthly_v1_0_batch3 to 2021-06-30T17:00:00+00:00, run_after=2021-07-31T17:00:00+00:00
[2023-09-06T16:10:00.424+0000] {logging_mixin.py:137} INFO - [2023-09-06T16:10:00.424+0000] {dag.py:3456} INFO - Setting next_dagrun for etl_sales_dashboard_mart_monthly_v1_0_batch4 to 2022-01-31T17:00:00+00:00, run_after=2022-02-28T17:00:00+00:00
[2023-09-06T16:10:00.429+0000] {logging_mixin.py:137} INFO - [2023-09-06T16:10:00.428+0000] {dag.py:3456} INFO - Setting next_dagrun for etl_sales_dashboard_mart_monthly_v1_0_batch5 to 2022-06-30T17:00:00+00:00, run_after=2022-07-31T17:00:00+00:00
[2023-09-06T16:10:00.432+0000] {logging_mixin.py:137} INFO - [2023-09-06T16:10:00.431+0000] {dag.py:3456} INFO - Setting next_dagrun for etl_sales_dashboard_mart_monthly_v1_0_batch6 to 2023-01-31T17:00:00+00:00, run_after=2023-02-28T17:00:00+00:00
[2023-09-06T16:10:00.462+0000] {processor.py:175} INFO - Processing /opt/airflow/dags/etl_sales_dashboard_mart_monthly.py took 0.286 seconds
[2023-09-06T16:10:30.563+0000] {processor.py:153} INFO - Started process (PID=488) to work on /opt/airflow/dags/etl_sales_dashboard_mart_monthly.py
[2023-09-06T16:10:30.566+0000] {processor.py:743} INFO - Processing file /opt/airflow/dags/etl_sales_dashboard_mart_monthly.py for tasks to queue
[2023-09-06T16:10:30.568+0000] {logging_mixin.py:137} INFO - [2023-09-06T16:10:30.568+0000] {dagbag.py:532} INFO - Filling up the DagBag from /opt/airflow/dags/etl_sales_dashboard_mart_monthly.py
[2023-09-06T16:10:30.704+0000] {processor.py:753} INFO - DAG(s) dict_keys(['etl_sales_dashboard_mart_monthly_v1_0_batch6', 'etl_sales_dashboard_mart_monthly_v1_0_batch1', 'etl_sales_dashboard_mart_monthly_v1_0_batch2', 'etl_sales_dashboard_mart_monthly_v1_0_batch3', 'etl_sales_dashboard_mart_monthly_v1_0_batch4', 'etl_sales_dashboard_mart_monthly_v1_0_batch5']) retrieved from /opt/airflow/dags/etl_sales_dashboard_mart_monthly.py
[2023-09-06T16:10:30.793+0000] {logging_mixin.py:137} INFO - [2023-09-06T16:10:30.793+0000] {dag.py:2705} INFO - Sync 6 DAGs
[2023-09-06T16:10:30.860+0000] {logging_mixin.py:137} INFO - [2023-09-06T16:10:30.859+0000] {dag.py:3456} INFO - Setting next_dagrun for etl_sales_dashboard_mart_monthly_v1_0_batch1 to 2015-12-31T18:00:00+00:00, run_after=2016-01-31T18:00:00+00:00
[2023-09-06T16:10:30.875+0000] {logging_mixin.py:137} INFO - [2023-09-06T16:10:30.875+0000] {dag.py:3456} INFO - Setting next_dagrun for etl_sales_dashboard_mart_monthly_v1_0_batch2 to 2021-01-31T17:00:00+00:00, run_after=2021-02-28T17:00:00+00:00
[2023-09-06T16:10:30.881+0000] {logging_mixin.py:137} INFO - [2023-09-06T16:10:30.880+0000] {dag.py:3456} INFO - Setting next_dagrun for etl_sales_dashboard_mart_monthly_v1_0_batch3 to 2021-06-30T17:00:00+00:00, run_after=2021-07-31T17:00:00+00:00
[2023-09-06T16:10:30.886+0000] {logging_mixin.py:137} INFO - [2023-09-06T16:10:30.886+0000] {dag.py:3456} INFO - Setting next_dagrun for etl_sales_dashboard_mart_monthly_v1_0_batch4 to 2022-01-31T17:00:00+00:00, run_after=2022-02-28T17:00:00+00:00
[2023-09-06T16:10:30.890+0000] {logging_mixin.py:137} INFO - [2023-09-06T16:10:30.890+0000] {dag.py:3456} INFO - Setting next_dagrun for etl_sales_dashboard_mart_monthly_v1_0_batch5 to 2022-06-30T17:00:00+00:00, run_after=2022-07-31T17:00:00+00:00
[2023-09-06T16:10:30.893+0000] {logging_mixin.py:137} INFO - [2023-09-06T16:10:30.893+0000] {dag.py:3456} INFO - Setting next_dagrun for etl_sales_dashboard_mart_monthly_v1_0_batch6 to 2023-01-31T17:00:00+00:00, run_after=2023-02-28T17:00:00+00:00
[2023-09-06T16:10:30.930+0000] {processor.py:175} INFO - Processing /opt/airflow/dags/etl_sales_dashboard_mart_monthly.py took 0.374 seconds
